<?xml version="1.0" encoding="utf-8"?>
<TestRun id="98139088-43cc-4488-83eb-201dc7b8fcba" name="nasoni@NASONI-Z422 2019-11-20 16:36:52" runUser="REDMOND\nasoni" xmlns="http://microsoft.com/schemas/VisualStudio/TeamTest/2010">
  <Times creation="2019-11-20T16:36:52.1831781-08:00" queuing="2019-11-20T16:36:52.1831798-08:00" start="2019-11-20T16:36:47.0013907-08:00" finish="2019-11-20T16:36:56.1995980-08:00" />
  <TestSettings name="default" id="70f5a5cb-ff1c-41ad-941e-302161c028ea">
    <Deployment runDeploymentRoot="nasoni_NASONI-Z422_2019-11-20_16_36_52" />
  </TestSettings>
  <Results>
    <UnitTestResult executionId="f96f20d0-ab08-4861-98ac-399fec8b99ae" testId="d29c38c5-cda9-71df-9512-4f03f668c2b1" testName="Azure.Functions.Cli.Tests.E2E.SettingsTests.add_setting_plain_text" computerName="NASONI-Z422" duration="00:00:00.0040000" startTime="2019-11-20T16:36:55.9810492-08:00" endTime="2019-11-20T16:36:55.9810545-08:00" testType="13cdc9d9-ddb5-4fa4-a97d-d965ccfc6d4b" outcome="Failed" testListId="8c84fa94-04c1-424b-9868-57a2d4851a1d" relativeResultsDirectory="f96f20d0-ab08-4861-98ac-399fec8b99ae">
      <Output>
        <StdOut>stdout: Running: &gt;  init . --worker-runtime node</StdOut>
        <ErrorInfo>
          <Message>System.InvalidOperationException : Cannot start process because a file name has not been provided.</Message>
          <StackTrace>   at System.Diagnostics.Process.Start()&#xD;
   at Azure.Functions.Cli.Common.Executable.RunAsync(Action`1 outputCallback, Action`1 errorCallback, Nullable`1 timeout, String stdIn) in D:\azureFun\azure-functions-core-tools\src\Azure.Functions.Cli\Common\Executable.cs:line 80&#xD;
   at Azure.Functions.Cli.Tests.E2E.Helpers.CliTester.InternalRun(String workingDir, RunConfiguration[] runConfigurations, ITestOutputHelper output, Boolean startHost) in d:\azureFun\azure-functions-core-tools\test\Azure.Functions.Cli.Tests\E2E\Helpers\CliTester.cs:line 85&#xD;
   at Azure.Functions.Cli.Tests.E2E.Helpers.CliTester.Run(RunConfiguration[] runConfigurations, ITestOutputHelper output, String workingDir, Boolean startHost) in d:\azureFun\azure-functions-core-tools\test\Azure.Functions.Cli.Tests\E2E\Helpers\CliTester.cs:line 35&#xD;
   at Azure.Functions.Cli.Tests.E2E.SettingsTests.add_setting_plain_text() in d:\azureFun\azure-functions-core-tools\test\Azure.Functions.Cli.Tests\E2E\SettingsTests.cs:line 17&#xD;
--- End of stack trace from previous location where exception was thrown ---</StackTrace>
        </ErrorInfo>
      </Output>
    </UnitTestResult>
    <UnitTestResult executionId="6658cf9e-9326-4041-b1e7-3bdf15b75e4b" testId="5480cfa5-672c-afd5-9827-476a9f08cb3b" testName="Azure.Functions.Cli.Tests.ActionsTests.ResolveActionTests.ResolveCommandLineCorrectly(args: &quot;durable start-new --function-name functostart --co&quot;..., returnType: typeof(Azure.Functions.Cli.Actions.DurableActions.DurableStartNew))" computerName="NASONI-Z422" duration="00:00:00.0030000" startTime="2019-11-20T16:36:52.1498473-08:00" endTime="2019-11-20T16:36:52.1498479-08:00" testType="13cdc9d9-ddb5-4fa4-a97d-d965ccfc6d4b" outcome="Passed" testListId="8c84fa94-04c1-424b-9868-57a2d4851a1d" relativeResultsDirectory="6658cf9e-9326-4041-b1e7-3bdf15b75e4b" />
    <UnitTestResult executionId="5fa78591-aea1-48cf-995e-dc6d50ce5557" testId="6a345911-baa6-bb56-bc12-24864aefd6f7" testName="Azure.Functions.Cli.Tests.KubernetesHelperUnitTests.PopulateMetadataDictionary_CorrectlyPopulatesRabbitMQMetadata" computerName="NASONI-Z422" duration="00:00:00.0160000" startTime="2019-11-20T16:36:52.9113665-08:00" endTime="2019-11-20T16:36:52.9113700-08:00" testType="13cdc9d9-ddb5-4fa4-a97d-d965ccfc6d4b" outcome="Passed" testListId="8c84fa94-04c1-424b-9868-57a2d4851a1d" relativeResultsDirectory="5fa78591-aea1-48cf-995e-dc6d50ce5557" />
    <UnitTestResult executionId="2f3e45da-a65f-4e90-b1d9-d342a88b82a6" testId="4439d28f-70dc-fe99-d774-89dccfddc844" testName="Azure.Functions.Cli.Tests.ActionsTests.ResolveActionTests.ResolveCommandLineCorrectly(args: &quot;durable raise-event --id ab1b5de4c5a9450eafa5a4cf2&quot;..., returnType: typeof(Azure.Functions.Cli.Actions.DurableActions.DurableRaiseEvent))" computerName="NASONI-Z422" duration="00:00:00.0030000" startTime="2019-11-20T16:36:52.1496127-08:00" endTime="2019-11-20T16:36:52.1496135-08:00" testType="13cdc9d9-ddb5-4fa4-a97d-d965ccfc6d4b" outcome="Passed" testListId="8c84fa94-04c1-424b-9868-57a2d4851a1d" relativeResultsDirectory="2f3e45da-a65f-4e90-b1d9-d342a88b82a6" />
    <UnitTestResult executionId="eae2d659-78c5-44b4-bd43-c5d0530ab40c" testId="5ec44c78-1dd9-61eb-ff84-a8ba6e3dfc0d" testName="Azure.Functions.Cli.Tests.E2E.CreateFunctionTests.create_typescript_template_blob" computerName="NASONI-Z422" duration="00:00:00.0030000" startTime="2019-11-20T16:36:55.8859700-08:00" endTime="2019-11-20T16:36:55.8859735-08:00" testType="13cdc9d9-ddb5-4fa4-a97d-d965ccfc6d4b" outcome="Failed" testListId="8c84fa94-04c1-424b-9868-57a2d4851a1d" relativeResultsDirectory="eae2d659-78c5-44b4-bd43-c5d0530ab40c">
      <Output>
        <StdOut>stdout: Running: &gt;  init . --worker-runtime node --language typescript</StdOut>
        <ErrorInfo>
          <Message>System.InvalidOperationException : Cannot start process because a file name has not been provided.</Message>
          <StackTrace>   at System.Diagnostics.Process.Start()&#xD;
   at Azure.Functions.Cli.Common.Executable.RunAsync(Action`1 outputCallback, Action`1 errorCallback, Nullable`1 timeout, String stdIn) in D:\azureFun\azure-functions-core-tools\src\Azure.Functions.Cli\Common\Executable.cs:line 80&#xD;
   at Azure.Functions.Cli.Tests.E2E.Helpers.CliTester.InternalRun(String workingDir, RunConfiguration[] runConfigurations, ITestOutputHelper output, Boolean startHost) in d:\azureFun\azure-functions-core-tools\test\Azure.Functions.Cli.Tests\E2E\Helpers\CliTester.cs:line 85&#xD;
   at Azure.Functions.Cli.Tests.E2E.Helpers.CliTester.Run(RunConfiguration[] runConfigurations, ITestOutputHelper output, String workingDir, Boolean startHost) in d:\azureFun\azure-functions-core-tools\test\Azure.Functions.Cli.Tests\E2E\Helpers\CliTester.cs:line 35&#xD;
   at Azure.Functions.Cli.Tests.E2E.CreateFunctionTests.create_typescript_template_blob() in d:\azureFun\azure-functions-core-tools\test\Azure.Functions.Cli.Tests\E2E\CreateFunctionTests.cs:line 142&#xD;
--- End of stack trace from previous location where exception was thrown ---</StackTrace>
        </ErrorInfo>
      </Output>
    </UnitTestResult>
    <UnitTestResult executionId="7af3cfce-68f3-4141-8d65-f5e012145a12" testId="3e1eb9e1-0a7c-22e4-6b5b-723382f1a0b6" testName="Azure.Functions.Cli.Tests.ExtensionsTests.TaskExtensionsTests.IgnoreFailuteOfTTest" computerName="NASONI-Z422" duration="00:00:00.0020000" startTime="2019-11-20T16:36:56.0310462-08:00" endTime="2019-11-20T16:36:56.0310488-08:00" testType="13cdc9d9-ddb5-4fa4-a97d-d965ccfc6d4b" outcome="Passed" testListId="8c84fa94-04c1-424b-9868-57a2d4851a1d" relativeResultsDirectory="7af3cfce-68f3-4141-8d65-f5e012145a12" />
    <UnitTestResult executionId="d3b6e0c3-6605-4f76-8e60-deffe5cbc257" testId="243afa11-a217-684f-45f4-4db9da54a65f" testName="Azure.Functions.Cli.Tests.E2E.DurableTests.DurablePurgeHistoryTest" computerName="NASONI-Z422" duration="00:00:00.0010000" startTime="2019-11-20T16:36:53.2473424-08:00" endTime="2019-11-20T16:36:53.2473446-08:00" testType="13cdc9d9-ddb5-4fa4-a97d-d965ccfc6d4b" outcome="NotExecuted" testListId="8c84fa94-04c1-424b-9868-57a2d4851a1d" relativeResultsDirectory="d3b6e0c3-6605-4f76-8e60-deffe5cbc257">
      <Output>
        <StdOut>Durable E2E tests need a storage account connection</StdOut>
      </Output>
    </UnitTestResult>
    <UnitTestResult executionId="c19bb434-aa6d-42c3-b0c0-ca3c46a06fe0" testId="b18fbdec-013f-79ea-88e2-b50f8c06118d" testName="Azure.Functions.Cli.Tests.ExtensionsTests.StringExtensionsTests.TestSanitizeImageNameWithBadFormatSanitizeOutput(input: &quot;#So-Pretty !/^Good|'Name{}&quot;, expected: &quot;soprettygoodname&quot;)" computerName="NASONI-Z422" duration="00:00:00.0010000" startTime="2019-11-20T16:36:55.8746147-08:00" endTime="2019-11-20T16:36:55.8746153-08:00" testType="13cdc9d9-ddb5-4fa4-a97d-d965ccfc6d4b" outcome="Passed" testListId="8c84fa94-04c1-424b-9868-57a2d4851a1d" relativeResultsDirectory="c19bb434-aa6d-42c3-b0c0-ca3c46a06fe0" />
    <UnitTestResult executionId="e600212c-09fb-4bdc-9229-9a7dc02154ce" testId="c387f225-0790-f7e1-1cd0-6c7ac67b2543" testName="Azure.Functions.Cli.Tests.E2E.InitTests.init_python_app_twice" computerName="NASONI-Z422" duration="00:00:00.0030000" startTime="2019-11-20T16:36:55.7609068-08:00" endTime="2019-11-20T16:36:55.7609108-08:00" testType="13cdc9d9-ddb5-4fa4-a97d-d965ccfc6d4b" outcome="Failed" testListId="8c84fa94-04c1-424b-9868-57a2d4851a1d" relativeResultsDirectory="e600212c-09fb-4bdc-9229-9a7dc02154ce">
      <Output>
        <StdOut>stdout: Running: &gt;  init "anapp" --worker-runtime python</StdOut>
        <ErrorInfo>
          <Message>System.InvalidOperationException : Cannot start process because a file name has not been provided.</Message>
          <StackTrace>   at System.Diagnostics.Process.Start()&#xD;
   at Azure.Functions.Cli.Common.Executable.RunAsync(Action`1 outputCallback, Action`1 errorCallback, Nullable`1 timeout, String stdIn) in D:\azureFun\azure-functions-core-tools\src\Azure.Functions.Cli\Common\Executable.cs:line 80&#xD;
   at Azure.Functions.Cli.Tests.E2E.Helpers.CliTester.InternalRun(String workingDir, RunConfiguration[] runConfigurations, ITestOutputHelper output, Boolean startHost) in d:\azureFun\azure-functions-core-tools\test\Azure.Functions.Cli.Tests\E2E\Helpers\CliTester.cs:line 85&#xD;
   at Azure.Functions.Cli.Tests.E2E.Helpers.CliTester.Run(RunConfiguration[] runConfigurations, ITestOutputHelper output, String workingDir, Boolean startHost) in d:\azureFun\azure-functions-core-tools\test\Azure.Functions.Cli.Tests\E2E\Helpers\CliTester.cs:line 35&#xD;
--- End of stack trace from previous location where exception was thrown ---</StackTrace>
        </ErrorInfo>
      </Output>
    </UnitTestResult>
    <UnitTestResult executionId="02a44922-39f3-4fe7-850b-1e3b9873dcf5" testId="32fd11f1-90f8-e21b-1f8a-ed7125fc0efb" testName="Azure.Functions.Cli.Tests.E2E.InitTests.init_docker_only_for_existing_project(workerRuntime: &quot;node&quot;)" computerName="NASONI-Z422" duration="00:00:00.0020000" startTime="2019-11-20T16:36:55.7858010-08:00" endTime="2019-11-20T16:36:55.7858048-08:00" testType="13cdc9d9-ddb5-4fa4-a97d-d965ccfc6d4b" outcome="Failed" testListId="8c84fa94-04c1-424b-9868-57a2d4851a1d" relativeResultsDirectory="02a44922-39f3-4fe7-850b-1e3b9873dcf5">
      <Output>
        <StdOut>stdout: Running: &gt;  init . --worker-runtime node</StdOut>
        <ErrorInfo>
          <Message>System.InvalidOperationException : Cannot start process because a file name has not been provided.</Message>
          <StackTrace>   at System.Diagnostics.Process.Start()&#xD;
   at Azure.Functions.Cli.Common.Executable.RunAsync(Action`1 outputCallback, Action`1 errorCallback, Nullable`1 timeout, String stdIn) in D:\azureFun\azure-functions-core-tools\src\Azure.Functions.Cli\Common\Executable.cs:line 80&#xD;
   at Azure.Functions.Cli.Tests.E2E.Helpers.CliTester.InternalRun(String workingDir, RunConfiguration[] runConfigurations, ITestOutputHelper output, Boolean startHost) in d:\azureFun\azure-functions-core-tools\test\Azure.Functions.Cli.Tests\E2E\Helpers\CliTester.cs:line 85&#xD;
   at Azure.Functions.Cli.Tests.E2E.Helpers.CliTester.Run(RunConfiguration[] runConfigurations, ITestOutputHelper output, String workingDir, Boolean startHost) in d:\azureFun\azure-functions-core-tools\test\Azure.Functions.Cli.Tests\E2E\Helpers\CliTester.cs:line 35&#xD;
--- End of stack trace from previous location where exception was thrown ---</StackTrace>
        </ErrorInfo>
      </Output>
    </UnitTestResult>
    <UnitTestResult executionId="4fb82e70-0994-442b-8e63-74887d235489" testId="aa1df594-40d4-e137-cd98-d22b8508a548" testName="Azure.Functions.Cli.Tests.E2E.StartTests.start_nodejs" computerName="NASONI-Z422" duration="00:00:00.0030000" startTime="2019-11-20T16:36:55.9977177-08:00" endTime="2019-11-20T16:36:55.9977215-08:00" testType="13cdc9d9-ddb5-4fa4-a97d-d965ccfc6d4b" outcome="Failed" testListId="8c84fa94-04c1-424b-9868-57a2d4851a1d" relativeResultsDirectory="4fb82e70-0994-442b-8e63-74887d235489">
      <Output>
        <StdOut>stdout: Running: &gt;  init . --worker-runtime node</StdOut>
        <ErrorInfo>
          <Message>System.InvalidOperationException : Cannot start process because a file name has not been provided.</Message>
          <StackTrace>   at System.Diagnostics.Process.Start()&#xD;
   at Azure.Functions.Cli.Common.Executable.RunAsync(Action`1 outputCallback, Action`1 errorCallback, Nullable`1 timeout, String stdIn) in D:\azureFun\azure-functions-core-tools\src\Azure.Functions.Cli\Common\Executable.cs:line 80&#xD;
   at Azure.Functions.Cli.Tests.E2E.Helpers.CliTester.InternalRun(String workingDir, RunConfiguration[] runConfigurations, ITestOutputHelper output, Boolean startHost) in d:\azureFun\azure-functions-core-tools\test\Azure.Functions.Cli.Tests\E2E\Helpers\CliTester.cs:line 85&#xD;
   at Azure.Functions.Cli.Tests.E2E.Helpers.CliTester.Run(RunConfiguration[] runConfigurations, ITestOutputHelper output, String workingDir, Boolean startHost) in d:\azureFun\azure-functions-core-tools\test\Azure.Functions.Cli.Tests\E2E\Helpers\CliTester.cs:line 35&#xD;
   at Azure.Functions.Cli.Tests.E2E.StartTests.start_nodejs() in d:\azureFun\azure-functions-core-tools\test\Azure.Functions.Cli.Tests\E2E\StartTests.cs:line 25&#xD;
--- End of stack trace from previous location where exception was thrown ---</StackTrace>
        </ErrorInfo>
      </Output>
    </UnitTestResult>
    <UnitTestResult executionId="dc43b1ad-efb1-45f7-b9ed-12a4e95cac29" testId="1f139edb-3deb-53fc-282b-42dee878aa2d" testName="Azure.Functions.Cli.Tests.ActionsTests.ResolveActionTests.ResolveCommandLineCorrectly(args: &quot;azure login&quot;, returnType: typeof(Azure.Functions.Cli.Actions.AzureActions.DeprecatedAzureActions))" computerName="NASONI-Z422" duration="00:00:00.0010000" startTime="2019-11-20T16:36:52.1054779-08:00" endTime="2019-11-20T16:36:52.1054808-08:00" testType="13cdc9d9-ddb5-4fa4-a97d-d965ccfc6d4b" outcome="Passed" testListId="8c84fa94-04c1-424b-9868-57a2d4851a1d" relativeResultsDirectory="dc43b1ad-efb1-45f7-b9ed-12a4e95cac29" />
    <UnitTestResult executionId="ae4390ae-9a62-4eb1-93ea-6e236f413dac" testId="e542b29f-26d5-de41-c655-0b8a6a89cc04" testName="Azure.Functions.Cli.Tests.ExtensionsTests.StringExtensionsTests.TestSanitizeImageNameWithBadInputValueThrowArgumentException(input: &quot;&quot;)" computerName="NASONI-Z422" duration="00:00:00.0020000" startTime="2019-11-20T16:36:55.8731226-08:00" endTime="2019-11-20T16:36:55.8731255-08:00" testType="13cdc9d9-ddb5-4fa4-a97d-d965ccfc6d4b" outcome="Passed" testListId="8c84fa94-04c1-424b-9868-57a2d4851a1d" relativeResultsDirectory="ae4390ae-9a62-4eb1-93ea-6e236f413dac" />
    <UnitTestResult executionId="88bddec9-a145-4bdb-b35d-0017a513ad16" testId="ea6f65dc-9275-f99e-62e6-abbb3e61cb1a" testName="Azure.Functions.Cli.Tests.ExtensionsTests.InstallExtensionsTests.bundlesconfiguredbydefault_no_action" computerName="NASONI-Z422" duration="00:00:00.0020000" startTime="2019-11-20T16:36:55.8214193-08:00" endTime="2019-11-20T16:36:55.8214224-08:00" testType="13cdc9d9-ddb5-4fa4-a97d-d965ccfc6d4b" outcome="Failed" testListId="8c84fa94-04c1-424b-9868-57a2d4851a1d" relativeResultsDirectory="88bddec9-a145-4bdb-b35d-0017a513ad16">
      <Output>
        <StdOut>stdout: Running: &gt;  init . --worker-runtime node</StdOut>
        <ErrorInfo>
          <Message>System.InvalidOperationException : Cannot start process because a file name has not been provided.</Message>
          <StackTrace>   at System.Diagnostics.Process.Start()&#xD;
   at Azure.Functions.Cli.Common.Executable.RunAsync(Action`1 outputCallback, Action`1 errorCallback, Nullable`1 timeout, String stdIn) in D:\azureFun\azure-functions-core-tools\src\Azure.Functions.Cli\Common\Executable.cs:line 80&#xD;
   at Azure.Functions.Cli.Tests.E2E.Helpers.CliTester.InternalRun(String workingDir, RunConfiguration[] runConfigurations, ITestOutputHelper output, Boolean startHost) in d:\azureFun\azure-functions-core-tools\test\Azure.Functions.Cli.Tests\E2E\Helpers\CliTester.cs:line 85&#xD;
   at Azure.Functions.Cli.Tests.E2E.Helpers.CliTester.Run(RunConfiguration[] runConfigurations, ITestOutputHelper output, String workingDir, Boolean startHost) in d:\azureFun\azure-functions-core-tools\test\Azure.Functions.Cli.Tests\E2E\Helpers\CliTester.cs:line 35&#xD;
--- End of stack trace from previous location where exception was thrown ---</StackTrace>
        </ErrorInfo>
      </Output>
    </UnitTestResult>
    <UnitTestResult executionId="5786093b-904f-4203-8280-07a9bbf44df2" testId="d3e2b2b4-a0da-2c83-b0d5-a550b30023fe" testName="Azure.Functions.Cli.Tests.E2E.InitTests.init_csx_app" computerName="NASONI-Z422" duration="00:00:00.0020000" startTime="2019-11-20T16:36:55.8019344-08:00" endTime="2019-11-20T16:36:55.8019389-08:00" testType="13cdc9d9-ddb5-4fa4-a97d-d965ccfc6d4b" outcome="Failed" testListId="8c84fa94-04c1-424b-9868-57a2d4851a1d" relativeResultsDirectory="5786093b-904f-4203-8280-07a9bbf44df2">
      <Output>
        <StdOut>stdout: Running: &gt;  init . --worker-runtime dotnet --csx</StdOut>
        <ErrorInfo>
          <Message>System.InvalidOperationException : Cannot start process because a file name has not been provided.</Message>
          <StackTrace>   at System.Diagnostics.Process.Start()&#xD;
   at Azure.Functions.Cli.Common.Executable.RunAsync(Action`1 outputCallback, Action`1 errorCallback, Nullable`1 timeout, String stdIn) in D:\azureFun\azure-functions-core-tools\src\Azure.Functions.Cli\Common\Executable.cs:line 80&#xD;
   at Azure.Functions.Cli.Tests.E2E.Helpers.CliTester.InternalRun(String workingDir, RunConfiguration[] runConfigurations, ITestOutputHelper output, Boolean startHost) in d:\azureFun\azure-functions-core-tools\test\Azure.Functions.Cli.Tests\E2E\Helpers\CliTester.cs:line 85&#xD;
   at Azure.Functions.Cli.Tests.E2E.Helpers.CliTester.Run(RunConfiguration[] runConfigurations, ITestOutputHelper output, String workingDir, Boolean startHost) in d:\azureFun\azure-functions-core-tools\test\Azure.Functions.Cli.Tests\E2E\Helpers\CliTester.cs:line 35&#xD;
--- End of stack trace from previous location where exception was thrown ---</StackTrace>
        </ErrorInfo>
      </Output>
    </UnitTestResult>
    <UnitTestResult executionId="9592301f-55c6-4310-a6b0-5973e4bcdbe0" testId="d3efb588-decb-06e0-f771-066ffc0bd47f" testName="Azure.Functions.Cli.Helpers.Tests.AzureHelperTests.GetFunctionKeyTest(key: &quot;another-key&quot;, value: &quot;another-value&quot;)" computerName="NASONI-Z422" duration="00:00:00.0010000" startTime="2019-11-20T16:36:55.9715541-08:00" endTime="2019-11-20T16:36:55.9715571-08:00" testType="13cdc9d9-ddb5-4fa4-a97d-d965ccfc6d4b" outcome="Passed" testListId="8c84fa94-04c1-424b-9868-57a2d4851a1d" relativeResultsDirectory="9592301f-55c6-4310-a6b0-5973e4bcdbe0" />
    <UnitTestResult executionId="759ad54a-934e-48df-b314-52a86f8ef610" testId="b0a4c0b0-a820-e1ec-cdfe-6a7b63dcbff5" testName="Azure.Functions.Cli.Tests.GitIgnoreParserTests.AcceptShouldAcceptNestedUnignoredFilesInIgnoredDirectories" computerName="NASONI-Z422" duration="00:00:00.0010000" startTime="2019-11-20T16:36:53.2329843-08:00" endTime="2019-11-20T16:36:53.2329857-08:00" testType="13cdc9d9-ddb5-4fa4-a97d-d965ccfc6d4b" outcome="Passed" testListId="8c84fa94-04c1-424b-9868-57a2d4851a1d" relativeResultsDirectory="759ad54a-934e-48df-b314-52a86f8ef610" />
    <UnitTestResult executionId="85fffa5b-090b-462c-8cc7-9e85fe8d9842" testId="64553088-4447-d029-5ddd-71bd5cd0aa46" testName="Azure.Functions.Cli.Helpers.Tests.AzureHelperTests.GetFunctionKeyTest(key: &quot;default&quot;, value: &quot;default-value&quot;)" computerName="NASONI-Z422" duration="00:00:00.0680000" startTime="2019-11-20T16:36:55.9709472-08:00" endTime="2019-11-20T16:36:55.9709540-08:00" testType="13cdc9d9-ddb5-4fa4-a97d-d965ccfc6d4b" outcome="Passed" testListId="8c84fa94-04c1-424b-9868-57a2d4851a1d" relativeResultsDirectory="85fffa5b-090b-462c-8cc7-9e85fe8d9842" />
    <UnitTestResult executionId="7c44c3db-39e0-41b3-afe5-40c9e30b26ec" testId="9089a251-6020-8d31-3d3f-1e5408cf5fa2" testName="Azure.Functions.Cli.Tests.ActionsTests.ResolveActionTests.ResolveCommandLineCorrectly(args: &quot;azure account set accountName&quot;, returnType: typeof(Azure.Functions.Cli.Actions.AzureActions.DeprecatedAzureActions))" computerName="NASONI-Z422" duration="00:00:00.0030000" startTime="2019-11-20T16:36:52.1638066-08:00" endTime="2019-11-20T16:36:52.1638096-08:00" testType="13cdc9d9-ddb5-4fa4-a97d-d965ccfc6d4b" outcome="Passed" testListId="8c84fa94-04c1-424b-9868-57a2d4851a1d" relativeResultsDirectory="7c44c3db-39e0-41b3-afe5-40c9e30b26ec" />
    <UnitTestResult executionId="e471a7e0-9b0b-4338-a83a-5da51202328d" testId="ebf99807-6835-8622-f4cc-14a2fe7f032c" testName="Azure.Functions.Cli.Tests.ActionsTests.ResolveActionTests.ResolveCommandLineCorrectly(args: &quot;azure functionapp logstream appName&quot;, returnType: typeof(Azure.Functions.Cli.Actions.AzureActions.LogStreamAction))" computerName="NASONI-Z422" duration="00:00:00.0060000" startTime="2019-11-20T16:36:52.1009108-08:00" endTime="2019-11-20T16:36:52.1009133-08:00" testType="13cdc9d9-ddb5-4fa4-a97d-d965ccfc6d4b" outcome="Passed" testListId="8c84fa94-04c1-424b-9868-57a2d4851a1d" relativeResultsDirectory="e471a7e0-9b0b-4338-a83a-5da51202328d" />
    <UnitTestResult executionId="346f22d7-7a7b-4d7a-b00d-b842a199c6f9" testId="2eff687e-3e02-145a-61e4-bda0ef838985" testName="Azure.Functions.Cli.Tests.ActionsTests.ResolveActionTests.ResolveCommandLineCorrectly(args: &quot;--help&quot;, returnType: typeof(Azure.Functions.Cli.Actions.HelpAction))" computerName="NASONI-Z422" duration="00:00:00.0010000" startTime="2019-11-20T16:36:52.2296496-08:00" endTime="2019-11-20T16:36:52.2296511-08:00" testType="13cdc9d9-ddb5-4fa4-a97d-d965ccfc6d4b" outcome="Passed" testListId="8c84fa94-04c1-424b-9868-57a2d4851a1d" relativeResultsDirectory="346f22d7-7a7b-4d7a-b00d-b842a199c6f9" />
    <UnitTestResult executionId="4f0d81de-6095-497d-96f0-316dfc521bbb" testId="dbcfb085-f35e-3e6c-7da7-020156e9943f" testName="Azure.Functions.Cli.Tests.E2E.DurableTests.DurableRaiseEventTest_FileInput" computerName="NASONI-Z422" duration="00:00:00.0010000" startTime="2019-11-20T16:36:53.2396244-08:00" endTime="2019-11-20T16:36:53.2396268-08:00" testType="13cdc9d9-ddb5-4fa4-a97d-d965ccfc6d4b" outcome="NotExecuted" testListId="8c84fa94-04c1-424b-9868-57a2d4851a1d" relativeResultsDirectory="4f0d81de-6095-497d-96f0-316dfc521bbb">
      <Output>
        <StdOut>Durable E2E tests need a storage account connection</StdOut>
      </Output>
    </UnitTestResult>
    <UnitTestResult executionId="07e990d1-d588-454f-9d92-4fb3bb1e9f11" testId="64decc6b-b7fe-160f-2c00-b9a1ba342d5c" testName="Azure.Functions.Cli.Tests.ActionsTests.ResolveActionTests.ResolveCommandLineCorrectly(args: &quot;azure functionapp --help&quot;, returnType: typeof(Azure.Functions.Cli.Actions.HelpAction))" computerName="NASONI-Z422" duration="00:00:00.0010000" startTime="2019-11-20T16:36:52.1654910-08:00" endTime="2019-11-20T16:36:52.1654927-08:00" testType="13cdc9d9-ddb5-4fa4-a97d-d965ccfc6d4b" outcome="Passed" testListId="8c84fa94-04c1-424b-9868-57a2d4851a1d" relativeResultsDirectory="07e990d1-d588-454f-9d92-4fb3bb1e9f11" />
    <UnitTestResult executionId="b839e865-c02c-4344-88a4-f3281b8bdd4a" testId="9d8b1930-fa6e-f013-0673-eadb1590517a" testName="Azure.Functions.Cli.Tests.E2E.DurableTests.DurableStartNewTest_FileInput" computerName="NASONI-Z422" duration="00:00:00.0010000" startTime="2019-11-20T16:36:53.2381469-08:00" endTime="2019-11-20T16:36:53.2381506-08:00" testType="13cdc9d9-ddb5-4fa4-a97d-d965ccfc6d4b" outcome="NotExecuted" testListId="8c84fa94-04c1-424b-9868-57a2d4851a1d" relativeResultsDirectory="b839e865-c02c-4344-88a4-f3281b8bdd4a">
      <Output>
        <StdOut>Durable E2E tests need a storage account connection</StdOut>
      </Output>
    </UnitTestResult>
    <UnitTestResult executionId="1f4fa8f0-63c7-4787-bd4d-d5306266fc82" testId="e8c5388d-21e7-6efa-364d-9dd6641627ac" testName="Azure.Functions.Cli.Tests.ActionsTests.ResolveActionTests.ResolveCommandLineCorrectly(args: &quot;azure account list&quot;, returnType: typeof(Azure.Functions.Cli.Actions.AzureActions.DeprecatedAzureActions))" computerName="NASONI-Z422" duration="00:00:00.0010000" startTime="2019-11-20T16:36:52.1562961-08:00" endTime="2019-11-20T16:36:52.1562995-08:00" testType="13cdc9d9-ddb5-4fa4-a97d-d965ccfc6d4b" outcome="Passed" testListId="8c84fa94-04c1-424b-9868-57a2d4851a1d" relativeResultsDirectory="1f4fa8f0-63c7-4787-bd4d-d5306266fc82" />
    <UnitTestResult executionId="66b7b136-6ee0-4bfd-8d72-56363bba7cfe" testId="6dae2e53-06b5-d87a-bd2f-628c0e1a23e8" testName="Azure.Functions.Cli.Tests.ActionsTests.ResolveActionTests.ResolveCommandLineCorrectly(args: &quot;azure storage list&quot;, returnType: typeof(Azure.Functions.Cli.Actions.AzureActions.DeprecatedAzureActions))" computerName="NASONI-Z422" duration="00:00:00.0010000" startTime="2019-11-20T16:36:52.1648306-08:00" endTime="2019-11-20T16:36:52.1648324-08:00" testType="13cdc9d9-ddb5-4fa4-a97d-d965ccfc6d4b" outcome="Passed" testListId="8c84fa94-04c1-424b-9868-57a2d4851a1d" relativeResultsDirectory="66b7b136-6ee0-4bfd-8d72-56363bba7cfe" />
    <UnitTestResult executionId="74abd77b-9193-425c-8898-ef3bcd9d66db" testId="77fb56d2-1911-d26c-ecbb-f18f47add1be" testName="Azure.Functions.Cli.Tests.ActionsTests.StartHostActionTests.CheckNonOptionalSettingsPrintsWarningForMissingSettings" computerName="NASONI-Z422" duration="00:00:00.0110000" startTime="2019-11-20T16:36:55.8691992-08:00" endTime="2019-11-20T16:36:55.8692053-08:00" testType="13cdc9d9-ddb5-4fa4-a97d-d965ccfc6d4b" outcome="Passed" testListId="8c84fa94-04c1-424b-9868-57a2d4851a1d" relativeResultsDirectory="74abd77b-9193-425c-8898-ef3bcd9d66db" />
    <UnitTestResult executionId="2c2f4470-5ef5-4100-978d-792e4356392b" testId="42204d7b-dea8-ac96-e080-6b7a82a5585a" testName="Azure.Functions.Cli.Tests.ActionsTests.ResolveActionTests.ResolveCommandLineCorrectly(args: &quot;settings add settingName&quot;, returnType: typeof(Azure.Functions.Cli.Actions.LocalActions.AddSettingAction))" computerName="NASONI-Z422" duration="00:00:00.0020000" startTime="2019-11-20T16:36:52.2199452-08:00" endTime="2019-11-20T16:36:52.2199474-08:00" testType="13cdc9d9-ddb5-4fa4-a97d-d965ccfc6d4b" outcome="Passed" testListId="8c84fa94-04c1-424b-9868-57a2d4851a1d" relativeResultsDirectory="2c2f4470-5ef5-4100-978d-792e4356392b" />
    <UnitTestResult executionId="3678debd-084d-4a08-98f2-dbc02bad2083" testId="cb297182-8b61-50c8-d2e2-3cfe085c978e" testName="Azure.Functions.Cli.Tests.GitIgnoreParserTests.DeniesShouldDenyTheGivenFilenames" computerName="NASONI-Z422" duration="00:00:00.0010000" startTime="2019-11-20T16:36:53.2354089-08:00" endTime="2019-11-20T16:36:53.2354112-08:00" testType="13cdc9d9-ddb5-4fa4-a97d-d965ccfc6d4b" outcome="Passed" testListId="8c84fa94-04c1-424b-9868-57a2d4851a1d" relativeResultsDirectory="3678debd-084d-4a08-98f2-dbc02bad2083" />
    <UnitTestResult executionId="1c0c2891-39a4-4917-ba79-9934830f459e" testId="f70ac6cd-8de9-88a7-33a1-1b7730f15db8" testName="Azure.Functions.Cli.Tests.E2E.InitTests.init_with_worker_runtime(workerRuntime: &quot;java&quot;)" computerName="NASONI-Z422" duration="00:00:00.0030000" startTime="2019-11-20T16:36:55.7721966-08:00" endTime="2019-11-20T16:36:55.7722025-08:00" testType="13cdc9d9-ddb5-4fa4-a97d-d965ccfc6d4b" outcome="Failed" testListId="8c84fa94-04c1-424b-9868-57a2d4851a1d" relativeResultsDirectory="1c0c2891-39a4-4917-ba79-9934830f459e">
      <Output>
        <StdOut>stdout: Running: &gt;  init . --worker-runtime java</StdOut>
        <ErrorInfo>
          <Message>System.InvalidOperationException : Cannot start process because a file name has not been provided.</Message>
          <StackTrace>   at System.Diagnostics.Process.Start()&#xD;
   at Azure.Functions.Cli.Common.Executable.RunAsync(Action`1 outputCallback, Action`1 errorCallback, Nullable`1 timeout, String stdIn) in D:\azureFun\azure-functions-core-tools\src\Azure.Functions.Cli\Common\Executable.cs:line 80&#xD;
   at Azure.Functions.Cli.Tests.E2E.Helpers.CliTester.InternalRun(String workingDir, RunConfiguration[] runConfigurations, ITestOutputHelper output, Boolean startHost) in d:\azureFun\azure-functions-core-tools\test\Azure.Functions.Cli.Tests\E2E\Helpers\CliTester.cs:line 85&#xD;
   at Azure.Functions.Cli.Tests.E2E.Helpers.CliTester.Run(RunConfiguration[] runConfigurations, ITestOutputHelper output, String workingDir, Boolean startHost) in d:\azureFun\azure-functions-core-tools\test\Azure.Functions.Cli.Tests\E2E\Helpers\CliTester.cs:line 35&#xD;
--- End of stack trace from previous location where exception was thrown ---</StackTrace>
        </ErrorInfo>
      </Output>
    </UnitTestResult>
    <UnitTestResult executionId="a22147b6-2403-4aec-8bcc-d3752087db50" testId="955249c5-d309-3548-5b00-36c27c9623c3" testName="Azure.Functions.Cli.Tests.E2E.StartTests.start_dotnet_csharp" computerName="NASONI-Z422" duration="00:00:00.0040000" startTime="2019-11-20T16:36:56.0061476-08:00" endTime="2019-11-20T16:36:56.0061545-08:00" testType="13cdc9d9-ddb5-4fa4-a97d-d965ccfc6d4b" outcome="Failed" testListId="8c84fa94-04c1-424b-9868-57a2d4851a1d" relativeResultsDirectory="a22147b6-2403-4aec-8bcc-d3752087db50">
      <Output>
        <StdOut>stdout: Running: &gt;  init . --worker-runtime dotnet</StdOut>
        <ErrorInfo>
          <Message>System.InvalidOperationException : Cannot start process because a file name has not been provided.</Message>
          <StackTrace>   at System.Diagnostics.Process.Start()&#xD;
   at Azure.Functions.Cli.Common.Executable.RunAsync(Action`1 outputCallback, Action`1 errorCallback, Nullable`1 timeout, String stdIn) in D:\azureFun\azure-functions-core-tools\src\Azure.Functions.Cli\Common\Executable.cs:line 80&#xD;
   at Azure.Functions.Cli.Tests.E2E.Helpers.CliTester.InternalRun(String workingDir, RunConfiguration[] runConfigurations, ITestOutputHelper output, Boolean startHost) in d:\azureFun\azure-functions-core-tools\test\Azure.Functions.Cli.Tests\E2E\Helpers\CliTester.cs:line 85&#xD;
   at Azure.Functions.Cli.Tests.E2E.Helpers.CliTester.Run(RunConfiguration[] runConfigurations, ITestOutputHelper output, String workingDir, Boolean startHost) in d:\azureFun\azure-functions-core-tools\test\Azure.Functions.Cli.Tests\E2E\Helpers\CliTester.cs:line 35&#xD;
   at Azure.Functions.Cli.Tests.E2E.StartTests.start_dotnet_csharp() in d:\azureFun\azure-functions-core-tools\test\Azure.Functions.Cli.Tests\E2E\StartTests.cs:line 81&#xD;
--- End of stack trace from previous location where exception was thrown ---</StackTrace>
        </ErrorInfo>
      </Output>
    </UnitTestResult>
    <UnitTestResult executionId="b9c5a12f-5619-4dc0-bf43-6a9e99a4c6fe" testId="2171c70e-0095-5e1e-14ba-ab56bb1825b8" testName="Azure.Functions.Cli.Tests.E2E.DurableTests.DurableGetInstancesTest" computerName="NASONI-Z422" duration="00:00:00.0010000" startTime="2019-11-20T16:36:53.2489128-08:00" endTime="2019-11-20T16:36:53.2489150-08:00" testType="13cdc9d9-ddb5-4fa4-a97d-d965ccfc6d4b" outcome="NotExecuted" testListId="8c84fa94-04c1-424b-9868-57a2d4851a1d" relativeResultsDirectory="b9c5a12f-5619-4dc0-bf43-6a9e99a4c6fe">
      <Output>
        <StdOut>Durable E2E tests need a storage account connection</StdOut>
      </Output>
    </UnitTestResult>
    <UnitTestResult executionId="cdd9f6d1-4d1e-46e0-8e75-1ee3902d212d" testId="466aaf20-b831-75c4-9896-16bee603351c" testName="Azure.Functions.Cli.Tests.E2E.CreateFunctionTests.create_template_function_dotnet_space_name" computerName="NASONI-Z422" duration="00:00:00.0030000" startTime="2019-11-20T16:36:55.8898142-08:00" endTime="2019-11-20T16:36:55.8898183-08:00" testType="13cdc9d9-ddb5-4fa4-a97d-d965ccfc6d4b" outcome="Failed" testListId="8c84fa94-04c1-424b-9868-57a2d4851a1d" relativeResultsDirectory="cdd9f6d1-4d1e-46e0-8e75-1ee3902d212d">
      <Output>
        <StdOut>stdout: Running: &gt;  init . --worker-runtime dotnet</StdOut>
        <ErrorInfo>
          <Message>System.InvalidOperationException : Cannot start process because a file name has not been provided.</Message>
          <StackTrace>   at System.Diagnostics.Process.Start()&#xD;
   at Azure.Functions.Cli.Common.Executable.RunAsync(Action`1 outputCallback, Action`1 errorCallback, Nullable`1 timeout, String stdIn) in D:\azureFun\azure-functions-core-tools\src\Azure.Functions.Cli\Common\Executable.cs:line 80&#xD;
   at Azure.Functions.Cli.Tests.E2E.Helpers.CliTester.InternalRun(String workingDir, RunConfiguration[] runConfigurations, ITestOutputHelper output, Boolean startHost) in d:\azureFun\azure-functions-core-tools\test\Azure.Functions.Cli.Tests\E2E\Helpers\CliTester.cs:line 85&#xD;
   at Azure.Functions.Cli.Tests.E2E.Helpers.CliTester.Run(RunConfiguration[] runConfigurations, ITestOutputHelper output, String workingDir, Boolean startHost) in d:\azureFun\azure-functions-core-tools\test\Azure.Functions.Cli.Tests\E2E\Helpers\CliTester.cs:line 35&#xD;
   at Azure.Functions.Cli.Tests.E2E.CreateFunctionTests.create_template_function_dotnet_space_name() in d:\azureFun\azure-functions-core-tools\test\Azure.Functions.Cli.Tests\E2E\CreateFunctionTests.cs:line 94&#xD;
--- End of stack trace from previous location where exception was thrown ---</StackTrace>
        </ErrorInfo>
      </Output>
    </UnitTestResult>
    <UnitTestResult executionId="3359afbb-036b-4865-a5d6-e91580a3f9df" testId="7b9a8ca7-25e9-5b23-182e-50be49b6bb85" testName="Azure.Functions.Cli.Tests.ExtensionsTests.InstallExtensionsTests.try_install_with_no_valid_trigger" computerName="NASONI-Z422" duration="00:00:00.0020000" startTime="2019-11-20T16:36:55.8149907-08:00" endTime="2019-11-20T16:36:55.8149942-08:00" testType="13cdc9d9-ddb5-4fa4-a97d-d965ccfc6d4b" outcome="Failed" testListId="8c84fa94-04c1-424b-9868-57a2d4851a1d" relativeResultsDirectory="3359afbb-036b-4865-a5d6-e91580a3f9df">
      <Output>
        <StdOut>stdout: Running: &gt;  init . --worker-runtime node</StdOut>
        <ErrorInfo>
          <Message>System.InvalidOperationException : Cannot start process because a file name has not been provided.</Message>
          <StackTrace>   at System.Diagnostics.Process.Start()&#xD;
   at Azure.Functions.Cli.Common.Executable.RunAsync(Action`1 outputCallback, Action`1 errorCallback, Nullable`1 timeout, String stdIn) in D:\azureFun\azure-functions-core-tools\src\Azure.Functions.Cli\Common\Executable.cs:line 80&#xD;
   at Azure.Functions.Cli.Tests.E2E.Helpers.CliTester.InternalRun(String workingDir, RunConfiguration[] runConfigurations, ITestOutputHelper output, Boolean startHost) in d:\azureFun\azure-functions-core-tools\test\Azure.Functions.Cli.Tests\E2E\Helpers\CliTester.cs:line 85&#xD;
   at Azure.Functions.Cli.Tests.E2E.Helpers.CliTester.Run(RunConfiguration[] runConfigurations, ITestOutputHelper output, String workingDir, Boolean startHost) in d:\azureFun\azure-functions-core-tools\test\Azure.Functions.Cli.Tests\E2E\Helpers\CliTester.cs:line 35&#xD;
--- End of stack trace from previous location where exception was thrown ---</StackTrace>
        </ErrorInfo>
      </Output>
    </UnitTestResult>
    <UnitTestResult executionId="f835d343-86f1-46d0-ad4a-08413c3dbdc1" testId="b4698d67-1dc5-64f6-ac27-695bf6732c1c" testName="Azure.Functions.Cli.Tests.PythonHelperTests.InterpreterShouldHaveMajorVersion" computerName="NASONI-Z422" duration="00:00:00.0010000" startTime="2019-11-20T16:36:53.2326318-08:00" endTime="2019-11-20T16:36:53.2326344-08:00" testType="13cdc9d9-ddb5-4fa4-a97d-d965ccfc6d4b" outcome="Failed" testListId="8c84fa94-04c1-424b-9868-57a2d4851a1d" relativeResultsDirectory="f835d343-86f1-46d0-ad4a-08413c3dbdc1">
      <Output>
        <ErrorInfo>
          <Message>System.Exception : Python major version should be 2 or 3</Message>
          <StackTrace>   at Azure.Functions.Cli.Tests.PythonHelperTests.InterpreterShouldHaveMajorVersion() in d:\azureFun\azure-functions-core-tools\test\Azure.Functions.Cli.Tests\PythonHelperTests.cs:line 34</StackTrace>
        </ErrorInfo>
      </Output>
    </UnitTestResult>
    <UnitTestResult executionId="9ff2865f-08b5-4495-bc34-3dc0e337ca05" testId="3e96f61f-98f4-cb84-d85b-5356dd246044" testName="Azure.Functions.Cli.Tests.ActionsTests.ResolveActionTests.ResolveCommandLineCorrectly(args: &quot;azure functionapp fetch-app-settings appName&quot;, returnType: typeof(Azure.Functions.Cli.Actions.AzureActions.FetchAppSettingsAction))" computerName="NASONI-Z422" duration="00:00:00.0010000" startTime="2019-11-20T16:36:52.1502764-08:00" endTime="2019-11-20T16:36:52.1502790-08:00" testType="13cdc9d9-ddb5-4fa4-a97d-d965ccfc6d4b" outcome="Passed" testListId="8c84fa94-04c1-424b-9868-57a2d4851a1d" relativeResultsDirectory="9ff2865f-08b5-4495-bc34-3dc0e337ca05" />
    <UnitTestResult executionId="be2679d3-3f07-4c15-ab66-3e35f00f4130" testId="251a8b14-d748-20b6-c258-9f54a47d59dd" testName="Azure.Functions.Cli.Tests.ExtensionsTests.StringExtensionsTests.TestSanitizeImageNameWithBadFormatSanitizeOutput(input: &quot;GetMessages&quot;, expected: &quot;getmessages&quot;)" computerName="NASONI-Z422" duration="00:00:00.0010000" startTime="2019-11-20T16:36:55.8746916-08:00" endTime="2019-11-20T16:36:55.8746922-08:00" testType="13cdc9d9-ddb5-4fa4-a97d-d965ccfc6d4b" outcome="Passed" testListId="8c84fa94-04c1-424b-9868-57a2d4851a1d" relativeResultsDirectory="be2679d3-3f07-4c15-ab66-3e35f00f4130" />
    <UnitTestResult executionId="e95de48b-8e4b-41b3-aece-562825fab9c9" testId="0f458aa1-b2a7-ec6b-ca73-2245e2295c8d" testName="Azure.Functions.Cli.Tests.ActionsTests.ResolveActionTests.ResolveCommandLineCorrectly(args: &quot;-v&quot;, returnType: null)" computerName="NASONI-Z422" duration="00:00:00.0010000" startTime="2019-11-20T16:36:52.1551345-08:00" endTime="2019-11-20T16:36:52.1551371-08:00" testType="13cdc9d9-ddb5-4fa4-a97d-d965ccfc6d4b" outcome="Passed" testListId="8c84fa94-04c1-424b-9868-57a2d4851a1d" relativeResultsDirectory="e95de48b-8e4b-41b3-aece-562825fab9c9" />
    <UnitTestResult executionId="d267785b-05e8-476e-abfa-964ea10f3803" testId="edbad474-5a85-0780-7ef4-8ccfb334ea3c" testName="Azure.Functions.Cli.Tests.E2E.InitTests.init_with_Dockerfile_for_csx" computerName="NASONI-Z422" duration="00:00:00.0020000" startTime="2019-11-20T16:36:55.8045213-08:00" endTime="2019-11-20T16:36:55.8045248-08:00" testType="13cdc9d9-ddb5-4fa4-a97d-d965ccfc6d4b" outcome="Failed" testListId="8c84fa94-04c1-424b-9868-57a2d4851a1d" relativeResultsDirectory="d267785b-05e8-476e-abfa-964ea10f3803">
      <Output>
        <StdOut>stdout: Running: &gt;  init . --worker-runtime dotnet --docker --csx</StdOut>
        <ErrorInfo>
          <Message>System.InvalidOperationException : Cannot start process because a file name has not been provided.</Message>
          <StackTrace>   at System.Diagnostics.Process.Start()&#xD;
   at Azure.Functions.Cli.Common.Executable.RunAsync(Action`1 outputCallback, Action`1 errorCallback, Nullable`1 timeout, String stdIn) in D:\azureFun\azure-functions-core-tools\src\Azure.Functions.Cli\Common\Executable.cs:line 80&#xD;
   at Azure.Functions.Cli.Tests.E2E.Helpers.CliTester.InternalRun(String workingDir, RunConfiguration[] runConfigurations, ITestOutputHelper output, Boolean startHost) in d:\azureFun\azure-functions-core-tools\test\Azure.Functions.Cli.Tests\E2E\Helpers\CliTester.cs:line 85&#xD;
   at Azure.Functions.Cli.Tests.E2E.Helpers.CliTester.Run(RunConfiguration[] runConfigurations, ITestOutputHelper output, String workingDir, Boolean startHost) in d:\azureFun\azure-functions-core-tools\test\Azure.Functions.Cli.Tests\E2E\Helpers\CliTester.cs:line 35&#xD;
--- End of stack trace from previous location where exception was thrown ---</StackTrace>
        </ErrorInfo>
      </Output>
    </UnitTestResult>
    <UnitTestResult executionId="8c0bfe58-034c-41f4-8e52-d661561278fd" testId="ed6e5de5-ad08-412a-5534-fb44a44b7095" testName="Azure.Functions.Cli.Tests.E2E.DurableTests.DurableStartNewTest" computerName="NASONI-Z422" duration="00:00:00.0010000" startTime="2019-11-20T16:36:53.2428938-08:00" endTime="2019-11-20T16:36:53.2428959-08:00" testType="13cdc9d9-ddb5-4fa4-a97d-d965ccfc6d4b" outcome="NotExecuted" testListId="8c84fa94-04c1-424b-9868-57a2d4851a1d" relativeResultsDirectory="8c0bfe58-034c-41f4-8e52-d661561278fd">
      <Output>
        <StdOut>Durable E2E tests need a storage account connection</StdOut>
      </Output>
    </UnitTestResult>
    <UnitTestResult executionId="cc194590-9b73-4770-8d1b-6f12e0552958" testId="7328c548-3649-08f6-12ce-d4ccaf4dcbb1" testName="Azure.Functions.Cli.Tests.E2E.DurableTests.DurableGetRuntimeStatusTest" computerName="NASONI-Z422" duration="00:00:00.0010000" startTime="2019-11-20T16:36:53.2548036-08:00" endTime="2019-11-20T16:36:53.2548057-08:00" testType="13cdc9d9-ddb5-4fa4-a97d-d965ccfc6d4b" outcome="NotExecuted" testListId="8c84fa94-04c1-424b-9868-57a2d4851a1d" relativeResultsDirectory="cc194590-9b73-4770-8d1b-6f12e0552958">
      <Output>
        <StdOut>Durable E2E tests need a storage account connection</StdOut>
      </Output>
    </UnitTestResult>
    <UnitTestResult executionId="e36feb98-2eed-4587-a18c-a11873441972" testId="a724e0a0-4f3b-f44e-88bb-08d6494ab74a" testName="Azure.Functions.Cli.Tests.ActionsTests.ResolveActionTests.ResolveCommandLineCorrectly(args: &quot;durable get-history --id ab1b5de4c5a9450eafa5a4cf2&quot;..., returnType: typeof(Azure.Functions.Cli.Actions.DurableActions.DurableGetHistory))" computerName="NASONI-Z422" duration="00:00:00.0020000" startTime="2019-11-20T16:36:52.1496890-08:00" endTime="2019-11-20T16:36:52.1496896-08:00" testType="13cdc9d9-ddb5-4fa4-a97d-d965ccfc6d4b" outcome="Passed" testListId="8c84fa94-04c1-424b-9868-57a2d4851a1d" relativeResultsDirectory="e36feb98-2eed-4587-a18c-a11873441972" />
    <UnitTestResult executionId="200ef558-b037-4521-8544-625b29def87e" testId="26de893a-e2e9-33d7-8410-c3d93b4decf3" testName="Azure.Functions.Cli.Tests.ActionsTests.StartHostActionTests.CheckNonOptionalSettingsThrowsOnMissingAzureWebJobsStorage" computerName="NASONI-Z422" duration="00:00:00.0370000" startTime="2019-11-20T16:36:55.8585738-08:00" endTime="2019-11-20T16:36:55.8585808-08:00" testType="13cdc9d9-ddb5-4fa4-a97d-d965ccfc6d4b" outcome="Passed" testListId="8c84fa94-04c1-424b-9868-57a2d4851a1d" relativeResultsDirectory="200ef558-b037-4521-8544-625b29def87e" />
    <UnitTestResult executionId="63561150-190f-4747-8385-5d4ccc5a8ac0" testId="a2d484e5-4918-7da9-1f89-adae87529a89" testName="Azure.Functions.Cli.Tests.ExtensionsTests.InstallExtensionsTests.try_install_with_a_valid_trigger" computerName="NASONI-Z422" duration="00:00:00.0030000" startTime="2019-11-20T16:36:55.8189073-08:00" endTime="2019-11-20T16:36:55.8189116-08:00" testType="13cdc9d9-ddb5-4fa4-a97d-d965ccfc6d4b" outcome="Failed" testListId="8c84fa94-04c1-424b-9868-57a2d4851a1d" relativeResultsDirectory="63561150-190f-4747-8385-5d4ccc5a8ac0">
      <Output>
        <StdOut>Creating host json without bundles C:\Users\nasoni\AppData\Local\Temp\hbmiiizp.c40\host.json&#xD;
stdout: Running: &gt;  init . --worker-runtime node</StdOut>
        <ErrorInfo>
          <Message>System.InvalidOperationException : Cannot start process because a file name has not been provided.</Message>
          <StackTrace>   at System.Diagnostics.Process.Start()&#xD;
   at Azure.Functions.Cli.Common.Executable.RunAsync(Action`1 outputCallback, Action`1 errorCallback, Nullable`1 timeout, String stdIn) in D:\azureFun\azure-functions-core-tools\src\Azure.Functions.Cli\Common\Executable.cs:line 80&#xD;
   at Azure.Functions.Cli.Tests.E2E.Helpers.CliTester.InternalRun(String workingDir, RunConfiguration[] runConfigurations, ITestOutputHelper output, Boolean startHost) in d:\azureFun\azure-functions-core-tools\test\Azure.Functions.Cli.Tests\E2E\Helpers\CliTester.cs:line 85&#xD;
   at Azure.Functions.Cli.Tests.E2E.Helpers.CliTester.Run(RunConfiguration[] runConfigurations, ITestOutputHelper output, String workingDir, Boolean startHost) in d:\azureFun\azure-functions-core-tools\test\Azure.Functions.Cli.Tests\E2E\Helpers\CliTester.cs:line 35&#xD;
--- End of stack trace from previous location where exception was thrown ---</StackTrace>
        </ErrorInfo>
      </Output>
    </UnitTestResult>
    <UnitTestResult executionId="37d463e4-9d06-49be-adac-c302331308a3" testId="9f3a2bf4-d34a-7d0f-b6e4-9ff26c380ab7" testName="Azure.Functions.Cli.Tests.UriExtensionsTests.IsServerRunningPositiveTest" computerName="NASONI-Z422" duration="00:00:02.4240000" startTime="2019-11-20T16:36:55.6864903-08:00" endTime="2019-11-20T16:36:55.6864982-08:00" testType="13cdc9d9-ddb5-4fa4-a97d-d965ccfc6d4b" outcome="Passed" testListId="8c84fa94-04c1-424b-9868-57a2d4851a1d" relativeResultsDirectory="37d463e4-9d06-49be-adac-c302331308a3" />
    <UnitTestResult executionId="9116c448-caac-4883-875d-4a38d6114688" testId="2e97a520-f469-1426-76d3-49996cac8357" testName="Azure.Functions.Cli.Tests.ExtensionsTests.TaskExtensionsTests.IgnoreFailureTest" computerName="NASONI-Z422" duration="00:00:00.0010000" startTime="2019-11-20T16:36:56.0285869-08:00" endTime="2019-11-20T16:36:56.0285889-08:00" testType="13cdc9d9-ddb5-4fa4-a97d-d965ccfc6d4b" outcome="Passed" testListId="8c84fa94-04c1-424b-9868-57a2d4851a1d" relativeResultsDirectory="9116c448-caac-4883-875d-4a38d6114688" />
    <UnitTestResult executionId="d73fa7ab-e460-407a-b7ae-380dd884d3a0" testId="457c4f00-2dd8-d508-c1d2-c12724633f05" testName="Azure.Functions.Cli.Tests.E2E.DurableTests.DurableTerminateTest" computerName="NASONI-Z422" duration="00:00:00.0010000" startTime="2019-11-20T16:36:53.2414406-08:00" endTime="2019-11-20T16:36:53.2414427-08:00" testType="13cdc9d9-ddb5-4fa4-a97d-d965ccfc6d4b" outcome="NotExecuted" testListId="8c84fa94-04c1-424b-9868-57a2d4851a1d" relativeResultsDirectory="d73fa7ab-e460-407a-b7ae-380dd884d3a0">
      <Output>
        <StdOut>Durable E2E tests need a storage account connection</StdOut>
      </Output>
    </UnitTestResult>
    <UnitTestResult executionId="18b91b61-537b-4961-8ba4-81fc246d1b6b" testId="1933ec56-27e4-c95b-c87a-ed7e486a9d13" testName="Azure.Functions.Cli.Tests.GitIgnoreParserTests.DeniesShouldNotDenyUnignoredFilesInIgnoredDirectories" computerName="NASONI-Z422" duration="00:00:00.0090000" startTime="2019-11-20T16:36:53.2327900-08:00" endTime="2019-11-20T16:36:53.2327919-08:00" testType="13cdc9d9-ddb5-4fa4-a97d-d965ccfc6d4b" outcome="Passed" testListId="8c84fa94-04c1-424b-9868-57a2d4851a1d" relativeResultsDirectory="18b91b61-537b-4961-8ba4-81fc246d1b6b" />
    <UnitTestResult executionId="8f43dc5f-b0f3-4d7f-a0ff-811f4a3c0431" testId="f28fdcdf-a34d-d676-c42f-da87b3f4a8b1" testName="Azure.Functions.Cli.Tests.E2E.StartTests.start_powershell" computerName="NASONI-Z422" duration="00:00:00.0030000" startTime="2019-11-20T16:36:55.9895648-08:00" endTime="2019-11-20T16:36:55.9895694-08:00" testType="13cdc9d9-ddb5-4fa4-a97d-d965ccfc6d4b" outcome="Failed" testListId="8c84fa94-04c1-424b-9868-57a2d4851a1d" relativeResultsDirectory="8f43dc5f-b0f3-4d7f-a0ff-811f4a3c0431">
      <Output>
        <StdOut>stdout: Running: &gt;  init . --worker-runtime powershell</StdOut>
        <ErrorInfo>
          <Message>System.InvalidOperationException : Cannot start process because a file name has not been provided.</Message>
          <StackTrace>   at System.Diagnostics.Process.Start()&#xD;
   at Azure.Functions.Cli.Common.Executable.RunAsync(Action`1 outputCallback, Action`1 errorCallback, Nullable`1 timeout, String stdIn) in D:\azureFun\azure-functions-core-tools\src\Azure.Functions.Cli\Common\Executable.cs:line 80&#xD;
   at Azure.Functions.Cli.Tests.E2E.Helpers.CliTester.InternalRun(String workingDir, RunConfiguration[] runConfigurations, ITestOutputHelper output, Boolean startHost) in d:\azureFun\azure-functions-core-tools\test\Azure.Functions.Cli.Tests\E2E\Helpers\CliTester.cs:line 85&#xD;
   at Azure.Functions.Cli.Tests.E2E.Helpers.CliTester.Run(RunConfiguration[] runConfigurations, ITestOutputHelper output, String workingDir, Boolean startHost) in d:\azureFun\azure-functions-core-tools\test\Azure.Functions.Cli.Tests\E2E\Helpers\CliTester.cs:line 35&#xD;
   at Azure.Functions.Cli.Tests.E2E.StartTests.start_powershell() in d:\azureFun\azure-functions-core-tools\test\Azure.Functions.Cli.Tests\E2E\StartTests.cs:line 235&#xD;
--- End of stack trace from previous location where exception was thrown ---</StackTrace>
        </ErrorInfo>
      </Output>
    </UnitTestResult>
    <UnitTestResult executionId="d9dd88db-014c-4717-8270-a8806d71e464" testId="54d83d66-97ca-4e37-322f-fea37d237ffe" testName="Azure.Functions.Cli.Tests.ActionsTests.ResolveActionTests.ResolveCommandLineCorrectly(args: &quot;-version&quot;, returnType: null)" computerName="NASONI-Z422" duration="00:00:00.0240000" startTime="2019-11-20T16:36:52.0384249-08:00" endTime="2019-11-20T16:36:52.0384314-08:00" testType="13cdc9d9-ddb5-4fa4-a97d-d965ccfc6d4b" outcome="Passed" testListId="8c84fa94-04c1-424b-9868-57a2d4851a1d" relativeResultsDirectory="d9dd88db-014c-4717-8270-a8806d71e464" />
    <UnitTestResult executionId="8e624035-706a-4432-8233-bfe92650d0d2" testId="c226dbe1-d186-ab67-74ad-e414345f8981" testName="Azure.Functions.Cli.Tests.ExtensionsTests.StringExtensionsTests.TestSanitizeImageNameWithBadInputValueThrowArgumentException(input: null)" computerName="NASONI-Z422" duration="00:00:00.0010000" startTime="2019-11-20T16:36:55.8733293-08:00" endTime="2019-11-20T16:36:55.8733309-08:00" testType="13cdc9d9-ddb5-4fa4-a97d-d965ccfc6d4b" outcome="Passed" testListId="8c84fa94-04c1-424b-9868-57a2d4851a1d" relativeResultsDirectory="8e624035-706a-4432-8233-bfe92650d0d2" />
    <UnitTestResult executionId="bd46e428-9d03-4f64-8d10-866a1d305634" testId="fed4cb35-1ff8-2661-9595-14ef0f48ca52" testName="Azure.Functions.Cli.Tests.E2E.InitTests.init_with_worker_runtime(workerRuntime: &quot;node&quot;)" computerName="NASONI-Z422" duration="00:00:00.0040000" startTime="2019-11-20T16:36:55.7758850-08:00" endTime="2019-11-20T16:36:55.7758909-08:00" testType="13cdc9d9-ddb5-4fa4-a97d-d965ccfc6d4b" outcome="Failed" testListId="8c84fa94-04c1-424b-9868-57a2d4851a1d" relativeResultsDirectory="bd46e428-9d03-4f64-8d10-866a1d305634">
      <Output>
        <StdOut>stdout: Running: &gt;  init . --worker-runtime node</StdOut>
        <ErrorInfo>
          <Message>System.InvalidOperationException : Cannot start process because a file name has not been provided.</Message>
          <StackTrace>   at System.Diagnostics.Process.Start()&#xD;
   at Azure.Functions.Cli.Common.Executable.RunAsync(Action`1 outputCallback, Action`1 errorCallback, Nullable`1 timeout, String stdIn) in D:\azureFun\azure-functions-core-tools\src\Azure.Functions.Cli\Common\Executable.cs:line 80&#xD;
   at Azure.Functions.Cli.Tests.E2E.Helpers.CliTester.InternalRun(String workingDir, RunConfiguration[] runConfigurations, ITestOutputHelper output, Boolean startHost) in d:\azureFun\azure-functions-core-tools\test\Azure.Functions.Cli.Tests\E2E\Helpers\CliTester.cs:line 85&#xD;
   at Azure.Functions.Cli.Tests.E2E.Helpers.CliTester.Run(RunConfiguration[] runConfigurations, ITestOutputHelper output, String workingDir, Boolean startHost) in d:\azureFun\azure-functions-core-tools\test\Azure.Functions.Cli.Tests\E2E\Helpers\CliTester.cs:line 35&#xD;
--- End of stack trace from previous location where exception was thrown ---</StackTrace>
        </ErrorInfo>
      </Output>
    </UnitTestResult>
    <UnitTestResult executionId="1a789b58-882c-49f1-954a-8814cba42a3b" testId="3d9afed2-66bd-dc4f-d141-be86f2474bf2" testName="Azure.Functions.Cli.Tests.ExtensionsTests.ProcessExtensionsTests.WaitForExitTest" computerName="NASONI-Z422" duration="00:00:00.2290000" startTime="2019-11-20T16:36:52.8792577-08:00" endTime="2019-11-20T16:36:52.8792645-08:00" testType="13cdc9d9-ddb5-4fa4-a97d-d965ccfc6d4b" outcome="Passed" testListId="8c84fa94-04c1-424b-9868-57a2d4851a1d" relativeResultsDirectory="1a789b58-882c-49f1-954a-8814cba42a3b" />
    <UnitTestResult executionId="6dc2553a-5d3b-4bb2-96d1-fae7509995d9" testId="2e1fd91c-ffee-826e-57bf-a608e053492a" testName="Azure.Functions.Cli.Tests.ActionsTests.ResolveActionTests.ResolveCommandLineCorrectly(args: &quot;settings decrypt&quot;, returnType: typeof(Azure.Functions.Cli.Actions.LocalActions.DecryptSettingAction))" computerName="NASONI-Z422" duration="00:00:00.0010000" startTime="2019-11-20T16:36:52.2327975-08:00" endTime="2019-11-20T16:36:52.2327994-08:00" testType="13cdc9d9-ddb5-4fa4-a97d-d965ccfc6d4b" outcome="Passed" testListId="8c84fa94-04c1-424b-9868-57a2d4851a1d" relativeResultsDirectory="6dc2553a-5d3b-4bb2-96d1-fae7509995d9" />
    <UnitTestResult executionId="ddc52e8f-6c81-40f7-a820-4dfcf3117fb9" testId="7d741dfd-96b6-3ec8-237a-4816ed351140" testName="Azure.Functions.Cli.Tests.KubernetesHelperUnitTests.ValidateKubernetesNames(name: &quot;name-with-dashes&quot;, isValid: True)" computerName="NASONI-Z422" duration="00:00:00.0040000" startTime="2019-11-20T16:36:52.8945394-08:00" endTime="2019-11-20T16:36:52.8945423-08:00" testType="13cdc9d9-ddb5-4fa4-a97d-d965ccfc6d4b" outcome="Passed" testListId="8c84fa94-04c1-424b-9868-57a2d4851a1d" relativeResultsDirectory="ddc52e8f-6c81-40f7-a820-4dfcf3117fb9" />
    <UnitTestResult executionId="6d449546-9a6c-487d-9fd3-ad584122f22e" testId="b1a2a948-2250-d694-4142-c54c04de5db6" testName="Azure.Functions.Cli.Tests.ActionsTests.ResolveActionTests.ResolveCommandLineCorrectly(args: &quot;settings encrypt&quot;, returnType: typeof(Azure.Functions.Cli.Actions.LocalActions.EncryptSettingsAction))" computerName="NASONI-Z422" duration="00:00:00.0010000" startTime="2019-11-20T16:36:52.1497716-08:00" endTime="2019-11-20T16:36:52.1497722-08:00" testType="13cdc9d9-ddb5-4fa4-a97d-d965ccfc6d4b" outcome="Passed" testListId="8c84fa94-04c1-424b-9868-57a2d4851a1d" relativeResultsDirectory="6d449546-9a6c-487d-9fd3-ad584122f22e" />
    <UnitTestResult executionId="a7d880cd-827d-419b-a24c-726fff3166c5" testId="b19ee685-964c-10d4-832c-25b1de9041e5" testName="Azure.Functions.Cli.Tests.E2E.InitTests.init_managed_dependencies_is_only_supported_in_powershell" computerName="NASONI-Z422" duration="00:00:00.0020000" startTime="2019-11-20T16:36:55.8075225-08:00" endTime="2019-11-20T16:36:55.8075284-08:00" testType="13cdc9d9-ddb5-4fa4-a97d-d965ccfc6d4b" outcome="Failed" testListId="8c84fa94-04c1-424b-9868-57a2d4851a1d" relativeResultsDirectory="a7d880cd-827d-419b-a24c-726fff3166c5">
      <Output>
        <StdOut>stdout: Running: &gt;  init . --worker-runtime python --managed-dependencies</StdOut>
        <ErrorInfo>
          <Message>System.InvalidOperationException : Cannot start process because a file name has not been provided.</Message>
          <StackTrace>   at System.Diagnostics.Process.Start()&#xD;
   at Azure.Functions.Cli.Common.Executable.RunAsync(Action`1 outputCallback, Action`1 errorCallback, Nullable`1 timeout, String stdIn) in D:\azureFun\azure-functions-core-tools\src\Azure.Functions.Cli\Common\Executable.cs:line 80&#xD;
   at Azure.Functions.Cli.Tests.E2E.Helpers.CliTester.InternalRun(String workingDir, RunConfiguration[] runConfigurations, ITestOutputHelper output, Boolean startHost) in d:\azureFun\azure-functions-core-tools\test\Azure.Functions.Cli.Tests\E2E\Helpers\CliTester.cs:line 85&#xD;
   at Azure.Functions.Cli.Tests.E2E.Helpers.CliTester.Run(RunConfiguration[] runConfigurations, ITestOutputHelper output, String workingDir, Boolean startHost) in d:\azureFun\azure-functions-core-tools\test\Azure.Functions.Cli.Tests\E2E\Helpers\CliTester.cs:line 35&#xD;
--- End of stack trace from previous location where exception was thrown ---</StackTrace>
        </ErrorInfo>
      </Output>
    </UnitTestResult>
    <UnitTestResult executionId="2155d946-92ba-4af7-8aea-f4224ac1a909" testId="93cf339f-1563-8cec-19f1-a415a1ca088a" testName="Azure.Functions.Cli.Tests.E2E.InitTests.init_ts_app_using_lang" computerName="NASONI-Z422" duration="00:00:00.0030000" startTime="2019-11-20T16:36:55.7937371-08:00" endTime="2019-11-20T16:36:55.7937413-08:00" testType="13cdc9d9-ddb5-4fa4-a97d-d965ccfc6d4b" outcome="Failed" testListId="8c84fa94-04c1-424b-9868-57a2d4851a1d" relativeResultsDirectory="2155d946-92ba-4af7-8aea-f4224ac1a909">
      <Output>
        <StdOut>stdout: Running: &gt;  init . --worker-runtime node --language typescript</StdOut>
        <ErrorInfo>
          <Message>System.InvalidOperationException : Cannot start process because a file name has not been provided.</Message>
          <StackTrace>   at System.Diagnostics.Process.Start()&#xD;
   at Azure.Functions.Cli.Common.Executable.RunAsync(Action`1 outputCallback, Action`1 errorCallback, Nullable`1 timeout, String stdIn) in D:\azureFun\azure-functions-core-tools\src\Azure.Functions.Cli\Common\Executable.cs:line 80&#xD;
   at Azure.Functions.Cli.Tests.E2E.Helpers.CliTester.InternalRun(String workingDir, RunConfiguration[] runConfigurations, ITestOutputHelper output, Boolean startHost) in d:\azureFun\azure-functions-core-tools\test\Azure.Functions.Cli.Tests\E2E\Helpers\CliTester.cs:line 85&#xD;
   at Azure.Functions.Cli.Tests.E2E.Helpers.CliTester.Run(RunConfiguration[] runConfigurations, ITestOutputHelper output, String workingDir, Boolean startHost) in d:\azureFun\azure-functions-core-tools\test\Azure.Functions.Cli.Tests\E2E\Helpers\CliTester.cs:line 35&#xD;
--- End of stack trace from previous location where exception was thrown ---</StackTrace>
        </ErrorInfo>
      </Output>
    </UnitTestResult>
    <UnitTestResult executionId="7508ba35-21e0-4d4d-82ee-1ca709e16598" testId="eec1ee9a-2aa1-4c45-b795-9d460b4f28b4" testName="Azure.Functions.Cli.Tests.E2E.InitTests.init_with_Dockerfile(workerRuntime: &quot;dotnet&quot;)" computerName="NASONI-Z422" duration="00:00:00.0030000" startTime="2019-11-20T16:36:55.7578237-08:00" endTime="2019-11-20T16:36:55.7578278-08:00" testType="13cdc9d9-ddb5-4fa4-a97d-d965ccfc6d4b" outcome="Failed" testListId="8c84fa94-04c1-424b-9868-57a2d4851a1d" relativeResultsDirectory="7508ba35-21e0-4d4d-82ee-1ca709e16598">
      <Output>
        <StdOut>stdout: Running: &gt;  init . --worker-runtime dotnet --docker</StdOut>
        <ErrorInfo>
          <Message>System.InvalidOperationException : Cannot start process because a file name has not been provided.</Message>
          <StackTrace>   at System.Diagnostics.Process.Start()&#xD;
   at Azure.Functions.Cli.Common.Executable.RunAsync(Action`1 outputCallback, Action`1 errorCallback, Nullable`1 timeout, String stdIn) in D:\azureFun\azure-functions-core-tools\src\Azure.Functions.Cli\Common\Executable.cs:line 80&#xD;
   at Azure.Functions.Cli.Tests.E2E.Helpers.CliTester.InternalRun(String workingDir, RunConfiguration[] runConfigurations, ITestOutputHelper output, Boolean startHost) in d:\azureFun\azure-functions-core-tools\test\Azure.Functions.Cli.Tests\E2E\Helpers\CliTester.cs:line 85&#xD;
   at Azure.Functions.Cli.Tests.E2E.Helpers.CliTester.Run(RunConfiguration[] runConfigurations, ITestOutputHelper output, String workingDir, Boolean startHost) in d:\azureFun\azure-functions-core-tools\test\Azure.Functions.Cli.Tests\E2E\Helpers\CliTester.cs:line 35&#xD;
--- End of stack trace from previous location where exception was thrown ---</StackTrace>
        </ErrorInfo>
      </Output>
    </UnitTestResult>
    <UnitTestResult executionId="822a31a1-08c8-41a0-908c-c3caccf02a82" testId="dea3461a-6816-c1e3-9b2d-cf4d0771d692" testName="Azure.Functions.Cli.Tests.E2E.StartTests.start_handles_empty_envvars_correctly" computerName="NASONI-Z422" duration="00:00:00.0040000" startTime="2019-11-20T16:36:56.0107066-08:00" endTime="2019-11-20T16:36:56.0107123-08:00" testType="13cdc9d9-ddb5-4fa4-a97d-d965ccfc6d4b" outcome="Failed" testListId="8c84fa94-04c1-424b-9868-57a2d4851a1d" relativeResultsDirectory="822a31a1-08c8-41a0-908c-c3caccf02a82">
      <Output>
        <StdOut>stdout: Running: &gt;  init . --worker-runtime node</StdOut>
        <ErrorInfo>
          <Message>System.InvalidOperationException : Cannot start process because a file name has not been provided.</Message>
          <StackTrace>   at System.Diagnostics.Process.Start()&#xD;
   at Azure.Functions.Cli.Common.Executable.RunAsync(Action`1 outputCallback, Action`1 errorCallback, Nullable`1 timeout, String stdIn) in D:\azureFun\azure-functions-core-tools\src\Azure.Functions.Cli\Common\Executable.cs:line 80&#xD;
   at Azure.Functions.Cli.Tests.E2E.Helpers.CliTester.InternalRun(String workingDir, RunConfiguration[] runConfigurations, ITestOutputHelper output, Boolean startHost) in d:\azureFun\azure-functions-core-tools\test\Azure.Functions.Cli.Tests\E2E\Helpers\CliTester.cs:line 85&#xD;
   at Azure.Functions.Cli.Tests.E2E.Helpers.CliTester.Run(RunConfiguration[] runConfigurations, ITestOutputHelper output, String workingDir, Boolean startHost) in d:\azureFun\azure-functions-core-tools\test\Azure.Functions.Cli.Tests\E2E\Helpers\CliTester.cs:line 35&#xD;
   at Azure.Functions.Cli.Tests.E2E.StartTests.start_handles_empty_envvars_correctly() in d:\azureFun\azure-functions-core-tools\test\Azure.Functions.Cli.Tests\E2E\StartTests.cs:line 178&#xD;
--- End of stack trace from previous location where exception was thrown ---</StackTrace>
        </ErrorInfo>
      </Output>
    </UnitTestResult>
    <UnitTestResult executionId="d93b6768-7295-438e-8df4-1526f652505f" testId="0b3dd3f8-b7f5-9046-8c8b-7e8ae6185a15" testName="Azure.Functions.Cli.Tests.GitIgnoreParserTests.DeniesShouldNotDenyTheGivenFilenames" computerName="NASONI-Z422" duration="00:00:00.0010000" startTime="2019-11-20T16:36:53.2333277-08:00" endTime="2019-11-20T16:36:53.2333302-08:00" testType="13cdc9d9-ddb5-4fa4-a97d-d965ccfc6d4b" outcome="Passed" testListId="8c84fa94-04c1-424b-9868-57a2d4851a1d" relativeResultsDirectory="d93b6768-7295-438e-8df4-1526f652505f" />
    <UnitTestResult executionId="ff037efe-cb35-42c9-b4f5-d6e55ebae0e1" testId="09a24798-7d10-8250-f686-8d60e9ff7701" testName="Azure.Functions.Cli.Tests.ActionsTests.ResolveActionTests.ResolveCommandLineCorrectly(args: &quot;function create&quot;, returnType: typeof(Azure.Functions.Cli.Actions.LocalActions.CreateFunctionAction))" computerName="NASONI-Z422" duration="00:00:00.0020000" startTime="2019-11-20T16:36:52.1033216-08:00" endTime="2019-11-20T16:36:52.1033249-08:00" testType="13cdc9d9-ddb5-4fa4-a97d-d965ccfc6d4b" outcome="Passed" testListId="8c84fa94-04c1-424b-9868-57a2d4851a1d" relativeResultsDirectory="ff037efe-cb35-42c9-b4f5-d6e55ebae0e1" />
    <UnitTestResult executionId="edcddd66-f0d2-42a5-b93e-b373807ced17" testId="fbcb31e4-45ed-0d03-0559-73dcb287008b" testName="Azure.Functions.Cli.Tests.GitIgnoreParserTests.DeniesShouldNotDenyNestedUnignoredFilesInIgnoredDirectories" computerName="NASONI-Z422" duration="00:00:00.0010000" startTime="2019-11-20T16:36:53.2348189-08:00" endTime="2019-11-20T16:36:53.2348206-08:00" testType="13cdc9d9-ddb5-4fa4-a97d-d965ccfc6d4b" outcome="Passed" testListId="8c84fa94-04c1-424b-9868-57a2d4851a1d" relativeResultsDirectory="edcddd66-f0d2-42a5-b93e-b373807ced17" />
    <UnitTestResult executionId="6e802ede-9fd9-45ee-aa82-230141e69142" testId="2ff45c5f-7276-d3d7-5177-676fe5992614" testName="Azure.Functions.Cli.Tests.ActionsTests.ResolveActionTests.ResolveCommandLineCorrectly(args: &quot;durable rewind --id ab1b5de4c5a9450eafa5a4cf249b31&quot;..., returnType: typeof(Azure.Functions.Cli.Actions.DurableActions.DurableRewind))" computerName="NASONI-Z422" duration="00:00:00.0020000" startTime="2019-11-20T16:36:52.1497346-08:00" endTime="2019-11-20T16:36:52.1497353-08:00" testType="13cdc9d9-ddb5-4fa4-a97d-d965ccfc6d4b" outcome="Passed" testListId="8c84fa94-04c1-424b-9868-57a2d4851a1d" relativeResultsDirectory="6e802ede-9fd9-45ee-aa82-230141e69142" />
    <UnitTestResult executionId="42808b14-0284-4a15-a134-887685575fa1" testId="b3200108-16ce-1a20-4c5e-ce4b037f63ed" testName="Azure.Functions.Cli.Tests.KubernetesHelperUnitTests.ValidateKubernetesNames(name: &quot;name with spaces&quot;, isValid: False)" computerName="NASONI-Z422" duration="00:00:00.0010000" startTime="2019-11-20T16:36:52.8948937-08:00" endTime="2019-11-20T16:36:52.8948953-08:00" testType="13cdc9d9-ddb5-4fa4-a97d-d965ccfc6d4b" outcome="Passed" testListId="8c84fa94-04c1-424b-9868-57a2d4851a1d" relativeResultsDirectory="42808b14-0284-4a15-a134-887685575fa1" />
    <UnitTestResult executionId="4bf3ed50-ffe7-4dcf-9b2a-1b1e5014e856" testId="be93d512-0232-5d00-fb64-530a7ac3622a" testName="Azure.Functions.Cli.Tests.ActionsTests.ResolveActionTests.ResolveCommandLineCorrectly(args: &quot;azure --help&quot;, returnType: typeof(Azure.Functions.Cli.Actions.HelpAction))" computerName="NASONI-Z422" duration="00:00:00.0010000" startTime="2019-11-20T16:36:52.2370698-08:00" endTime="2019-11-20T16:36:52.2370715-08:00" testType="13cdc9d9-ddb5-4fa4-a97d-d965ccfc6d4b" outcome="Passed" testListId="8c84fa94-04c1-424b-9868-57a2d4851a1d" relativeResultsDirectory="4bf3ed50-ffe7-4dcf-9b2a-1b1e5014e856" />
    <UnitTestResult executionId="09d61bd9-4a11-4a62-830a-007478671ba0" testId="e61aa2ef-51fe-ce9d-f444-c94be9a0a585" testName="Azure.Functions.Cli.Tests.ActionsTests.ResolveActionTests.ResolveCommandLineCorrectly(args: &quot;settings delete settingName&quot;, returnType: typeof(Azure.Functions.Cli.Actions.LocalActions.DeleteSettingAction))" computerName="NASONI-Z422" duration="00:00:00.0020000" startTime="2019-11-20T16:36:52.1498115-08:00" endTime="2019-11-20T16:36:52.1498122-08:00" testType="13cdc9d9-ddb5-4fa4-a97d-d965ccfc6d4b" outcome="Passed" testListId="8c84fa94-04c1-424b-9868-57a2d4851a1d" relativeResultsDirectory="09d61bd9-4a11-4a62-830a-007478671ba0" />
    <UnitTestResult executionId="c6f543b5-927e-4c2d-b82a-a7e85f088ea8" testId="a2fc6bf4-45cb-b71d-9969-54743329e6ec" testName="Azure.Functions.Cli.Tests.E2E.CreateFunctionTests.create_typescript_template" computerName="NASONI-Z422" duration="00:00:00.0030000" startTime="2019-11-20T16:36:55.8791103-08:00" endTime="2019-11-20T16:36:55.8791145-08:00" testType="13cdc9d9-ddb5-4fa4-a97d-d965ccfc6d4b" outcome="Failed" testListId="8c84fa94-04c1-424b-9868-57a2d4851a1d" relativeResultsDirectory="c6f543b5-927e-4c2d-b82a-a7e85f088ea8">
      <Output>
        <StdOut>stdout: Running: &gt;  init . --worker-runtime node --language typescript</StdOut>
        <ErrorInfo>
          <Message>System.InvalidOperationException : Cannot start process because a file name has not been provided.</Message>
          <StackTrace>   at System.Diagnostics.Process.Start()&#xD;
   at Azure.Functions.Cli.Common.Executable.RunAsync(Action`1 outputCallback, Action`1 errorCallback, Nullable`1 timeout, String stdIn) in D:\azureFun\azure-functions-core-tools\src\Azure.Functions.Cli\Common\Executable.cs:line 80&#xD;
   at Azure.Functions.Cli.Tests.E2E.Helpers.CliTester.InternalRun(String workingDir, RunConfiguration[] runConfigurations, ITestOutputHelper output, Boolean startHost) in d:\azureFun\azure-functions-core-tools\test\Azure.Functions.Cli.Tests\E2E\Helpers\CliTester.cs:line 85&#xD;
   at Azure.Functions.Cli.Tests.E2E.Helpers.CliTester.Run(RunConfiguration[] runConfigurations, ITestOutputHelper output, String workingDir, Boolean startHost) in d:\azureFun\azure-functions-core-tools\test\Azure.Functions.Cli.Tests\E2E\Helpers\CliTester.cs:line 35&#xD;
   at Azure.Functions.Cli.Tests.E2E.CreateFunctionTests.create_typescript_template() in d:\azureFun\azure-functions-core-tools\test\Azure.Functions.Cli.Tests\E2E\CreateFunctionTests.cs:line 111&#xD;
--- End of stack trace from previous location where exception was thrown ---</StackTrace>
        </ErrorInfo>
      </Output>
    </UnitTestResult>
    <UnitTestResult executionId="ea97891b-edf2-426a-b41d-d9361aa26dd5" testId="09e2de0c-a28a-298a-253c-0e48337e3673" testName="Azure.Functions.Cli.Tests.E2E.InitTests.init_dotnet_app" computerName="NASONI-Z422" duration="00:00:00.0310000" startTime="2019-11-20T16:36:55.7299982-08:00" endTime="2019-11-20T16:36:55.7300056-08:00" testType="13cdc9d9-ddb5-4fa4-a97d-d965ccfc6d4b" outcome="Failed" testListId="8c84fa94-04c1-424b-9868-57a2d4851a1d" relativeResultsDirectory="ea97891b-edf2-426a-b41d-d9361aa26dd5">
      <Output>
        <StdOut>stdout: Running: &gt;  init dotnet-funcs --worker-runtime dotnet</StdOut>
        <ErrorInfo>
          <Message>System.InvalidOperationException : Cannot start process because a file name has not been provided.</Message>
          <StackTrace>   at System.Diagnostics.Process.Start()&#xD;
   at Azure.Functions.Cli.Common.Executable.RunAsync(Action`1 outputCallback, Action`1 errorCallback, Nullable`1 timeout, String stdIn) in D:\azureFun\azure-functions-core-tools\src\Azure.Functions.Cli\Common\Executable.cs:line 80&#xD;
   at Azure.Functions.Cli.Tests.E2E.Helpers.CliTester.InternalRun(String workingDir, RunConfiguration[] runConfigurations, ITestOutputHelper output, Boolean startHost) in d:\azureFun\azure-functions-core-tools\test\Azure.Functions.Cli.Tests\E2E\Helpers\CliTester.cs:line 85&#xD;
   at Azure.Functions.Cli.Tests.E2E.Helpers.CliTester.Run(RunConfiguration[] runConfigurations, ITestOutputHelper output, String workingDir, Boolean startHost) in d:\azureFun\azure-functions-core-tools\test\Azure.Functions.Cli.Tests\E2E\Helpers\CliTester.cs:line 35&#xD;
--- End of stack trace from previous location where exception was thrown ---</StackTrace>
        </ErrorInfo>
      </Output>
    </UnitTestResult>
    <UnitTestResult executionId="a1765f8e-1d22-48b2-b751-8bed41919448" testId="9dbb5f07-9422-6d35-4546-edac74e177fc" testName="Azure.Functions.Cli.Tests.GitIgnoreParserTests.AcceptShouldAcceptUnignoredFilesInIgnoredDirectories" computerName="NASONI-Z422" duration="00:00:00.0010000" startTime="2019-11-20T16:36:53.2330780-08:00" endTime="2019-11-20T16:36:53.2330794-08:00" testType="13cdc9d9-ddb5-4fa4-a97d-d965ccfc6d4b" outcome="Passed" testListId="8c84fa94-04c1-424b-9868-57a2d4851a1d" relativeResultsDirectory="a1765f8e-1d22-48b2-b751-8bed41919448" />
    <UnitTestResult executionId="e94e5355-2180-4a12-b23d-113aef3e3cf0" testId="8384cb22-dc4e-52e8-ba1b-1a3a991e8794" testName="Azure.Functions.Cli.Tests.E2E.InitTests.init_with_unknown_worker_runtime" computerName="NASONI-Z422" duration="00:00:00.0030000" startTime="2019-11-20T16:36:55.7642542-08:00" endTime="2019-11-20T16:36:55.7642639-08:00" testType="13cdc9d9-ddb5-4fa4-a97d-d965ccfc6d4b" outcome="Failed" testListId="8c84fa94-04c1-424b-9868-57a2d4851a1d" relativeResultsDirectory="e94e5355-2180-4a12-b23d-113aef3e3cf0">
      <Output>
        <StdOut>stdout: Running: &gt;  init . --worker-runtime foo</StdOut>
        <ErrorInfo>
          <Message>System.InvalidOperationException : Cannot start process because a file name has not been provided.</Message>
          <StackTrace>   at System.Diagnostics.Process.Start()&#xD;
   at Azure.Functions.Cli.Common.Executable.RunAsync(Action`1 outputCallback, Action`1 errorCallback, Nullable`1 timeout, String stdIn) in D:\azureFun\azure-functions-core-tools\src\Azure.Functions.Cli\Common\Executable.cs:line 80&#xD;
   at Azure.Functions.Cli.Tests.E2E.Helpers.CliTester.InternalRun(String workingDir, RunConfiguration[] runConfigurations, ITestOutputHelper output, Boolean startHost) in d:\azureFun\azure-functions-core-tools\test\Azure.Functions.Cli.Tests\E2E\Helpers\CliTester.cs:line 85&#xD;
   at Azure.Functions.Cli.Tests.E2E.Helpers.CliTester.Run(RunConfiguration[] runConfigurations, ITestOutputHelper output, String workingDir, Boolean startHost) in d:\azureFun\azure-functions-core-tools\test\Azure.Functions.Cli.Tests\E2E\Helpers\CliTester.cs:line 35&#xD;
--- End of stack trace from previous location where exception was thrown ---</StackTrace>
        </ErrorInfo>
      </Output>
    </UnitTestResult>
    <UnitTestResult executionId="b0d641c8-7397-47be-9993-d4b201c21d58" testId="a105b8a7-3d94-be93-e9c3-561cbf250f62" testName="Azure.Functions.Cli.Tests.E2E.InitTests.init_with_no_source_control" computerName="NASONI-Z422" duration="00:00:00.0030000" startTime="2019-11-20T16:36:55.7337767-08:00" endTime="2019-11-20T16:36:55.7337821-08:00" testType="13cdc9d9-ddb5-4fa4-a97d-d965ccfc6d4b" outcome="Failed" testListId="8c84fa94-04c1-424b-9868-57a2d4851a1d" relativeResultsDirectory="b0d641c8-7397-47be-9993-d4b201c21d58">
      <Output>
        <StdOut>stdout: Running: &gt;  init . --worker-runtime node</StdOut>
        <ErrorInfo>
          <Message>System.InvalidOperationException : Cannot start process because a file name has not been provided.</Message>
          <StackTrace>   at System.Diagnostics.Process.Start()&#xD;
   at Azure.Functions.Cli.Common.Executable.RunAsync(Action`1 outputCallback, Action`1 errorCallback, Nullable`1 timeout, String stdIn) in D:\azureFun\azure-functions-core-tools\src\Azure.Functions.Cli\Common\Executable.cs:line 80&#xD;
   at Azure.Functions.Cli.Tests.E2E.Helpers.CliTester.InternalRun(String workingDir, RunConfiguration[] runConfigurations, ITestOutputHelper output, Boolean startHost) in d:\azureFun\azure-functions-core-tools\test\Azure.Functions.Cli.Tests\E2E\Helpers\CliTester.cs:line 85&#xD;
   at Azure.Functions.Cli.Tests.E2E.Helpers.CliTester.Run(RunConfiguration[] runConfigurations, ITestOutputHelper output, String workingDir, Boolean startHost) in d:\azureFun\azure-functions-core-tools\test\Azure.Functions.Cli.Tests\E2E\Helpers\CliTester.cs:line 35&#xD;
--- End of stack trace from previous location where exception was thrown ---</StackTrace>
        </ErrorInfo>
      </Output>
    </UnitTestResult>
    <UnitTestResult executionId="8e3d5c02-005a-4cbf-9e21-935353908403" testId="4fe61fb2-add7-9b86-7ac9-963c2c517c14" testName="Azure.Functions.Cli.Tests.UriExtensionsTests.IsServerRunningNegativeTest(Url: &quot;invalid://example.com&quot;, expected: False)" computerName="NASONI-Z422" duration="00:00:00.0030000" startTime="2019-11-20T16:36:55.6899235-08:00" endTime="2019-11-20T16:36:55.6899274-08:00" testType="13cdc9d9-ddb5-4fa4-a97d-d965ccfc6d4b" outcome="Passed" testListId="8c84fa94-04c1-424b-9868-57a2d4851a1d" relativeResultsDirectory="8e3d5c02-005a-4cbf-9e21-935353908403" />
    <UnitTestResult executionId="4ae0d554-86c1-400d-8746-38ce63c09665" testId="fdc61361-aca6-49a9-194e-62ff1feb1a48" testName="Azure.Functions.Cli.Tests.ActionsTests.ResolveActionTests.ResolveCommandLineCorrectly(args: &quot;azure set-publish-username userName&quot;, returnType: typeof(Azure.Functions.Cli.Actions.AzureActions.DeprecatedAzureActions))" computerName="NASONI-Z422" duration="00:00:00.0010000" startTime="2019-11-20T16:36:52.2365503-08:00" endTime="2019-11-20T16:36:52.2365521-08:00" testType="13cdc9d9-ddb5-4fa4-a97d-d965ccfc6d4b" outcome="Passed" testListId="8c84fa94-04c1-424b-9868-57a2d4851a1d" relativeResultsDirectory="4ae0d554-86c1-400d-8746-38ce63c09665" />
    <UnitTestResult executionId="55a4cd3c-4c24-4d3a-87a8-67c58c8a3904" testId="c9950969-c15a-bd40-5c28-19b8f7156c09" testName="Azure.Functions.Cli.Tests.E2E.StartTests.start_host_port_in_use" computerName="NASONI-Z422" duration="00:00:00.0040000" startTime="2019-11-20T16:36:55.9858164-08:00" endTime="2019-11-20T16:36:55.9858223-08:00" testType="13cdc9d9-ddb5-4fa4-a97d-d965ccfc6d4b" outcome="Failed" testListId="8c84fa94-04c1-424b-9868-57a2d4851a1d" relativeResultsDirectory="55a4cd3c-4c24-4d3a-87a8-67c58c8a3904">
      <Output>
        <StdOut>stdout: Running: &gt;  init . --worker-runtime node</StdOut>
        <ErrorInfo>
          <Message>System.InvalidOperationException : Cannot start process because a file name has not been provided.</Message>
          <StackTrace>   at System.Diagnostics.Process.Start()&#xD;
   at Azure.Functions.Cli.Common.Executable.RunAsync(Action`1 outputCallback, Action`1 errorCallback, Nullable`1 timeout, String stdIn) in D:\azureFun\azure-functions-core-tools\src\Azure.Functions.Cli\Common\Executable.cs:line 80&#xD;
   at Azure.Functions.Cli.Tests.E2E.Helpers.CliTester.InternalRun(String workingDir, RunConfiguration[] runConfigurations, ITestOutputHelper output, Boolean startHost) in d:\azureFun\azure-functions-core-tools\test\Azure.Functions.Cli.Tests\E2E\Helpers\CliTester.cs:line 85&#xD;
   at Azure.Functions.Cli.Tests.E2E.Helpers.CliTester.Run(RunConfiguration[] runConfigurations, ITestOutputHelper output, String workingDir, Boolean startHost) in d:\azureFun\azure-functions-core-tools\test\Azure.Functions.Cli.Tests\E2E\Helpers\CliTester.cs:line 35&#xD;
   at Azure.Functions.Cli.Tests.E2E.StartTests.start_host_port_in_use() in d:\azureFun\azure-functions-core-tools\test\Azure.Functions.Cli.Tests\E2E\StartTests.cs:line 156&#xD;
--- End of stack trace from previous location where exception was thrown ---</StackTrace>
        </ErrorInfo>
      </Output>
    </UnitTestResult>
    <UnitTestResult executionId="05c65d59-dc40-4803-a586-1ff20127de59" testId="5764f792-69e7-c4fc-617c-99c8ae3d7290" testName="Azure.Functions.Cli.Tests.E2E.CreateFunctionTests.create_template_function_sanitization_dotnet" computerName="NASONI-Z422" duration="00:00:00.0030000" startTime="2019-11-20T16:36:55.8824863-08:00" endTime="2019-11-20T16:36:55.8824898-08:00" testType="13cdc9d9-ddb5-4fa4-a97d-d965ccfc6d4b" outcome="Failed" testListId="8c84fa94-04c1-424b-9868-57a2d4851a1d" relativeResultsDirectory="05c65d59-dc40-4803-a586-1ff20127de59">
      <Output>
        <StdOut>stdout: Running: &gt;  init 12n.e.0w-file$ --worker-runtime dotnet</StdOut>
        <ErrorInfo>
          <Message>System.InvalidOperationException : Cannot start process because a file name has not been provided.</Message>
          <StackTrace>   at System.Diagnostics.Process.Start()&#xD;
   at Azure.Functions.Cli.Common.Executable.RunAsync(Action`1 outputCallback, Action`1 errorCallback, Nullable`1 timeout, String stdIn) in D:\azureFun\azure-functions-core-tools\src\Azure.Functions.Cli\Common\Executable.cs:line 80&#xD;
   at Azure.Functions.Cli.Tests.E2E.Helpers.CliTester.InternalRun(String workingDir, RunConfiguration[] runConfigurations, ITestOutputHelper output, Boolean startHost) in d:\azureFun\azure-functions-core-tools\test\Azure.Functions.Cli.Tests\E2E\Helpers\CliTester.cs:line 85&#xD;
   at Azure.Functions.Cli.Tests.E2E.Helpers.CliTester.Run(RunConfiguration[] runConfigurations, ITestOutputHelper output, String workingDir, Boolean startHost) in d:\azureFun\azure-functions-core-tools\test\Azure.Functions.Cli.Tests\E2E\Helpers\CliTester.cs:line 35&#xD;
   at Azure.Functions.Cli.Tests.E2E.CreateFunctionTests.create_template_function_sanitization_dotnet() in d:\azureFun\azure-functions-core-tools\test\Azure.Functions.Cli.Tests\E2E\CreateFunctionTests.cs:line 34&#xD;
--- End of stack trace from previous location where exception was thrown ---</StackTrace>
        </ErrorInfo>
      </Output>
    </UnitTestResult>
    <UnitTestResult executionId="eca543c4-5eb3-43c8-859a-0acc66e75c2a" testId="99cb63a8-7e08-ff45-2917-537ab2cd414e" testName="Azure.Functions.Cli.Tests.GitIgnoreParserTests.AcceptShouldAcceptTheGivenFilenames" computerName="NASONI-Z422" duration="00:00:00.0010000" startTime="2019-11-20T16:36:53.2331739-08:00" endTime="2019-11-20T16:36:53.2331757-08:00" testType="13cdc9d9-ddb5-4fa4-a97d-d965ccfc6d4b" outcome="Passed" testListId="8c84fa94-04c1-424b-9868-57a2d4851a1d" relativeResultsDirectory="eca543c4-5eb3-43c8-859a-0acc66e75c2a" />
    <UnitTestResult executionId="1e83ea7e-a139-4dc8-8b15-0a352ccc1fd2" testId="30b4d0c9-fe72-ccd3-41b4-452db0ee6a68" testName="Azure.Functions.Cli.Tests.E2E.InitTests.init_function_app_powershell_supports_managed_dependencies" computerName="NASONI-Z422" duration="00:00:00.0020000" startTime="2019-11-20T16:36:55.7966565-08:00" endTime="2019-11-20T16:36:55.7966608-08:00" testType="13cdc9d9-ddb5-4fa4-a97d-d965ccfc6d4b" outcome="Failed" testListId="8c84fa94-04c1-424b-9868-57a2d4851a1d" relativeResultsDirectory="1e83ea7e-a139-4dc8-8b15-0a352ccc1fd2">
      <Output>
        <StdOut>stdout: Running: &gt;  init . --worker-runtime powershell --managed-dependencies</StdOut>
        <ErrorInfo>
          <Message>System.InvalidOperationException : Cannot start process because a file name has not been provided.</Message>
          <StackTrace>   at System.Diagnostics.Process.Start()&#xD;
   at Azure.Functions.Cli.Common.Executable.RunAsync(Action`1 outputCallback, Action`1 errorCallback, Nullable`1 timeout, String stdIn) in D:\azureFun\azure-functions-core-tools\src\Azure.Functions.Cli\Common\Executable.cs:line 80&#xD;
   at Azure.Functions.Cli.Tests.E2E.Helpers.CliTester.InternalRun(String workingDir, RunConfiguration[] runConfigurations, ITestOutputHelper output, Boolean startHost) in d:\azureFun\azure-functions-core-tools\test\Azure.Functions.Cli.Tests\E2E\Helpers\CliTester.cs:line 85&#xD;
   at Azure.Functions.Cli.Tests.E2E.Helpers.CliTester.Run(RunConfiguration[] runConfigurations, ITestOutputHelper output, String workingDir, Boolean startHost) in d:\azureFun\azure-functions-core-tools\test\Azure.Functions.Cli.Tests\E2E\Helpers\CliTester.cs:line 35&#xD;
--- End of stack trace from previous location where exception was thrown ---</StackTrace>
        </ErrorInfo>
      </Output>
    </UnitTestResult>
    <UnitTestResult executionId="1773ff82-cb46-4f08-85ed-f6ec517b5fb0" testId="da4681c6-718f-bdf7-e3fd-882500cd8814" testName="Azure.Functions.Cli.Tests.ExtensionsTests.TaskExtensionsTests.IgnoreFailureAndFilterListOfTasks" computerName="NASONI-Z422" duration="00:00:00.0130000" startTime="2019-11-20T16:36:56.0271098-08:00" endTime="2019-11-20T16:36:56.0271139-08:00" testType="13cdc9d9-ddb5-4fa4-a97d-d965ccfc6d4b" outcome="Passed" testListId="8c84fa94-04c1-424b-9868-57a2d4851a1d" relativeResultsDirectory="1773ff82-cb46-4f08-85ed-f6ec517b5fb0" />
    <UnitTestResult executionId="d91cd947-2e30-48ae-864e-0de5c1891b0e" testId="f495c734-8012-31b2-3361-92d27fb8c6d0" testName="Azure.Functions.Cli.Tests.GitIgnoreParserTests.AcceptShouldNotAcceptTheGivenFilenames" computerName="NASONI-Z422" duration="00:00:00.0050000" startTime="2019-11-20T16:36:53.2328898-08:00" endTime="2019-11-20T16:36:53.2328913-08:00" testType="13cdc9d9-ddb5-4fa4-a97d-d965ccfc6d4b" outcome="Passed" testListId="8c84fa94-04c1-424b-9868-57a2d4851a1d" relativeResultsDirectory="d91cd947-2e30-48ae-864e-0de5c1891b0e" />
    <UnitTestResult executionId="f09df532-de78-41e5-ae77-527ba84787b1" testId="66f6f242-74b3-6a0b-fa81-2412711abe67" testName="Azure.Functions.Cli.Tests.UriExtensionsTests.IsJsonTest(value: &quot;test&quot;, expected: False)" computerName="NASONI-Z422" duration="00:00:00.0030000" startTime="2019-11-20T16:36:53.2613892-08:00" endTime="2019-11-20T16:36:53.2613914-08:00" testType="13cdc9d9-ddb5-4fa4-a97d-d965ccfc6d4b" outcome="Passed" testListId="8c84fa94-04c1-424b-9868-57a2d4851a1d" relativeResultsDirectory="f09df532-de78-41e5-ae77-527ba84787b1" />
    <UnitTestResult executionId="d5d19221-f750-4233-848f-e9a60add81f5" testId="65b89792-1711-6f19-85b7-0f3eb33b6850" testName="Azure.Functions.Cli.Tests.E2E.DurableTests.DurableDeleteTaskHubTest" computerName="NASONI-Z422" duration="00:00:00.0010000" startTime="2019-11-20T16:36:53.2445157-08:00" endTime="2019-11-20T16:36:53.2445181-08:00" testType="13cdc9d9-ddb5-4fa4-a97d-d965ccfc6d4b" outcome="NotExecuted" testListId="8c84fa94-04c1-424b-9868-57a2d4851a1d" relativeResultsDirectory="d5d19221-f750-4233-848f-e9a60add81f5">
      <Output>
        <StdOut>Durable E2E tests need a storage account connection</StdOut>
      </Output>
    </UnitTestResult>
    <UnitTestResult executionId="1ff583b1-4e0a-436f-a29e-acb7d568dd75" testId="e553ca05-308a-bf73-e898-77e7d60f149d" testName="Azure.Functions.Cli.Tests.E2E.InitTests.init_docker_only_for_existing_project(workerRuntime: &quot;dotnet&quot;)" computerName="NASONI-Z422" duration="00:00:00.0020000" startTime="2019-11-20T16:36:55.7906877-08:00" endTime="2019-11-20T16:36:55.7906927-08:00" testType="13cdc9d9-ddb5-4fa4-a97d-d965ccfc6d4b" outcome="Failed" testListId="8c84fa94-04c1-424b-9868-57a2d4851a1d" relativeResultsDirectory="1ff583b1-4e0a-436f-a29e-acb7d568dd75">
      <Output>
        <StdOut>stdout: Running: &gt;  init . --worker-runtime dotnet</StdOut>
        <ErrorInfo>
          <Message>System.InvalidOperationException : Cannot start process because a file name has not been provided.</Message>
          <StackTrace>   at System.Diagnostics.Process.Start()&#xD;
   at Azure.Functions.Cli.Common.Executable.RunAsync(Action`1 outputCallback, Action`1 errorCallback, Nullable`1 timeout, String stdIn) in D:\azureFun\azure-functions-core-tools\src\Azure.Functions.Cli\Common\Executable.cs:line 80&#xD;
   at Azure.Functions.Cli.Tests.E2E.Helpers.CliTester.InternalRun(String workingDir, RunConfiguration[] runConfigurations, ITestOutputHelper output, Boolean startHost) in d:\azureFun\azure-functions-core-tools\test\Azure.Functions.Cli.Tests\E2E\Helpers\CliTester.cs:line 85&#xD;
   at Azure.Functions.Cli.Tests.E2E.Helpers.CliTester.Run(RunConfiguration[] runConfigurations, ITestOutputHelper output, String workingDir, Boolean startHost) in d:\azureFun\azure-functions-core-tools\test\Azure.Functions.Cli.Tests\E2E\Helpers\CliTester.cs:line 35&#xD;
--- End of stack trace from previous location where exception was thrown ---</StackTrace>
        </ErrorInfo>
      </Output>
    </UnitTestResult>
    <UnitTestResult executionId="f3256654-ea06-402b-bdc7-0e612aa6f7b8" testId="6d362e3e-2836-8a52-d263-224ae45ba8c7" testName="Azure.Functions.Cli.Tests.PythonHelperTests.InterpreterShouldHaveExecutablePath" computerName="NASONI-Z422" duration="00:00:00.0010000" startTime="2019-11-20T16:36:53.2320015-08:00" endTime="2019-11-20T16:36:53.2320079-08:00" testType="13cdc9d9-ddb5-4fa4-a97d-d965ccfc6d4b" outcome="Failed" testListId="8c84fa94-04c1-424b-9868-57a2d4851a1d" relativeResultsDirectory="f3256654-ea06-402b-bdc7-0e612aa6f7b8">
      <Output>
        <ErrorInfo>
          <Message>System.Exception : Python executable path should not be empty</Message>
          <StackTrace>   at Azure.Functions.Cli.Tests.PythonHelperTests.InterpreterShouldHaveExecutablePath() in d:\azureFun\azure-functions-core-tools\test\Azure.Functions.Cli.Tests\PythonHelperTests.cs:line 24</StackTrace>
        </ErrorInfo>
      </Output>
    </UnitTestResult>
    <UnitTestResult executionId="6e01863b-2996-4cb9-9ec4-73ca79e75e87" testId="1bd52704-add6-aba2-e711-716128e7b10b" testName="Azure.Functions.Cli.Tests.KubernetesHelperUnitTests.ValidateKubernetesNames(name: &quot;normalname&quot;, isValid: True)" computerName="NASONI-Z422" duration="00:00:00.0010000" startTime="2019-11-20T16:36:52.8950175-08:00" endTime="2019-11-20T16:36:52.8950182-08:00" testType="13cdc9d9-ddb5-4fa4-a97d-d965ccfc6d4b" outcome="Passed" testListId="8c84fa94-04c1-424b-9868-57a2d4851a1d" relativeResultsDirectory="6e01863b-2996-4cb9-9ec4-73ca79e75e87" />
    <UnitTestResult executionId="11dee17a-a3f7-45ea-8611-e0fc5a50b03d" testId="ea50a151-1b12-df2b-178f-fcb2c35810bb" testName="Azure.Functions.Cli.Tests.ExtensionsTests.StringExtensionsTests.TestSanitizeImageNameWithBadFormatSanitizeOutput(input: &quot;hello-World&quot;, expected: &quot;helloworld&quot;)" computerName="NASONI-Z422" duration="00:00:00.0010000" startTime="2019-11-20T16:36:55.8746548-08:00" endTime="2019-11-20T16:36:55.8746555-08:00" testType="13cdc9d9-ddb5-4fa4-a97d-d965ccfc6d4b" outcome="Passed" testListId="8c84fa94-04c1-424b-9868-57a2d4851a1d" relativeResultsDirectory="11dee17a-a3f7-45ea-8611-e0fc5a50b03d" />
    <UnitTestResult executionId="72a949ff-1b07-4af9-a2f5-79db77ad4de0" testId="9bbeac1c-700a-59f3-e77e-496e9e6ff3c1" testName="Azure.Functions.Cli.Tests.E2E.SettingsTests.add_setting_encrypted" computerName="NASONI-Z422" duration="00:00:00.0040000" startTime="2019-11-20T16:36:55.9770330-08:00" endTime="2019-11-20T16:36:55.9770392-08:00" testType="13cdc9d9-ddb5-4fa4-a97d-d965ccfc6d4b" outcome="Failed" testListId="8c84fa94-04c1-424b-9868-57a2d4851a1d" relativeResultsDirectory="72a949ff-1b07-4af9-a2f5-79db77ad4de0">
      <Output>
        <StdOut>stdout: Running: &gt;  init . --worker-runtime node</StdOut>
        <ErrorInfo>
          <Message>System.InvalidOperationException : Cannot start process because a file name has not been provided.</Message>
          <StackTrace>   at System.Diagnostics.Process.Start()&#xD;
   at Azure.Functions.Cli.Common.Executable.RunAsync(Action`1 outputCallback, Action`1 errorCallback, Nullable`1 timeout, String stdIn) in D:\azureFun\azure-functions-core-tools\src\Azure.Functions.Cli\Common\Executable.cs:line 80&#xD;
   at Azure.Functions.Cli.Tests.E2E.Helpers.CliTester.InternalRun(String workingDir, RunConfiguration[] runConfigurations, ITestOutputHelper output, Boolean startHost) in d:\azureFun\azure-functions-core-tools\test\Azure.Functions.Cli.Tests\E2E\Helpers\CliTester.cs:line 85&#xD;
   at Azure.Functions.Cli.Tests.E2E.Helpers.CliTester.Run(RunConfiguration[] runConfigurations, ITestOutputHelper output, String workingDir, Boolean startHost) in d:\azureFun\azure-functions-core-tools\test\Azure.Functions.Cli.Tests\E2E\Helpers\CliTester.cs:line 35&#xD;
   at Azure.Functions.Cli.Tests.E2E.SettingsTests.add_setting_encrypted() in d:\azureFun\azure-functions-core-tools\test\Azure.Functions.Cli.Tests\E2E\SettingsTests.cs:line 42&#xD;
--- End of stack trace from previous location where exception was thrown ---</StackTrace>
        </ErrorInfo>
      </Output>
    </UnitTestResult>
    <UnitTestResult executionId="825a07ce-6856-48b3-8bc6-b9ee69509b31" testId="4f682df2-d468-581a-9b00-b61583b243d3" testName="Azure.Functions.Cli.Tests.ActionsTests.StartHostActionTests.CheckNonOptionalSettingsDoesntThrowOnMissingAzureWebJobsStorage" computerName="NASONI-Z422" duration="00:00:00.0010000" startTime="2019-11-20T16:36:55.8707327-08:00" endTime="2019-11-20T16:36:55.8707351-08:00" testType="13cdc9d9-ddb5-4fa4-a97d-d965ccfc6d4b" outcome="Passed" testListId="8c84fa94-04c1-424b-9868-57a2d4851a1d" relativeResultsDirectory="825a07ce-6856-48b3-8bc6-b9ee69509b31" />
    <UnitTestResult executionId="2b0050c2-439b-4267-aab2-0c52976fc763" testId="5a0907e1-44cd-b1c2-b6e9-e611e9df4e2f" testName="Azure.Functions.Cli.Tests.ActionsTests.ResolveActionTests.ResolveCommandLineCorrectly(args: &quot;host start&quot;, returnType: typeof(Azure.Functions.Cli.Actions.HostActions.StartHostAction))" computerName="NASONI-Z422" duration="00:00:00.0070000" startTime="2019-11-20T16:36:52.2266491-08:00" endTime="2019-11-20T16:36:52.2266518-08:00" testType="13cdc9d9-ddb5-4fa4-a97d-d965ccfc6d4b" outcome="Passed" testListId="8c84fa94-04c1-424b-9868-57a2d4851a1d" relativeResultsDirectory="2b0050c2-439b-4267-aab2-0c52976fc763" />
    <UnitTestResult executionId="8bd2b445-2372-492d-9209-130e8a7e70f9" testId="4294c23d-5a13-c518-9e66-be8f5c903261" testName="Azure.Functions.Cli.Tests.KubernetesHelperUnitTests.ValidateKubernetesNames(name: &quot;name-with-numbers-938-234&quot;, isValid: True)" computerName="NASONI-Z422" duration="00:00:00.0010000" startTime="2019-11-20T16:36:52.8949766-08:00" endTime="2019-11-20T16:36:52.8949784-08:00" testType="13cdc9d9-ddb5-4fa4-a97d-d965ccfc6d4b" outcome="Passed" testListId="8c84fa94-04c1-424b-9868-57a2d4851a1d" relativeResultsDirectory="8bd2b445-2372-492d-9209-130e8a7e70f9" />
    <UnitTestResult executionId="e5fc8d18-e59a-4ea8-952a-fb86fdf1ba74" testId="7a3da497-d5de-74f0-bc82-bc37d352976f" testName="Azure.Functions.Cli.Tests.ActionsTests.ResolveActionTests.ResolveCommandLineCorrectly(args: &quot;init&quot;, returnType: typeof(Azure.Functions.Cli.Actions.LocalActions.InitAction))" computerName="NASONI-Z422" duration="00:00:00.0270000" startTime="2019-11-20T16:36:52.1328669-08:00" endTime="2019-11-20T16:36:52.1328738-08:00" testType="13cdc9d9-ddb5-4fa4-a97d-d965ccfc6d4b" outcome="Passed" testListId="8c84fa94-04c1-424b-9868-57a2d4851a1d" relativeResultsDirectory="e5fc8d18-e59a-4ea8-952a-fb86fdf1ba74" />
    <UnitTestResult executionId="e9821932-7a63-4a8a-8c6f-5d738a187739" testId="67e96cf1-882b-80de-8b77-9490140e2b4c" testName="Azure.Functions.Cli.Tests.ExtensionsTests.StringExtensionsTests.TestSanitizeImageNameWithBadFormatSanitizeOutput(input: &quot;hello_World&quot;, expected: &quot;hello_world&quot;)" computerName="NASONI-Z422" duration="00:00:00.0010000" startTime="2019-11-20T16:36:55.8745726-08:00" endTime="2019-11-20T16:36:55.8745738-08:00" testType="13cdc9d9-ddb5-4fa4-a97d-d965ccfc6d4b" outcome="Passed" testListId="8c84fa94-04c1-424b-9868-57a2d4851a1d" relativeResultsDirectory="e9821932-7a63-4a8a-8c6f-5d738a187739" />
    <UnitTestResult executionId="3ec7637f-5d80-43c8-88a6-d42de3daaa98" testId="48e1ca5f-db9a-873c-f3bc-7991e0057d11" testName="Azure.Functions.Cli.Tests.ActionsTests.ResolveActionTests.ResolveCommandLineCorrectly(args: &quot;durable purge-history --created-after 11/5/2018 --&quot;..., returnType: typeof(Azure.Functions.Cli.Actions.DurableActions.DurablePurgeHistory))" computerName="NASONI-Z422" duration="00:00:00.0560000" startTime="2019-11-20T16:36:52.0947806-08:00" endTime="2019-11-20T16:36:52.0947871-08:00" testType="13cdc9d9-ddb5-4fa4-a97d-d965ccfc6d4b" outcome="Passed" testListId="8c84fa94-04c1-424b-9868-57a2d4851a1d" relativeResultsDirectory="3ec7637f-5d80-43c8-88a6-d42de3daaa98" />
    <UnitTestResult executionId="b358ebea-177f-4126-8696-e1f7cac26a4e" testId="8ec96d3e-65eb-c14e-7b76-f3ef6618f355" testName="Azure.Functions.Cli.Tests.E2E.StartTests.start_displays_error_on_invalid_function_json" computerName="NASONI-Z422" duration="00:00:00.0040000" startTime="2019-11-20T16:36:55.9941423-08:00" endTime="2019-11-20T16:36:55.9941469-08:00" testType="13cdc9d9-ddb5-4fa4-a97d-d965ccfc6d4b" outcome="Failed" testListId="8c84fa94-04c1-424b-9868-57a2d4851a1d" relativeResultsDirectory="b358ebea-177f-4126-8696-e1f7cac26a4e">
      <Output>
        <StdOut>stdout: Running: &gt;  init . --worker-runtime node</StdOut>
        <ErrorInfo>
          <Message>System.InvalidOperationException : Cannot start process because a file name has not been provided.</Message>
          <StackTrace>   at System.Diagnostics.Process.Start()&#xD;
   at Azure.Functions.Cli.Common.Executable.RunAsync(Action`1 outputCallback, Action`1 errorCallback, Nullable`1 timeout, String stdIn) in D:\azureFun\azure-functions-core-tools\src\Azure.Functions.Cli\Common\Executable.cs:line 80&#xD;
   at Azure.Functions.Cli.Tests.E2E.Helpers.CliTester.InternalRun(String workingDir, RunConfiguration[] runConfigurations, ITestOutputHelper output, Boolean startHost) in d:\azureFun\azure-functions-core-tools\test\Azure.Functions.Cli.Tests\E2E\Helpers\CliTester.cs:line 85&#xD;
   at Azure.Functions.Cli.Tests.E2E.Helpers.CliTester.Run(RunConfiguration[] runConfigurations, ITestOutputHelper output, String workingDir, Boolean startHost) in d:\azureFun\azure-functions-core-tools\test\Azure.Functions.Cli.Tests\E2E\Helpers\CliTester.cs:line 35&#xD;
   at Azure.Functions.Cli.Tests.E2E.StartTests.start_displays_error_on_invalid_function_json() in d:\azureFun\azure-functions-core-tools\test\Azure.Functions.Cli.Tests\E2E\StartTests.cs:line 110&#xD;
--- End of stack trace from previous location where exception was thrown ---</StackTrace>
        </ErrorInfo>
      </Output>
    </UnitTestResult>
    <UnitTestResult executionId="80a249ee-ec79-4899-8faf-9c2bce5aba6b" testId="18db6ac8-b05a-7c84-1df6-71b9004d931d" testName="Azure.Functions.Cli.Tests.E2E.StartTests.only_run_some_functions" computerName="NASONI-Z422" duration="00:00:00.0040000" startTime="2019-11-20T16:36:56.0149037-08:00" endTime="2019-11-20T16:36:56.0149083-08:00" testType="13cdc9d9-ddb5-4fa4-a97d-d965ccfc6d4b" outcome="Failed" testListId="8c84fa94-04c1-424b-9868-57a2d4851a1d" relativeResultsDirectory="80a249ee-ec79-4899-8faf-9c2bce5aba6b">
      <Output>
        <StdOut>stdout: Running: &gt;  init . --worker-runtime javascript</StdOut>
        <ErrorInfo>
          <Message>System.InvalidOperationException : Cannot start process because a file name has not been provided.</Message>
          <StackTrace>   at System.Diagnostics.Process.Start()&#xD;
   at Azure.Functions.Cli.Common.Executable.RunAsync(Action`1 outputCallback, Action`1 errorCallback, Nullable`1 timeout, String stdIn) in D:\azureFun\azure-functions-core-tools\src\Azure.Functions.Cli\Common\Executable.cs:line 80&#xD;
   at Azure.Functions.Cli.Tests.E2E.Helpers.CliTester.InternalRun(String workingDir, RunConfiguration[] runConfigurations, ITestOutputHelper output, Boolean startHost) in d:\azureFun\azure-functions-core-tools\test\Azure.Functions.Cli.Tests\E2E\Helpers\CliTester.cs:line 85&#xD;
   at Azure.Functions.Cli.Tests.E2E.Helpers.CliTester.Run(RunConfiguration[] runConfigurations, ITestOutputHelper output, String workingDir, Boolean startHost) in d:\azureFun\azure-functions-core-tools\test\Azure.Functions.Cli.Tests\E2E\Helpers\CliTester.cs:line 35&#xD;
   at Azure.Functions.Cli.Tests.E2E.StartTests.only_run_some_functions() in d:\azureFun\azure-functions-core-tools\test\Azure.Functions.Cli.Tests\E2E\StartTests.cs:line 261&#xD;
--- End of stack trace from previous location where exception was thrown ---</StackTrace>
        </ErrorInfo>
      </Output>
    </UnitTestResult>
    <UnitTestResult executionId="fdefefd4-9aaa-45f4-9841-11a70ae90096" testId="78561c78-b11f-249e-8d46-afb9f8373f86" testName="Azure.Functions.Cli.Tests.ActionsTests.ResolveActionTests.ResolveCommandLineCorrectly(args: &quot;azure functionapp list&quot;, returnType: typeof(Azure.Functions.Cli.Actions.AzureActions.DeprecatedAzureActions))" computerName="NASONI-Z422" duration="00:00:00.0010000" startTime="2019-11-20T16:36:52.1604747-08:00" endTime="2019-11-20T16:36:52.1604766-08:00" testType="13cdc9d9-ddb5-4fa4-a97d-d965ccfc6d4b" outcome="Passed" testListId="8c84fa94-04c1-424b-9868-57a2d4851a1d" relativeResultsDirectory="fdefefd4-9aaa-45f4-9841-11a70ae90096" />
    <UnitTestResult executionId="af1474fc-2d1a-425d-92e5-67f564d619c9" testId="11005bc6-8362-3874-994e-dcc2ca997623" testName="Azure.Functions.Cli.Tests.ActionsTests.ResolveActionTests.ResolveCommandLineCorrectly(args: &quot;durable delete-task-hub --connection-string-settin&quot;..., returnType: typeof(Azure.Functions.Cli.Actions.DurableActions.DurableDeleteTaskHub))" computerName="NASONI-Z422" duration="00:00:00.0020000" startTime="2019-11-20T16:36:52.2345002-08:00" endTime="2019-11-20T16:36:52.2345023-08:00" testType="13cdc9d9-ddb5-4fa4-a97d-d965ccfc6d4b" outcome="Passed" testListId="8c84fa94-04c1-424b-9868-57a2d4851a1d" relativeResultsDirectory="af1474fc-2d1a-425d-92e5-67f564d619c9" />
    <UnitTestResult executionId="5ae2aefe-24f7-4a95-bc3e-5f720b194ca5" testId="103f4af3-731f-b6ce-0bad-823c79c062f3" testName="Azure.Functions.Cli.Tests.E2E.InitTests.init_with_worker_runtime(workerRuntime: &quot;python&quot;)" computerName="NASONI-Z422" duration="00:00:00.0030000" startTime="2019-11-20T16:36:55.7683882-08:00" endTime="2019-11-20T16:36:55.7683950-08:00" testType="13cdc9d9-ddb5-4fa4-a97d-d965ccfc6d4b" outcome="Failed" testListId="8c84fa94-04c1-424b-9868-57a2d4851a1d" relativeResultsDirectory="5ae2aefe-24f7-4a95-bc3e-5f720b194ca5">
      <Output>
        <StdOut>stdout: Running: &gt;  init . --worker-runtime python</StdOut>
        <ErrorInfo>
          <Message>System.InvalidOperationException : Cannot start process because a file name has not been provided.</Message>
          <StackTrace>   at System.Diagnostics.Process.Start()&#xD;
   at Azure.Functions.Cli.Common.Executable.RunAsync(Action`1 outputCallback, Action`1 errorCallback, Nullable`1 timeout, String stdIn) in D:\azureFun\azure-functions-core-tools\src\Azure.Functions.Cli\Common\Executable.cs:line 80&#xD;
   at Azure.Functions.Cli.Tests.E2E.Helpers.CliTester.InternalRun(String workingDir, RunConfiguration[] runConfigurations, ITestOutputHelper output, Boolean startHost) in d:\azureFun\azure-functions-core-tools\test\Azure.Functions.Cli.Tests\E2E\Helpers\CliTester.cs:line 85&#xD;
   at Azure.Functions.Cli.Tests.E2E.Helpers.CliTester.Run(RunConfiguration[] runConfigurations, ITestOutputHelper output, String workingDir, Boolean startHost) in d:\azureFun\azure-functions-core-tools\test\Azure.Functions.Cli.Tests\E2E\Helpers\CliTester.cs:line 35&#xD;
--- End of stack trace from previous location where exception was thrown ---</StackTrace>
        </ErrorInfo>
      </Output>
    </UnitTestResult>
    <UnitTestResult executionId="3d0dfd9b-1c01-4318-9e8a-3167259c4c04" testId="f226e1a5-9790-1605-0a15-a7d728800caf" testName="Azure.Functions.Cli.Tests.ExtensionsTests.StringExtensionsTests.TestSanitizeImageNameWithBadFormatThrowImageNameFormatException" computerName="NASONI-Z422" duration="00:00:00.0010000" startTime="2019-11-20T16:36:55.8740543-08:00" endTime="2019-11-20T16:36:55.8740565-08:00" testType="13cdc9d9-ddb5-4fa4-a97d-d965ccfc6d4b" outcome="Passed" testListId="8c84fa94-04c1-424b-9868-57a2d4851a1d" relativeResultsDirectory="3d0dfd9b-1c01-4318-9e8a-3167259c4c04" />
    <UnitTestResult executionId="ecbfc2f3-f5f6-4ffc-ac3f-f03ebb360184" testId="c1732864-2ff6-7242-778b-b3833fe8c752" testName="Azure.Functions.Cli.Tests.UriExtensionsTests.IsJsonTest(value: null, expected: False)" computerName="NASONI-Z422" duration="00:00:00.0010000" startTime="2019-11-20T16:36:53.2578680-08:00" endTime="2019-11-20T16:36:53.2578687-08:00" testType="13cdc9d9-ddb5-4fa4-a97d-d965ccfc6d4b" outcome="Passed" testListId="8c84fa94-04c1-424b-9868-57a2d4851a1d" relativeResultsDirectory="ecbfc2f3-f5f6-4ffc-ac3f-f03ebb360184" />
    <UnitTestResult executionId="d9467052-f5bf-4909-8490-f48a886ccf74" testId="dd51398c-a8df-9086-6a0a-0434a110c00b" testName="Azure.Functions.Cli.Tests.E2E.InitTests.init_docker_only_no_project" computerName="NASONI-Z422" duration="00:00:00.0020000" startTime="2019-11-20T16:36:55.7991101-08:00" endTime="2019-11-20T16:36:55.7991130-08:00" testType="13cdc9d9-ddb5-4fa4-a97d-d965ccfc6d4b" outcome="Failed" testListId="8c84fa94-04c1-424b-9868-57a2d4851a1d" relativeResultsDirectory="d9467052-f5bf-4909-8490-f48a886ccf74">
      <Output>
        <StdOut>stdout: Running: &gt;  init . --docker-only</StdOut>
        <ErrorInfo>
          <Message>System.InvalidOperationException : Cannot start process because a file name has not been provided.</Message>
          <StackTrace>   at System.Diagnostics.Process.Start()&#xD;
   at Azure.Functions.Cli.Common.Executable.RunAsync(Action`1 outputCallback, Action`1 errorCallback, Nullable`1 timeout, String stdIn) in D:\azureFun\azure-functions-core-tools\src\Azure.Functions.Cli\Common\Executable.cs:line 80&#xD;
   at Azure.Functions.Cli.Tests.E2E.Helpers.CliTester.InternalRun(String workingDir, RunConfiguration[] runConfigurations, ITestOutputHelper output, Boolean startHost) in d:\azureFun\azure-functions-core-tools\test\Azure.Functions.Cli.Tests\E2E\Helpers\CliTester.cs:line 85&#xD;
   at Azure.Functions.Cli.Tests.E2E.Helpers.CliTester.Run(RunConfiguration[] runConfigurations, ITestOutputHelper output, String workingDir, Boolean startHost) in d:\azureFun\azure-functions-core-tools\test\Azure.Functions.Cli.Tests\E2E\Helpers\CliTester.cs:line 35&#xD;
--- End of stack trace from previous location where exception was thrown ---</StackTrace>
        </ErrorInfo>
      </Output>
    </UnitTestResult>
    <UnitTestResult executionId="99e0510e-90f9-47b5-abcc-ea1849def9db" testId="9e1afe7a-5aee-2dfc-e827-ba25e10b653f" testName="Azure.Functions.Cli.Tests.ActionsTests.ResolveActionTests.ResolveCommandLineCorrectly(args: &quot;azure functionapp fetch appName&quot;, returnType: typeof(Azure.Functions.Cli.Actions.AzureActions.FetchAppSettingsAction))" computerName="NASONI-Z422" duration="00:00:00.0010000" startTime="2019-11-20T16:36:52.2355755-08:00" endTime="2019-11-20T16:36:52.2355775-08:00" testType="13cdc9d9-ddb5-4fa4-a97d-d965ccfc6d4b" outcome="Passed" testListId="8c84fa94-04c1-424b-9868-57a2d4851a1d" relativeResultsDirectory="99e0510e-90f9-47b5-abcc-ea1849def9db" />
    <UnitTestResult executionId="9dfb1aae-1b3a-42fb-a49b-72046a93d08a" testId="88a6babb-85d8-14cf-b78a-b66f1d645cd7" testName="Azure.Functions.Cli.Tests.UriExtensionsTests.IsJsonTest(value: &quot;&quot;, expected: False)" computerName="NASONI-Z422" duration="00:00:00.0030000" startTime="2019-11-20T16:36:53.2578238-08:00" endTime="2019-11-20T16:36:53.2578268-08:00" testType="13cdc9d9-ddb5-4fa4-a97d-d965ccfc6d4b" outcome="Passed" testListId="8c84fa94-04c1-424b-9868-57a2d4851a1d" relativeResultsDirectory="9dfb1aae-1b3a-42fb-a49b-72046a93d08a" />
    <UnitTestResult executionId="7f2d386b-cb84-435d-bf40-b8c5534e06fd" testId="e85947ae-606d-a182-c346-4b538925928d" testName="Azure.Functions.Cli.Tests.ExtensionsTests.GenericExtensionsTests.MergeWithTest" computerName="NASONI-Z422" duration="00:00:00.0160000" startTime="2019-11-20T16:36:52.3236287-08:00" endTime="2019-11-20T16:36:52.3236382-08:00" testType="13cdc9d9-ddb5-4fa4-a97d-d965ccfc6d4b" outcome="Passed" testListId="8c84fa94-04c1-424b-9868-57a2d4851a1d" relativeResultsDirectory="7f2d386b-cb84-435d-bf40-b8c5534e06fd" />
    <UnitTestResult executionId="6f944a0c-afaf-492a-a28e-cff9084f0d81" testId="b4ee8f5c-889a-4fca-ff80-57fa460645d6" testName="Azure.Functions.Cli.Tests.ActionsTests.ResolveActionTests.ResolveCommandLineCorrectly(args: &quot;WrongName&quot;, returnType: typeof(Azure.Functions.Cli.Actions.HelpAction))" computerName="NASONI-Z422" duration="00:00:00.0010000" startTime="2019-11-20T16:36:52.1574349-08:00" endTime="2019-11-20T16:36:52.1574376-08:00" testType="13cdc9d9-ddb5-4fa4-a97d-d965ccfc6d4b" outcome="Passed" testListId="8c84fa94-04c1-424b-9868-57a2d4851a1d" relativeResultsDirectory="6f944a0c-afaf-492a-a28e-cff9084f0d81" />
    <UnitTestResult executionId="76f821d3-7ed5-4a64-bbf4-7989cf39b4b3" testId="6d4a1970-862c-fbe7-a930-eb330f5084b4" testName="Azure.Functions.Cli.Tests.ActionsTests.ResolveActionTests.ResolveCommandLineCorrectly(args: &quot;new&quot;, returnType: typeof(Azure.Functions.Cli.Actions.LocalActions.CreateFunctionAction))" computerName="NASONI-Z422" duration="00:00:00.0010000" startTime="2019-11-20T16:36:52.1044533-08:00" endTime="2019-11-20T16:36:52.1044566-08:00" testType="13cdc9d9-ddb5-4fa4-a97d-d965ccfc6d4b" outcome="Passed" testListId="8c84fa94-04c1-424b-9868-57a2d4851a1d" relativeResultsDirectory="76f821d3-7ed5-4a64-bbf4-7989cf39b4b3" />
    <UnitTestResult executionId="5b3e4578-53ac-4b56-9737-c72570b27254" testId="ffd1e9b5-9428-7728-bd40-88718d74b2e7" testName="Azure.Functions.Cli.Tests.ActionsTests.ResolveActionTests.ResolveCommandLineCorrectly(args: &quot;durable get-instances --created-before 11/10/2018 &quot;..., returnType: typeof(Azure.Functions.Cli.Actions.DurableActions.DurableGetInstances))" computerName="NASONI-Z422" duration="00:00:00.0030000" startTime="2019-11-20T16:36:52.2408677-08:00" endTime="2019-11-20T16:36:52.2408701-08:00" testType="13cdc9d9-ddb5-4fa4-a97d-d965ccfc6d4b" outcome="Passed" testListId="8c84fa94-04c1-424b-9868-57a2d4851a1d" relativeResultsDirectory="5b3e4578-53ac-4b56-9737-c72570b27254" />
    <UnitTestResult executionId="27a3eab6-e541-463a-90e6-4f236e2f003d" testId="84c13452-e24f-8ed6-016d-e7bf1d702b2a" testName="Azure.Functions.Cli.Tests.ActionsTests.ResolveActionTests.ResolveCommandLineCorrectly(args: &quot;&quot;, returnType: typeof(Azure.Functions.Cli.Actions.HelpAction))" computerName="NASONI-Z422" duration="00:00:00.0060000" startTime="2019-11-20T16:36:52.0208806-08:00" endTime="2019-11-20T16:36:52.0208857-08:00" testType="13cdc9d9-ddb5-4fa4-a97d-d965ccfc6d4b" outcome="Passed" testListId="8c84fa94-04c1-424b-9868-57a2d4851a1d" relativeResultsDirectory="27a3eab6-e541-463a-90e6-4f236e2f003d" />
    <UnitTestResult executionId="a4401a09-4156-495c-9c66-6ef2319aa007" testId="cf282906-9063-86ff-c930-5ea8afcf5d9b" testName="Azure.Functions.Cli.Tests.E2E.CreateFunctionTests.create_template_function_using_alias" computerName="NASONI-Z422" duration="00:00:00.0050000" startTime="2019-11-20T16:36:55.8994058-08:00" endTime="2019-11-20T16:36:55.8994094-08:00" testType="13cdc9d9-ddb5-4fa4-a97d-d965ccfc6d4b" outcome="Failed" testListId="8c84fa94-04c1-424b-9868-57a2d4851a1d" relativeResultsDirectory="a4401a09-4156-495c-9c66-6ef2319aa007">
      <Output>
        <StdOut>stdout: Running: &gt;  init . --worker-runtime node</StdOut>
        <ErrorInfo>
          <Message>System.InvalidOperationException : Cannot start process because a file name has not been provided.</Message>
          <StackTrace>   at System.Diagnostics.Process.Start()&#xD;
   at Azure.Functions.Cli.Common.Executable.RunAsync(Action`1 outputCallback, Action`1 errorCallback, Nullable`1 timeout, String stdIn) in D:\azureFun\azure-functions-core-tools\src\Azure.Functions.Cli\Common\Executable.cs:line 80&#xD;
   at Azure.Functions.Cli.Tests.E2E.Helpers.CliTester.InternalRun(String workingDir, RunConfiguration[] runConfigurations, ITestOutputHelper output, Boolean startHost) in d:\azureFun\azure-functions-core-tools\test\Azure.Functions.Cli.Tests\E2E\Helpers\CliTester.cs:line 85&#xD;
   at Azure.Functions.Cli.Tests.E2E.Helpers.CliTester.Run(RunConfiguration[] runConfigurations, ITestOutputHelper output, String workingDir, Boolean startHost) in d:\azureFun\azure-functions-core-tools\test\Azure.Functions.Cli.Tests\E2E\Helpers\CliTester.cs:line 35&#xD;
   at Azure.Functions.Cli.Tests.E2E.CreateFunctionTests.create_template_function_using_alias() in d:\azureFun\azure-functions-core-tools\test\Azure.Functions.Cli.Tests\E2E\CreateFunctionTests.cs:line 60&#xD;
--- End of stack trace from previous location where exception was thrown ---</StackTrace>
        </ErrorInfo>
      </Output>
    </UnitTestResult>
    <UnitTestResult executionId="3aff9639-acb8-4efa-8cb5-c8c0cf11e439" testId="d18982bf-a76e-798d-ff69-36bc2428297a" testName="Azure.Functions.Cli.Tests.ActionsTests.ResolveActionTests.ResolveCommandLineCorrectly(args: &quot;azure get-publish-username&quot;, returnType: typeof(Azure.Functions.Cli.Actions.AzureActions.DeprecatedAzureActions))" computerName="NASONI-Z422" duration="00:00:00.0010000" startTime="2019-11-20T16:36:52.1543896-08:00" endTime="2019-11-20T16:36:52.1543922-08:00" testType="13cdc9d9-ddb5-4fa4-a97d-d965ccfc6d4b" outcome="Passed" testListId="8c84fa94-04c1-424b-9868-57a2d4851a1d" relativeResultsDirectory="3aff9639-acb8-4efa-8cb5-c8c0cf11e439" />
    <UnitTestResult executionId="860f3ee9-ad9b-4ce5-b236-a2563eccd058" testId="0a5938eb-862d-0722-e438-585ebbece6a0" testName="Azure.Functions.Cli.Tests.E2E.StartTests.start_nodejs_with_inspect" computerName="NASONI-Z422" duration="00:00:00.0030000" startTime="2019-11-20T16:36:56.0014186-08:00" endTime="2019-11-20T16:36:56.0014227-08:00" testType="13cdc9d9-ddb5-4fa4-a97d-d965ccfc6d4b" outcome="Failed" testListId="8c84fa94-04c1-424b-9868-57a2d4851a1d" relativeResultsDirectory="860f3ee9-ad9b-4ce5-b236-a2563eccd058">
      <Output>
        <StdOut>stdout: Running: &gt;  init . --worker-runtime node</StdOut>
        <ErrorInfo>
          <Message>System.InvalidOperationException : Cannot start process because a file name has not been provided.</Message>
          <StackTrace>   at System.Diagnostics.Process.Start()&#xD;
   at Azure.Functions.Cli.Common.Executable.RunAsync(Action`1 outputCallback, Action`1 errorCallback, Nullable`1 timeout, String stdIn) in D:\azureFun\azure-functions-core-tools\src\Azure.Functions.Cli\Common\Executable.cs:line 80&#xD;
   at Azure.Functions.Cli.Tests.E2E.Helpers.CliTester.InternalRun(String workingDir, RunConfiguration[] runConfigurations, ITestOutputHelper output, Boolean startHost) in d:\azureFun\azure-functions-core-tools\test\Azure.Functions.Cli.Tests\E2E\Helpers\CliTester.cs:line 85&#xD;
   at Azure.Functions.Cli.Tests.E2E.Helpers.CliTester.Run(RunConfiguration[] runConfigurations, ITestOutputHelper output, String workingDir, Boolean startHost) in d:\azureFun\azure-functions-core-tools\test\Azure.Functions.Cli.Tests\E2E\Helpers\CliTester.cs:line 35&#xD;
   at Azure.Functions.Cli.Tests.E2E.StartTests.start_nodejs_with_inspect() in d:\azureFun\azure-functions-core-tools\test\Azure.Functions.Cli.Tests\E2E\StartTests.cs:line 56&#xD;
--- End of stack trace from previous location where exception was thrown ---</StackTrace>
        </ErrorInfo>
      </Output>
    </UnitTestResult>
    <UnitTestResult executionId="081fce56-8c6b-443a-9b88-a30a84a68019" testId="7dff628d-a279-6c19-743e-80391e45505d" testName="Azure.Functions.Cli.Tests.CommandCheckerFacts.CommandCheckerShouldWork" computerName="NASONI-Z422" duration="00:00:00.3180000" startTime="2019-11-20T16:36:52.6417792-08:00" endTime="2019-11-20T16:36:52.6417860-08:00" testType="13cdc9d9-ddb5-4fa4-a97d-d965ccfc6d4b" outcome="Passed" testListId="8c84fa94-04c1-424b-9868-57a2d4851a1d" relativeResultsDirectory="081fce56-8c6b-443a-9b88-a30a84a68019" />
    <UnitTestResult executionId="8d04311a-253b-4cc6-b8b7-17b676c4489a" testId="c330df6a-d603-100e-6d71-845ec75bd671" testName="Azure.Functions.Cli.Tests.GitIgnoreParserTests.DeniesShouldDenyTheGivenDirectory" computerName="NASONI-Z422" duration="00:00:00.0010000" startTime="2019-11-20T16:36:53.2338654-08:00" endTime="2019-11-20T16:36:53.2338683-08:00" testType="13cdc9d9-ddb5-4fa4-a97d-d965ccfc6d4b" outcome="Passed" testListId="8c84fa94-04c1-424b-9868-57a2d4851a1d" relativeResultsDirectory="8d04311a-253b-4cc6-b8b7-17b676c4489a" />
    <UnitTestResult executionId="4fd2896d-5c8a-4fbc-8cca-c47d61d3585d" testId="57745701-23f5-b69f-363e-4166d7dd4e91" testName="Azure.Functions.Cli.Tests.UriExtensionsTests.IsJsonTest(value: &quot;{\&quot;test\&quot;: \&quot;file\&quot;}&quot;, expected: True)" computerName="NASONI-Z422" duration="00:00:00.0010000" startTime="2019-11-20T16:36:53.2622995-08:00" endTime="2019-11-20T16:36:53.2623020-08:00" testType="13cdc9d9-ddb5-4fa4-a97d-d965ccfc6d4b" outcome="Passed" testListId="8c84fa94-04c1-424b-9868-57a2d4851a1d" relativeResultsDirectory="4fd2896d-5c8a-4fbc-8cca-c47d61d3585d" />
    <UnitTestResult executionId="d2c2794c-d2ba-4cd8-b155-781c87b08758" testId="fb5bbe6a-a717-ca10-710b-5ca2aaa6add9" testName="Azure.Functions.Cli.Tests.E2E.ListFunctionsTests.ListFunctionsWorks" computerName="NASONI-Z422" duration="00:00:00.0010000" startTime="2019-11-20T16:36:52.3100994-08:00" endTime="2019-11-20T16:36:52.3101057-08:00" testType="13cdc9d9-ddb5-4fa4-a97d-d965ccfc6d4b" outcome="NotExecuted" testListId="8c84fa94-04c1-424b-9868-57a2d4851a1d" relativeResultsDirectory="d2c2794c-d2ba-4cd8-b155-781c87b08758">
      <Output>
        <StdOut>One or more of AZURE_DIRECTORY_ID, AZURE_SERVICE_PRINCIPAL_ID, AZURE_SERVICE_PRINCIPAL_KEY is not defined</StdOut>
      </Output>
    </UnitTestResult>
    <UnitTestResult executionId="4ddc09bc-613a-4878-ad5b-21ca8f6f1314" testId="f45bfa4a-0d9f-47fe-e10c-d3e4e94868ea" testName="Azure.Functions.Cli.Tests.E2E.DurableTests.DurableRewindTest" computerName="NASONI-Z422" duration="00:00:00.0010000" startTime="2019-11-20T16:36:53.2509330-08:00" endTime="2019-11-20T16:36:53.2509351-08:00" testType="13cdc9d9-ddb5-4fa4-a97d-d965ccfc6d4b" outcome="NotExecuted" testListId="8c84fa94-04c1-424b-9868-57a2d4851a1d" relativeResultsDirectory="4ddc09bc-613a-4878-ad5b-21ca8f6f1314">
      <Output>
        <StdOut>Durable E2E tests need a storage account connection</StdOut>
      </Output>
    </UnitTestResult>
    <UnitTestResult executionId="63962dd0-71e4-4eda-bbce-4fa93202eae4" testId="56f9fc01-6787-8410-f691-28be07190400" testName="Azure.Functions.Cli.Tests.E2E.InitTests.init_docker_only_for_csx_project" computerName="NASONI-Z422" duration="00:00:00.0030000" startTime="2019-11-20T16:36:55.7826681-08:00" endTime="2019-11-20T16:36:55.7826727-08:00" testType="13cdc9d9-ddb5-4fa4-a97d-d965ccfc6d4b" outcome="Failed" testListId="8c84fa94-04c1-424b-9868-57a2d4851a1d" relativeResultsDirectory="63962dd0-71e4-4eda-bbce-4fa93202eae4">
      <Output>
        <StdOut>stdout: Running: &gt;  init . --worker-runtime dotnet --csx</StdOut>
        <ErrorInfo>
          <Message>System.InvalidOperationException : Cannot start process because a file name has not been provided.</Message>
          <StackTrace>   at System.Diagnostics.Process.Start()&#xD;
   at Azure.Functions.Cli.Common.Executable.RunAsync(Action`1 outputCallback, Action`1 errorCallback, Nullable`1 timeout, String stdIn) in D:\azureFun\azure-functions-core-tools\src\Azure.Functions.Cli\Common\Executable.cs:line 80&#xD;
   at Azure.Functions.Cli.Tests.E2E.Helpers.CliTester.InternalRun(String workingDir, RunConfiguration[] runConfigurations, ITestOutputHelper output, Boolean startHost) in d:\azureFun\azure-functions-core-tools\test\Azure.Functions.Cli.Tests\E2E\Helpers\CliTester.cs:line 85&#xD;
   at Azure.Functions.Cli.Tests.E2E.Helpers.CliTester.Run(RunConfiguration[] runConfigurations, ITestOutputHelper output, String workingDir, Boolean startHost) in d:\azureFun\azure-functions-core-tools\test\Azure.Functions.Cli.Tests\E2E\Helpers\CliTester.cs:line 35&#xD;
--- End of stack trace from previous location where exception was thrown ---</StackTrace>
        </ErrorInfo>
      </Output>
    </UnitTestResult>
    <UnitTestResult executionId="2c26ddda-c7de-4000-9c35-582023a1b3f1" testId="9f1f89d8-fb6f-2826-e480-ce8a90986031" testName="Azure.Functions.Cli.Tests.KubernetesHelperUnitTests.ValidateKubernetesNames(name: &quot;name@something&quot;, isValid: False)" computerName="NASONI-Z422" duration="00:00:00.0010000" startTime="2019-11-20T16:36:52.8951017-08:00" endTime="2019-11-20T16:36:52.8951035-08:00" testType="13cdc9d9-ddb5-4fa4-a97d-d965ccfc6d4b" outcome="Passed" testListId="8c84fa94-04c1-424b-9868-57a2d4851a1d" relativeResultsDirectory="2c26ddda-c7de-4000-9c35-582023a1b3f1" />
    <UnitTestResult executionId="c841eb63-f0ee-4619-8b9d-60dbe93071ac" testId="d3c0f02e-9c06-fd1c-a6d3-3429efece333" testName="Azure.Functions.Cli.Tests.E2E.InitTests.javascript_adds_packagejson" computerName="NASONI-Z422" duration="00:00:00.0030000" startTime="2019-11-20T16:36:55.7793985-08:00" endTime="2019-11-20T16:36:55.7794041-08:00" testType="13cdc9d9-ddb5-4fa4-a97d-d965ccfc6d4b" outcome="Failed" testListId="8c84fa94-04c1-424b-9868-57a2d4851a1d" relativeResultsDirectory="c841eb63-f0ee-4619-8b9d-60dbe93071ac">
      <Output>
        <StdOut>stdout: Running: &gt;  init . --worker-runtime node</StdOut>
        <ErrorInfo>
          <Message>System.InvalidOperationException : Cannot start process because a file name has not been provided.</Message>
          <StackTrace>   at System.Diagnostics.Process.Start()&#xD;
   at Azure.Functions.Cli.Common.Executable.RunAsync(Action`1 outputCallback, Action`1 errorCallback, Nullable`1 timeout, String stdIn) in D:\azureFun\azure-functions-core-tools\src\Azure.Functions.Cli\Common\Executable.cs:line 80&#xD;
   at Azure.Functions.Cli.Tests.E2E.Helpers.CliTester.InternalRun(String workingDir, RunConfiguration[] runConfigurations, ITestOutputHelper output, Boolean startHost) in d:\azureFun\azure-functions-core-tools\test\Azure.Functions.Cli.Tests\E2E\Helpers\CliTester.cs:line 85&#xD;
   at Azure.Functions.Cli.Tests.E2E.Helpers.CliTester.Run(RunConfiguration[] runConfigurations, ITestOutputHelper output, String workingDir, Boolean startHost) in d:\azureFun\azure-functions-core-tools\test\Azure.Functions.Cli.Tests\E2E\Helpers\CliTester.cs:line 35&#xD;
--- End of stack trace from previous location where exception was thrown ---</StackTrace>
        </ErrorInfo>
      </Output>
    </UnitTestResult>
    <UnitTestResult executionId="69343d3b-b01f-42ce-88a7-996407e53595" testId="1c660e16-d25a-0ae9-607c-b0969bf571c1" testName="Azure.Functions.Cli.Tests.E2E.DurableTests.DurableGetHistoryTest" computerName="NASONI-Z422" duration="00:00:00.0010000" startTime="2019-11-20T16:36:53.2529608-08:00" endTime="2019-11-20T16:36:53.2529629-08:00" testType="13cdc9d9-ddb5-4fa4-a97d-d965ccfc6d4b" outcome="NotExecuted" testListId="8c84fa94-04c1-424b-9868-57a2d4851a1d" relativeResultsDirectory="69343d3b-b01f-42ce-88a7-996407e53595">
      <Output>
        <StdOut>Durable E2E tests need a storage account connection</StdOut>
      </Output>
    </UnitTestResult>
    <UnitTestResult executionId="fb99a79a-d0a9-4267-8c71-775c94b52273" testId="486a936c-2d1d-2721-084d-7eba1fa2b833" testName="Azure.Functions.Cli.Tests.GitIgnoreParserTests.AcceptShouldNotAcceptTheGivenDirectory" computerName="NASONI-Z422" duration="00:00:00.0010000" startTime="2019-11-20T16:36:53.2344245-08:00" endTime="2019-11-20T16:36:53.2344270-08:00" testType="13cdc9d9-ddb5-4fa4-a97d-d965ccfc6d4b" outcome="Passed" testListId="8c84fa94-04c1-424b-9868-57a2d4851a1d" relativeResultsDirectory="fb99a79a-d0a9-4267-8c71-775c94b52273" />
    <UnitTestResult executionId="d92e114f-43a3-41d9-ac36-89cd894c5a65" testId="574b6f6d-989c-3073-4252-0f2938f02b70" testName="Azure.Functions.Cli.Tests.ActionsTests.ResolveActionTests.ResolveCommandLineCorrectly(args: &quot;azure set-publish-password userName&quot;, returnType: typeof(Azure.Functions.Cli.Actions.AzureActions.DeprecatedAzureActions))" computerName="NASONI-Z422" duration="00:00:00.0010000" startTime="2019-11-20T16:36:52.1495444-08:00" endTime="2019-11-20T16:36:52.1495467-08:00" testType="13cdc9d9-ddb5-4fa4-a97d-d965ccfc6d4b" outcome="Passed" testListId="8c84fa94-04c1-424b-9868-57a2d4851a1d" relativeResultsDirectory="d92e114f-43a3-41d9-ac36-89cd894c5a65" />
    <UnitTestResult executionId="29d9645a-4277-492f-8ce4-2457e365df39" testId="b35b8e5a-1843-c42b-1874-f4424f2bb10b" testName="Azure.Functions.Cli.Tests.ActionsTests.ResolveActionTests.ResolveCommandLineCorrectly(args: &quot;function new&quot;, returnType: typeof(Azure.Functions.Cli.Actions.LocalActions.CreateFunctionAction))" computerName="NASONI-Z422" duration="00:00:00.0010000" startTime="2019-11-20T16:36:52.2306901-08:00" endTime="2019-11-20T16:36:52.2306918-08:00" testType="13cdc9d9-ddb5-4fa4-a97d-d965ccfc6d4b" outcome="Passed" testListId="8c84fa94-04c1-424b-9868-57a2d4851a1d" relativeResultsDirectory="29d9645a-4277-492f-8ce4-2457e365df39" />
    <UnitTestResult executionId="90b02035-cd07-40b5-8af9-6fea544401d2" testId="960dacc8-28ff-c3ef-de0d-8f335862fba1" testName="Azure.Functions.Cli.Tests.E2E.CreateFunctionTests.create_template_function_js_no_space_name" computerName="NASONI-Z422" duration="00:00:00.0030000" startTime="2019-11-20T16:36:55.9029240-08:00" endTime="2019-11-20T16:36:55.9029270-08:00" testType="13cdc9d9-ddb5-4fa4-a97d-d965ccfc6d4b" outcome="Failed" testListId="8c84fa94-04c1-424b-9868-57a2d4851a1d" relativeResultsDirectory="90b02035-cd07-40b5-8af9-6fea544401d2">
      <Output>
        <StdOut>stdout: Running: &gt;  init . --worker-runtime node</StdOut>
        <ErrorInfo>
          <Message>System.InvalidOperationException : Cannot start process because a file name has not been provided.</Message>
          <StackTrace>   at System.Diagnostics.Process.Start()&#xD;
   at Azure.Functions.Cli.Common.Executable.RunAsync(Action`1 outputCallback, Action`1 errorCallback, Nullable`1 timeout, String stdIn) in D:\azureFun\azure-functions-core-tools\src\Azure.Functions.Cli\Common\Executable.cs:line 80&#xD;
   at Azure.Functions.Cli.Tests.E2E.Helpers.CliTester.InternalRun(String workingDir, RunConfiguration[] runConfigurations, ITestOutputHelper output, Boolean startHost) in d:\azureFun\azure-functions-core-tools\test\Azure.Functions.Cli.Tests\E2E\Helpers\CliTester.cs:line 85&#xD;
   at Azure.Functions.Cli.Tests.E2E.Helpers.CliTester.Run(RunConfiguration[] runConfigurations, ITestOutputHelper output, String workingDir, Boolean startHost) in d:\azureFun\azure-functions-core-tools\test\Azure.Functions.Cli.Tests\E2E\Helpers\CliTester.cs:line 35&#xD;
   at Azure.Functions.Cli.Tests.E2E.CreateFunctionTests.create_template_function_js_no_space_name() in d:\azureFun\azure-functions-core-tools\test\Azure.Functions.Cli.Tests\E2E\CreateFunctionTests.cs:line 77&#xD;
--- End of stack trace from previous location where exception was thrown ---</StackTrace>
        </ErrorInfo>
      </Output>
    </UnitTestResult>
    <UnitTestResult executionId="5abc6523-ca73-4a0b-aff6-ccf760b9dfaf" testId="dae95602-c54d-e58f-4f04-32815860a055" testName="Azure.Functions.Cli.Tests.E2E.InitTests.init_with_Dockerfile(workerRuntime: &quot;node&quot;)" computerName="NASONI-Z422" duration="00:00:00.0030000" startTime="2019-11-20T16:36:55.7447420-08:00" endTime="2019-11-20T16:36:55.7447460-08:00" testType="13cdc9d9-ddb5-4fa4-a97d-d965ccfc6d4b" outcome="Failed" testListId="8c84fa94-04c1-424b-9868-57a2d4851a1d" relativeResultsDirectory="5abc6523-ca73-4a0b-aff6-ccf760b9dfaf">
      <Output>
        <StdOut>stdout: Running: &gt;  init . --worker-runtime node --docker</StdOut>
        <ErrorInfo>
          <Message>System.InvalidOperationException : Cannot start process because a file name has not been provided.</Message>
          <StackTrace>   at System.Diagnostics.Process.Start()&#xD;
   at Azure.Functions.Cli.Common.Executable.RunAsync(Action`1 outputCallback, Action`1 errorCallback, Nullable`1 timeout, String stdIn) in D:\azureFun\azure-functions-core-tools\src\Azure.Functions.Cli\Common\Executable.cs:line 80&#xD;
   at Azure.Functions.Cli.Tests.E2E.Helpers.CliTester.InternalRun(String workingDir, RunConfiguration[] runConfigurations, ITestOutputHelper output, Boolean startHost) in d:\azureFun\azure-functions-core-tools\test\Azure.Functions.Cli.Tests\E2E\Helpers\CliTester.cs:line 85&#xD;
   at Azure.Functions.Cli.Tests.E2E.Helpers.CliTester.Run(RunConfiguration[] runConfigurations, ITestOutputHelper output, String workingDir, Boolean startHost) in d:\azureFun\azure-functions-core-tools\test\Azure.Functions.Cli.Tests\E2E\Helpers\CliTester.cs:line 35&#xD;
--- End of stack trace from previous location where exception was thrown ---</StackTrace>
        </ErrorInfo>
      </Output>
    </UnitTestResult>
    <UnitTestResult executionId="b8474ea1-8ca6-4aad-8d93-1308bf07b3c5" testId="54335ae6-240d-50a8-0ad6-445a6942b2d8" testName="Azure.Functions.Cli.Tests.ActionsTests.ResolveActionTests.ResolveCommandLineCorrectly(args: &quot;azure subscriptions list&quot;, returnType: typeof(Azure.Functions.Cli.Actions.AzureActions.DeprecatedAzureActions))" computerName="NASONI-Z422" duration="00:00:00.3840000" startTime="2019-11-20T16:36:52.0119108-08:00" endTime="2019-11-20T16:36:52.0119216-08:00" testType="13cdc9d9-ddb5-4fa4-a97d-d965ccfc6d4b" outcome="Passed" testListId="8c84fa94-04c1-424b-9868-57a2d4851a1d" relativeResultsDirectory="b8474ea1-8ca6-4aad-8d93-1308bf07b3c5" />
    <UnitTestResult executionId="35a9464e-3c14-43fe-883a-3d01ad37ce98" testId="d8743312-47fe-fcb5-f5e2-dc5712ca3557" testName="Azure.Functions.Cli.Tests.ExtensionsTests.StringExtensionsTests.TestSanitizeImageNameWithBadInputValueThrowArgumentException(input: &quot; &quot;)" computerName="NASONI-Z422" duration="00:00:00.0010000" startTime="2019-11-20T16:36:55.8732484-08:00" endTime="2019-11-20T16:36:55.8732508-08:00" testType="13cdc9d9-ddb5-4fa4-a97d-d965ccfc6d4b" outcome="Passed" testListId="8c84fa94-04c1-424b-9868-57a2d4851a1d" relativeResultsDirectory="35a9464e-3c14-43fe-883a-3d01ad37ce98" />
    <UnitTestResult executionId="cbdca808-7cd5-4622-bcb1-d7e81c04dacd" testId="920a0c58-40e6-d818-fa18-2af92dcacaab" testName="Azure.Functions.Cli.Tests.ActionsTests.ResolveActionTests.ResolveCommandLineCorrectly(args: &quot;help&quot;, returnType: typeof(Azure.Functions.Cli.Actions.HelpAction))" computerName="NASONI-Z422" duration="00:00:00.0010000" startTime="2019-11-20T16:36:52.2374580-08:00" endTime="2019-11-20T16:36:52.2374596-08:00" testType="13cdc9d9-ddb5-4fa4-a97d-d965ccfc6d4b" outcome="Passed" testListId="8c84fa94-04c1-424b-9868-57a2d4851a1d" relativeResultsDirectory="cbdca808-7cd5-4622-bcb1-d7e81c04dacd" />
    <UnitTestResult executionId="0b079e24-3f9b-4bc6-8dcb-5bc01c6f6fb7" testId="a33e1e9b-21a9-4ffd-da79-f2532b99fd5f" testName="Azure.Functions.Cli.Tests.E2E.InitTests.init_docker_only_for_existing_project(workerRuntime: &quot;powershell&quot;)" computerName="NASONI-Z422" duration="00:00:00.0020000" startTime="2019-11-20T16:36:55.7880796-08:00" endTime="2019-11-20T16:36:55.7880823-08:00" testType="13cdc9d9-ddb5-4fa4-a97d-d965ccfc6d4b" outcome="Failed" testListId="8c84fa94-04c1-424b-9868-57a2d4851a1d" relativeResultsDirectory="0b079e24-3f9b-4bc6-8dcb-5bc01c6f6fb7">
      <Output>
        <StdOut>stdout: Running: &gt;  init . --worker-runtime powershell</StdOut>
        <ErrorInfo>
          <Message>System.InvalidOperationException : Cannot start process because a file name has not been provided.</Message>
          <StackTrace>   at System.Diagnostics.Process.Start()&#xD;
   at Azure.Functions.Cli.Common.Executable.RunAsync(Action`1 outputCallback, Action`1 errorCallback, Nullable`1 timeout, String stdIn) in D:\azureFun\azure-functions-core-tools\src\Azure.Functions.Cli\Common\Executable.cs:line 80&#xD;
   at Azure.Functions.Cli.Tests.E2E.Helpers.CliTester.InternalRun(String workingDir, RunConfiguration[] runConfigurations, ITestOutputHelper output, Boolean startHost) in d:\azureFun\azure-functions-core-tools\test\Azure.Functions.Cli.Tests\E2E\Helpers\CliTester.cs:line 85&#xD;
   at Azure.Functions.Cli.Tests.E2E.Helpers.CliTester.Run(RunConfiguration[] runConfigurations, ITestOutputHelper output, String workingDir, Boolean startHost) in d:\azureFun\azure-functions-core-tools\test\Azure.Functions.Cli.Tests\E2E\Helpers\CliTester.cs:line 35&#xD;
--- End of stack trace from previous location where exception was thrown ---</StackTrace>
        </ErrorInfo>
      </Output>
    </UnitTestResult>
    <UnitTestResult executionId="8a2dd2bd-a0a1-46e3-b1f5-07131550a37d" testId="b6c76e80-b5b7-3f98-260a-f3016f7d7254" testName="Azure.Functions.Cli.Tests.ActionsTests.ResolveActionTests.ResolveCommandLineCorrectly(args: &quot;settings list&quot;, returnType: typeof(Azure.Functions.Cli.Actions.LocalActions.ListSettingsAction))" computerName="NASONI-Z422" duration="00:00:00.0020000" startTime="2019-11-20T16:36:52.1593651-08:00" endTime="2019-11-20T16:36:52.1593669-08:00" testType="13cdc9d9-ddb5-4fa4-a97d-d965ccfc6d4b" outcome="Passed" testListId="8c84fa94-04c1-424b-9868-57a2d4851a1d" relativeResultsDirectory="8a2dd2bd-a0a1-46e3-b1f5-07131550a37d" />
    <UnitTestResult executionId="eac07a1a-91ea-457a-9346-c3561799dee9" testId="b5584b1a-6471-bddd-51b8-b47f4a6ecf7b" testName="Azure.Functions.Cli.Tests.E2E.DurableTests.DurableRaiseEventTest" computerName="NASONI-Z422" duration="00:00:00.0010000" startTime="2019-11-20T16:36:53.2459493-08:00" endTime="2019-11-20T16:36:53.2459515-08:00" testType="13cdc9d9-ddb5-4fa4-a97d-d965ccfc6d4b" outcome="NotExecuted" testListId="8c84fa94-04c1-424b-9868-57a2d4851a1d" relativeResultsDirectory="eac07a1a-91ea-457a-9346-c3561799dee9">
      <Output>
        <StdOut>Durable E2E tests need a storage account connection</StdOut>
      </Output>
    </UnitTestResult>
    <UnitTestResult executionId="390ea072-0ba6-4ecf-911d-cdebae2519ab" testId="559d4974-8bb6-79f3-b951-eb7c787ce1a9" testName="Azure.Functions.Cli.Tests.ActionsTests.ResolveActionTests.ResolveCommandLineCorrectly(args: &quot;durable terminate --id ab1b5de4c5a9450eafa5a4cf249&quot;..., returnType: typeof(Azure.Functions.Cli.Actions.DurableActions.DurableTerminate))" computerName="NASONI-Z422" duration="00:00:00.0020000" startTime="2019-11-20T16:36:52.1533401-08:00" endTime="2019-11-20T16:36:52.1533421-08:00" testType="13cdc9d9-ddb5-4fa4-a97d-d965ccfc6d4b" outcome="Passed" testListId="8c84fa94-04c1-424b-9868-57a2d4851a1d" relativeResultsDirectory="390ea072-0ba6-4ecf-911d-cdebae2519ab" />
    <UnitTestResult executionId="efc386a5-d60d-4491-b910-b6347f6f1118" testId="a42ef01f-d836-859c-1bc9-99f8d567f5c3" testName="Azure.Functions.Cli.Tests.ActionsTests.ResolveActionTests.ResolveCommandLineCorrectly(args: &quot;--version&quot;, returnType: null)" computerName="NASONI-Z422" duration="00:00:00.0010000" startTime="2019-11-20T16:36:52.1496523-08:00" endTime="2019-11-20T16:36:52.1496530-08:00" testType="13cdc9d9-ddb5-4fa4-a97d-d965ccfc6d4b" outcome="Passed" testListId="8c84fa94-04c1-424b-9868-57a2d4851a1d" relativeResultsDirectory="efc386a5-d60d-4491-b910-b6347f6f1118" />
    <UnitTestResult executionId="e82e7e02-0aee-457b-9e92-dcf6a06b68cc" testId="39f587a1-adfa-40ac-1d64-2729707c10fc" testName="Azure.Functions.Cli.Tests.E2E.InitTests.init_ts_app_using_runtime" computerName="NASONI-Z422" duration="00:00:00.0030000" startTime="2019-11-20T16:36:55.7412286-08:00" endTime="2019-11-20T16:36:55.7412349-08:00" testType="13cdc9d9-ddb5-4fa4-a97d-d965ccfc6d4b" outcome="Failed" testListId="8c84fa94-04c1-424b-9868-57a2d4851a1d" relativeResultsDirectory="e82e7e02-0aee-457b-9e92-dcf6a06b68cc">
      <Output>
        <StdOut>stdout: Running: &gt;  init . --worker-runtime typescript</StdOut>
        <ErrorInfo>
          <Message>System.InvalidOperationException : Cannot start process because a file name has not been provided.</Message>
          <StackTrace>   at System.Diagnostics.Process.Start()&#xD;
   at Azure.Functions.Cli.Common.Executable.RunAsync(Action`1 outputCallback, Action`1 errorCallback, Nullable`1 timeout, String stdIn) in D:\azureFun\azure-functions-core-tools\src\Azure.Functions.Cli\Common\Executable.cs:line 80&#xD;
   at Azure.Functions.Cli.Tests.E2E.Helpers.CliTester.InternalRun(String workingDir, RunConfiguration[] runConfigurations, ITestOutputHelper output, Boolean startHost) in d:\azureFun\azure-functions-core-tools\test\Azure.Functions.Cli.Tests\E2E\Helpers\CliTester.cs:line 85&#xD;
   at Azure.Functions.Cli.Tests.E2E.Helpers.CliTester.Run(RunConfiguration[] runConfigurations, ITestOutputHelper output, String workingDir, Boolean startHost) in d:\azureFun\azure-functions-core-tools\test\Azure.Functions.Cli.Tests\E2E\Helpers\CliTester.cs:line 35&#xD;
--- End of stack trace from previous location where exception was thrown ---</StackTrace>
        </ErrorInfo>
      </Output>
    </UnitTestResult>
    <UnitTestResult executionId="de6c0a56-e727-4d3f-bc3f-1e11d4745314" testId="58dd0057-84d2-2bc0-2c61-ba1b40563254" testName="Azure.Functions.Cli.Tests.ActionsTests.ResolveActionTests.ResolveCommandLineCorrectly(args: &quot;azure storage fetch-connection-string storageName&quot;, returnType: typeof(Azure.Functions.Cli.Actions.AzureActions.AddStorageAccountSettingAction))" computerName="NASONI-Z422" duration="00:00:00.0520000" startTime="2019-11-20T16:36:52.2178654-08:00" endTime="2019-11-20T16:36:52.2178723-08:00" testType="13cdc9d9-ddb5-4fa4-a97d-d965ccfc6d4b" outcome="Passed" testListId="8c84fa94-04c1-424b-9868-57a2d4851a1d" relativeResultsDirectory="de6c0a56-e727-4d3f-bc3f-1e11d4745314" />
    <UnitTestResult executionId="487a9250-ff9f-45fe-8dd1-7304ebe58e72" testId="f4da3906-151c-06c4-2cac-a0c074c038b4" testName="Azure.Functions.Cli.Tests.ActionsTests.ResolveActionTests.ResolveCommandLineCorrectly(args: &quot;azure logout&quot;, returnType: typeof(Azure.Functions.Cli.Actions.AzureActions.DeprecatedAzureActions))" computerName="NASONI-Z422" duration="00:00:00.0010000" startTime="2019-11-20T16:36:52.2316888-08:00" endTime="2019-11-20T16:36:52.2316906-08:00" testType="13cdc9d9-ddb5-4fa4-a97d-d965ccfc6d4b" outcome="Passed" testListId="8c84fa94-04c1-424b-9868-57a2d4851a1d" relativeResultsDirectory="487a9250-ff9f-45fe-8dd1-7304ebe58e72" />
    <UnitTestResult executionId="c78fc610-a4bc-41ae-8053-bd886d291ded" testId="3a25c399-9646-35b9-434d-2c4e07960aba" testName="Azure.Functions.Cli.Tests.E2E.InitTests.init_with_Dockerfile(workerRuntime: &quot;powershell&quot;)" computerName="NASONI-Z422" duration="00:00:00.0020000" startTime="2019-11-20T16:36:55.7549707-08:00" endTime="2019-11-20T16:36:55.7549776-08:00" testType="13cdc9d9-ddb5-4fa4-a97d-d965ccfc6d4b" outcome="Failed" testListId="8c84fa94-04c1-424b-9868-57a2d4851a1d" relativeResultsDirectory="c78fc610-a4bc-41ae-8053-bd886d291ded">
      <Output>
        <StdOut>stdout: Running: &gt;  init . --worker-runtime powershell --docker</StdOut>
        <ErrorInfo>
          <Message>System.InvalidOperationException : Cannot start process because a file name has not been provided.</Message>
          <StackTrace>   at System.Diagnostics.Process.Start()&#xD;
   at Azure.Functions.Cli.Common.Executable.RunAsync(Action`1 outputCallback, Action`1 errorCallback, Nullable`1 timeout, String stdIn) in D:\azureFun\azure-functions-core-tools\src\Azure.Functions.Cli\Common\Executable.cs:line 80&#xD;
   at Azure.Functions.Cli.Tests.E2E.Helpers.CliTester.InternalRun(String workingDir, RunConfiguration[] runConfigurations, ITestOutputHelper output, Boolean startHost) in d:\azureFun\azure-functions-core-tools\test\Azure.Functions.Cli.Tests\E2E\Helpers\CliTester.cs:line 85&#xD;
   at Azure.Functions.Cli.Tests.E2E.Helpers.CliTester.Run(RunConfiguration[] runConfigurations, ITestOutputHelper output, String workingDir, Boolean startHost) in d:\azureFun\azure-functions-core-tools\test\Azure.Functions.Cli.Tests\E2E\Helpers\CliTester.cs:line 35&#xD;
--- End of stack trace from previous location where exception was thrown ---</StackTrace>
        </ErrorInfo>
      </Output>
    </UnitTestResult>
    <UnitTestResult executionId="cb2d7d59-c67f-43e1-a2b9-5bd0f2d31251" testId="e38355ca-51da-6c05-323b-fb02d0d6ded6" testName="Azure.Functions.Cli.Tests.E2E.InitTests.init_app_with_spaces" computerName="NASONI-Z422" duration="00:00:00.0030000" startTime="2019-11-20T16:36:55.7371227-08:00" endTime="2019-11-20T16:36:55.7371296-08:00" testType="13cdc9d9-ddb5-4fa4-a97d-d965ccfc6d4b" outcome="Failed" testListId="8c84fa94-04c1-424b-9868-57a2d4851a1d" relativeResultsDirectory="cb2d7d59-c67f-43e1-a2b9-5bd0f2d31251">
      <Output>
        <ErrorInfo>
          <Message>System.InvalidOperationException : Cannot start process because a file name has not been provided.</Message>
          <StackTrace>   at System.Diagnostics.Process.Start()&#xD;
   at Azure.Functions.Cli.Common.Executable.RunAsync(Action`1 outputCallback, Action`1 errorCallback, Nullable`1 timeout, String stdIn) in D:\azureFun\azure-functions-core-tools\src\Azure.Functions.Cli\Common\Executable.cs:line 80&#xD;
   at Azure.Functions.Cli.Tests.E2E.Helpers.CliTester.InternalRun(String workingDir, RunConfiguration[] runConfigurations, ITestOutputHelper output, Boolean startHost) in d:\azureFun\azure-functions-core-tools\test\Azure.Functions.Cli.Tests\E2E\Helpers\CliTester.cs:line 85&#xD;
   at Azure.Functions.Cli.Tests.E2E.Helpers.CliTester.Run(RunConfiguration[] runConfigurations, ITestOutputHelper output, String workingDir, Boolean startHost) in d:\azureFun\azure-functions-core-tools\test\Azure.Functions.Cli.Tests\E2E\Helpers\CliTester.cs:line 35&#xD;
--- End of stack trace from previous location where exception was thrown ---</StackTrace>
        </ErrorInfo>
      </Output>
    </UnitTestResult>
    <UnitTestResult executionId="c5dbdf60-b315-460b-9c0c-a17a51899bac" testId="bd78b515-00b0-094a-e313-5142986debc4" testName="Azure.Functions.Cli.Tests.ActionsTests.ResolveActionTests.ResolveCommandLineCorrectly(args: &quot;durable get-runtime-status --id ab1b5de4c5a9450eaf&quot;..., returnType: typeof(Azure.Functions.Cli.Actions.DurableActions.DurableGetRuntimeStatus))" computerName="NASONI-Z422" duration="00:00:00.0030000" startTime="2019-11-20T16:36:52.2292008-08:00" endTime="2019-11-20T16:36:52.2292032-08:00" testType="13cdc9d9-ddb5-4fa4-a97d-d965ccfc6d4b" outcome="Passed" testListId="8c84fa94-04c1-424b-9868-57a2d4851a1d" relativeResultsDirectory="c5dbdf60-b315-460b-9c0c-a17a51899bac" />
    <UnitTestResult executionId="3d55de98-5515-464d-8ef1-7e2e2d4f7301" testId="ce1bf570-d638-65cf-e454-24922ad5d615" testName="Azure.Functions.Cli.Tests.ActionsTests.ResolveActionTests.ResolveCommandLineCorrectly(args: &quot;azure functionapp enable-git-repo appName&quot;, returnType: typeof(Azure.Functions.Cli.Actions.AzureActions.DeprecatedAzureActions))" computerName="NASONI-Z422" duration="00:00:00.0010000" startTime="2019-11-20T16:36:52.1522458-08:00" endTime="2019-11-20T16:36:52.1522472-08:00" testType="13cdc9d9-ddb5-4fa4-a97d-d965ccfc6d4b" outcome="Passed" testListId="8c84fa94-04c1-424b-9868-57a2d4851a1d" relativeResultsDirectory="3d55de98-5515-464d-8ef1-7e2e2d4f7301" />
    <UnitTestResult executionId="88bb1bed-63ff-4c2e-aaaf-135600923eee" testId="744b1472-67f7-81df-ef74-a77709274f11" testName="Azure.Functions.Cli.Tests.KubernetesHelperUnitTests.ValidateKubernetesNames(name: &quot;NameWithCapital&quot;, isValid: False)" computerName="NASONI-Z422" duration="00:00:00.0010000" startTime="2019-11-20T16:36:52.8947937-08:00" endTime="2019-11-20T16:36:52.8947953-08:00" testType="13cdc9d9-ddb5-4fa4-a97d-d965ccfc6d4b" outcome="Passed" testListId="8c84fa94-04c1-424b-9868-57a2d4851a1d" relativeResultsDirectory="88bb1bed-63ff-4c2e-aaaf-135600923eee" />
    <UnitTestResult executionId="04acb750-4910-46ba-8b90-a07706475a44" testId="6c3067fd-9bb8-1e0f-ecd6-371134f53472" testName="Azure.Functions.Cli.Tests.PythonHelperTests.WorkerInfoRuntimeShouldBePython" computerName="NASONI-Z422" duration="00:00:00.3030000" startTime="2019-11-20T16:36:53.2142828-08:00" endTime="2019-11-20T16:36:53.2142900-08:00" testType="13cdc9d9-ddb5-4fa4-a97d-d965ccfc6d4b" outcome="Passed" testListId="8c84fa94-04c1-424b-9868-57a2d4851a1d" relativeResultsDirectory="04acb750-4910-46ba-8b90-a07706475a44" />
    <UnitTestResult executionId="33e47d05-29fd-42db-b3c4-d44522c933f1" testId="5003810b-7863-4dc1-5248-e3712431e6d6" testName="Azure.Functions.Cli.Tests.E2E.CreateFunctionTests.create_template_function_success_message" computerName="NASONI-Z422" duration="00:00:00.0030000" startTime="2019-11-20T16:36:55.8957128-08:00" endTime="2019-11-20T16:36:55.8957185-08:00" testType="13cdc9d9-ddb5-4fa4-a97d-d965ccfc6d4b" outcome="Failed" testListId="8c84fa94-04c1-424b-9868-57a2d4851a1d" relativeResultsDirectory="33e47d05-29fd-42db-b3c4-d44522c933f1">
      <Output>
        <StdOut>stdout: Running: &gt;  init . --worker-runtime dotnet</StdOut>
        <ErrorInfo>
          <Message>System.InvalidOperationException : Cannot start process because a file name has not been provided.</Message>
          <StackTrace>   at System.Diagnostics.Process.Start()&#xD;
   at Azure.Functions.Cli.Common.Executable.RunAsync(Action`1 outputCallback, Action`1 errorCallback, Nullable`1 timeout, String stdIn) in D:\azureFun\azure-functions-core-tools\src\Azure.Functions.Cli\Common\Executable.cs:line 80&#xD;
   at Azure.Functions.Cli.Tests.E2E.Helpers.CliTester.InternalRun(String workingDir, RunConfiguration[] runConfigurations, ITestOutputHelper output, Boolean startHost) in d:\azureFun\azure-functions-core-tools\test\Azure.Functions.Cli.Tests\E2E\Helpers\CliTester.cs:line 85&#xD;
   at Azure.Functions.Cli.Tests.E2E.Helpers.CliTester.Run(RunConfiguration[] runConfigurations, ITestOutputHelper output, String workingDir, Boolean startHost) in d:\azureFun\azure-functions-core-tools\test\Azure.Functions.Cli.Tests\E2E\Helpers\CliTester.cs:line 35&#xD;
   at Azure.Functions.Cli.Tests.E2E.CreateFunctionTests.create_template_function_success_message() in d:\azureFun\azure-functions-core-tools\test\Azure.Functions.Cli.Tests\E2E\CreateFunctionTests.cs:line 17&#xD;
--- End of stack trace from previous location where exception was thrown ---</StackTrace>
        </ErrorInfo>
      </Output>
    </UnitTestResult>
    <UnitTestResult executionId="7f15eaf3-ad33-46d1-a6ac-41b18e2370e3" testId="e0ef2013-516b-50af-1cfc-3551e92565d5" testName="Azure.Functions.Cli.Tests.E2E.InitTests.init_with_python_Dockerfile" computerName="NASONI-Z422" duration="00:00:00.0040000" startTime="2019-11-20T16:36:55.8119810-08:00" endTime="2019-11-20T16:36:55.8119847-08:00" testType="13cdc9d9-ddb5-4fa4-a97d-d965ccfc6d4b" outcome="Failed" testListId="8c84fa94-04c1-424b-9868-57a2d4851a1d" relativeResultsDirectory="7f15eaf3-ad33-46d1-a6ac-41b18e2370e3">
      <Output>
        <StdOut>stdout: Running: &gt;  init . --worker-runtime python --docker</StdOut>
        <ErrorInfo>
          <Message>System.InvalidOperationException : Cannot start process because a file name has not been provided.</Message>
          <StackTrace>   at System.Diagnostics.Process.Start()&#xD;
   at Azure.Functions.Cli.Common.Executable.RunAsync(Action`1 outputCallback, Action`1 errorCallback, Nullable`1 timeout, String stdIn) in D:\azureFun\azure-functions-core-tools\src\Azure.Functions.Cli\Common\Executable.cs:line 80&#xD;
   at Azure.Functions.Cli.Tests.E2E.Helpers.CliTester.InternalRun(String workingDir, RunConfiguration[] runConfigurations, ITestOutputHelper output, Boolean startHost) in d:\azureFun\azure-functions-core-tools\test\Azure.Functions.Cli.Tests\E2E\Helpers\CliTester.cs:line 85&#xD;
   at Azure.Functions.Cli.Tests.E2E.Helpers.CliTester.Run(RunConfiguration[] runConfigurations, ITestOutputHelper output, String workingDir, Boolean startHost) in d:\azureFun\azure-functions-core-tools\test\Azure.Functions.Cli.Tests\E2E\Helpers\CliTester.cs:line 35&#xD;
   at Azure.Functions.Cli.Tests.E2E.InitTests.init_with_python_Dockerfile() in d:\azureFun\azure-functions-core-tools\test\Azure.Functions.Cli.Tests\E2E\InitTests.cs:line 148&#xD;
--- End of stack trace from previous location where exception was thrown ---</StackTrace>
        </ErrorInfo>
      </Output>
    </UnitTestResult>
  </Results>
  <TestDefinitions>
    <UnitTest name="Azure.Functions.Cli.Tests.E2E.InitTests.init_with_no_source_control" storage="d:\azurefun\azure-functions-core-tools\test\azure.functions.cli.tests\bin\debug\netcoreapp2.2\azure.functions.cli.tests.dll" id="a105b8a7-3d94-be93-e9c3-561cbf250f62">
      <Execution id="b0d641c8-7397-47be-9993-d4b201c21d58" />
      <TestMethod codeBase="d:\azureFun\azure-functions-core-tools\test\Azure.Functions.Cli.Tests\bin\Debug\netcoreapp2.2\Azure.Functions.Cli.Tests.dll" adapterTypeName="executor://xunit/VsTestRunner2/netcoreapp" className="Azure.Functions.Cli.Tests.E2E.InitTests" name="Azure.Functions.Cli.Tests.E2E.InitTests.init_with_no_source_control" />
    </UnitTest>
    <UnitTest name="Azure.Functions.Cli.Tests.GitIgnoreParserTests.AcceptShouldNotAcceptTheGivenDirectory" storage="d:\azurefun\azure-functions-core-tools\test\azure.functions.cli.tests\bin\debug\netcoreapp2.2\azure.functions.cli.tests.dll" id="486a936c-2d1d-2721-084d-7eba1fa2b833">
      <Execution id="fb99a79a-d0a9-4267-8c71-775c94b52273" />
      <TestMethod codeBase="d:\azureFun\azure-functions-core-tools\test\Azure.Functions.Cli.Tests\bin\Debug\netcoreapp2.2\Azure.Functions.Cli.Tests.dll" adapterTypeName="executor://xunit/VsTestRunner2/netcoreapp" className="Azure.Functions.Cli.Tests.GitIgnoreParserTests" name="Azure.Functions.Cli.Tests.GitIgnoreParserTests.AcceptShouldNotAcceptTheGivenDirectory" />
    </UnitTest>
    <UnitTest name="Azure.Functions.Cli.Tests.E2E.InitTests.init_with_Dockerfile(workerRuntime: &quot;dotnet&quot;)" storage="d:\azurefun\azure-functions-core-tools\test\azure.functions.cli.tests\bin\debug\netcoreapp2.2\azure.functions.cli.tests.dll" id="eec1ee9a-2aa1-4c45-b795-9d460b4f28b4">
      <Execution id="7508ba35-21e0-4d4d-82ee-1ca709e16598" />
      <TestMethod codeBase="d:\azureFun\azure-functions-core-tools\test\Azure.Functions.Cli.Tests\bin\Debug\netcoreapp2.2\Azure.Functions.Cli.Tests.dll" adapterTypeName="executor://xunit/VsTestRunner2/netcoreapp" className="Azure.Functions.Cli.Tests.E2E.InitTests" name="Azure.Functions.Cli.Tests.E2E.InitTests.init_with_Dockerfile(workerRuntime: &quot;dotnet&quot;)" />
    </UnitTest>
    <UnitTest name="Azure.Functions.Cli.Tests.E2E.InitTests.init_docker_only_for_existing_project(workerRuntime: &quot;node&quot;)" storage="d:\azurefun\azure-functions-core-tools\test\azure.functions.cli.tests\bin\debug\netcoreapp2.2\azure.functions.cli.tests.dll" id="32fd11f1-90f8-e21b-1f8a-ed7125fc0efb">
      <Execution id="02a44922-39f3-4fe7-850b-1e3b9873dcf5" />
      <TestMethod codeBase="d:\azureFun\azure-functions-core-tools\test\Azure.Functions.Cli.Tests\bin\Debug\netcoreapp2.2\Azure.Functions.Cli.Tests.dll" adapterTypeName="executor://xunit/VsTestRunner2/netcoreapp" className="Azure.Functions.Cli.Tests.E2E.InitTests" name="Azure.Functions.Cli.Tests.E2E.InitTests.init_docker_only_for_existing_project(workerRuntime: &quot;node&quot;)" />
    </UnitTest>
    <UnitTest name="Azure.Functions.Cli.Tests.GitIgnoreParserTests.DeniesShouldNotDenyNestedUnignoredFilesInIgnoredDirectories" storage="d:\azurefun\azure-functions-core-tools\test\azure.functions.cli.tests\bin\debug\netcoreapp2.2\azure.functions.cli.tests.dll" id="fbcb31e4-45ed-0d03-0559-73dcb287008b">
      <Execution id="edcddd66-f0d2-42a5-b93e-b373807ced17" />
      <TestMethod codeBase="d:\azureFun\azure-functions-core-tools\test\Azure.Functions.Cli.Tests\bin\Debug\netcoreapp2.2\Azure.Functions.Cli.Tests.dll" adapterTypeName="executor://xunit/VsTestRunner2/netcoreapp" className="Azure.Functions.Cli.Tests.GitIgnoreParserTests" name="Azure.Functions.Cli.Tests.GitIgnoreParserTests.DeniesShouldNotDenyNestedUnignoredFilesInIgnoredDirectories" />
    </UnitTest>
    <UnitTest name="Azure.Functions.Cli.Tests.ActionsTests.ResolveActionTests.ResolveCommandLineCorrectly(args: &quot;azure functionapp fetch appName&quot;, returnType: typeof(Azure.Functions.Cli.Actions.AzureActions.FetchAppSettingsAction))" storage="d:\azurefun\azure-functions-core-tools\test\azure.functions.cli.tests\bin\debug\netcoreapp2.2\azure.functions.cli.tests.dll" id="9e1afe7a-5aee-2dfc-e827-ba25e10b653f">
      <Execution id="99e0510e-90f9-47b5-abcc-ea1849def9db" />
      <TestMethod codeBase="d:\azureFun\azure-functions-core-tools\test\Azure.Functions.Cli.Tests\bin\Debug\netcoreapp2.2\Azure.Functions.Cli.Tests.dll" adapterTypeName="executor://xunit/VsTestRunner2/netcoreapp" className="Azure.Functions.Cli.Tests.ActionsTests.ResolveActionTests" name="Azure.Functions.Cli.Tests.ActionsTests.ResolveActionTests.ResolveCommandLineCorrectly(args: &quot;azure functionapp fetch appName&quot;, returnType: typeof(Azure.Functions.Cli.Actions.AzureActions.FetchAppSettingsAction))" />
    </UnitTest>
    <UnitTest name="Azure.Functions.Cli.Tests.ActionsTests.ResolveActionTests.ResolveCommandLineCorrectly(args: &quot;azure logout&quot;, returnType: typeof(Azure.Functions.Cli.Actions.AzureActions.DeprecatedAzureActions))" storage="d:\azurefun\azure-functions-core-tools\test\azure.functions.cli.tests\bin\debug\netcoreapp2.2\azure.functions.cli.tests.dll" id="f4da3906-151c-06c4-2cac-a0c074c038b4">
      <Execution id="487a9250-ff9f-45fe-8dd1-7304ebe58e72" />
      <TestMethod codeBase="d:\azureFun\azure-functions-core-tools\test\Azure.Functions.Cli.Tests\bin\Debug\netcoreapp2.2\Azure.Functions.Cli.Tests.dll" adapterTypeName="executor://xunit/VsTestRunner2/netcoreapp" className="Azure.Functions.Cli.Tests.ActionsTests.ResolveActionTests" name="Azure.Functions.Cli.Tests.ActionsTests.ResolveActionTests.ResolveCommandLineCorrectly(args: &quot;azure logout&quot;, returnType: typeof(Azure.Functions.Cli.Actions.AzureActions.DeprecatedAzureActions))" />
    </UnitTest>
    <UnitTest name="Azure.Functions.Cli.Tests.ActionsTests.ResolveActionTests.ResolveCommandLineCorrectly(args: &quot;new&quot;, returnType: typeof(Azure.Functions.Cli.Actions.LocalActions.CreateFunctionAction))" storage="d:\azurefun\azure-functions-core-tools\test\azure.functions.cli.tests\bin\debug\netcoreapp2.2\azure.functions.cli.tests.dll" id="6d4a1970-862c-fbe7-a930-eb330f5084b4">
      <Execution id="76f821d3-7ed5-4a64-bbf4-7989cf39b4b3" />
      <TestMethod codeBase="d:\azureFun\azure-functions-core-tools\test\Azure.Functions.Cli.Tests\bin\Debug\netcoreapp2.2\Azure.Functions.Cli.Tests.dll" adapterTypeName="executor://xunit/VsTestRunner2/netcoreapp" className="Azure.Functions.Cli.Tests.ActionsTests.ResolveActionTests" name="Azure.Functions.Cli.Tests.ActionsTests.ResolveActionTests.ResolveCommandLineCorrectly(args: &quot;new&quot;, returnType: typeof(Azure.Functions.Cli.Actions.LocalActions.CreateFunctionAction))" />
    </UnitTest>
    <UnitTest name="Azure.Functions.Cli.Tests.UriExtensionsTests.IsJsonTest(value: &quot;&quot;, expected: False)" storage="d:\azurefun\azure-functions-core-tools\test\azure.functions.cli.tests\bin\debug\netcoreapp2.2\azure.functions.cli.tests.dll" id="88a6babb-85d8-14cf-b78a-b66f1d645cd7">
      <Execution id="9dfb1aae-1b3a-42fb-a49b-72046a93d08a" />
      <TestMethod codeBase="d:\azureFun\azure-functions-core-tools\test\Azure.Functions.Cli.Tests\bin\Debug\netcoreapp2.2\Azure.Functions.Cli.Tests.dll" adapterTypeName="executor://xunit/VsTestRunner2/netcoreapp" className="Azure.Functions.Cli.Tests.UriExtensionsTests" name="Azure.Functions.Cli.Tests.UriExtensionsTests.IsJsonTest(value: &quot;&quot;, expected: False)" />
    </UnitTest>
    <UnitTest name="Azure.Functions.Cli.Tests.GitIgnoreParserTests.DeniesShouldNotDenyTheGivenFilenames" storage="d:\azurefun\azure-functions-core-tools\test\azure.functions.cli.tests\bin\debug\netcoreapp2.2\azure.functions.cli.tests.dll" id="0b3dd3f8-b7f5-9046-8c8b-7e8ae6185a15">
      <Execution id="d93b6768-7295-438e-8df4-1526f652505f" />
      <TestMethod codeBase="d:\azureFun\azure-functions-core-tools\test\Azure.Functions.Cli.Tests\bin\Debug\netcoreapp2.2\Azure.Functions.Cli.Tests.dll" adapterTypeName="executor://xunit/VsTestRunner2/netcoreapp" className="Azure.Functions.Cli.Tests.GitIgnoreParserTests" name="Azure.Functions.Cli.Tests.GitIgnoreParserTests.DeniesShouldNotDenyTheGivenFilenames" />
    </UnitTest>
    <UnitTest name="Azure.Functions.Cli.Tests.E2E.InitTests.init_dotnet_app" storage="d:\azurefun\azure-functions-core-tools\test\azure.functions.cli.tests\bin\debug\netcoreapp2.2\azure.functions.cli.tests.dll" id="09e2de0c-a28a-298a-253c-0e48337e3673">
      <Execution id="ea97891b-edf2-426a-b41d-d9361aa26dd5" />
      <TestMethod codeBase="d:\azureFun\azure-functions-core-tools\test\Azure.Functions.Cli.Tests\bin\Debug\netcoreapp2.2\Azure.Functions.Cli.Tests.dll" adapterTypeName="executor://xunit/VsTestRunner2/netcoreapp" className="Azure.Functions.Cli.Tests.E2E.InitTests" name="Azure.Functions.Cli.Tests.E2E.InitTests.init_dotnet_app" />
    </UnitTest>
    <UnitTest name="Azure.Functions.Cli.Tests.E2E.StartTests.start_host_port_in_use" storage="d:\azurefun\azure-functions-core-tools\test\azure.functions.cli.tests\bin\debug\netcoreapp2.2\azure.functions.cli.tests.dll" id="c9950969-c15a-bd40-5c28-19b8f7156c09">
      <Execution id="55a4cd3c-4c24-4d3a-87a8-67c58c8a3904" />
      <TestMethod codeBase="d:\azureFun\azure-functions-core-tools\test\Azure.Functions.Cli.Tests\bin\Debug\netcoreapp2.2\Azure.Functions.Cli.Tests.dll" adapterTypeName="executor://xunit/VsTestRunner2/netcoreapp" className="Azure.Functions.Cli.Tests.E2E.StartTests" name="Azure.Functions.Cli.Tests.E2E.StartTests.start_host_port_in_use" />
    </UnitTest>
    <UnitTest name="Azure.Functions.Cli.Tests.KubernetesHelperUnitTests.PopulateMetadataDictionary_CorrectlyPopulatesRabbitMQMetadata" storage="d:\azurefun\azure-functions-core-tools\test\azure.functions.cli.tests\bin\debug\netcoreapp2.2\azure.functions.cli.tests.dll" id="6a345911-baa6-bb56-bc12-24864aefd6f7">
      <Execution id="5fa78591-aea1-48cf-995e-dc6d50ce5557" />
      <TestMethod codeBase="d:\azureFun\azure-functions-core-tools\test\Azure.Functions.Cli.Tests\bin\Debug\netcoreapp2.2\Azure.Functions.Cli.Tests.dll" adapterTypeName="executor://xunit/VsTestRunner2/netcoreapp" className="Azure.Functions.Cli.Tests.KubernetesHelperUnitTests" name="Azure.Functions.Cli.Tests.KubernetesHelperUnitTests.PopulateMetadataDictionary_CorrectlyPopulatesRabbitMQMetadata" />
    </UnitTest>
    <UnitTest name="Azure.Functions.Cli.Tests.E2E.ListFunctionsTests.ListFunctionsWorks" storage="d:\azurefun\azure-functions-core-tools\test\azure.functions.cli.tests\bin\debug\netcoreapp2.2\azure.functions.cli.tests.dll" id="fb5bbe6a-a717-ca10-710b-5ca2aaa6add9">
      <Execution id="d2c2794c-d2ba-4cd8-b155-781c87b08758" />
      <TestMethod codeBase="d:\azureFun\azure-functions-core-tools\test\Azure.Functions.Cli.Tests\bin\Debug\netcoreapp2.2\Azure.Functions.Cli.Tests.dll" adapterTypeName="executor://xunit/VsTestRunner2/netcoreapp" className="Azure.Functions.Cli.Tests.E2E.ListFunctionsTests" name="Azure.Functions.Cli.Tests.E2E.ListFunctionsTests.ListFunctionsWorks" />
    </UnitTest>
    <UnitTest name="Azure.Functions.Cli.Tests.ActionsTests.ResolveActionTests.ResolveCommandLineCorrectly(args: &quot;--version&quot;, returnType: null)" storage="d:\azurefun\azure-functions-core-tools\test\azure.functions.cli.tests\bin\debug\netcoreapp2.2\azure.functions.cli.tests.dll" id="a42ef01f-d836-859c-1bc9-99f8d567f5c3">
      <Execution id="efc386a5-d60d-4491-b910-b6347f6f1118" />
      <TestMethod codeBase="d:\azureFun\azure-functions-core-tools\test\Azure.Functions.Cli.Tests\bin\Debug\netcoreapp2.2\Azure.Functions.Cli.Tests.dll" adapterTypeName="executor://xunit/VsTestRunner2/netcoreapp" className="Azure.Functions.Cli.Tests.ActionsTests.ResolveActionTests" name="Azure.Functions.Cli.Tests.ActionsTests.ResolveActionTests.ResolveCommandLineCorrectly(args: &quot;--version&quot;, returnType: null)" />
    </UnitTest>
    <UnitTest name="Azure.Functions.Cli.Tests.ActionsTests.ResolveActionTests.ResolveCommandLineCorrectly(args: &quot;function create&quot;, returnType: typeof(Azure.Functions.Cli.Actions.LocalActions.CreateFunctionAction))" storage="d:\azurefun\azure-functions-core-tools\test\azure.functions.cli.tests\bin\debug\netcoreapp2.2\azure.functions.cli.tests.dll" id="09a24798-7d10-8250-f686-8d60e9ff7701">
      <Execution id="ff037efe-cb35-42c9-b4f5-d6e55ebae0e1" />
      <TestMethod codeBase="d:\azureFun\azure-functions-core-tools\test\Azure.Functions.Cli.Tests\bin\Debug\netcoreapp2.2\Azure.Functions.Cli.Tests.dll" adapterTypeName="executor://xunit/VsTestRunner2/netcoreapp" className="Azure.Functions.Cli.Tests.ActionsTests.ResolveActionTests" name="Azure.Functions.Cli.Tests.ActionsTests.ResolveActionTests.ResolveCommandLineCorrectly(args: &quot;function create&quot;, returnType: typeof(Azure.Functions.Cli.Actions.LocalActions.CreateFunctionAction))" />
    </UnitTest>
    <UnitTest name="Azure.Functions.Cli.Tests.E2E.InitTests.init_docker_only_no_project" storage="d:\azurefun\azure-functions-core-tools\test\azure.functions.cli.tests\bin\debug\netcoreapp2.2\azure.functions.cli.tests.dll" id="dd51398c-a8df-9086-6a0a-0434a110c00b">
      <Execution id="d9467052-f5bf-4909-8490-f48a886ccf74" />
      <TestMethod codeBase="d:\azureFun\azure-functions-core-tools\test\Azure.Functions.Cli.Tests\bin\Debug\netcoreapp2.2\Azure.Functions.Cli.Tests.dll" adapterTypeName="executor://xunit/VsTestRunner2/netcoreapp" className="Azure.Functions.Cli.Tests.E2E.InitTests" name="Azure.Functions.Cli.Tests.E2E.InitTests.init_docker_only_no_project" />
    </UnitTest>
    <UnitTest name="Azure.Functions.Cli.Tests.ActionsTests.ResolveActionTests.ResolveCommandLineCorrectly(args: &quot;durable start-new --function-name functostart --co&quot;..., returnType: typeof(Azure.Functions.Cli.Actions.DurableActions.DurableStartNew))" storage="d:\azurefun\azure-functions-core-tools\test\azure.functions.cli.tests\bin\debug\netcoreapp2.2\azure.functions.cli.tests.dll" id="5480cfa5-672c-afd5-9827-476a9f08cb3b">
      <Execution id="6658cf9e-9326-4041-b1e7-3bdf15b75e4b" />
      <TestMethod codeBase="d:\azureFun\azure-functions-core-tools\test\Azure.Functions.Cli.Tests\bin\Debug\netcoreapp2.2\Azure.Functions.Cli.Tests.dll" adapterTypeName="executor://xunit/VsTestRunner2/netcoreapp" className="Azure.Functions.Cli.Tests.ActionsTests.ResolveActionTests" name="Azure.Functions.Cli.Tests.ActionsTests.ResolveActionTests.ResolveCommandLineCorrectly(args: &quot;durable start-new --function-name functostart --co&quot;..., returnType: typeof(Azure.Functions.Cli.Actions.DurableActions.DurableStartNew))" />
    </UnitTest>
    <UnitTest name="Azure.Functions.Cli.Tests.E2E.StartTests.start_powershell" storage="d:\azurefun\azure-functions-core-tools\test\azure.functions.cli.tests\bin\debug\netcoreapp2.2\azure.functions.cli.tests.dll" id="f28fdcdf-a34d-d676-c42f-da87b3f4a8b1">
      <Execution id="8f43dc5f-b0f3-4d7f-a0ff-811f4a3c0431" />
      <TestMethod codeBase="d:\azureFun\azure-functions-core-tools\test\Azure.Functions.Cli.Tests\bin\Debug\netcoreapp2.2\Azure.Functions.Cli.Tests.dll" adapterTypeName="executor://xunit/VsTestRunner2/netcoreapp" className="Azure.Functions.Cli.Tests.E2E.StartTests" name="Azure.Functions.Cli.Tests.E2E.StartTests.start_powershell" />
    </UnitTest>
    <UnitTest name="Azure.Functions.Cli.Tests.ActionsTests.ResolveActionTests.ResolveCommandLineCorrectly(args: &quot;&quot;, returnType: typeof(Azure.Functions.Cli.Actions.HelpAction))" storage="d:\azurefun\azure-functions-core-tools\test\azure.functions.cli.tests\bin\debug\netcoreapp2.2\azure.functions.cli.tests.dll" id="84c13452-e24f-8ed6-016d-e7bf1d702b2a">
      <Execution id="27a3eab6-e541-463a-90e6-4f236e2f003d" />
      <TestMethod codeBase="d:\azureFun\azure-functions-core-tools\test\Azure.Functions.Cli.Tests\bin\Debug\netcoreapp2.2\Azure.Functions.Cli.Tests.dll" adapterTypeName="executor://xunit/VsTestRunner2/netcoreapp" className="Azure.Functions.Cli.Tests.ActionsTests.ResolveActionTests" name="Azure.Functions.Cli.Tests.ActionsTests.ResolveActionTests.ResolveCommandLineCorrectly(args: &quot;&quot;, returnType: typeof(Azure.Functions.Cli.Actions.HelpAction))" />
    </UnitTest>
    <UnitTest name="Azure.Functions.Cli.Tests.ActionsTests.ResolveActionTests.ResolveCommandLineCorrectly(args: &quot;help&quot;, returnType: typeof(Azure.Functions.Cli.Actions.HelpAction))" storage="d:\azurefun\azure-functions-core-tools\test\azure.functions.cli.tests\bin\debug\netcoreapp2.2\azure.functions.cli.tests.dll" id="920a0c58-40e6-d818-fa18-2af92dcacaab">
      <Execution id="cbdca808-7cd5-4622-bcb1-d7e81c04dacd" />
      <TestMethod codeBase="d:\azureFun\azure-functions-core-tools\test\Azure.Functions.Cli.Tests\bin\Debug\netcoreapp2.2\Azure.Functions.Cli.Tests.dll" adapterTypeName="executor://xunit/VsTestRunner2/netcoreapp" className="Azure.Functions.Cli.Tests.ActionsTests.ResolveActionTests" name="Azure.Functions.Cli.Tests.ActionsTests.ResolveActionTests.ResolveCommandLineCorrectly(args: &quot;help&quot;, returnType: typeof(Azure.Functions.Cli.Actions.HelpAction))" />
    </UnitTest>
    <UnitTest name="Azure.Functions.Cli.Tests.E2E.DurableTests.DurableStartNewTest_FileInput" storage="d:\azurefun\azure-functions-core-tools\test\azure.functions.cli.tests\bin\debug\netcoreapp2.2\azure.functions.cli.tests.dll" id="9d8b1930-fa6e-f013-0673-eadb1590517a">
      <Execution id="b839e865-c02c-4344-88a4-f3281b8bdd4a" />
      <TestMethod codeBase="d:\azureFun\azure-functions-core-tools\test\Azure.Functions.Cli.Tests\bin\Debug\netcoreapp2.2\Azure.Functions.Cli.Tests.dll" adapterTypeName="executor://xunit/VsTestRunner2/netcoreapp" className="Azure.Functions.Cli.Tests.E2E.DurableTests" name="Azure.Functions.Cli.Tests.E2E.DurableTests.DurableStartNewTest_FileInput" />
    </UnitTest>
    <UnitTest name="Azure.Functions.Cli.Tests.ActionsTests.StartHostActionTests.CheckNonOptionalSettingsPrintsWarningForMissingSettings" storage="d:\azurefun\azure-functions-core-tools\test\azure.functions.cli.tests\bin\debug\netcoreapp2.2\azure.functions.cli.tests.dll" id="77fb56d2-1911-d26c-ecbb-f18f47add1be">
      <Execution id="74abd77b-9193-425c-8898-ef3bcd9d66db" />
      <TestMethod codeBase="d:\azureFun\azure-functions-core-tools\test\Azure.Functions.Cli.Tests\bin\Debug\netcoreapp2.2\Azure.Functions.Cli.Tests.dll" adapterTypeName="executor://xunit/VsTestRunner2/netcoreapp" className="Azure.Functions.Cli.Tests.ActionsTests.StartHostActionTests" name="Azure.Functions.Cli.Tests.ActionsTests.StartHostActionTests.CheckNonOptionalSettingsPrintsWarningForMissingSettings" />
    </UnitTest>
    <UnitTest name="Azure.Functions.Cli.Tests.ActionsTests.ResolveActionTests.ResolveCommandLineCorrectly(args: &quot;azure --help&quot;, returnType: typeof(Azure.Functions.Cli.Actions.HelpAction))" storage="d:\azurefun\azure-functions-core-tools\test\azure.functions.cli.tests\bin\debug\netcoreapp2.2\azure.functions.cli.tests.dll" id="be93d512-0232-5d00-fb64-530a7ac3622a">
      <Execution id="4bf3ed50-ffe7-4dcf-9b2a-1b1e5014e856" />
      <TestMethod codeBase="d:\azureFun\azure-functions-core-tools\test\Azure.Functions.Cli.Tests\bin\Debug\netcoreapp2.2\Azure.Functions.Cli.Tests.dll" adapterTypeName="executor://xunit/VsTestRunner2/netcoreapp" className="Azure.Functions.Cli.Tests.ActionsTests.ResolveActionTests" name="Azure.Functions.Cli.Tests.ActionsTests.ResolveActionTests.ResolveCommandLineCorrectly(args: &quot;azure --help&quot;, returnType: typeof(Azure.Functions.Cli.Actions.HelpAction))" />
    </UnitTest>
    <UnitTest name="Azure.Functions.Cli.Tests.E2E.InitTests.init_with_worker_runtime(workerRuntime: &quot;python&quot;)" storage="d:\azurefun\azure-functions-core-tools\test\azure.functions.cli.tests\bin\debug\netcoreapp2.2\azure.functions.cli.tests.dll" id="103f4af3-731f-b6ce-0bad-823c79c062f3">
      <Execution id="5ae2aefe-24f7-4a95-bc3e-5f720b194ca5" />
      <TestMethod codeBase="d:\azureFun\azure-functions-core-tools\test\Azure.Functions.Cli.Tests\bin\Debug\netcoreapp2.2\Azure.Functions.Cli.Tests.dll" adapterTypeName="executor://xunit/VsTestRunner2/netcoreapp" className="Azure.Functions.Cli.Tests.E2E.InitTests" name="Azure.Functions.Cli.Tests.E2E.InitTests.init_with_worker_runtime(workerRuntime: &quot;python&quot;)" />
    </UnitTest>
    <UnitTest name="Azure.Functions.Cli.Tests.E2E.StartTests.only_run_some_functions" storage="d:\azurefun\azure-functions-core-tools\test\azure.functions.cli.tests\bin\debug\netcoreapp2.2\azure.functions.cli.tests.dll" id="18db6ac8-b05a-7c84-1df6-71b9004d931d">
      <Execution id="80a249ee-ec79-4899-8faf-9c2bce5aba6b" />
      <TestMethod codeBase="d:\azureFun\azure-functions-core-tools\test\Azure.Functions.Cli.Tests\bin\Debug\netcoreapp2.2\Azure.Functions.Cli.Tests.dll" adapterTypeName="executor://xunit/VsTestRunner2/netcoreapp" className="Azure.Functions.Cli.Tests.E2E.StartTests" name="Azure.Functions.Cli.Tests.E2E.StartTests.only_run_some_functions" />
    </UnitTest>
    <UnitTest name="Azure.Functions.Cli.Tests.E2E.CreateFunctionTests.create_template_function_sanitization_dotnet" storage="d:\azurefun\azure-functions-core-tools\test\azure.functions.cli.tests\bin\debug\netcoreapp2.2\azure.functions.cli.tests.dll" id="5764f792-69e7-c4fc-617c-99c8ae3d7290">
      <Execution id="05c65d59-dc40-4803-a586-1ff20127de59" />
      <TestMethod codeBase="d:\azureFun\azure-functions-core-tools\test\Azure.Functions.Cli.Tests\bin\Debug\netcoreapp2.2\Azure.Functions.Cli.Tests.dll" adapterTypeName="executor://xunit/VsTestRunner2/netcoreapp" className="Azure.Functions.Cli.Tests.E2E.CreateFunctionTests" name="Azure.Functions.Cli.Tests.E2E.CreateFunctionTests.create_template_function_sanitization_dotnet" />
    </UnitTest>
    <UnitTest name="Azure.Functions.Cli.Tests.ActionsTests.ResolveActionTests.ResolveCommandLineCorrectly(args: &quot;durable rewind --id ab1b5de4c5a9450eafa5a4cf249b31&quot;..., returnType: typeof(Azure.Functions.Cli.Actions.DurableActions.DurableRewind))" storage="d:\azurefun\azure-functions-core-tools\test\azure.functions.cli.tests\bin\debug\netcoreapp2.2\azure.functions.cli.tests.dll" id="2ff45c5f-7276-d3d7-5177-676fe5992614">
      <Execution id="6e802ede-9fd9-45ee-aa82-230141e69142" />
      <TestMethod codeBase="d:\azureFun\azure-functions-core-tools\test\Azure.Functions.Cli.Tests\bin\Debug\netcoreapp2.2\Azure.Functions.Cli.Tests.dll" adapterTypeName="executor://xunit/VsTestRunner2/netcoreapp" className="Azure.Functions.Cli.Tests.ActionsTests.ResolveActionTests" name="Azure.Functions.Cli.Tests.ActionsTests.ResolveActionTests.ResolveCommandLineCorrectly(args: &quot;durable rewind --id ab1b5de4c5a9450eafa5a4cf249b31&quot;..., returnType: typeof(Azure.Functions.Cli.Actions.DurableActions.DurableRewind))" />
    </UnitTest>
    <UnitTest name="Azure.Functions.Cli.Tests.E2E.StartTests.start_displays_error_on_invalid_function_json" storage="d:\azurefun\azure-functions-core-tools\test\azure.functions.cli.tests\bin\debug\netcoreapp2.2\azure.functions.cli.tests.dll" id="8ec96d3e-65eb-c14e-7b76-f3ef6618f355">
      <Execution id="b358ebea-177f-4126-8696-e1f7cac26a4e" />
      <TestMethod codeBase="d:\azureFun\azure-functions-core-tools\test\Azure.Functions.Cli.Tests\bin\Debug\netcoreapp2.2\Azure.Functions.Cli.Tests.dll" adapterTypeName="executor://xunit/VsTestRunner2/netcoreapp" className="Azure.Functions.Cli.Tests.E2E.StartTests" name="Azure.Functions.Cli.Tests.E2E.StartTests.start_displays_error_on_invalid_function_json" />
    </UnitTest>
    <UnitTest name="Azure.Functions.Cli.Tests.E2E.SettingsTests.add_setting_plain_text" storage="d:\azurefun\azure-functions-core-tools\test\azure.functions.cli.tests\bin\debug\netcoreapp2.2\azure.functions.cli.tests.dll" id="d29c38c5-cda9-71df-9512-4f03f668c2b1">
      <Execution id="f96f20d0-ab08-4861-98ac-399fec8b99ae" />
      <TestMethod codeBase="d:\azureFun\azure-functions-core-tools\test\Azure.Functions.Cli.Tests\bin\Debug\netcoreapp2.2\Azure.Functions.Cli.Tests.dll" adapterTypeName="executor://xunit/VsTestRunner2/netcoreapp" className="Azure.Functions.Cli.Tests.E2E.SettingsTests" name="Azure.Functions.Cli.Tests.E2E.SettingsTests.add_setting_plain_text" />
    </UnitTest>
    <UnitTest name="Azure.Functions.Cli.Tests.ActionsTests.ResolveActionTests.ResolveCommandLineCorrectly(args: &quot;-version&quot;, returnType: null)" storage="d:\azurefun\azure-functions-core-tools\test\azure.functions.cli.tests\bin\debug\netcoreapp2.2\azure.functions.cli.tests.dll" id="54d83d66-97ca-4e37-322f-fea37d237ffe">
      <Execution id="d9dd88db-014c-4717-8270-a8806d71e464" />
      <TestMethod codeBase="d:\azureFun\azure-functions-core-tools\test\Azure.Functions.Cli.Tests\bin\Debug\netcoreapp2.2\Azure.Functions.Cli.Tests.dll" adapterTypeName="executor://xunit/VsTestRunner2/netcoreapp" className="Azure.Functions.Cli.Tests.ActionsTests.ResolveActionTests" name="Azure.Functions.Cli.Tests.ActionsTests.ResolveActionTests.ResolveCommandLineCorrectly(args: &quot;-version&quot;, returnType: null)" />
    </UnitTest>
    <UnitTest name="Azure.Functions.Cli.Tests.ActionsTests.ResolveActionTests.ResolveCommandLineCorrectly(args: &quot;azure set-publish-username userName&quot;, returnType: typeof(Azure.Functions.Cli.Actions.AzureActions.DeprecatedAzureActions))" storage="d:\azurefun\azure-functions-core-tools\test\azure.functions.cli.tests\bin\debug\netcoreapp2.2\azure.functions.cli.tests.dll" id="fdc61361-aca6-49a9-194e-62ff1feb1a48">
      <Execution id="4ae0d554-86c1-400d-8746-38ce63c09665" />
      <TestMethod codeBase="d:\azureFun\azure-functions-core-tools\test\Azure.Functions.Cli.Tests\bin\Debug\netcoreapp2.2\Azure.Functions.Cli.Tests.dll" adapterTypeName="executor://xunit/VsTestRunner2/netcoreapp" className="Azure.Functions.Cli.Tests.ActionsTests.ResolveActionTests" name="Azure.Functions.Cli.Tests.ActionsTests.ResolveActionTests.ResolveCommandLineCorrectly(args: &quot;azure set-publish-username userName&quot;, returnType: typeof(Azure.Functions.Cli.Actions.AzureActions.DeprecatedAzureActions))" />
    </UnitTest>
    <UnitTest name="Azure.Functions.Cli.Tests.ExtensionsTests.StringExtensionsTests.TestSanitizeImageNameWithBadFormatThrowImageNameFormatException" storage="d:\azurefun\azure-functions-core-tools\test\azure.functions.cli.tests\bin\debug\netcoreapp2.2\azure.functions.cli.tests.dll" id="f226e1a5-9790-1605-0a15-a7d728800caf">
      <Execution id="3d0dfd9b-1c01-4318-9e8a-3167259c4c04" />
      <TestMethod codeBase="d:\azureFun\azure-functions-core-tools\test\Azure.Functions.Cli.Tests\bin\Debug\netcoreapp2.2\Azure.Functions.Cli.Tests.dll" adapterTypeName="executor://xunit/VsTestRunner2/netcoreapp" className="Azure.Functions.Cli.Tests.ExtensionsTests.StringExtensionsTests" name="Azure.Functions.Cli.Tests.ExtensionsTests.StringExtensionsTests.TestSanitizeImageNameWithBadFormatThrowImageNameFormatException" />
    </UnitTest>
    <UnitTest name="Azure.Functions.Cli.Tests.CommandCheckerFacts.CommandCheckerShouldWork" storage="d:\azurefun\azure-functions-core-tools\test\azure.functions.cli.tests\bin\debug\netcoreapp2.2\azure.functions.cli.tests.dll" id="7dff628d-a279-6c19-743e-80391e45505d">
      <Execution id="081fce56-8c6b-443a-9b88-a30a84a68019" />
      <TestMethod codeBase="d:\azureFun\azure-functions-core-tools\test\Azure.Functions.Cli.Tests\bin\Debug\netcoreapp2.2\Azure.Functions.Cli.Tests.dll" adapterTypeName="executor://xunit/VsTestRunner2/netcoreapp" className="Azure.Functions.Cli.Tests.CommandCheckerFacts" name="Azure.Functions.Cli.Tests.CommandCheckerFacts.CommandCheckerShouldWork" />
    </UnitTest>
    <UnitTest name="Azure.Functions.Cli.Tests.ActionsTests.ResolveActionTests.ResolveCommandLineCorrectly(args: &quot;azure subscriptions list&quot;, returnType: typeof(Azure.Functions.Cli.Actions.AzureActions.DeprecatedAzureActions))" storage="d:\azurefun\azure-functions-core-tools\test\azure.functions.cli.tests\bin\debug\netcoreapp2.2\azure.functions.cli.tests.dll" id="54335ae6-240d-50a8-0ad6-445a6942b2d8">
      <Execution id="b8474ea1-8ca6-4aad-8d93-1308bf07b3c5" />
      <TestMethod codeBase="d:\azureFun\azure-functions-core-tools\test\Azure.Functions.Cli.Tests\bin\Debug\netcoreapp2.2\Azure.Functions.Cli.Tests.dll" adapterTypeName="executor://xunit/VsTestRunner2/netcoreapp" className="Azure.Functions.Cli.Tests.ActionsTests.ResolveActionTests" name="Azure.Functions.Cli.Tests.ActionsTests.ResolveActionTests.ResolveCommandLineCorrectly(args: &quot;azure subscriptions list&quot;, returnType: typeof(Azure.Functions.Cli.Actions.AzureActions.DeprecatedAzureActions))" />
    </UnitTest>
    <UnitTest name="Azure.Functions.Cli.Tests.UriExtensionsTests.IsJsonTest(value: &quot;{\&quot;test\&quot;: \&quot;file\&quot;}&quot;, expected: True)" storage="d:\azurefun\azure-functions-core-tools\test\azure.functions.cli.tests\bin\debug\netcoreapp2.2\azure.functions.cli.tests.dll" id="57745701-23f5-b69f-363e-4166d7dd4e91">
      <Execution id="4fd2896d-5c8a-4fbc-8cca-c47d61d3585d" />
      <TestMethod codeBase="d:\azureFun\azure-functions-core-tools\test\Azure.Functions.Cli.Tests\bin\Debug\netcoreapp2.2\Azure.Functions.Cli.Tests.dll" adapterTypeName="executor://xunit/VsTestRunner2/netcoreapp" className="Azure.Functions.Cli.Tests.UriExtensionsTests" name="Azure.Functions.Cli.Tests.UriExtensionsTests.IsJsonTest(value: &quot;{\&quot;test\&quot;: \&quot;file\&quot;}&quot;, expected: True)" />
    </UnitTest>
    <UnitTest name="Azure.Functions.Cli.Helpers.Tests.AzureHelperTests.GetFunctionKeyTest(key: &quot;default&quot;, value: &quot;default-value&quot;)" storage="d:\azurefun\azure-functions-core-tools\test\azure.functions.cli.tests\bin\debug\netcoreapp2.2\azure.functions.cli.tests.dll" id="64553088-4447-d029-5ddd-71bd5cd0aa46">
      <Execution id="85fffa5b-090b-462c-8cc7-9e85fe8d9842" />
      <TestMethod codeBase="d:\azureFun\azure-functions-core-tools\test\Azure.Functions.Cli.Tests\bin\Debug\netcoreapp2.2\Azure.Functions.Cli.Tests.dll" adapterTypeName="executor://xunit/VsTestRunner2/netcoreapp" className="Azure.Functions.Cli.Helpers.Tests.AzureHelperTests" name="Azure.Functions.Cli.Helpers.Tests.AzureHelperTests.GetFunctionKeyTest(key: &quot;default&quot;, value: &quot;default-value&quot;)" />
    </UnitTest>
    <UnitTest name="Azure.Functions.Cli.Tests.ActionsTests.ResolveActionTests.ResolveCommandLineCorrectly(args: &quot;WrongName&quot;, returnType: typeof(Azure.Functions.Cli.Actions.HelpAction))" storage="d:\azurefun\azure-functions-core-tools\test\azure.functions.cli.tests\bin\debug\netcoreapp2.2\azure.functions.cli.tests.dll" id="b4ee8f5c-889a-4fca-ff80-57fa460645d6">
      <Execution id="6f944a0c-afaf-492a-a28e-cff9084f0d81" />
      <TestMethod codeBase="d:\azureFun\azure-functions-core-tools\test\Azure.Functions.Cli.Tests\bin\Debug\netcoreapp2.2\Azure.Functions.Cli.Tests.dll" adapterTypeName="executor://xunit/VsTestRunner2/netcoreapp" className="Azure.Functions.Cli.Tests.ActionsTests.ResolveActionTests" name="Azure.Functions.Cli.Tests.ActionsTests.ResolveActionTests.ResolveCommandLineCorrectly(args: &quot;WrongName&quot;, returnType: typeof(Azure.Functions.Cli.Actions.HelpAction))" />
    </UnitTest>
    <UnitTest name="Azure.Functions.Cli.Tests.PythonHelperTests.InterpreterShouldHaveExecutablePath" storage="d:\azurefun\azure-functions-core-tools\test\azure.functions.cli.tests\bin\debug\netcoreapp2.2\azure.functions.cli.tests.dll" id="6d362e3e-2836-8a52-d263-224ae45ba8c7">
      <Execution id="f3256654-ea06-402b-bdc7-0e612aa6f7b8" />
      <TestMethod codeBase="d:\azureFun\azure-functions-core-tools\test\Azure.Functions.Cli.Tests\bin\Debug\netcoreapp2.2\Azure.Functions.Cli.Tests.dll" adapterTypeName="executor://xunit/VsTestRunner2/netcoreapp" className="Azure.Functions.Cli.Tests.PythonHelperTests" name="Azure.Functions.Cli.Tests.PythonHelperTests.InterpreterShouldHaveExecutablePath" />
    </UnitTest>
    <UnitTest name="Azure.Functions.Cli.Tests.GitIgnoreParserTests.AcceptShouldAcceptTheGivenFilenames" storage="d:\azurefun\azure-functions-core-tools\test\azure.functions.cli.tests\bin\debug\netcoreapp2.2\azure.functions.cli.tests.dll" id="99cb63a8-7e08-ff45-2917-537ab2cd414e">
      <Execution id="eca543c4-5eb3-43c8-859a-0acc66e75c2a" />
      <TestMethod codeBase="d:\azureFun\azure-functions-core-tools\test\Azure.Functions.Cli.Tests\bin\Debug\netcoreapp2.2\Azure.Functions.Cli.Tests.dll" adapterTypeName="executor://xunit/VsTestRunner2/netcoreapp" className="Azure.Functions.Cli.Tests.GitIgnoreParserTests" name="Azure.Functions.Cli.Tests.GitIgnoreParserTests.AcceptShouldAcceptTheGivenFilenames" />
    </UnitTest>
    <UnitTest name="Azure.Functions.Cli.Tests.ExtensionsTests.InstallExtensionsTests.try_install_with_no_valid_trigger" storage="d:\azurefun\azure-functions-core-tools\test\azure.functions.cli.tests\bin\debug\netcoreapp2.2\azure.functions.cli.tests.dll" id="7b9a8ca7-25e9-5b23-182e-50be49b6bb85">
      <Execution id="3359afbb-036b-4865-a5d6-e91580a3f9df" />
      <TestMethod codeBase="d:\azureFun\azure-functions-core-tools\test\Azure.Functions.Cli.Tests\bin\Debug\netcoreapp2.2\Azure.Functions.Cli.Tests.dll" adapterTypeName="executor://xunit/VsTestRunner2/netcoreapp" className="Azure.Functions.Cli.Tests.ExtensionsTests.InstallExtensionsTests" name="Azure.Functions.Cli.Tests.ExtensionsTests.InstallExtensionsTests.try_install_with_no_valid_trigger" />
    </UnitTest>
    <UnitTest name="Azure.Functions.Cli.Tests.ExtensionsTests.TaskExtensionsTests.IgnoreFailureTest" storage="d:\azurefun\azure-functions-core-tools\test\azure.functions.cli.tests\bin\debug\netcoreapp2.2\azure.functions.cli.tests.dll" id="2e97a520-f469-1426-76d3-49996cac8357">
      <Execution id="9116c448-caac-4883-875d-4a38d6114688" />
      <TestMethod codeBase="d:\azureFun\azure-functions-core-tools\test\Azure.Functions.Cli.Tests\bin\Debug\netcoreapp2.2\Azure.Functions.Cli.Tests.dll" adapterTypeName="executor://xunit/VsTestRunner2/netcoreapp" className="Azure.Functions.Cli.Tests.ExtensionsTests.TaskExtensionsTests" name="Azure.Functions.Cli.Tests.ExtensionsTests.TaskExtensionsTests.IgnoreFailureTest" />
    </UnitTest>
    <UnitTest name="Azure.Functions.Cli.Tests.KubernetesHelperUnitTests.ValidateKubernetesNames(name: &quot;normalname&quot;, isValid: True)" storage="d:\azurefun\azure-functions-core-tools\test\azure.functions.cli.tests\bin\debug\netcoreapp2.2\azure.functions.cli.tests.dll" id="1bd52704-add6-aba2-e711-716128e7b10b">
      <Execution id="6e01863b-2996-4cb9-9ec4-73ca79e75e87" />
      <TestMethod codeBase="d:\azureFun\azure-functions-core-tools\test\Azure.Functions.Cli.Tests\bin\Debug\netcoreapp2.2\Azure.Functions.Cli.Tests.dll" adapterTypeName="executor://xunit/VsTestRunner2/netcoreapp" className="Azure.Functions.Cli.Tests.KubernetesHelperUnitTests" name="Azure.Functions.Cli.Tests.KubernetesHelperUnitTests.ValidateKubernetesNames(name: &quot;normalname&quot;, isValid: True)" />
    </UnitTest>
    <UnitTest name="Azure.Functions.Cli.Tests.ActionsTests.ResolveActionTests.ResolveCommandLineCorrectly(args: &quot;--help&quot;, returnType: typeof(Azure.Functions.Cli.Actions.HelpAction))" storage="d:\azurefun\azure-functions-core-tools\test\azure.functions.cli.tests\bin\debug\netcoreapp2.2\azure.functions.cli.tests.dll" id="2eff687e-3e02-145a-61e4-bda0ef838985">
      <Execution id="346f22d7-7a7b-4d7a-b00d-b842a199c6f9" />
      <TestMethod codeBase="d:\azureFun\azure-functions-core-tools\test\Azure.Functions.Cli.Tests\bin\Debug\netcoreapp2.2\Azure.Functions.Cli.Tests.dll" adapterTypeName="executor://xunit/VsTestRunner2/netcoreapp" className="Azure.Functions.Cli.Tests.ActionsTests.ResolveActionTests" name="Azure.Functions.Cli.Tests.ActionsTests.ResolveActionTests.ResolveCommandLineCorrectly(args: &quot;--help&quot;, returnType: typeof(Azure.Functions.Cli.Actions.HelpAction))" />
    </UnitTest>
    <UnitTest name="Azure.Functions.Cli.Tests.E2E.StartTests.start_dotnet_csharp" storage="d:\azurefun\azure-functions-core-tools\test\azure.functions.cli.tests\bin\debug\netcoreapp2.2\azure.functions.cli.tests.dll" id="955249c5-d309-3548-5b00-36c27c9623c3">
      <Execution id="a22147b6-2403-4aec-8bcc-d3752087db50" />
      <TestMethod codeBase="d:\azureFun\azure-functions-core-tools\test\Azure.Functions.Cli.Tests\bin\Debug\netcoreapp2.2\Azure.Functions.Cli.Tests.dll" adapterTypeName="executor://xunit/VsTestRunner2/netcoreapp" className="Azure.Functions.Cli.Tests.E2E.StartTests" name="Azure.Functions.Cli.Tests.E2E.StartTests.start_dotnet_csharp" />
    </UnitTest>
    <UnitTest name="Azure.Functions.Cli.Tests.ActionsTests.ResolveActionTests.ResolveCommandLineCorrectly(args: &quot;settings list&quot;, returnType: typeof(Azure.Functions.Cli.Actions.LocalActions.ListSettingsAction))" storage="d:\azurefun\azure-functions-core-tools\test\azure.functions.cli.tests\bin\debug\netcoreapp2.2\azure.functions.cli.tests.dll" id="b6c76e80-b5b7-3f98-260a-f3016f7d7254">
      <Execution id="8a2dd2bd-a0a1-46e3-b1f5-07131550a37d" />
      <TestMethod codeBase="d:\azureFun\azure-functions-core-tools\test\Azure.Functions.Cli.Tests\bin\Debug\netcoreapp2.2\Azure.Functions.Cli.Tests.dll" adapterTypeName="executor://xunit/VsTestRunner2/netcoreapp" className="Azure.Functions.Cli.Tests.ActionsTests.ResolveActionTests" name="Azure.Functions.Cli.Tests.ActionsTests.ResolveActionTests.ResolveCommandLineCorrectly(args: &quot;settings list&quot;, returnType: typeof(Azure.Functions.Cli.Actions.LocalActions.ListSettingsAction))" />
    </UnitTest>
    <UnitTest name="Azure.Functions.Cli.Tests.E2E.DurableTests.DurableGetInstancesTest" storage="d:\azurefun\azure-functions-core-tools\test\azure.functions.cli.tests\bin\debug\netcoreapp2.2\azure.functions.cli.tests.dll" id="2171c70e-0095-5e1e-14ba-ab56bb1825b8">
      <Execution id="b9c5a12f-5619-4dc0-bf43-6a9e99a4c6fe" />
      <TestMethod codeBase="d:\azureFun\azure-functions-core-tools\test\Azure.Functions.Cli.Tests\bin\Debug\netcoreapp2.2\Azure.Functions.Cli.Tests.dll" adapterTypeName="executor://xunit/VsTestRunner2/netcoreapp" className="Azure.Functions.Cli.Tests.E2E.DurableTests" name="Azure.Functions.Cli.Tests.E2E.DurableTests.DurableGetInstancesTest" />
    </UnitTest>
    <UnitTest name="Azure.Functions.Cli.Tests.E2E.DurableTests.DurableRaiseEventTest" storage="d:\azurefun\azure-functions-core-tools\test\azure.functions.cli.tests\bin\debug\netcoreapp2.2\azure.functions.cli.tests.dll" id="b5584b1a-6471-bddd-51b8-b47f4a6ecf7b">
      <Execution id="eac07a1a-91ea-457a-9346-c3561799dee9" />
      <TestMethod codeBase="d:\azureFun\azure-functions-core-tools\test\Azure.Functions.Cli.Tests\bin\Debug\netcoreapp2.2\Azure.Functions.Cli.Tests.dll" adapterTypeName="executor://xunit/VsTestRunner2/netcoreapp" className="Azure.Functions.Cli.Tests.E2E.DurableTests" name="Azure.Functions.Cli.Tests.E2E.DurableTests.DurableRaiseEventTest" />
    </UnitTest>
    <UnitTest name="Azure.Functions.Cli.Tests.ActionsTests.ResolveActionTests.ResolveCommandLineCorrectly(args: &quot;azure functionapp logstream appName&quot;, returnType: typeof(Azure.Functions.Cli.Actions.AzureActions.LogStreamAction))" storage="d:\azurefun\azure-functions-core-tools\test\azure.functions.cli.tests\bin\debug\netcoreapp2.2\azure.functions.cli.tests.dll" id="ebf99807-6835-8622-f4cc-14a2fe7f032c">
      <Execution id="e471a7e0-9b0b-4338-a83a-5da51202328d" />
      <TestMethod codeBase="d:\azureFun\azure-functions-core-tools\test\Azure.Functions.Cli.Tests\bin\Debug\netcoreapp2.2\Azure.Functions.Cli.Tests.dll" adapterTypeName="executor://xunit/VsTestRunner2/netcoreapp" className="Azure.Functions.Cli.Tests.ActionsTests.ResolveActionTests" name="Azure.Functions.Cli.Tests.ActionsTests.ResolveActionTests.ResolveCommandLineCorrectly(args: &quot;azure functionapp logstream appName&quot;, returnType: typeof(Azure.Functions.Cli.Actions.AzureActions.LogStreamAction))" />
    </UnitTest>
    <UnitTest name="Azure.Functions.Cli.Tests.E2E.DurableTests.DurablePurgeHistoryTest" storage="d:\azurefun\azure-functions-core-tools\test\azure.functions.cli.tests\bin\debug\netcoreapp2.2\azure.functions.cli.tests.dll" id="243afa11-a217-684f-45f4-4db9da54a65f">
      <Execution id="d3b6e0c3-6605-4f76-8e60-deffe5cbc257" />
      <TestMethod codeBase="d:\azureFun\azure-functions-core-tools\test\Azure.Functions.Cli.Tests\bin\Debug\netcoreapp2.2\Azure.Functions.Cli.Tests.dll" adapterTypeName="executor://xunit/VsTestRunner2/netcoreapp" className="Azure.Functions.Cli.Tests.E2E.DurableTests" name="Azure.Functions.Cli.Tests.E2E.DurableTests.DurablePurgeHistoryTest" />
    </UnitTest>
    <UnitTest name="Azure.Functions.Cli.Tests.ExtensionsTests.StringExtensionsTests.TestSanitizeImageNameWithBadInputValueThrowArgumentException(input: &quot;&quot;)" storage="d:\azurefun\azure-functions-core-tools\test\azure.functions.cli.tests\bin\debug\netcoreapp2.2\azure.functions.cli.tests.dll" id="e542b29f-26d5-de41-c655-0b8a6a89cc04">
      <Execution id="ae4390ae-9a62-4eb1-93ea-6e236f413dac" />
      <TestMethod codeBase="d:\azureFun\azure-functions-core-tools\test\Azure.Functions.Cli.Tests\bin\Debug\netcoreapp2.2\Azure.Functions.Cli.Tests.dll" adapterTypeName="executor://xunit/VsTestRunner2/netcoreapp" className="Azure.Functions.Cli.Tests.ExtensionsTests.StringExtensionsTests" name="Azure.Functions.Cli.Tests.ExtensionsTests.StringExtensionsTests.TestSanitizeImageNameWithBadInputValueThrowArgumentException(input: &quot;&quot;)" />
    </UnitTest>
    <UnitTest name="Azure.Functions.Cli.Tests.ExtensionsTests.ProcessExtensionsTests.WaitForExitTest" storage="d:\azurefun\azure-functions-core-tools\test\azure.functions.cli.tests\bin\debug\netcoreapp2.2\azure.functions.cli.tests.dll" id="3d9afed2-66bd-dc4f-d141-be86f2474bf2">
      <Execution id="1a789b58-882c-49f1-954a-8814cba42a3b" />
      <TestMethod codeBase="d:\azureFun\azure-functions-core-tools\test\Azure.Functions.Cli.Tests\bin\Debug\netcoreapp2.2\Azure.Functions.Cli.Tests.dll" adapterTypeName="executor://xunit/VsTestRunner2/netcoreapp" className="Azure.Functions.Cli.Tests.ExtensionsTests.ProcessExtensionsTests" name="Azure.Functions.Cli.Tests.ExtensionsTests.ProcessExtensionsTests.WaitForExitTest" />
    </UnitTest>
    <UnitTest name="Azure.Functions.Cli.Tests.UriExtensionsTests.IsServerRunningPositiveTest" storage="d:\azurefun\azure-functions-core-tools\test\azure.functions.cli.tests\bin\debug\netcoreapp2.2\azure.functions.cli.tests.dll" id="9f3a2bf4-d34a-7d0f-b6e4-9ff26c380ab7">
      <Execution id="37d463e4-9d06-49be-adac-c302331308a3" />
      <TestMethod codeBase="d:\azureFun\azure-functions-core-tools\test\Azure.Functions.Cli.Tests\bin\Debug\netcoreapp2.2\Azure.Functions.Cli.Tests.dll" adapterTypeName="executor://xunit/VsTestRunner2/netcoreapp" className="Azure.Functions.Cli.Tests.UriExtensionsTests" name="Azure.Functions.Cli.Tests.UriExtensionsTests.IsServerRunningPositiveTest" />
    </UnitTest>
    <UnitTest name="Azure.Functions.Cli.Tests.ActionsTests.ResolveActionTests.ResolveCommandLineCorrectly(args: &quot;-v&quot;, returnType: null)" storage="d:\azurefun\azure-functions-core-tools\test\azure.functions.cli.tests\bin\debug\netcoreapp2.2\azure.functions.cli.tests.dll" id="0f458aa1-b2a7-ec6b-ca73-2245e2295c8d">
      <Execution id="e95de48b-8e4b-41b3-aece-562825fab9c9" />
      <TestMethod codeBase="d:\azureFun\azure-functions-core-tools\test\Azure.Functions.Cli.Tests\bin\Debug\netcoreapp2.2\Azure.Functions.Cli.Tests.dll" adapterTypeName="executor://xunit/VsTestRunner2/netcoreapp" className="Azure.Functions.Cli.Tests.ActionsTests.ResolveActionTests" name="Azure.Functions.Cli.Tests.ActionsTests.ResolveActionTests.ResolveCommandLineCorrectly(args: &quot;-v&quot;, returnType: null)" />
    </UnitTest>
    <UnitTest name="Azure.Functions.Cli.Tests.GitIgnoreParserTests.DeniesShouldDenyTheGivenFilenames" storage="d:\azurefun\azure-functions-core-tools\test\azure.functions.cli.tests\bin\debug\netcoreapp2.2\azure.functions.cli.tests.dll" id="cb297182-8b61-50c8-d2e2-3cfe085c978e">
      <Execution id="3678debd-084d-4a08-98f2-dbc02bad2083" />
      <TestMethod codeBase="d:\azureFun\azure-functions-core-tools\test\Azure.Functions.Cli.Tests\bin\Debug\netcoreapp2.2\Azure.Functions.Cli.Tests.dll" adapterTypeName="executor://xunit/VsTestRunner2/netcoreapp" className="Azure.Functions.Cli.Tests.GitIgnoreParserTests" name="Azure.Functions.Cli.Tests.GitIgnoreParserTests.DeniesShouldDenyTheGivenFilenames" />
    </UnitTest>
    <UnitTest name="Azure.Functions.Cli.Tests.ExtensionsTests.TaskExtensionsTests.IgnoreFailureAndFilterListOfTasks" storage="d:\azurefun\azure-functions-core-tools\test\azure.functions.cli.tests\bin\debug\netcoreapp2.2\azure.functions.cli.tests.dll" id="da4681c6-718f-bdf7-e3fd-882500cd8814">
      <Execution id="1773ff82-cb46-4f08-85ed-f6ec517b5fb0" />
      <TestMethod codeBase="d:\azureFun\azure-functions-core-tools\test\Azure.Functions.Cli.Tests\bin\Debug\netcoreapp2.2\Azure.Functions.Cli.Tests.dll" adapterTypeName="executor://xunit/VsTestRunner2/netcoreapp" className="Azure.Functions.Cli.Tests.ExtensionsTests.TaskExtensionsTests" name="Azure.Functions.Cli.Tests.ExtensionsTests.TaskExtensionsTests.IgnoreFailureAndFilterListOfTasks" />
    </UnitTest>
    <UnitTest name="Azure.Functions.Cli.Tests.KubernetesHelperUnitTests.ValidateKubernetesNames(name: &quot;name-with-dashes&quot;, isValid: True)" storage="d:\azurefun\azure-functions-core-tools\test\azure.functions.cli.tests\bin\debug\netcoreapp2.2\azure.functions.cli.tests.dll" id="7d741dfd-96b6-3ec8-237a-4816ed351140">
      <Execution id="ddc52e8f-6c81-40f7-a820-4dfcf3117fb9" />
      <TestMethod codeBase="d:\azureFun\azure-functions-core-tools\test\Azure.Functions.Cli.Tests\bin\Debug\netcoreapp2.2\Azure.Functions.Cli.Tests.dll" adapterTypeName="executor://xunit/VsTestRunner2/netcoreapp" className="Azure.Functions.Cli.Tests.KubernetesHelperUnitTests" name="Azure.Functions.Cli.Tests.KubernetesHelperUnitTests.ValidateKubernetesNames(name: &quot;name-with-dashes&quot;, isValid: True)" />
    </UnitTest>
    <UnitTest name="Azure.Functions.Cli.Tests.E2E.InitTests.init_ts_app_using_runtime" storage="d:\azurefun\azure-functions-core-tools\test\azure.functions.cli.tests\bin\debug\netcoreapp2.2\azure.functions.cli.tests.dll" id="39f587a1-adfa-40ac-1d64-2729707c10fc">
      <Execution id="e82e7e02-0aee-457b-9e92-dcf6a06b68cc" />
      <TestMethod codeBase="d:\azureFun\azure-functions-core-tools\test\Azure.Functions.Cli.Tests\bin\Debug\netcoreapp2.2\Azure.Functions.Cli.Tests.dll" adapterTypeName="executor://xunit/VsTestRunner2/netcoreapp" className="Azure.Functions.Cli.Tests.E2E.InitTests" name="Azure.Functions.Cli.Tests.E2E.InitTests.init_ts_app_using_runtime" />
    </UnitTest>
    <UnitTest name="Azure.Functions.Cli.Tests.UriExtensionsTests.IsJsonTest(value: &quot;test&quot;, expected: False)" storage="d:\azurefun\azure-functions-core-tools\test\azure.functions.cli.tests\bin\debug\netcoreapp2.2\azure.functions.cli.tests.dll" id="66f6f242-74b3-6a0b-fa81-2412711abe67">
      <Execution id="f09df532-de78-41e5-ae77-527ba84787b1" />
      <TestMethod codeBase="d:\azureFun\azure-functions-core-tools\test\Azure.Functions.Cli.Tests\bin\Debug\netcoreapp2.2\Azure.Functions.Cli.Tests.dll" adapterTypeName="executor://xunit/VsTestRunner2/netcoreapp" className="Azure.Functions.Cli.Tests.UriExtensionsTests" name="Azure.Functions.Cli.Tests.UriExtensionsTests.IsJsonTest(value: &quot;test&quot;, expected: False)" />
    </UnitTest>
    <UnitTest name="Azure.Functions.Cli.Tests.ActionsTests.ResolveActionTests.ResolveCommandLineCorrectly(args: &quot;durable get-instances --created-before 11/10/2018 &quot;..., returnType: typeof(Azure.Functions.Cli.Actions.DurableActions.DurableGetInstances))" storage="d:\azurefun\azure-functions-core-tools\test\azure.functions.cli.tests\bin\debug\netcoreapp2.2\azure.functions.cli.tests.dll" id="ffd1e9b5-9428-7728-bd40-88718d74b2e7">
      <Execution id="5b3e4578-53ac-4b56-9737-c72570b27254" />
      <TestMethod codeBase="d:\azureFun\azure-functions-core-tools\test\Azure.Functions.Cli.Tests\bin\Debug\netcoreapp2.2\Azure.Functions.Cli.Tests.dll" adapterTypeName="executor://xunit/VsTestRunner2/netcoreapp" className="Azure.Functions.Cli.Tests.ActionsTests.ResolveActionTests" name="Azure.Functions.Cli.Tests.ActionsTests.ResolveActionTests.ResolveCommandLineCorrectly(args: &quot;durable get-instances --created-before 11/10/2018 &quot;..., returnType: typeof(Azure.Functions.Cli.Actions.DurableActions.DurableGetInstances))" />
    </UnitTest>
    <UnitTest name="Azure.Functions.Cli.Tests.ActionsTests.ResolveActionTests.ResolveCommandLineCorrectly(args: &quot;durable get-runtime-status --id ab1b5de4c5a9450eaf&quot;..., returnType: typeof(Azure.Functions.Cli.Actions.DurableActions.DurableGetRuntimeStatus))" storage="d:\azurefun\azure-functions-core-tools\test\azure.functions.cli.tests\bin\debug\netcoreapp2.2\azure.functions.cli.tests.dll" id="bd78b515-00b0-094a-e313-5142986debc4">
      <Execution id="c5dbdf60-b315-460b-9c0c-a17a51899bac" />
      <TestMethod codeBase="d:\azureFun\azure-functions-core-tools\test\Azure.Functions.Cli.Tests\bin\Debug\netcoreapp2.2\Azure.Functions.Cli.Tests.dll" adapterTypeName="executor://xunit/VsTestRunner2/netcoreapp" className="Azure.Functions.Cli.Tests.ActionsTests.ResolveActionTests" name="Azure.Functions.Cli.Tests.ActionsTests.ResolveActionTests.ResolveCommandLineCorrectly(args: &quot;durable get-runtime-status --id ab1b5de4c5a9450eaf&quot;..., returnType: typeof(Azure.Functions.Cli.Actions.DurableActions.DurableGetRuntimeStatus))" />
    </UnitTest>
    <UnitTest name="Azure.Functions.Cli.Tests.ActionsTests.ResolveActionTests.ResolveCommandLineCorrectly(args: &quot;durable terminate --id ab1b5de4c5a9450eafa5a4cf249&quot;..., returnType: typeof(Azure.Functions.Cli.Actions.DurableActions.DurableTerminate))" storage="d:\azurefun\azure-functions-core-tools\test\azure.functions.cli.tests\bin\debug\netcoreapp2.2\azure.functions.cli.tests.dll" id="559d4974-8bb6-79f3-b951-eb7c787ce1a9">
      <Execution id="390ea072-0ba6-4ecf-911d-cdebae2519ab" />
      <TestMethod codeBase="d:\azureFun\azure-functions-core-tools\test\Azure.Functions.Cli.Tests\bin\Debug\netcoreapp2.2\Azure.Functions.Cli.Tests.dll" adapterTypeName="executor://xunit/VsTestRunner2/netcoreapp" className="Azure.Functions.Cli.Tests.ActionsTests.ResolveActionTests" name="Azure.Functions.Cli.Tests.ActionsTests.ResolveActionTests.ResolveCommandLineCorrectly(args: &quot;durable terminate --id ab1b5de4c5a9450eafa5a4cf249&quot;..., returnType: typeof(Azure.Functions.Cli.Actions.DurableActions.DurableTerminate))" />
    </UnitTest>
    <UnitTest name="Azure.Functions.Cli.Tests.E2E.StartTests.start_nodejs" storage="d:\azurefun\azure-functions-core-tools\test\azure.functions.cli.tests\bin\debug\netcoreapp2.2\azure.functions.cli.tests.dll" id="aa1df594-40d4-e137-cd98-d22b8508a548">
      <Execution id="4fb82e70-0994-442b-8e63-74887d235489" />
      <TestMethod codeBase="d:\azureFun\azure-functions-core-tools\test\Azure.Functions.Cli.Tests\bin\Debug\netcoreapp2.2\Azure.Functions.Cli.Tests.dll" adapterTypeName="executor://xunit/VsTestRunner2/netcoreapp" className="Azure.Functions.Cli.Tests.E2E.StartTests" name="Azure.Functions.Cli.Tests.E2E.StartTests.start_nodejs" />
    </UnitTest>
    <UnitTest name="Azure.Functions.Cli.Tests.ExtensionsTests.GenericExtensionsTests.MergeWithTest" storage="d:\azurefun\azure-functions-core-tools\test\azure.functions.cli.tests\bin\debug\netcoreapp2.2\azure.functions.cli.tests.dll" id="e85947ae-606d-a182-c346-4b538925928d">
      <Execution id="7f2d386b-cb84-435d-bf40-b8c5534e06fd" />
      <TestMethod codeBase="d:\azureFun\azure-functions-core-tools\test\Azure.Functions.Cli.Tests\bin\Debug\netcoreapp2.2\Azure.Functions.Cli.Tests.dll" adapterTypeName="executor://xunit/VsTestRunner2/netcoreapp" className="Azure.Functions.Cli.Tests.ExtensionsTests.GenericExtensionsTests" name="Azure.Functions.Cli.Tests.ExtensionsTests.GenericExtensionsTests.MergeWithTest" />
    </UnitTest>
    <UnitTest name="Azure.Functions.Cli.Tests.ExtensionsTests.InstallExtensionsTests.try_install_with_a_valid_trigger" storage="d:\azurefun\azure-functions-core-tools\test\azure.functions.cli.tests\bin\debug\netcoreapp2.2\azure.functions.cli.tests.dll" id="a2d484e5-4918-7da9-1f89-adae87529a89">
      <Execution id="63561150-190f-4747-8385-5d4ccc5a8ac0" />
      <TestMethod codeBase="d:\azureFun\azure-functions-core-tools\test\Azure.Functions.Cli.Tests\bin\Debug\netcoreapp2.2\Azure.Functions.Cli.Tests.dll" adapterTypeName="executor://xunit/VsTestRunner2/netcoreapp" className="Azure.Functions.Cli.Tests.ExtensionsTests.InstallExtensionsTests" name="Azure.Functions.Cli.Tests.ExtensionsTests.InstallExtensionsTests.try_install_with_a_valid_trigger" />
    </UnitTest>
    <UnitTest name="Azure.Functions.Cli.Tests.ActionsTests.ResolveActionTests.ResolveCommandLineCorrectly(args: &quot;settings add settingName&quot;, returnType: typeof(Azure.Functions.Cli.Actions.LocalActions.AddSettingAction))" storage="d:\azurefun\azure-functions-core-tools\test\azure.functions.cli.tests\bin\debug\netcoreapp2.2\azure.functions.cli.tests.dll" id="42204d7b-dea8-ac96-e080-6b7a82a5585a">
      <Execution id="2c2f4470-5ef5-4100-978d-792e4356392b" />
      <TestMethod codeBase="d:\azureFun\azure-functions-core-tools\test\Azure.Functions.Cli.Tests\bin\Debug\netcoreapp2.2\Azure.Functions.Cli.Tests.dll" adapterTypeName="executor://xunit/VsTestRunner2/netcoreapp" className="Azure.Functions.Cli.Tests.ActionsTests.ResolveActionTests" name="Azure.Functions.Cli.Tests.ActionsTests.ResolveActionTests.ResolveCommandLineCorrectly(args: &quot;settings add settingName&quot;, returnType: typeof(Azure.Functions.Cli.Actions.LocalActions.AddSettingAction))" />
    </UnitTest>
    <UnitTest name="Azure.Functions.Cli.Tests.E2E.DurableTests.DurableTerminateTest" storage="d:\azurefun\azure-functions-core-tools\test\azure.functions.cli.tests\bin\debug\netcoreapp2.2\azure.functions.cli.tests.dll" id="457c4f00-2dd8-d508-c1d2-c12724633f05">
      <Execution id="d73fa7ab-e460-407a-b7ae-380dd884d3a0" />
      <TestMethod codeBase="d:\azureFun\azure-functions-core-tools\test\Azure.Functions.Cli.Tests\bin\Debug\netcoreapp2.2\Azure.Functions.Cli.Tests.dll" adapterTypeName="executor://xunit/VsTestRunner2/netcoreapp" className="Azure.Functions.Cli.Tests.E2E.DurableTests" name="Azure.Functions.Cli.Tests.E2E.DurableTests.DurableTerminateTest" />
    </UnitTest>
    <UnitTest name="Azure.Functions.Cli.Tests.ActionsTests.ResolveActionTests.ResolveCommandLineCorrectly(args: &quot;azure set-publish-password userName&quot;, returnType: typeof(Azure.Functions.Cli.Actions.AzureActions.DeprecatedAzureActions))" storage="d:\azurefun\azure-functions-core-tools\test\azure.functions.cli.tests\bin\debug\netcoreapp2.2\azure.functions.cli.tests.dll" id="574b6f6d-989c-3073-4252-0f2938f02b70">
      <Execution id="d92e114f-43a3-41d9-ac36-89cd894c5a65" />
      <TestMethod codeBase="d:\azureFun\azure-functions-core-tools\test\Azure.Functions.Cli.Tests\bin\Debug\netcoreapp2.2\Azure.Functions.Cli.Tests.dll" adapterTypeName="executor://xunit/VsTestRunner2/netcoreapp" className="Azure.Functions.Cli.Tests.ActionsTests.ResolveActionTests" name="Azure.Functions.Cli.Tests.ActionsTests.ResolveActionTests.ResolveCommandLineCorrectly(args: &quot;azure set-publish-password userName&quot;, returnType: typeof(Azure.Functions.Cli.Actions.AzureActions.DeprecatedAzureActions))" />
    </UnitTest>
    <UnitTest name="Azure.Functions.Cli.Tests.KubernetesHelperUnitTests.ValidateKubernetesNames(name: &quot;name@something&quot;, isValid: False)" storage="d:\azurefun\azure-functions-core-tools\test\azure.functions.cli.tests\bin\debug\netcoreapp2.2\azure.functions.cli.tests.dll" id="9f1f89d8-fb6f-2826-e480-ce8a90986031">
      <Execution id="2c26ddda-c7de-4000-9c35-582023a1b3f1" />
      <TestMethod codeBase="d:\azureFun\azure-functions-core-tools\test\Azure.Functions.Cli.Tests\bin\Debug\netcoreapp2.2\Azure.Functions.Cli.Tests.dll" adapterTypeName="executor://xunit/VsTestRunner2/netcoreapp" className="Azure.Functions.Cli.Tests.KubernetesHelperUnitTests" name="Azure.Functions.Cli.Tests.KubernetesHelperUnitTests.ValidateKubernetesNames(name: &quot;name@something&quot;, isValid: False)" />
    </UnitTest>
    <UnitTest name="Azure.Functions.Cli.Tests.ActionsTests.ResolveActionTests.ResolveCommandLineCorrectly(args: &quot;azure functionapp list&quot;, returnType: typeof(Azure.Functions.Cli.Actions.AzureActions.DeprecatedAzureActions))" storage="d:\azurefun\azure-functions-core-tools\test\azure.functions.cli.tests\bin\debug\netcoreapp2.2\azure.functions.cli.tests.dll" id="78561c78-b11f-249e-8d46-afb9f8373f86">
      <Execution id="fdefefd4-9aaa-45f4-9841-11a70ae90096" />
      <TestMethod codeBase="d:\azureFun\azure-functions-core-tools\test\Azure.Functions.Cli.Tests\bin\Debug\netcoreapp2.2\Azure.Functions.Cli.Tests.dll" adapterTypeName="executor://xunit/VsTestRunner2/netcoreapp" className="Azure.Functions.Cli.Tests.ActionsTests.ResolveActionTests" name="Azure.Functions.Cli.Tests.ActionsTests.ResolveActionTests.ResolveCommandLineCorrectly(args: &quot;azure functionapp list&quot;, returnType: typeof(Azure.Functions.Cli.Actions.AzureActions.DeprecatedAzureActions))" />
    </UnitTest>
    <UnitTest name="Azure.Functions.Cli.Tests.E2E.CreateFunctionTests.create_template_function_success_message" storage="d:\azurefun\azure-functions-core-tools\test\azure.functions.cli.tests\bin\debug\netcoreapp2.2\azure.functions.cli.tests.dll" id="5003810b-7863-4dc1-5248-e3712431e6d6">
      <Execution id="33e47d05-29fd-42db-b3c4-d44522c933f1" />
      <TestMethod codeBase="d:\azureFun\azure-functions-core-tools\test\Azure.Functions.Cli.Tests\bin\Debug\netcoreapp2.2\Azure.Functions.Cli.Tests.dll" adapterTypeName="executor://xunit/VsTestRunner2/netcoreapp" className="Azure.Functions.Cli.Tests.E2E.CreateFunctionTests" name="Azure.Functions.Cli.Tests.E2E.CreateFunctionTests.create_template_function_success_message" />
    </UnitTest>
    <UnitTest name="Azure.Functions.Cli.Tests.UriExtensionsTests.IsJsonTest(value: null, expected: False)" storage="d:\azurefun\azure-functions-core-tools\test\azure.functions.cli.tests\bin\debug\netcoreapp2.2\azure.functions.cli.tests.dll" id="c1732864-2ff6-7242-778b-b3833fe8c752">
      <Execution id="ecbfc2f3-f5f6-4ffc-ac3f-f03ebb360184" />
      <TestMethod codeBase="d:\azureFun\azure-functions-core-tools\test\Azure.Functions.Cli.Tests\bin\Debug\netcoreapp2.2\Azure.Functions.Cli.Tests.dll" adapterTypeName="executor://xunit/VsTestRunner2/netcoreapp" className="Azure.Functions.Cli.Tests.UriExtensionsTests" name="Azure.Functions.Cli.Tests.UriExtensionsTests.IsJsonTest(value: null, expected: False)" />
    </UnitTest>
    <UnitTest name="Azure.Functions.Cli.Tests.UriExtensionsTests.IsServerRunningNegativeTest(Url: &quot;invalid://example.com&quot;, expected: False)" storage="d:\azurefun\azure-functions-core-tools\test\azure.functions.cli.tests\bin\debug\netcoreapp2.2\azure.functions.cli.tests.dll" id="4fe61fb2-add7-9b86-7ac9-963c2c517c14">
      <Execution id="8e3d5c02-005a-4cbf-9e21-935353908403" />
      <TestMethod codeBase="d:\azureFun\azure-functions-core-tools\test\Azure.Functions.Cli.Tests\bin\Debug\netcoreapp2.2\Azure.Functions.Cli.Tests.dll" adapterTypeName="executor://xunit/VsTestRunner2/netcoreapp" className="Azure.Functions.Cli.Tests.UriExtensionsTests" name="Azure.Functions.Cli.Tests.UriExtensionsTests.IsServerRunningNegativeTest(Url: &quot;invalid://example.com&quot;, expected: False)" />
    </UnitTest>
    <UnitTest name="Azure.Functions.Cli.Tests.KubernetesHelperUnitTests.ValidateKubernetesNames(name: &quot;NameWithCapital&quot;, isValid: False)" storage="d:\azurefun\azure-functions-core-tools\test\azure.functions.cli.tests\bin\debug\netcoreapp2.2\azure.functions.cli.tests.dll" id="744b1472-67f7-81df-ef74-a77709274f11">
      <Execution id="88bb1bed-63ff-4c2e-aaaf-135600923eee" />
      <TestMethod codeBase="d:\azureFun\azure-functions-core-tools\test\Azure.Functions.Cli.Tests\bin\Debug\netcoreapp2.2\Azure.Functions.Cli.Tests.dll" adapterTypeName="executor://xunit/VsTestRunner2/netcoreapp" className="Azure.Functions.Cli.Tests.KubernetesHelperUnitTests" name="Azure.Functions.Cli.Tests.KubernetesHelperUnitTests.ValidateKubernetesNames(name: &quot;NameWithCapital&quot;, isValid: False)" />
    </UnitTest>
    <UnitTest name="Azure.Functions.Cli.Tests.E2E.InitTests.init_docker_only_for_existing_project(workerRuntime: &quot;dotnet&quot;)" storage="d:\azurefun\azure-functions-core-tools\test\azure.functions.cli.tests\bin\debug\netcoreapp2.2\azure.functions.cli.tests.dll" id="e553ca05-308a-bf73-e898-77e7d60f149d">
      <Execution id="1ff583b1-4e0a-436f-a29e-acb7d568dd75" />
      <TestMethod codeBase="d:\azureFun\azure-functions-core-tools\test\Azure.Functions.Cli.Tests\bin\Debug\netcoreapp2.2\Azure.Functions.Cli.Tests.dll" adapterTypeName="executor://xunit/VsTestRunner2/netcoreapp" className="Azure.Functions.Cli.Tests.E2E.InitTests" name="Azure.Functions.Cli.Tests.E2E.InitTests.init_docker_only_for_existing_project(workerRuntime: &quot;dotnet&quot;)" />
    </UnitTest>
    <UnitTest name="Azure.Functions.Cli.Tests.GitIgnoreParserTests.DeniesShouldNotDenyUnignoredFilesInIgnoredDirectories" storage="d:\azurefun\azure-functions-core-tools\test\azure.functions.cli.tests\bin\debug\netcoreapp2.2\azure.functions.cli.tests.dll" id="1933ec56-27e4-c95b-c87a-ed7e486a9d13">
      <Execution id="18b91b61-537b-4961-8ba4-81fc246d1b6b" />
      <TestMethod codeBase="d:\azureFun\azure-functions-core-tools\test\Azure.Functions.Cli.Tests\bin\Debug\netcoreapp2.2\Azure.Functions.Cli.Tests.dll" adapterTypeName="executor://xunit/VsTestRunner2/netcoreapp" className="Azure.Functions.Cli.Tests.GitIgnoreParserTests" name="Azure.Functions.Cli.Tests.GitIgnoreParserTests.DeniesShouldNotDenyUnignoredFilesInIgnoredDirectories" />
    </UnitTest>
    <UnitTest name="Azure.Functions.Cli.Tests.E2E.DurableTests.DurableRewindTest" storage="d:\azurefun\azure-functions-core-tools\test\azure.functions.cli.tests\bin\debug\netcoreapp2.2\azure.functions.cli.tests.dll" id="f45bfa4a-0d9f-47fe-e10c-d3e4e94868ea">
      <Execution id="4ddc09bc-613a-4878-ad5b-21ca8f6f1314" />
      <TestMethod codeBase="d:\azureFun\azure-functions-core-tools\test\Azure.Functions.Cli.Tests\bin\Debug\netcoreapp2.2\Azure.Functions.Cli.Tests.dll" adapterTypeName="executor://xunit/VsTestRunner2/netcoreapp" className="Azure.Functions.Cli.Tests.E2E.DurableTests" name="Azure.Functions.Cli.Tests.E2E.DurableTests.DurableRewindTest" />
    </UnitTest>
    <UnitTest name="Azure.Functions.Cli.Tests.E2E.InitTests.init_with_python_Dockerfile" storage="d:\azurefun\azure-functions-core-tools\test\azure.functions.cli.tests\bin\debug\netcoreapp2.2\azure.functions.cli.tests.dll" id="e0ef2013-516b-50af-1cfc-3551e92565d5">
      <Execution id="7f15eaf3-ad33-46d1-a6ac-41b18e2370e3" />
      <TestMethod codeBase="d:\azureFun\azure-functions-core-tools\test\Azure.Functions.Cli.Tests\bin\Debug\netcoreapp2.2\Azure.Functions.Cli.Tests.dll" adapterTypeName="executor://xunit/VsTestRunner2/netcoreapp" className="Azure.Functions.Cli.Tests.E2E.InitTests" name="Azure.Functions.Cli.Tests.E2E.InitTests.init_with_python_Dockerfile" />
    </UnitTest>
    <UnitTest name="Azure.Functions.Cli.Tests.E2E.InitTests.init_docker_only_for_existing_project(workerRuntime: &quot;powershell&quot;)" storage="d:\azurefun\azure-functions-core-tools\test\azure.functions.cli.tests\bin\debug\netcoreapp2.2\azure.functions.cli.tests.dll" id="a33e1e9b-21a9-4ffd-da79-f2532b99fd5f">
      <Execution id="0b079e24-3f9b-4bc6-8dcb-5bc01c6f6fb7" />
      <TestMethod codeBase="d:\azureFun\azure-functions-core-tools\test\Azure.Functions.Cli.Tests\bin\Debug\netcoreapp2.2\Azure.Functions.Cli.Tests.dll" adapterTypeName="executor://xunit/VsTestRunner2/netcoreapp" className="Azure.Functions.Cli.Tests.E2E.InitTests" name="Azure.Functions.Cli.Tests.E2E.InitTests.init_docker_only_for_existing_project(workerRuntime: &quot;powershell&quot;)" />
    </UnitTest>
    <UnitTest name="Azure.Functions.Cli.Tests.ActionsTests.ResolveActionTests.ResolveCommandLineCorrectly(args: &quot;azure storage fetch-connection-string storageName&quot;, returnType: typeof(Azure.Functions.Cli.Actions.AzureActions.AddStorageAccountSettingAction))" storage="d:\azurefun\azure-functions-core-tools\test\azure.functions.cli.tests\bin\debug\netcoreapp2.2\azure.functions.cli.tests.dll" id="58dd0057-84d2-2bc0-2c61-ba1b40563254">
      <Execution id="de6c0a56-e727-4d3f-bc3f-1e11d4745314" />
      <TestMethod codeBase="d:\azureFun\azure-functions-core-tools\test\Azure.Functions.Cli.Tests\bin\Debug\netcoreapp2.2\Azure.Functions.Cli.Tests.dll" adapterTypeName="executor://xunit/VsTestRunner2/netcoreapp" className="Azure.Functions.Cli.Tests.ActionsTests.ResolveActionTests" name="Azure.Functions.Cli.Tests.ActionsTests.ResolveActionTests.ResolveCommandLineCorrectly(args: &quot;azure storage fetch-connection-string storageName&quot;, returnType: typeof(Azure.Functions.Cli.Actions.AzureActions.AddStorageAccountSettingAction))" />
    </UnitTest>
    <UnitTest name="Azure.Functions.Cli.Tests.ExtensionsTests.StringExtensionsTests.TestSanitizeImageNameWithBadFormatSanitizeOutput(input: &quot;GetMessages&quot;, expected: &quot;getmessages&quot;)" storage="d:\azurefun\azure-functions-core-tools\test\azure.functions.cli.tests\bin\debug\netcoreapp2.2\azure.functions.cli.tests.dll" id="251a8b14-d748-20b6-c258-9f54a47d59dd">
      <Execution id="be2679d3-3f07-4c15-ab66-3e35f00f4130" />
      <TestMethod codeBase="d:\azureFun\azure-functions-core-tools\test\Azure.Functions.Cli.Tests\bin\Debug\netcoreapp2.2\Azure.Functions.Cli.Tests.dll" adapterTypeName="executor://xunit/VsTestRunner2/netcoreapp" className="Azure.Functions.Cli.Tests.ExtensionsTests.StringExtensionsTests" name="Azure.Functions.Cli.Tests.ExtensionsTests.StringExtensionsTests.TestSanitizeImageNameWithBadFormatSanitizeOutput(input: &quot;GetMessages&quot;, expected: &quot;getmessages&quot;)" />
    </UnitTest>
    <UnitTest name="Azure.Functions.Cli.Tests.ActionsTests.ResolveActionTests.ResolveCommandLineCorrectly(args: &quot;durable purge-history --created-after 11/5/2018 --&quot;..., returnType: typeof(Azure.Functions.Cli.Actions.DurableActions.DurablePurgeHistory))" storage="d:\azurefun\azure-functions-core-tools\test\azure.functions.cli.tests\bin\debug\netcoreapp2.2\azure.functions.cli.tests.dll" id="48e1ca5f-db9a-873c-f3bc-7991e0057d11">
      <Execution id="3ec7637f-5d80-43c8-88a6-d42de3daaa98" />
      <TestMethod codeBase="d:\azureFun\azure-functions-core-tools\test\Azure.Functions.Cli.Tests\bin\Debug\netcoreapp2.2\Azure.Functions.Cli.Tests.dll" adapterTypeName="executor://xunit/VsTestRunner2/netcoreapp" className="Azure.Functions.Cli.Tests.ActionsTests.ResolveActionTests" name="Azure.Functions.Cli.Tests.ActionsTests.ResolveActionTests.ResolveCommandLineCorrectly(args: &quot;durable purge-history --created-after 11/5/2018 --&quot;..., returnType: typeof(Azure.Functions.Cli.Actions.DurableActions.DurablePurgeHistory))" />
    </UnitTest>
    <UnitTest name="Azure.Functions.Cli.Tests.E2E.CreateFunctionTests.create_typescript_template" storage="d:\azurefun\azure-functions-core-tools\test\azure.functions.cli.tests\bin\debug\netcoreapp2.2\azure.functions.cli.tests.dll" id="a2fc6bf4-45cb-b71d-9969-54743329e6ec">
      <Execution id="c6f543b5-927e-4c2d-b82a-a7e85f088ea8" />
      <TestMethod codeBase="d:\azureFun\azure-functions-core-tools\test\Azure.Functions.Cli.Tests\bin\Debug\netcoreapp2.2\Azure.Functions.Cli.Tests.dll" adapterTypeName="executor://xunit/VsTestRunner2/netcoreapp" className="Azure.Functions.Cli.Tests.E2E.CreateFunctionTests" name="Azure.Functions.Cli.Tests.E2E.CreateFunctionTests.create_typescript_template" />
    </UnitTest>
    <UnitTest name="Azure.Functions.Cli.Tests.GitIgnoreParserTests.AcceptShouldNotAcceptTheGivenFilenames" storage="d:\azurefun\azure-functions-core-tools\test\azure.functions.cli.tests\bin\debug\netcoreapp2.2\azure.functions.cli.tests.dll" id="f495c734-8012-31b2-3361-92d27fb8c6d0">
      <Execution id="d91cd947-2e30-48ae-864e-0de5c1891b0e" />
      <TestMethod codeBase="d:\azureFun\azure-functions-core-tools\test\Azure.Functions.Cli.Tests\bin\Debug\netcoreapp2.2\Azure.Functions.Cli.Tests.dll" adapterTypeName="executor://xunit/VsTestRunner2/netcoreapp" className="Azure.Functions.Cli.Tests.GitIgnoreParserTests" name="Azure.Functions.Cli.Tests.GitIgnoreParserTests.AcceptShouldNotAcceptTheGivenFilenames" />
    </UnitTest>
    <UnitTest name="Azure.Functions.Cli.Tests.E2E.InitTests.init_with_Dockerfile(workerRuntime: &quot;node&quot;)" storage="d:\azurefun\azure-functions-core-tools\test\azure.functions.cli.tests\bin\debug\netcoreapp2.2\azure.functions.cli.tests.dll" id="dae95602-c54d-e58f-4f04-32815860a055">
      <Execution id="5abc6523-ca73-4a0b-aff6-ccf760b9dfaf" />
      <TestMethod codeBase="d:\azureFun\azure-functions-core-tools\test\Azure.Functions.Cli.Tests\bin\Debug\netcoreapp2.2\Azure.Functions.Cli.Tests.dll" adapterTypeName="executor://xunit/VsTestRunner2/netcoreapp" className="Azure.Functions.Cli.Tests.E2E.InitTests" name="Azure.Functions.Cli.Tests.E2E.InitTests.init_with_Dockerfile(workerRuntime: &quot;node&quot;)" />
    </UnitTest>
    <UnitTest name="Azure.Functions.Cli.Tests.GitIgnoreParserTests.AcceptShouldAcceptUnignoredFilesInIgnoredDirectories" storage="d:\azurefun\azure-functions-core-tools\test\azure.functions.cli.tests\bin\debug\netcoreapp2.2\azure.functions.cli.tests.dll" id="9dbb5f07-9422-6d35-4546-edac74e177fc">
      <Execution id="a1765f8e-1d22-48b2-b751-8bed41919448" />
      <TestMethod codeBase="d:\azureFun\azure-functions-core-tools\test\Azure.Functions.Cli.Tests\bin\Debug\netcoreapp2.2\Azure.Functions.Cli.Tests.dll" adapterTypeName="executor://xunit/VsTestRunner2/netcoreapp" className="Azure.Functions.Cli.Tests.GitIgnoreParserTests" name="Azure.Functions.Cli.Tests.GitIgnoreParserTests.AcceptShouldAcceptUnignoredFilesInIgnoredDirectories" />
    </UnitTest>
    <UnitTest name="Azure.Functions.Cli.Tests.PythonHelperTests.WorkerInfoRuntimeShouldBePython" storage="d:\azurefun\azure-functions-core-tools\test\azure.functions.cli.tests\bin\debug\netcoreapp2.2\azure.functions.cli.tests.dll" id="6c3067fd-9bb8-1e0f-ecd6-371134f53472">
      <Execution id="04acb750-4910-46ba-8b90-a07706475a44" />
      <TestMethod codeBase="d:\azureFun\azure-functions-core-tools\test\Azure.Functions.Cli.Tests\bin\Debug\netcoreapp2.2\Azure.Functions.Cli.Tests.dll" adapterTypeName="executor://xunit/VsTestRunner2/netcoreapp" className="Azure.Functions.Cli.Tests.PythonHelperTests" name="Azure.Functions.Cli.Tests.PythonHelperTests.WorkerInfoRuntimeShouldBePython" />
    </UnitTest>
    <UnitTest name="Azure.Functions.Cli.Tests.ExtensionsTests.StringExtensionsTests.TestSanitizeImageNameWithBadInputValueThrowArgumentException(input: null)" storage="d:\azurefun\azure-functions-core-tools\test\azure.functions.cli.tests\bin\debug\netcoreapp2.2\azure.functions.cli.tests.dll" id="c226dbe1-d186-ab67-74ad-e414345f8981">
      <Execution id="8e624035-706a-4432-8233-bfe92650d0d2" />
      <TestMethod codeBase="d:\azureFun\azure-functions-core-tools\test\Azure.Functions.Cli.Tests\bin\Debug\netcoreapp2.2\Azure.Functions.Cli.Tests.dll" adapterTypeName="executor://xunit/VsTestRunner2/netcoreapp" className="Azure.Functions.Cli.Tests.ExtensionsTests.StringExtensionsTests" name="Azure.Functions.Cli.Tests.ExtensionsTests.StringExtensionsTests.TestSanitizeImageNameWithBadInputValueThrowArgumentException(input: null)" />
    </UnitTest>
    <UnitTest name="Azure.Functions.Cli.Tests.E2E.InitTests.init_function_app_powershell_supports_managed_dependencies" storage="d:\azurefun\azure-functions-core-tools\test\azure.functions.cli.tests\bin\debug\netcoreapp2.2\azure.functions.cli.tests.dll" id="30b4d0c9-fe72-ccd3-41b4-452db0ee6a68">
      <Execution id="1e83ea7e-a139-4dc8-8b15-0a352ccc1fd2" />
      <TestMethod codeBase="d:\azureFun\azure-functions-core-tools\test\Azure.Functions.Cli.Tests\bin\Debug\netcoreapp2.2\Azure.Functions.Cli.Tests.dll" adapterTypeName="executor://xunit/VsTestRunner2/netcoreapp" className="Azure.Functions.Cli.Tests.E2E.InitTests" name="Azure.Functions.Cli.Tests.E2E.InitTests.init_function_app_powershell_supports_managed_dependencies" />
    </UnitTest>
    <UnitTest name="Azure.Functions.Cli.Tests.E2E.DurableTests.DurableRaiseEventTest_FileInput" storage="d:\azurefun\azure-functions-core-tools\test\azure.functions.cli.tests\bin\debug\netcoreapp2.2\azure.functions.cli.tests.dll" id="dbcfb085-f35e-3e6c-7da7-020156e9943f">
      <Execution id="4f0d81de-6095-497d-96f0-316dfc521bbb" />
      <TestMethod codeBase="d:\azureFun\azure-functions-core-tools\test\Azure.Functions.Cli.Tests\bin\Debug\netcoreapp2.2\Azure.Functions.Cli.Tests.dll" adapterTypeName="executor://xunit/VsTestRunner2/netcoreapp" className="Azure.Functions.Cli.Tests.E2E.DurableTests" name="Azure.Functions.Cli.Tests.E2E.DurableTests.DurableRaiseEventTest_FileInput" />
    </UnitTest>
    <UnitTest name="Azure.Functions.Cli.Tests.E2E.CreateFunctionTests.create_template_function_dotnet_space_name" storage="d:\azurefun\azure-functions-core-tools\test\azure.functions.cli.tests\bin\debug\netcoreapp2.2\azure.functions.cli.tests.dll" id="466aaf20-b831-75c4-9896-16bee603351c">
      <Execution id="cdd9f6d1-4d1e-46e0-8e75-1ee3902d212d" />
      <TestMethod codeBase="d:\azureFun\azure-functions-core-tools\test\Azure.Functions.Cli.Tests\bin\Debug\netcoreapp2.2\Azure.Functions.Cli.Tests.dll" adapterTypeName="executor://xunit/VsTestRunner2/netcoreapp" className="Azure.Functions.Cli.Tests.E2E.CreateFunctionTests" name="Azure.Functions.Cli.Tests.E2E.CreateFunctionTests.create_template_function_dotnet_space_name" />
    </UnitTest>
    <UnitTest name="Azure.Functions.Cli.Tests.E2E.InitTests.init_with_worker_runtime(workerRuntime: &quot;java&quot;)" storage="d:\azurefun\azure-functions-core-tools\test\azure.functions.cli.tests\bin\debug\netcoreapp2.2\azure.functions.cli.tests.dll" id="f70ac6cd-8de9-88a7-33a1-1b7730f15db8">
      <Execution id="1c0c2891-39a4-4917-ba79-9934830f459e" />
      <TestMethod codeBase="d:\azureFun\azure-functions-core-tools\test\Azure.Functions.Cli.Tests\bin\Debug\netcoreapp2.2\Azure.Functions.Cli.Tests.dll" adapterTypeName="executor://xunit/VsTestRunner2/netcoreapp" className="Azure.Functions.Cli.Tests.E2E.InitTests" name="Azure.Functions.Cli.Tests.E2E.InitTests.init_with_worker_runtime(workerRuntime: &quot;java&quot;)" />
    </UnitTest>
    <UnitTest name="Azure.Functions.Cli.Helpers.Tests.AzureHelperTests.GetFunctionKeyTest(key: &quot;another-key&quot;, value: &quot;another-value&quot;)" storage="d:\azurefun\azure-functions-core-tools\test\azure.functions.cli.tests\bin\debug\netcoreapp2.2\azure.functions.cli.tests.dll" id="d3efb588-decb-06e0-f771-066ffc0bd47f">
      <Execution id="9592301f-55c6-4310-a6b0-5973e4bcdbe0" />
      <TestMethod codeBase="d:\azureFun\azure-functions-core-tools\test\Azure.Functions.Cli.Tests\bin\Debug\netcoreapp2.2\Azure.Functions.Cli.Tests.dll" adapterTypeName="executor://xunit/VsTestRunner2/netcoreapp" className="Azure.Functions.Cli.Helpers.Tests.AzureHelperTests" name="Azure.Functions.Cli.Helpers.Tests.AzureHelperTests.GetFunctionKeyTest(key: &quot;another-key&quot;, value: &quot;another-value&quot;)" />
    </UnitTest>
    <UnitTest name="Azure.Functions.Cli.Tests.ExtensionsTests.InstallExtensionsTests.bundlesconfiguredbydefault_no_action" storage="d:\azurefun\azure-functions-core-tools\test\azure.functions.cli.tests\bin\debug\netcoreapp2.2\azure.functions.cli.tests.dll" id="ea6f65dc-9275-f99e-62e6-abbb3e61cb1a">
      <Execution id="88bddec9-a145-4bdb-b35d-0017a513ad16" />
      <TestMethod codeBase="d:\azureFun\azure-functions-core-tools\test\Azure.Functions.Cli.Tests\bin\Debug\netcoreapp2.2\Azure.Functions.Cli.Tests.dll" adapterTypeName="executor://xunit/VsTestRunner2/netcoreapp" className="Azure.Functions.Cli.Tests.ExtensionsTests.InstallExtensionsTests" name="Azure.Functions.Cli.Tests.ExtensionsTests.InstallExtensionsTests.bundlesconfiguredbydefault_no_action" />
    </UnitTest>
    <UnitTest name="Azure.Functions.Cli.Tests.ActionsTests.ResolveActionTests.ResolveCommandLineCorrectly(args: &quot;azure account list&quot;, returnType: typeof(Azure.Functions.Cli.Actions.AzureActions.DeprecatedAzureActions))" storage="d:\azurefun\azure-functions-core-tools\test\azure.functions.cli.tests\bin\debug\netcoreapp2.2\azure.functions.cli.tests.dll" id="e8c5388d-21e7-6efa-364d-9dd6641627ac">
      <Execution id="1f4fa8f0-63c7-4787-bd4d-d5306266fc82" />
      <TestMethod codeBase="d:\azureFun\azure-functions-core-tools\test\Azure.Functions.Cli.Tests\bin\Debug\netcoreapp2.2\Azure.Functions.Cli.Tests.dll" adapterTypeName="executor://xunit/VsTestRunner2/netcoreapp" className="Azure.Functions.Cli.Tests.ActionsTests.ResolveActionTests" name="Azure.Functions.Cli.Tests.ActionsTests.ResolveActionTests.ResolveCommandLineCorrectly(args: &quot;azure account list&quot;, returnType: typeof(Azure.Functions.Cli.Actions.AzureActions.DeprecatedAzureActions))" />
    </UnitTest>
    <UnitTest name="Azure.Functions.Cli.Tests.E2E.InitTests.javascript_adds_packagejson" storage="d:\azurefun\azure-functions-core-tools\test\azure.functions.cli.tests\bin\debug\netcoreapp2.2\azure.functions.cli.tests.dll" id="d3c0f02e-9c06-fd1c-a6d3-3429efece333">
      <Execution id="c841eb63-f0ee-4619-8b9d-60dbe93071ac" />
      <TestMethod codeBase="d:\azureFun\azure-functions-core-tools\test\Azure.Functions.Cli.Tests\bin\Debug\netcoreapp2.2\Azure.Functions.Cli.Tests.dll" adapterTypeName="executor://xunit/VsTestRunner2/netcoreapp" className="Azure.Functions.Cli.Tests.E2E.InitTests" name="Azure.Functions.Cli.Tests.E2E.InitTests.javascript_adds_packagejson" />
    </UnitTest>
    <UnitTest name="Azure.Functions.Cli.Tests.E2E.InitTests.init_ts_app_using_lang" storage="d:\azurefun\azure-functions-core-tools\test\azure.functions.cli.tests\bin\debug\netcoreapp2.2\azure.functions.cli.tests.dll" id="93cf339f-1563-8cec-19f1-a415a1ca088a">
      <Execution id="2155d946-92ba-4af7-8aea-f4224ac1a909" />
      <TestMethod codeBase="d:\azureFun\azure-functions-core-tools\test\Azure.Functions.Cli.Tests\bin\Debug\netcoreapp2.2\Azure.Functions.Cli.Tests.dll" adapterTypeName="executor://xunit/VsTestRunner2/netcoreapp" className="Azure.Functions.Cli.Tests.E2E.InitTests" name="Azure.Functions.Cli.Tests.E2E.InitTests.init_ts_app_using_lang" />
    </UnitTest>
    <UnitTest name="Azure.Functions.Cli.Tests.ActionsTests.ResolveActionTests.ResolveCommandLineCorrectly(args: &quot;durable delete-task-hub --connection-string-settin&quot;..., returnType: typeof(Azure.Functions.Cli.Actions.DurableActions.DurableDeleteTaskHub))" storage="d:\azurefun\azure-functions-core-tools\test\azure.functions.cli.tests\bin\debug\netcoreapp2.2\azure.functions.cli.tests.dll" id="11005bc6-8362-3874-994e-dcc2ca997623">
      <Execution id="af1474fc-2d1a-425d-92e5-67f564d619c9" />
      <TestMethod codeBase="d:\azureFun\azure-functions-core-tools\test\Azure.Functions.Cli.Tests\bin\Debug\netcoreapp2.2\Azure.Functions.Cli.Tests.dll" adapterTypeName="executor://xunit/VsTestRunner2/netcoreapp" className="Azure.Functions.Cli.Tests.ActionsTests.ResolveActionTests" name="Azure.Functions.Cli.Tests.ActionsTests.ResolveActionTests.ResolveCommandLineCorrectly(args: &quot;durable delete-task-hub --connection-string-settin&quot;..., returnType: typeof(Azure.Functions.Cli.Actions.DurableActions.DurableDeleteTaskHub))" />
    </UnitTest>
    <UnitTest name="Azure.Functions.Cli.Tests.ExtensionsTests.StringExtensionsTests.TestSanitizeImageNameWithBadFormatSanitizeOutput(input: &quot;#So-Pretty !/^Good|'Name{}&quot;, expected: &quot;soprettygoodname&quot;)" storage="d:\azurefun\azure-functions-core-tools\test\azure.functions.cli.tests\bin\debug\netcoreapp2.2\azure.functions.cli.tests.dll" id="b18fbdec-013f-79ea-88e2-b50f8c06118d">
      <Execution id="c19bb434-aa6d-42c3-b0c0-ca3c46a06fe0" />
      <TestMethod codeBase="d:\azureFun\azure-functions-core-tools\test\Azure.Functions.Cli.Tests\bin\Debug\netcoreapp2.2\Azure.Functions.Cli.Tests.dll" adapterTypeName="executor://xunit/VsTestRunner2/netcoreapp" className="Azure.Functions.Cli.Tests.ExtensionsTests.StringExtensionsTests" name="Azure.Functions.Cli.Tests.ExtensionsTests.StringExtensionsTests.TestSanitizeImageNameWithBadFormatSanitizeOutput(input: &quot;#So-Pretty !/^Good|'Name{}&quot;, expected: &quot;soprettygoodname&quot;)" />
    </UnitTest>
    <UnitTest name="Azure.Functions.Cli.Tests.E2E.InitTests.init_docker_only_for_csx_project" storage="d:\azurefun\azure-functions-core-tools\test\azure.functions.cli.tests\bin\debug\netcoreapp2.2\azure.functions.cli.tests.dll" id="56f9fc01-6787-8410-f691-28be07190400">
      <Execution id="63962dd0-71e4-4eda-bbce-4fa93202eae4" />
      <TestMethod codeBase="d:\azureFun\azure-functions-core-tools\test\Azure.Functions.Cli.Tests\bin\Debug\netcoreapp2.2\Azure.Functions.Cli.Tests.dll" adapterTypeName="executor://xunit/VsTestRunner2/netcoreapp" className="Azure.Functions.Cli.Tests.E2E.InitTests" name="Azure.Functions.Cli.Tests.E2E.InitTests.init_docker_only_for_csx_project" />
    </UnitTest>
    <UnitTest name="Azure.Functions.Cli.Tests.ActionsTests.ResolveActionTests.ResolveCommandLineCorrectly(args: &quot;settings delete settingName&quot;, returnType: typeof(Azure.Functions.Cli.Actions.LocalActions.DeleteSettingAction))" storage="d:\azurefun\azure-functions-core-tools\test\azure.functions.cli.tests\bin\debug\netcoreapp2.2\azure.functions.cli.tests.dll" id="e61aa2ef-51fe-ce9d-f444-c94be9a0a585">
      <Execution id="09d61bd9-4a11-4a62-830a-007478671ba0" />
      <TestMethod codeBase="d:\azureFun\azure-functions-core-tools\test\Azure.Functions.Cli.Tests\bin\Debug\netcoreapp2.2\Azure.Functions.Cli.Tests.dll" adapterTypeName="executor://xunit/VsTestRunner2/netcoreapp" className="Azure.Functions.Cli.Tests.ActionsTests.ResolveActionTests" name="Azure.Functions.Cli.Tests.ActionsTests.ResolveActionTests.ResolveCommandLineCorrectly(args: &quot;settings delete settingName&quot;, returnType: typeof(Azure.Functions.Cli.Actions.LocalActions.DeleteSettingAction))" />
    </UnitTest>
    <UnitTest name="Azure.Functions.Cli.Tests.E2E.DurableTests.DurableDeleteTaskHubTest" storage="d:\azurefun\azure-functions-core-tools\test\azure.functions.cli.tests\bin\debug\netcoreapp2.2\azure.functions.cli.tests.dll" id="65b89792-1711-6f19-85b7-0f3eb33b6850">
      <Execution id="d5d19221-f750-4233-848f-e9a60add81f5" />
      <TestMethod codeBase="d:\azureFun\azure-functions-core-tools\test\Azure.Functions.Cli.Tests\bin\Debug\netcoreapp2.2\Azure.Functions.Cli.Tests.dll" adapterTypeName="executor://xunit/VsTestRunner2/netcoreapp" className="Azure.Functions.Cli.Tests.E2E.DurableTests" name="Azure.Functions.Cli.Tests.E2E.DurableTests.DurableDeleteTaskHubTest" />
    </UnitTest>
    <UnitTest name="Azure.Functions.Cli.Tests.E2E.InitTests.init_python_app_twice" storage="d:\azurefun\azure-functions-core-tools\test\azure.functions.cli.tests\bin\debug\netcoreapp2.2\azure.functions.cli.tests.dll" id="c387f225-0790-f7e1-1cd0-6c7ac67b2543">
      <Execution id="e600212c-09fb-4bdc-9229-9a7dc02154ce" />
      <TestMethod codeBase="d:\azureFun\azure-functions-core-tools\test\Azure.Functions.Cli.Tests\bin\Debug\netcoreapp2.2\Azure.Functions.Cli.Tests.dll" adapterTypeName="executor://xunit/VsTestRunner2/netcoreapp" className="Azure.Functions.Cli.Tests.E2E.InitTests" name="Azure.Functions.Cli.Tests.E2E.InitTests.init_python_app_twice" />
    </UnitTest>
    <UnitTest name="Azure.Functions.Cli.Tests.E2E.DurableTests.DurableGetRuntimeStatusTest" storage="d:\azurefun\azure-functions-core-tools\test\azure.functions.cli.tests\bin\debug\netcoreapp2.2\azure.functions.cli.tests.dll" id="7328c548-3649-08f6-12ce-d4ccaf4dcbb1">
      <Execution id="cc194590-9b73-4770-8d1b-6f12e0552958" />
      <TestMethod codeBase="d:\azureFun\azure-functions-core-tools\test\Azure.Functions.Cli.Tests\bin\Debug\netcoreapp2.2\Azure.Functions.Cli.Tests.dll" adapterTypeName="executor://xunit/VsTestRunner2/netcoreapp" className="Azure.Functions.Cli.Tests.E2E.DurableTests" name="Azure.Functions.Cli.Tests.E2E.DurableTests.DurableGetRuntimeStatusTest" />
    </UnitTest>
    <UnitTest name="Azure.Functions.Cli.Tests.KubernetesHelperUnitTests.ValidateKubernetesNames(name: &quot;name-with-numbers-938-234&quot;, isValid: True)" storage="d:\azurefun\azure-functions-core-tools\test\azure.functions.cli.tests\bin\debug\netcoreapp2.2\azure.functions.cli.tests.dll" id="4294c23d-5a13-c518-9e66-be8f5c903261">
      <Execution id="8bd2b445-2372-492d-9209-130e8a7e70f9" />
      <TestMethod codeBase="d:\azureFun\azure-functions-core-tools\test\Azure.Functions.Cli.Tests\bin\Debug\netcoreapp2.2\Azure.Functions.Cli.Tests.dll" adapterTypeName="executor://xunit/VsTestRunner2/netcoreapp" className="Azure.Functions.Cli.Tests.KubernetesHelperUnitTests" name="Azure.Functions.Cli.Tests.KubernetesHelperUnitTests.ValidateKubernetesNames(name: &quot;name-with-numbers-938-234&quot;, isValid: True)" />
    </UnitTest>
    <UnitTest name="Azure.Functions.Cli.Tests.E2E.InitTests.init_with_worker_runtime(workerRuntime: &quot;node&quot;)" storage="d:\azurefun\azure-functions-core-tools\test\azure.functions.cli.tests\bin\debug\netcoreapp2.2\azure.functions.cli.tests.dll" id="fed4cb35-1ff8-2661-9595-14ef0f48ca52">
      <Execution id="bd46e428-9d03-4f64-8d10-866a1d305634" />
      <TestMethod codeBase="d:\azureFun\azure-functions-core-tools\test\Azure.Functions.Cli.Tests\bin\Debug\netcoreapp2.2\Azure.Functions.Cli.Tests.dll" adapterTypeName="executor://xunit/VsTestRunner2/netcoreapp" className="Azure.Functions.Cli.Tests.E2E.InitTests" name="Azure.Functions.Cli.Tests.E2E.InitTests.init_with_worker_runtime(workerRuntime: &quot;node&quot;)" />
    </UnitTest>
    <UnitTest name="Azure.Functions.Cli.Tests.ActionsTests.ResolveActionTests.ResolveCommandLineCorrectly(args: &quot;azure functionapp --help&quot;, returnType: typeof(Azure.Functions.Cli.Actions.HelpAction))" storage="d:\azurefun\azure-functions-core-tools\test\azure.functions.cli.tests\bin\debug\netcoreapp2.2\azure.functions.cli.tests.dll" id="64decc6b-b7fe-160f-2c00-b9a1ba342d5c">
      <Execution id="07e990d1-d588-454f-9d92-4fb3bb1e9f11" />
      <TestMethod codeBase="d:\azureFun\azure-functions-core-tools\test\Azure.Functions.Cli.Tests\bin\Debug\netcoreapp2.2\Azure.Functions.Cli.Tests.dll" adapterTypeName="executor://xunit/VsTestRunner2/netcoreapp" className="Azure.Functions.Cli.Tests.ActionsTests.ResolveActionTests" name="Azure.Functions.Cli.Tests.ActionsTests.ResolveActionTests.ResolveCommandLineCorrectly(args: &quot;azure functionapp --help&quot;, returnType: typeof(Azure.Functions.Cli.Actions.HelpAction))" />
    </UnitTest>
    <UnitTest name="Azure.Functions.Cli.Tests.ActionsTests.ResolveActionTests.ResolveCommandLineCorrectly(args: &quot;azure storage list&quot;, returnType: typeof(Azure.Functions.Cli.Actions.AzureActions.DeprecatedAzureActions))" storage="d:\azurefun\azure-functions-core-tools\test\azure.functions.cli.tests\bin\debug\netcoreapp2.2\azure.functions.cli.tests.dll" id="6dae2e53-06b5-d87a-bd2f-628c0e1a23e8">
      <Execution id="66b7b136-6ee0-4bfd-8d72-56363bba7cfe" />
      <TestMethod codeBase="d:\azureFun\azure-functions-core-tools\test\Azure.Functions.Cli.Tests\bin\Debug\netcoreapp2.2\Azure.Functions.Cli.Tests.dll" adapterTypeName="executor://xunit/VsTestRunner2/netcoreapp" className="Azure.Functions.Cli.Tests.ActionsTests.ResolveActionTests" name="Azure.Functions.Cli.Tests.ActionsTests.ResolveActionTests.ResolveCommandLineCorrectly(args: &quot;azure storage list&quot;, returnType: typeof(Azure.Functions.Cli.Actions.AzureActions.DeprecatedAzureActions))" />
    </UnitTest>
    <UnitTest name="Azure.Functions.Cli.Tests.E2E.InitTests.init_managed_dependencies_is_only_supported_in_powershell" storage="d:\azurefun\azure-functions-core-tools\test\azure.functions.cli.tests\bin\debug\netcoreapp2.2\azure.functions.cli.tests.dll" id="b19ee685-964c-10d4-832c-25b1de9041e5">
      <Execution id="a7d880cd-827d-419b-a24c-726fff3166c5" />
      <TestMethod codeBase="d:\azureFun\azure-functions-core-tools\test\Azure.Functions.Cli.Tests\bin\Debug\netcoreapp2.2\Azure.Functions.Cli.Tests.dll" adapterTypeName="executor://xunit/VsTestRunner2/netcoreapp" className="Azure.Functions.Cli.Tests.E2E.InitTests" name="Azure.Functions.Cli.Tests.E2E.InitTests.init_managed_dependencies_is_only_supported_in_powershell" />
    </UnitTest>
    <UnitTest name="Azure.Functions.Cli.Tests.E2E.DurableTests.DurableGetHistoryTest" storage="d:\azurefun\azure-functions-core-tools\test\azure.functions.cli.tests\bin\debug\netcoreapp2.2\azure.functions.cli.tests.dll" id="1c660e16-d25a-0ae9-607c-b0969bf571c1">
      <Execution id="69343d3b-b01f-42ce-88a7-996407e53595" />
      <TestMethod codeBase="d:\azureFun\azure-functions-core-tools\test\Azure.Functions.Cli.Tests\bin\Debug\netcoreapp2.2\Azure.Functions.Cli.Tests.dll" adapterTypeName="executor://xunit/VsTestRunner2/netcoreapp" className="Azure.Functions.Cli.Tests.E2E.DurableTests" name="Azure.Functions.Cli.Tests.E2E.DurableTests.DurableGetHistoryTest" />
    </UnitTest>
    <UnitTest name="Azure.Functions.Cli.Tests.ExtensionsTests.StringExtensionsTests.TestSanitizeImageNameWithBadFormatSanitizeOutput(input: &quot;hello_World&quot;, expected: &quot;hello_world&quot;)" storage="d:\azurefun\azure-functions-core-tools\test\azure.functions.cli.tests\bin\debug\netcoreapp2.2\azure.functions.cli.tests.dll" id="67e96cf1-882b-80de-8b77-9490140e2b4c">
      <Execution id="e9821932-7a63-4a8a-8c6f-5d738a187739" />
      <TestMethod codeBase="d:\azureFun\azure-functions-core-tools\test\Azure.Functions.Cli.Tests\bin\Debug\netcoreapp2.2\Azure.Functions.Cli.Tests.dll" adapterTypeName="executor://xunit/VsTestRunner2/netcoreapp" className="Azure.Functions.Cli.Tests.ExtensionsTests.StringExtensionsTests" name="Azure.Functions.Cli.Tests.ExtensionsTests.StringExtensionsTests.TestSanitizeImageNameWithBadFormatSanitizeOutput(input: &quot;hello_World&quot;, expected: &quot;hello_world&quot;)" />
    </UnitTest>
    <UnitTest name="Azure.Functions.Cli.Tests.E2E.InitTests.init_csx_app" storage="d:\azurefun\azure-functions-core-tools\test\azure.functions.cli.tests\bin\debug\netcoreapp2.2\azure.functions.cli.tests.dll" id="d3e2b2b4-a0da-2c83-b0d5-a550b30023fe">
      <Execution id="5786093b-904f-4203-8280-07a9bbf44df2" />
      <TestMethod codeBase="d:\azureFun\azure-functions-core-tools\test\Azure.Functions.Cli.Tests\bin\Debug\netcoreapp2.2\Azure.Functions.Cli.Tests.dll" adapterTypeName="executor://xunit/VsTestRunner2/netcoreapp" className="Azure.Functions.Cli.Tests.E2E.InitTests" name="Azure.Functions.Cli.Tests.E2E.InitTests.init_csx_app" />
    </UnitTest>
    <UnitTest name="Azure.Functions.Cli.Tests.ActionsTests.ResolveActionTests.ResolveCommandLineCorrectly(args: &quot;init&quot;, returnType: typeof(Azure.Functions.Cli.Actions.LocalActions.InitAction))" storage="d:\azurefun\azure-functions-core-tools\test\azure.functions.cli.tests\bin\debug\netcoreapp2.2\azure.functions.cli.tests.dll" id="7a3da497-d5de-74f0-bc82-bc37d352976f">
      <Execution id="e5fc8d18-e59a-4ea8-952a-fb86fdf1ba74" />
      <TestMethod codeBase="d:\azureFun\azure-functions-core-tools\test\Azure.Functions.Cli.Tests\bin\Debug\netcoreapp2.2\Azure.Functions.Cli.Tests.dll" adapterTypeName="executor://xunit/VsTestRunner2/netcoreapp" className="Azure.Functions.Cli.Tests.ActionsTests.ResolveActionTests" name="Azure.Functions.Cli.Tests.ActionsTests.ResolveActionTests.ResolveCommandLineCorrectly(args: &quot;init&quot;, returnType: typeof(Azure.Functions.Cli.Actions.LocalActions.InitAction))" />
    </UnitTest>
    <UnitTest name="Azure.Functions.Cli.Tests.E2E.SettingsTests.add_setting_encrypted" storage="d:\azurefun\azure-functions-core-tools\test\azure.functions.cli.tests\bin\debug\netcoreapp2.2\azure.functions.cli.tests.dll" id="9bbeac1c-700a-59f3-e77e-496e9e6ff3c1">
      <Execution id="72a949ff-1b07-4af9-a2f5-79db77ad4de0" />
      <TestMethod codeBase="d:\azureFun\azure-functions-core-tools\test\Azure.Functions.Cli.Tests\bin\Debug\netcoreapp2.2\Azure.Functions.Cli.Tests.dll" adapterTypeName="executor://xunit/VsTestRunner2/netcoreapp" className="Azure.Functions.Cli.Tests.E2E.SettingsTests" name="Azure.Functions.Cli.Tests.E2E.SettingsTests.add_setting_encrypted" />
    </UnitTest>
    <UnitTest name="Azure.Functions.Cli.Tests.ActionsTests.ResolveActionTests.ResolveCommandLineCorrectly(args: &quot;azure account set accountName&quot;, returnType: typeof(Azure.Functions.Cli.Actions.AzureActions.DeprecatedAzureActions))" storage="d:\azurefun\azure-functions-core-tools\test\azure.functions.cli.tests\bin\debug\netcoreapp2.2\azure.functions.cli.tests.dll" id="9089a251-6020-8d31-3d3f-1e5408cf5fa2">
      <Execution id="7c44c3db-39e0-41b3-afe5-40c9e30b26ec" />
      <TestMethod codeBase="d:\azureFun\azure-functions-core-tools\test\Azure.Functions.Cli.Tests\bin\Debug\netcoreapp2.2\Azure.Functions.Cli.Tests.dll" adapterTypeName="executor://xunit/VsTestRunner2/netcoreapp" className="Azure.Functions.Cli.Tests.ActionsTests.ResolveActionTests" name="Azure.Functions.Cli.Tests.ActionsTests.ResolveActionTests.ResolveCommandLineCorrectly(args: &quot;azure account set accountName&quot;, returnType: typeof(Azure.Functions.Cli.Actions.AzureActions.DeprecatedAzureActions))" />
    </UnitTest>
    <UnitTest name="Azure.Functions.Cli.Tests.ActionsTests.ResolveActionTests.ResolveCommandLineCorrectly(args: &quot;azure functionapp fetch-app-settings appName&quot;, returnType: typeof(Azure.Functions.Cli.Actions.AzureActions.FetchAppSettingsAction))" storage="d:\azurefun\azure-functions-core-tools\test\azure.functions.cli.tests\bin\debug\netcoreapp2.2\azure.functions.cli.tests.dll" id="3e96f61f-98f4-cb84-d85b-5356dd246044">
      <Execution id="9ff2865f-08b5-4495-bc34-3dc0e337ca05" />
      <TestMethod codeBase="d:\azureFun\azure-functions-core-tools\test\Azure.Functions.Cli.Tests\bin\Debug\netcoreapp2.2\Azure.Functions.Cli.Tests.dll" adapterTypeName="executor://xunit/VsTestRunner2/netcoreapp" className="Azure.Functions.Cli.Tests.ActionsTests.ResolveActionTests" name="Azure.Functions.Cli.Tests.ActionsTests.ResolveActionTests.ResolveCommandLineCorrectly(args: &quot;azure functionapp fetch-app-settings appName&quot;, returnType: typeof(Azure.Functions.Cli.Actions.AzureActions.FetchAppSettingsAction))" />
    </UnitTest>
    <UnitTest name="Azure.Functions.Cli.Tests.ActionsTests.ResolveActionTests.ResolveCommandLineCorrectly(args: &quot;function new&quot;, returnType: typeof(Azure.Functions.Cli.Actions.LocalActions.CreateFunctionAction))" storage="d:\azurefun\azure-functions-core-tools\test\azure.functions.cli.tests\bin\debug\netcoreapp2.2\azure.functions.cli.tests.dll" id="b35b8e5a-1843-c42b-1874-f4424f2bb10b">
      <Execution id="29d9645a-4277-492f-8ce4-2457e365df39" />
      <TestMethod codeBase="d:\azureFun\azure-functions-core-tools\test\Azure.Functions.Cli.Tests\bin\Debug\netcoreapp2.2\Azure.Functions.Cli.Tests.dll" adapterTypeName="executor://xunit/VsTestRunner2/netcoreapp" className="Azure.Functions.Cli.Tests.ActionsTests.ResolveActionTests" name="Azure.Functions.Cli.Tests.ActionsTests.ResolveActionTests.ResolveCommandLineCorrectly(args: &quot;function new&quot;, returnType: typeof(Azure.Functions.Cli.Actions.LocalActions.CreateFunctionAction))" />
    </UnitTest>
    <UnitTest name="Azure.Functions.Cli.Tests.ExtensionsTests.StringExtensionsTests.TestSanitizeImageNameWithBadFormatSanitizeOutput(input: &quot;hello-World&quot;, expected: &quot;helloworld&quot;)" storage="d:\azurefun\azure-functions-core-tools\test\azure.functions.cli.tests\bin\debug\netcoreapp2.2\azure.functions.cli.tests.dll" id="ea50a151-1b12-df2b-178f-fcb2c35810bb">
      <Execution id="11dee17a-a3f7-45ea-8611-e0fc5a50b03d" />
      <TestMethod codeBase="d:\azureFun\azure-functions-core-tools\test\Azure.Functions.Cli.Tests\bin\Debug\netcoreapp2.2\Azure.Functions.Cli.Tests.dll" adapterTypeName="executor://xunit/VsTestRunner2/netcoreapp" className="Azure.Functions.Cli.Tests.ExtensionsTests.StringExtensionsTests" name="Azure.Functions.Cli.Tests.ExtensionsTests.StringExtensionsTests.TestSanitizeImageNameWithBadFormatSanitizeOutput(input: &quot;hello-World&quot;, expected: &quot;helloworld&quot;)" />
    </UnitTest>
    <UnitTest name="Azure.Functions.Cli.Tests.ActionsTests.ResolveActionTests.ResolveCommandLineCorrectly(args: &quot;azure get-publish-username&quot;, returnType: typeof(Azure.Functions.Cli.Actions.AzureActions.DeprecatedAzureActions))" storage="d:\azurefun\azure-functions-core-tools\test\azure.functions.cli.tests\bin\debug\netcoreapp2.2\azure.functions.cli.tests.dll" id="d18982bf-a76e-798d-ff69-36bc2428297a">
      <Execution id="3aff9639-acb8-4efa-8cb5-c8c0cf11e439" />
      <TestMethod codeBase="d:\azureFun\azure-functions-core-tools\test\Azure.Functions.Cli.Tests\bin\Debug\netcoreapp2.2\Azure.Functions.Cli.Tests.dll" adapterTypeName="executor://xunit/VsTestRunner2/netcoreapp" className="Azure.Functions.Cli.Tests.ActionsTests.ResolveActionTests" name="Azure.Functions.Cli.Tests.ActionsTests.ResolveActionTests.ResolveCommandLineCorrectly(args: &quot;azure get-publish-username&quot;, returnType: typeof(Azure.Functions.Cli.Actions.AzureActions.DeprecatedAzureActions))" />
    </UnitTest>
    <UnitTest name="Azure.Functions.Cli.Tests.E2E.CreateFunctionTests.create_template_function_using_alias" storage="d:\azurefun\azure-functions-core-tools\test\azure.functions.cli.tests\bin\debug\netcoreapp2.2\azure.functions.cli.tests.dll" id="cf282906-9063-86ff-c930-5ea8afcf5d9b">
      <Execution id="a4401a09-4156-495c-9c66-6ef2319aa007" />
      <TestMethod codeBase="d:\azureFun\azure-functions-core-tools\test\Azure.Functions.Cli.Tests\bin\Debug\netcoreapp2.2\Azure.Functions.Cli.Tests.dll" adapterTypeName="executor://xunit/VsTestRunner2/netcoreapp" className="Azure.Functions.Cli.Tests.E2E.CreateFunctionTests" name="Azure.Functions.Cli.Tests.E2E.CreateFunctionTests.create_template_function_using_alias" />
    </UnitTest>
    <UnitTest name="Azure.Functions.Cli.Tests.E2E.CreateFunctionTests.create_template_function_js_no_space_name" storage="d:\azurefun\azure-functions-core-tools\test\azure.functions.cli.tests\bin\debug\netcoreapp2.2\azure.functions.cli.tests.dll" id="960dacc8-28ff-c3ef-de0d-8f335862fba1">
      <Execution id="90b02035-cd07-40b5-8af9-6fea544401d2" />
      <TestMethod codeBase="d:\azureFun\azure-functions-core-tools\test\Azure.Functions.Cli.Tests\bin\Debug\netcoreapp2.2\Azure.Functions.Cli.Tests.dll" adapterTypeName="executor://xunit/VsTestRunner2/netcoreapp" className="Azure.Functions.Cli.Tests.E2E.CreateFunctionTests" name="Azure.Functions.Cli.Tests.E2E.CreateFunctionTests.create_template_function_js_no_space_name" />
    </UnitTest>
    <UnitTest name="Azure.Functions.Cli.Tests.ActionsTests.ResolveActionTests.ResolveCommandLineCorrectly(args: &quot;durable get-history --id ab1b5de4c5a9450eafa5a4cf2&quot;..., returnType: typeof(Azure.Functions.Cli.Actions.DurableActions.DurableGetHistory))" storage="d:\azurefun\azure-functions-core-tools\test\azure.functions.cli.tests\bin\debug\netcoreapp2.2\azure.functions.cli.tests.dll" id="a724e0a0-4f3b-f44e-88bb-08d6494ab74a">
      <Execution id="e36feb98-2eed-4587-a18c-a11873441972" />
      <TestMethod codeBase="d:\azureFun\azure-functions-core-tools\test\Azure.Functions.Cli.Tests\bin\Debug\netcoreapp2.2\Azure.Functions.Cli.Tests.dll" adapterTypeName="executor://xunit/VsTestRunner2/netcoreapp" className="Azure.Functions.Cli.Tests.ActionsTests.ResolveActionTests" name="Azure.Functions.Cli.Tests.ActionsTests.ResolveActionTests.ResolveCommandLineCorrectly(args: &quot;durable get-history --id ab1b5de4c5a9450eafa5a4cf2&quot;..., returnType: typeof(Azure.Functions.Cli.Actions.DurableActions.DurableGetHistory))" />
    </UnitTest>
    <UnitTest name="Azure.Functions.Cli.Tests.ActionsTests.ResolveActionTests.ResolveCommandLineCorrectly(args: &quot;azure functionapp enable-git-repo appName&quot;, returnType: typeof(Azure.Functions.Cli.Actions.AzureActions.DeprecatedAzureActions))" storage="d:\azurefun\azure-functions-core-tools\test\azure.functions.cli.tests\bin\debug\netcoreapp2.2\azure.functions.cli.tests.dll" id="ce1bf570-d638-65cf-e454-24922ad5d615">
      <Execution id="3d55de98-5515-464d-8ef1-7e2e2d4f7301" />
      <TestMethod codeBase="d:\azureFun\azure-functions-core-tools\test\Azure.Functions.Cli.Tests\bin\Debug\netcoreapp2.2\Azure.Functions.Cli.Tests.dll" adapterTypeName="executor://xunit/VsTestRunner2/netcoreapp" className="Azure.Functions.Cli.Tests.ActionsTests.ResolveActionTests" name="Azure.Functions.Cli.Tests.ActionsTests.ResolveActionTests.ResolveCommandLineCorrectly(args: &quot;azure functionapp enable-git-repo appName&quot;, returnType: typeof(Azure.Functions.Cli.Actions.AzureActions.DeprecatedAzureActions))" />
    </UnitTest>
    <UnitTest name="Azure.Functions.Cli.Tests.GitIgnoreParserTests.AcceptShouldAcceptNestedUnignoredFilesInIgnoredDirectories" storage="d:\azurefun\azure-functions-core-tools\test\azure.functions.cli.tests\bin\debug\netcoreapp2.2\azure.functions.cli.tests.dll" id="b0a4c0b0-a820-e1ec-cdfe-6a7b63dcbff5">
      <Execution id="759ad54a-934e-48df-b314-52a86f8ef610" />
      <TestMethod codeBase="d:\azureFun\azure-functions-core-tools\test\Azure.Functions.Cli.Tests\bin\Debug\netcoreapp2.2\Azure.Functions.Cli.Tests.dll" adapterTypeName="executor://xunit/VsTestRunner2/netcoreapp" className="Azure.Functions.Cli.Tests.GitIgnoreParserTests" name="Azure.Functions.Cli.Tests.GitIgnoreParserTests.AcceptShouldAcceptNestedUnignoredFilesInIgnoredDirectories" />
    </UnitTest>
    <UnitTest name="Azure.Functions.Cli.Tests.ActionsTests.ResolveActionTests.ResolveCommandLineCorrectly(args: &quot;durable raise-event --id ab1b5de4c5a9450eafa5a4cf2&quot;..., returnType: typeof(Azure.Functions.Cli.Actions.DurableActions.DurableRaiseEvent))" storage="d:\azurefun\azure-functions-core-tools\test\azure.functions.cli.tests\bin\debug\netcoreapp2.2\azure.functions.cli.tests.dll" id="4439d28f-70dc-fe99-d774-89dccfddc844">
      <Execution id="2f3e45da-a65f-4e90-b1d9-d342a88b82a6" />
      <TestMethod codeBase="d:\azureFun\azure-functions-core-tools\test\Azure.Functions.Cli.Tests\bin\Debug\netcoreapp2.2\Azure.Functions.Cli.Tests.dll" adapterTypeName="executor://xunit/VsTestRunner2/netcoreapp" className="Azure.Functions.Cli.Tests.ActionsTests.ResolveActionTests" name="Azure.Functions.Cli.Tests.ActionsTests.ResolveActionTests.ResolveCommandLineCorrectly(args: &quot;durable raise-event --id ab1b5de4c5a9450eafa5a4cf2&quot;..., returnType: typeof(Azure.Functions.Cli.Actions.DurableActions.DurableRaiseEvent))" />
    </UnitTest>
    <UnitTest name="Azure.Functions.Cli.Tests.ActionsTests.ResolveActionTests.ResolveCommandLineCorrectly(args: &quot;settings decrypt&quot;, returnType: typeof(Azure.Functions.Cli.Actions.LocalActions.DecryptSettingAction))" storage="d:\azurefun\azure-functions-core-tools\test\azure.functions.cli.tests\bin\debug\netcoreapp2.2\azure.functions.cli.tests.dll" id="2e1fd91c-ffee-826e-57bf-a608e053492a">
      <Execution id="6dc2553a-5d3b-4bb2-96d1-fae7509995d9" />
      <TestMethod codeBase="d:\azureFun\azure-functions-core-tools\test\Azure.Functions.Cli.Tests\bin\Debug\netcoreapp2.2\Azure.Functions.Cli.Tests.dll" adapterTypeName="executor://xunit/VsTestRunner2/netcoreapp" className="Azure.Functions.Cli.Tests.ActionsTests.ResolveActionTests" name="Azure.Functions.Cli.Tests.ActionsTests.ResolveActionTests.ResolveCommandLineCorrectly(args: &quot;settings decrypt&quot;, returnType: typeof(Azure.Functions.Cli.Actions.LocalActions.DecryptSettingAction))" />
    </UnitTest>
    <UnitTest name="Azure.Functions.Cli.Tests.E2E.StartTests.start_handles_empty_envvars_correctly" storage="d:\azurefun\azure-functions-core-tools\test\azure.functions.cli.tests\bin\debug\netcoreapp2.2\azure.functions.cli.tests.dll" id="dea3461a-6816-c1e3-9b2d-cf4d0771d692">
      <Execution id="822a31a1-08c8-41a0-908c-c3caccf02a82" />
      <TestMethod codeBase="d:\azureFun\azure-functions-core-tools\test\Azure.Functions.Cli.Tests\bin\Debug\netcoreapp2.2\Azure.Functions.Cli.Tests.dll" adapterTypeName="executor://xunit/VsTestRunner2/netcoreapp" className="Azure.Functions.Cli.Tests.E2E.StartTests" name="Azure.Functions.Cli.Tests.E2E.StartTests.start_handles_empty_envvars_correctly" />
    </UnitTest>
    <UnitTest name="Azure.Functions.Cli.Tests.E2E.DurableTests.DurableStartNewTest" storage="d:\azurefun\azure-functions-core-tools\test\azure.functions.cli.tests\bin\debug\netcoreapp2.2\azure.functions.cli.tests.dll" id="ed6e5de5-ad08-412a-5534-fb44a44b7095">
      <Execution id="8c0bfe58-034c-41f4-8e52-d661561278fd" />
      <TestMethod codeBase="d:\azureFun\azure-functions-core-tools\test\Azure.Functions.Cli.Tests\bin\Debug\netcoreapp2.2\Azure.Functions.Cli.Tests.dll" adapterTypeName="executor://xunit/VsTestRunner2/netcoreapp" className="Azure.Functions.Cli.Tests.E2E.DurableTests" name="Azure.Functions.Cli.Tests.E2E.DurableTests.DurableStartNewTest" />
    </UnitTest>
    <UnitTest name="Azure.Functions.Cli.Tests.E2E.CreateFunctionTests.create_typescript_template_blob" storage="d:\azurefun\azure-functions-core-tools\test\azure.functions.cli.tests\bin\debug\netcoreapp2.2\azure.functions.cli.tests.dll" id="5ec44c78-1dd9-61eb-ff84-a8ba6e3dfc0d">
      <Execution id="eae2d659-78c5-44b4-bd43-c5d0530ab40c" />
      <TestMethod codeBase="d:\azureFun\azure-functions-core-tools\test\Azure.Functions.Cli.Tests\bin\Debug\netcoreapp2.2\Azure.Functions.Cli.Tests.dll" adapterTypeName="executor://xunit/VsTestRunner2/netcoreapp" className="Azure.Functions.Cli.Tests.E2E.CreateFunctionTests" name="Azure.Functions.Cli.Tests.E2E.CreateFunctionTests.create_typescript_template_blob" />
    </UnitTest>
    <UnitTest name="Azure.Functions.Cli.Tests.E2E.InitTests.init_with_unknown_worker_runtime" storage="d:\azurefun\azure-functions-core-tools\test\azure.functions.cli.tests\bin\debug\netcoreapp2.2\azure.functions.cli.tests.dll" id="8384cb22-dc4e-52e8-ba1b-1a3a991e8794">
      <Execution id="e94e5355-2180-4a12-b23d-113aef3e3cf0" />
      <TestMethod codeBase="d:\azureFun\azure-functions-core-tools\test\Azure.Functions.Cli.Tests\bin\Debug\netcoreapp2.2\Azure.Functions.Cli.Tests.dll" adapterTypeName="executor://xunit/VsTestRunner2/netcoreapp" className="Azure.Functions.Cli.Tests.E2E.InitTests" name="Azure.Functions.Cli.Tests.E2E.InitTests.init_with_unknown_worker_runtime" />
    </UnitTest>
    <UnitTest name="Azure.Functions.Cli.Tests.ExtensionsTests.TaskExtensionsTests.IgnoreFailuteOfTTest" storage="d:\azurefun\azure-functions-core-tools\test\azure.functions.cli.tests\bin\debug\netcoreapp2.2\azure.functions.cli.tests.dll" id="3e1eb9e1-0a7c-22e4-6b5b-723382f1a0b6">
      <Execution id="7af3cfce-68f3-4141-8d65-f5e012145a12" />
      <TestMethod codeBase="d:\azureFun\azure-functions-core-tools\test\Azure.Functions.Cli.Tests\bin\Debug\netcoreapp2.2\Azure.Functions.Cli.Tests.dll" adapterTypeName="executor://xunit/VsTestRunner2/netcoreapp" className="Azure.Functions.Cli.Tests.ExtensionsTests.TaskExtensionsTests" name="Azure.Functions.Cli.Tests.ExtensionsTests.TaskExtensionsTests.IgnoreFailuteOfTTest" />
    </UnitTest>
    <UnitTest name="Azure.Functions.Cli.Tests.E2E.InitTests.init_with_Dockerfile(workerRuntime: &quot;powershell&quot;)" storage="d:\azurefun\azure-functions-core-tools\test\azure.functions.cli.tests\bin\debug\netcoreapp2.2\azure.functions.cli.tests.dll" id="3a25c399-9646-35b9-434d-2c4e07960aba">
      <Execution id="c78fc610-a4bc-41ae-8053-bd886d291ded" />
      <TestMethod codeBase="d:\azureFun\azure-functions-core-tools\test\Azure.Functions.Cli.Tests\bin\Debug\netcoreapp2.2\Azure.Functions.Cli.Tests.dll" adapterTypeName="executor://xunit/VsTestRunner2/netcoreapp" className="Azure.Functions.Cli.Tests.E2E.InitTests" name="Azure.Functions.Cli.Tests.E2E.InitTests.init_with_Dockerfile(workerRuntime: &quot;powershell&quot;)" />
    </UnitTest>
    <UnitTest name="Azure.Functions.Cli.Tests.ActionsTests.ResolveActionTests.ResolveCommandLineCorrectly(args: &quot;azure login&quot;, returnType: typeof(Azure.Functions.Cli.Actions.AzureActions.DeprecatedAzureActions))" storage="d:\azurefun\azure-functions-core-tools\test\azure.functions.cli.tests\bin\debug\netcoreapp2.2\azure.functions.cli.tests.dll" id="1f139edb-3deb-53fc-282b-42dee878aa2d">
      <Execution id="dc43b1ad-efb1-45f7-b9ed-12a4e95cac29" />
      <TestMethod codeBase="d:\azureFun\azure-functions-core-tools\test\Azure.Functions.Cli.Tests\bin\Debug\netcoreapp2.2\Azure.Functions.Cli.Tests.dll" adapterTypeName="executor://xunit/VsTestRunner2/netcoreapp" className="Azure.Functions.Cli.Tests.ActionsTests.ResolveActionTests" name="Azure.Functions.Cli.Tests.ActionsTests.ResolveActionTests.ResolveCommandLineCorrectly(args: &quot;azure login&quot;, returnType: typeof(Azure.Functions.Cli.Actions.AzureActions.DeprecatedAzureActions))" />
    </UnitTest>
    <UnitTest name="Azure.Functions.Cli.Tests.E2E.InitTests.init_with_Dockerfile_for_csx" storage="d:\azurefun\azure-functions-core-tools\test\azure.functions.cli.tests\bin\debug\netcoreapp2.2\azure.functions.cli.tests.dll" id="edbad474-5a85-0780-7ef4-8ccfb334ea3c">
      <Execution id="d267785b-05e8-476e-abfa-964ea10f3803" />
      <TestMethod codeBase="d:\azureFun\azure-functions-core-tools\test\Azure.Functions.Cli.Tests\bin\Debug\netcoreapp2.2\Azure.Functions.Cli.Tests.dll" adapterTypeName="executor://xunit/VsTestRunner2/netcoreapp" className="Azure.Functions.Cli.Tests.E2E.InitTests" name="Azure.Functions.Cli.Tests.E2E.InitTests.init_with_Dockerfile_for_csx" />
    </UnitTest>
    <UnitTest name="Azure.Functions.Cli.Tests.E2E.StartTests.start_nodejs_with_inspect" storage="d:\azurefun\azure-functions-core-tools\test\azure.functions.cli.tests\bin\debug\netcoreapp2.2\azure.functions.cli.tests.dll" id="0a5938eb-862d-0722-e438-585ebbece6a0">
      <Execution id="860f3ee9-ad9b-4ce5-b236-a2563eccd058" />
      <TestMethod codeBase="d:\azureFun\azure-functions-core-tools\test\Azure.Functions.Cli.Tests\bin\Debug\netcoreapp2.2\Azure.Functions.Cli.Tests.dll" adapterTypeName="executor://xunit/VsTestRunner2/netcoreapp" className="Azure.Functions.Cli.Tests.E2E.StartTests" name="Azure.Functions.Cli.Tests.E2E.StartTests.start_nodejs_with_inspect" />
    </UnitTest>
    <UnitTest name="Azure.Functions.Cli.Tests.GitIgnoreParserTests.DeniesShouldDenyTheGivenDirectory" storage="d:\azurefun\azure-functions-core-tools\test\azure.functions.cli.tests\bin\debug\netcoreapp2.2\azure.functions.cli.tests.dll" id="c330df6a-d603-100e-6d71-845ec75bd671">
      <Execution id="8d04311a-253b-4cc6-b8b7-17b676c4489a" />
      <TestMethod codeBase="d:\azureFun\azure-functions-core-tools\test\Azure.Functions.Cli.Tests\bin\Debug\netcoreapp2.2\Azure.Functions.Cli.Tests.dll" adapterTypeName="executor://xunit/VsTestRunner2/netcoreapp" className="Azure.Functions.Cli.Tests.GitIgnoreParserTests" name="Azure.Functions.Cli.Tests.GitIgnoreParserTests.DeniesShouldDenyTheGivenDirectory" />
    </UnitTest>
    <UnitTest name="Azure.Functions.Cli.Tests.ActionsTests.ResolveActionTests.ResolveCommandLineCorrectly(args: &quot;host start&quot;, returnType: typeof(Azure.Functions.Cli.Actions.HostActions.StartHostAction))" storage="d:\azurefun\azure-functions-core-tools\test\azure.functions.cli.tests\bin\debug\netcoreapp2.2\azure.functions.cli.tests.dll" id="5a0907e1-44cd-b1c2-b6e9-e611e9df4e2f">
      <Execution id="2b0050c2-439b-4267-aab2-0c52976fc763" />
      <TestMethod codeBase="d:\azureFun\azure-functions-core-tools\test\Azure.Functions.Cli.Tests\bin\Debug\netcoreapp2.2\Azure.Functions.Cli.Tests.dll" adapterTypeName="executor://xunit/VsTestRunner2/netcoreapp" className="Azure.Functions.Cli.Tests.ActionsTests.ResolveActionTests" name="Azure.Functions.Cli.Tests.ActionsTests.ResolveActionTests.ResolveCommandLineCorrectly(args: &quot;host start&quot;, returnType: typeof(Azure.Functions.Cli.Actions.HostActions.StartHostAction))" />
    </UnitTest>
    <UnitTest name="Azure.Functions.Cli.Tests.ExtensionsTests.StringExtensionsTests.TestSanitizeImageNameWithBadInputValueThrowArgumentException(input: &quot; &quot;)" storage="d:\azurefun\azure-functions-core-tools\test\azure.functions.cli.tests\bin\debug\netcoreapp2.2\azure.functions.cli.tests.dll" id="d8743312-47fe-fcb5-f5e2-dc5712ca3557">
      <Execution id="35a9464e-3c14-43fe-883a-3d01ad37ce98" />
      <TestMethod codeBase="d:\azureFun\azure-functions-core-tools\test\Azure.Functions.Cli.Tests\bin\Debug\netcoreapp2.2\Azure.Functions.Cli.Tests.dll" adapterTypeName="executor://xunit/VsTestRunner2/netcoreapp" className="Azure.Functions.Cli.Tests.ExtensionsTests.StringExtensionsTests" name="Azure.Functions.Cli.Tests.ExtensionsTests.StringExtensionsTests.TestSanitizeImageNameWithBadInputValueThrowArgumentException(input: &quot; &quot;)" />
    </UnitTest>
    <UnitTest name="Azure.Functions.Cli.Tests.ActionsTests.StartHostActionTests.CheckNonOptionalSettingsDoesntThrowOnMissingAzureWebJobsStorage" storage="d:\azurefun\azure-functions-core-tools\test\azure.functions.cli.tests\bin\debug\netcoreapp2.2\azure.functions.cli.tests.dll" id="4f682df2-d468-581a-9b00-b61583b243d3">
      <Execution id="825a07ce-6856-48b3-8bc6-b9ee69509b31" />
      <TestMethod codeBase="d:\azureFun\azure-functions-core-tools\test\Azure.Functions.Cli.Tests\bin\Debug\netcoreapp2.2\Azure.Functions.Cli.Tests.dll" adapterTypeName="executor://xunit/VsTestRunner2/netcoreapp" className="Azure.Functions.Cli.Tests.ActionsTests.StartHostActionTests" name="Azure.Functions.Cli.Tests.ActionsTests.StartHostActionTests.CheckNonOptionalSettingsDoesntThrowOnMissingAzureWebJobsStorage" />
    </UnitTest>
    <UnitTest name="Azure.Functions.Cli.Tests.E2E.InitTests.init_app_with_spaces" storage="d:\azurefun\azure-functions-core-tools\test\azure.functions.cli.tests\bin\debug\netcoreapp2.2\azure.functions.cli.tests.dll" id="e38355ca-51da-6c05-323b-fb02d0d6ded6">
      <Execution id="cb2d7d59-c67f-43e1-a2b9-5bd0f2d31251" />
      <TestMethod codeBase="d:\azureFun\azure-functions-core-tools\test\Azure.Functions.Cli.Tests\bin\Debug\netcoreapp2.2\Azure.Functions.Cli.Tests.dll" adapterTypeName="executor://xunit/VsTestRunner2/netcoreapp" className="Azure.Functions.Cli.Tests.E2E.InitTests" name="Azure.Functions.Cli.Tests.E2E.InitTests.init_app_with_spaces" />
    </UnitTest>
    <UnitTest name="Azure.Functions.Cli.Tests.PythonHelperTests.InterpreterShouldHaveMajorVersion" storage="d:\azurefun\azure-functions-core-tools\test\azure.functions.cli.tests\bin\debug\netcoreapp2.2\azure.functions.cli.tests.dll" id="b4698d67-1dc5-64f6-ac27-695bf6732c1c">
      <Execution id="f835d343-86f1-46d0-ad4a-08413c3dbdc1" />
      <TestMethod codeBase="d:\azureFun\azure-functions-core-tools\test\Azure.Functions.Cli.Tests\bin\Debug\netcoreapp2.2\Azure.Functions.Cli.Tests.dll" adapterTypeName="executor://xunit/VsTestRunner2/netcoreapp" className="Azure.Functions.Cli.Tests.PythonHelperTests" name="Azure.Functions.Cli.Tests.PythonHelperTests.InterpreterShouldHaveMajorVersion" />
    </UnitTest>
    <UnitTest name="Azure.Functions.Cli.Tests.ActionsTests.ResolveActionTests.ResolveCommandLineCorrectly(args: &quot;settings encrypt&quot;, returnType: typeof(Azure.Functions.Cli.Actions.LocalActions.EncryptSettingsAction))" storage="d:\azurefun\azure-functions-core-tools\test\azure.functions.cli.tests\bin\debug\netcoreapp2.2\azure.functions.cli.tests.dll" id="b1a2a948-2250-d694-4142-c54c04de5db6">
      <Execution id="6d449546-9a6c-487d-9fd3-ad584122f22e" />
      <TestMethod codeBase="d:\azureFun\azure-functions-core-tools\test\Azure.Functions.Cli.Tests\bin\Debug\netcoreapp2.2\Azure.Functions.Cli.Tests.dll" adapterTypeName="executor://xunit/VsTestRunner2/netcoreapp" className="Azure.Functions.Cli.Tests.ActionsTests.ResolveActionTests" name="Azure.Functions.Cli.Tests.ActionsTests.ResolveActionTests.ResolveCommandLineCorrectly(args: &quot;settings encrypt&quot;, returnType: typeof(Azure.Functions.Cli.Actions.LocalActions.EncryptSettingsAction))" />
    </UnitTest>
    <UnitTest name="Azure.Functions.Cli.Tests.KubernetesHelperUnitTests.ValidateKubernetesNames(name: &quot;name with spaces&quot;, isValid: False)" storage="d:\azurefun\azure-functions-core-tools\test\azure.functions.cli.tests\bin\debug\netcoreapp2.2\azure.functions.cli.tests.dll" id="b3200108-16ce-1a20-4c5e-ce4b037f63ed">
      <Execution id="42808b14-0284-4a15-a134-887685575fa1" />
      <TestMethod codeBase="d:\azureFun\azure-functions-core-tools\test\Azure.Functions.Cli.Tests\bin\Debug\netcoreapp2.2\Azure.Functions.Cli.Tests.dll" adapterTypeName="executor://xunit/VsTestRunner2/netcoreapp" className="Azure.Functions.Cli.Tests.KubernetesHelperUnitTests" name="Azure.Functions.Cli.Tests.KubernetesHelperUnitTests.ValidateKubernetesNames(name: &quot;name with spaces&quot;, isValid: False)" />
    </UnitTest>
    <UnitTest name="Azure.Functions.Cli.Tests.ActionsTests.StartHostActionTests.CheckNonOptionalSettingsThrowsOnMissingAzureWebJobsStorage" storage="d:\azurefun\azure-functions-core-tools\test\azure.functions.cli.tests\bin\debug\netcoreapp2.2\azure.functions.cli.tests.dll" id="26de893a-e2e9-33d7-8410-c3d93b4decf3">
      <Execution id="200ef558-b037-4521-8544-625b29def87e" />
      <TestMethod codeBase="d:\azureFun\azure-functions-core-tools\test\Azure.Functions.Cli.Tests\bin\Debug\netcoreapp2.2\Azure.Functions.Cli.Tests.dll" adapterTypeName="executor://xunit/VsTestRunner2/netcoreapp" className="Azure.Functions.Cli.Tests.ActionsTests.StartHostActionTests" name="Azure.Functions.Cli.Tests.ActionsTests.StartHostActionTests.CheckNonOptionalSettingsThrowsOnMissingAzureWebJobsStorage" />
    </UnitTest>
  </TestDefinitions>
  <TestEntries>
    <TestEntry testId="d29c38c5-cda9-71df-9512-4f03f668c2b1" executionId="f96f20d0-ab08-4861-98ac-399fec8b99ae" testListId="8c84fa94-04c1-424b-9868-57a2d4851a1d" />
    <TestEntry testId="5480cfa5-672c-afd5-9827-476a9f08cb3b" executionId="6658cf9e-9326-4041-b1e7-3bdf15b75e4b" testListId="8c84fa94-04c1-424b-9868-57a2d4851a1d" />
    <TestEntry testId="6a345911-baa6-bb56-bc12-24864aefd6f7" executionId="5fa78591-aea1-48cf-995e-dc6d50ce5557" testListId="8c84fa94-04c1-424b-9868-57a2d4851a1d" />
    <TestEntry testId="4439d28f-70dc-fe99-d774-89dccfddc844" executionId="2f3e45da-a65f-4e90-b1d9-d342a88b82a6" testListId="8c84fa94-04c1-424b-9868-57a2d4851a1d" />
    <TestEntry testId="5ec44c78-1dd9-61eb-ff84-a8ba6e3dfc0d" executionId="eae2d659-78c5-44b4-bd43-c5d0530ab40c" testListId="8c84fa94-04c1-424b-9868-57a2d4851a1d" />
    <TestEntry testId="3e1eb9e1-0a7c-22e4-6b5b-723382f1a0b6" executionId="7af3cfce-68f3-4141-8d65-f5e012145a12" testListId="8c84fa94-04c1-424b-9868-57a2d4851a1d" />
    <TestEntry testId="243afa11-a217-684f-45f4-4db9da54a65f" executionId="d3b6e0c3-6605-4f76-8e60-deffe5cbc257" testListId="8c84fa94-04c1-424b-9868-57a2d4851a1d" />
    <TestEntry testId="b18fbdec-013f-79ea-88e2-b50f8c06118d" executionId="c19bb434-aa6d-42c3-b0c0-ca3c46a06fe0" testListId="8c84fa94-04c1-424b-9868-57a2d4851a1d" />
    <TestEntry testId="c387f225-0790-f7e1-1cd0-6c7ac67b2543" executionId="e600212c-09fb-4bdc-9229-9a7dc02154ce" testListId="8c84fa94-04c1-424b-9868-57a2d4851a1d" />
    <TestEntry testId="32fd11f1-90f8-e21b-1f8a-ed7125fc0efb" executionId="02a44922-39f3-4fe7-850b-1e3b9873dcf5" testListId="8c84fa94-04c1-424b-9868-57a2d4851a1d" />
    <TestEntry testId="aa1df594-40d4-e137-cd98-d22b8508a548" executionId="4fb82e70-0994-442b-8e63-74887d235489" testListId="8c84fa94-04c1-424b-9868-57a2d4851a1d" />
    <TestEntry testId="1f139edb-3deb-53fc-282b-42dee878aa2d" executionId="dc43b1ad-efb1-45f7-b9ed-12a4e95cac29" testListId="8c84fa94-04c1-424b-9868-57a2d4851a1d" />
    <TestEntry testId="e542b29f-26d5-de41-c655-0b8a6a89cc04" executionId="ae4390ae-9a62-4eb1-93ea-6e236f413dac" testListId="8c84fa94-04c1-424b-9868-57a2d4851a1d" />
    <TestEntry testId="ea6f65dc-9275-f99e-62e6-abbb3e61cb1a" executionId="88bddec9-a145-4bdb-b35d-0017a513ad16" testListId="8c84fa94-04c1-424b-9868-57a2d4851a1d" />
    <TestEntry testId="d3e2b2b4-a0da-2c83-b0d5-a550b30023fe" executionId="5786093b-904f-4203-8280-07a9bbf44df2" testListId="8c84fa94-04c1-424b-9868-57a2d4851a1d" />
    <TestEntry testId="d3efb588-decb-06e0-f771-066ffc0bd47f" executionId="9592301f-55c6-4310-a6b0-5973e4bcdbe0" testListId="8c84fa94-04c1-424b-9868-57a2d4851a1d" />
    <TestEntry testId="b0a4c0b0-a820-e1ec-cdfe-6a7b63dcbff5" executionId="759ad54a-934e-48df-b314-52a86f8ef610" testListId="8c84fa94-04c1-424b-9868-57a2d4851a1d" />
    <TestEntry testId="64553088-4447-d029-5ddd-71bd5cd0aa46" executionId="85fffa5b-090b-462c-8cc7-9e85fe8d9842" testListId="8c84fa94-04c1-424b-9868-57a2d4851a1d" />
    <TestEntry testId="9089a251-6020-8d31-3d3f-1e5408cf5fa2" executionId="7c44c3db-39e0-41b3-afe5-40c9e30b26ec" testListId="8c84fa94-04c1-424b-9868-57a2d4851a1d" />
    <TestEntry testId="ebf99807-6835-8622-f4cc-14a2fe7f032c" executionId="e471a7e0-9b0b-4338-a83a-5da51202328d" testListId="8c84fa94-04c1-424b-9868-57a2d4851a1d" />
    <TestEntry testId="2eff687e-3e02-145a-61e4-bda0ef838985" executionId="346f22d7-7a7b-4d7a-b00d-b842a199c6f9" testListId="8c84fa94-04c1-424b-9868-57a2d4851a1d" />
    <TestEntry testId="dbcfb085-f35e-3e6c-7da7-020156e9943f" executionId="4f0d81de-6095-497d-96f0-316dfc521bbb" testListId="8c84fa94-04c1-424b-9868-57a2d4851a1d" />
    <TestEntry testId="64decc6b-b7fe-160f-2c00-b9a1ba342d5c" executionId="07e990d1-d588-454f-9d92-4fb3bb1e9f11" testListId="8c84fa94-04c1-424b-9868-57a2d4851a1d" />
    <TestEntry testId="9d8b1930-fa6e-f013-0673-eadb1590517a" executionId="b839e865-c02c-4344-88a4-f3281b8bdd4a" testListId="8c84fa94-04c1-424b-9868-57a2d4851a1d" />
    <TestEntry testId="e8c5388d-21e7-6efa-364d-9dd6641627ac" executionId="1f4fa8f0-63c7-4787-bd4d-d5306266fc82" testListId="8c84fa94-04c1-424b-9868-57a2d4851a1d" />
    <TestEntry testId="6dae2e53-06b5-d87a-bd2f-628c0e1a23e8" executionId="66b7b136-6ee0-4bfd-8d72-56363bba7cfe" testListId="8c84fa94-04c1-424b-9868-57a2d4851a1d" />
    <TestEntry testId="77fb56d2-1911-d26c-ecbb-f18f47add1be" executionId="74abd77b-9193-425c-8898-ef3bcd9d66db" testListId="8c84fa94-04c1-424b-9868-57a2d4851a1d" />
    <TestEntry testId="42204d7b-dea8-ac96-e080-6b7a82a5585a" executionId="2c2f4470-5ef5-4100-978d-792e4356392b" testListId="8c84fa94-04c1-424b-9868-57a2d4851a1d" />
    <TestEntry testId="cb297182-8b61-50c8-d2e2-3cfe085c978e" executionId="3678debd-084d-4a08-98f2-dbc02bad2083" testListId="8c84fa94-04c1-424b-9868-57a2d4851a1d" />
    <TestEntry testId="f70ac6cd-8de9-88a7-33a1-1b7730f15db8" executionId="1c0c2891-39a4-4917-ba79-9934830f459e" testListId="8c84fa94-04c1-424b-9868-57a2d4851a1d" />
    <TestEntry testId="955249c5-d309-3548-5b00-36c27c9623c3" executionId="a22147b6-2403-4aec-8bcc-d3752087db50" testListId="8c84fa94-04c1-424b-9868-57a2d4851a1d" />
    <TestEntry testId="2171c70e-0095-5e1e-14ba-ab56bb1825b8" executionId="b9c5a12f-5619-4dc0-bf43-6a9e99a4c6fe" testListId="8c84fa94-04c1-424b-9868-57a2d4851a1d" />
    <TestEntry testId="466aaf20-b831-75c4-9896-16bee603351c" executionId="cdd9f6d1-4d1e-46e0-8e75-1ee3902d212d" testListId="8c84fa94-04c1-424b-9868-57a2d4851a1d" />
    <TestEntry testId="7b9a8ca7-25e9-5b23-182e-50be49b6bb85" executionId="3359afbb-036b-4865-a5d6-e91580a3f9df" testListId="8c84fa94-04c1-424b-9868-57a2d4851a1d" />
    <TestEntry testId="b4698d67-1dc5-64f6-ac27-695bf6732c1c" executionId="f835d343-86f1-46d0-ad4a-08413c3dbdc1" testListId="8c84fa94-04c1-424b-9868-57a2d4851a1d" />
    <TestEntry testId="3e96f61f-98f4-cb84-d85b-5356dd246044" executionId="9ff2865f-08b5-4495-bc34-3dc0e337ca05" testListId="8c84fa94-04c1-424b-9868-57a2d4851a1d" />
    <TestEntry testId="251a8b14-d748-20b6-c258-9f54a47d59dd" executionId="be2679d3-3f07-4c15-ab66-3e35f00f4130" testListId="8c84fa94-04c1-424b-9868-57a2d4851a1d" />
    <TestEntry testId="0f458aa1-b2a7-ec6b-ca73-2245e2295c8d" executionId="e95de48b-8e4b-41b3-aece-562825fab9c9" testListId="8c84fa94-04c1-424b-9868-57a2d4851a1d" />
    <TestEntry testId="edbad474-5a85-0780-7ef4-8ccfb334ea3c" executionId="d267785b-05e8-476e-abfa-964ea10f3803" testListId="8c84fa94-04c1-424b-9868-57a2d4851a1d" />
    <TestEntry testId="ed6e5de5-ad08-412a-5534-fb44a44b7095" executionId="8c0bfe58-034c-41f4-8e52-d661561278fd" testListId="8c84fa94-04c1-424b-9868-57a2d4851a1d" />
    <TestEntry testId="7328c548-3649-08f6-12ce-d4ccaf4dcbb1" executionId="cc194590-9b73-4770-8d1b-6f12e0552958" testListId="8c84fa94-04c1-424b-9868-57a2d4851a1d" />
    <TestEntry testId="a724e0a0-4f3b-f44e-88bb-08d6494ab74a" executionId="e36feb98-2eed-4587-a18c-a11873441972" testListId="8c84fa94-04c1-424b-9868-57a2d4851a1d" />
    <TestEntry testId="26de893a-e2e9-33d7-8410-c3d93b4decf3" executionId="200ef558-b037-4521-8544-625b29def87e" testListId="8c84fa94-04c1-424b-9868-57a2d4851a1d" />
    <TestEntry testId="a2d484e5-4918-7da9-1f89-adae87529a89" executionId="63561150-190f-4747-8385-5d4ccc5a8ac0" testListId="8c84fa94-04c1-424b-9868-57a2d4851a1d" />
    <TestEntry testId="9f3a2bf4-d34a-7d0f-b6e4-9ff26c380ab7" executionId="37d463e4-9d06-49be-adac-c302331308a3" testListId="8c84fa94-04c1-424b-9868-57a2d4851a1d" />
    <TestEntry testId="2e97a520-f469-1426-76d3-49996cac8357" executionId="9116c448-caac-4883-875d-4a38d6114688" testListId="8c84fa94-04c1-424b-9868-57a2d4851a1d" />
    <TestEntry testId="457c4f00-2dd8-d508-c1d2-c12724633f05" executionId="d73fa7ab-e460-407a-b7ae-380dd884d3a0" testListId="8c84fa94-04c1-424b-9868-57a2d4851a1d" />
    <TestEntry testId="1933ec56-27e4-c95b-c87a-ed7e486a9d13" executionId="18b91b61-537b-4961-8ba4-81fc246d1b6b" testListId="8c84fa94-04c1-424b-9868-57a2d4851a1d" />
    <TestEntry testId="f28fdcdf-a34d-d676-c42f-da87b3f4a8b1" executionId="8f43dc5f-b0f3-4d7f-a0ff-811f4a3c0431" testListId="8c84fa94-04c1-424b-9868-57a2d4851a1d" />
    <TestEntry testId="54d83d66-97ca-4e37-322f-fea37d237ffe" executionId="d9dd88db-014c-4717-8270-a8806d71e464" testListId="8c84fa94-04c1-424b-9868-57a2d4851a1d" />
    <TestEntry testId="c226dbe1-d186-ab67-74ad-e414345f8981" executionId="8e624035-706a-4432-8233-bfe92650d0d2" testListId="8c84fa94-04c1-424b-9868-57a2d4851a1d" />
    <TestEntry testId="fed4cb35-1ff8-2661-9595-14ef0f48ca52" executionId="bd46e428-9d03-4f64-8d10-866a1d305634" testListId="8c84fa94-04c1-424b-9868-57a2d4851a1d" />
    <TestEntry testId="3d9afed2-66bd-dc4f-d141-be86f2474bf2" executionId="1a789b58-882c-49f1-954a-8814cba42a3b" testListId="8c84fa94-04c1-424b-9868-57a2d4851a1d" />
    <TestEntry testId="2e1fd91c-ffee-826e-57bf-a608e053492a" executionId="6dc2553a-5d3b-4bb2-96d1-fae7509995d9" testListId="8c84fa94-04c1-424b-9868-57a2d4851a1d" />
    <TestEntry testId="7d741dfd-96b6-3ec8-237a-4816ed351140" executionId="ddc52e8f-6c81-40f7-a820-4dfcf3117fb9" testListId="8c84fa94-04c1-424b-9868-57a2d4851a1d" />
    <TestEntry testId="b1a2a948-2250-d694-4142-c54c04de5db6" executionId="6d449546-9a6c-487d-9fd3-ad584122f22e" testListId="8c84fa94-04c1-424b-9868-57a2d4851a1d" />
    <TestEntry testId="b19ee685-964c-10d4-832c-25b1de9041e5" executionId="a7d880cd-827d-419b-a24c-726fff3166c5" testListId="8c84fa94-04c1-424b-9868-57a2d4851a1d" />
    <TestEntry testId="93cf339f-1563-8cec-19f1-a415a1ca088a" executionId="2155d946-92ba-4af7-8aea-f4224ac1a909" testListId="8c84fa94-04c1-424b-9868-57a2d4851a1d" />
    <TestEntry testId="eec1ee9a-2aa1-4c45-b795-9d460b4f28b4" executionId="7508ba35-21e0-4d4d-82ee-1ca709e16598" testListId="8c84fa94-04c1-424b-9868-57a2d4851a1d" />
    <TestEntry testId="dea3461a-6816-c1e3-9b2d-cf4d0771d692" executionId="822a31a1-08c8-41a0-908c-c3caccf02a82" testListId="8c84fa94-04c1-424b-9868-57a2d4851a1d" />
    <TestEntry testId="0b3dd3f8-b7f5-9046-8c8b-7e8ae6185a15" executionId="d93b6768-7295-438e-8df4-1526f652505f" testListId="8c84fa94-04c1-424b-9868-57a2d4851a1d" />
    <TestEntry testId="09a24798-7d10-8250-f686-8d60e9ff7701" executionId="ff037efe-cb35-42c9-b4f5-d6e55ebae0e1" testListId="8c84fa94-04c1-424b-9868-57a2d4851a1d" />
    <TestEntry testId="fbcb31e4-45ed-0d03-0559-73dcb287008b" executionId="edcddd66-f0d2-42a5-b93e-b373807ced17" testListId="8c84fa94-04c1-424b-9868-57a2d4851a1d" />
    <TestEntry testId="2ff45c5f-7276-d3d7-5177-676fe5992614" executionId="6e802ede-9fd9-45ee-aa82-230141e69142" testListId="8c84fa94-04c1-424b-9868-57a2d4851a1d" />
    <TestEntry testId="b3200108-16ce-1a20-4c5e-ce4b037f63ed" executionId="42808b14-0284-4a15-a134-887685575fa1" testListId="8c84fa94-04c1-424b-9868-57a2d4851a1d" />
    <TestEntry testId="be93d512-0232-5d00-fb64-530a7ac3622a" executionId="4bf3ed50-ffe7-4dcf-9b2a-1b1e5014e856" testListId="8c84fa94-04c1-424b-9868-57a2d4851a1d" />
    <TestEntry testId="e61aa2ef-51fe-ce9d-f444-c94be9a0a585" executionId="09d61bd9-4a11-4a62-830a-007478671ba0" testListId="8c84fa94-04c1-424b-9868-57a2d4851a1d" />
    <TestEntry testId="a2fc6bf4-45cb-b71d-9969-54743329e6ec" executionId="c6f543b5-927e-4c2d-b82a-a7e85f088ea8" testListId="8c84fa94-04c1-424b-9868-57a2d4851a1d" />
    <TestEntry testId="09e2de0c-a28a-298a-253c-0e48337e3673" executionId="ea97891b-edf2-426a-b41d-d9361aa26dd5" testListId="8c84fa94-04c1-424b-9868-57a2d4851a1d" />
    <TestEntry testId="9dbb5f07-9422-6d35-4546-edac74e177fc" executionId="a1765f8e-1d22-48b2-b751-8bed41919448" testListId="8c84fa94-04c1-424b-9868-57a2d4851a1d" />
    <TestEntry testId="8384cb22-dc4e-52e8-ba1b-1a3a991e8794" executionId="e94e5355-2180-4a12-b23d-113aef3e3cf0" testListId="8c84fa94-04c1-424b-9868-57a2d4851a1d" />
    <TestEntry testId="a105b8a7-3d94-be93-e9c3-561cbf250f62" executionId="b0d641c8-7397-47be-9993-d4b201c21d58" testListId="8c84fa94-04c1-424b-9868-57a2d4851a1d" />
    <TestEntry testId="4fe61fb2-add7-9b86-7ac9-963c2c517c14" executionId="8e3d5c02-005a-4cbf-9e21-935353908403" testListId="8c84fa94-04c1-424b-9868-57a2d4851a1d" />
    <TestEntry testId="fdc61361-aca6-49a9-194e-62ff1feb1a48" executionId="4ae0d554-86c1-400d-8746-38ce63c09665" testListId="8c84fa94-04c1-424b-9868-57a2d4851a1d" />
    <TestEntry testId="c9950969-c15a-bd40-5c28-19b8f7156c09" executionId="55a4cd3c-4c24-4d3a-87a8-67c58c8a3904" testListId="8c84fa94-04c1-424b-9868-57a2d4851a1d" />
    <TestEntry testId="5764f792-69e7-c4fc-617c-99c8ae3d7290" executionId="05c65d59-dc40-4803-a586-1ff20127de59" testListId="8c84fa94-04c1-424b-9868-57a2d4851a1d" />
    <TestEntry testId="99cb63a8-7e08-ff45-2917-537ab2cd414e" executionId="eca543c4-5eb3-43c8-859a-0acc66e75c2a" testListId="8c84fa94-04c1-424b-9868-57a2d4851a1d" />
    <TestEntry testId="30b4d0c9-fe72-ccd3-41b4-452db0ee6a68" executionId="1e83ea7e-a139-4dc8-8b15-0a352ccc1fd2" testListId="8c84fa94-04c1-424b-9868-57a2d4851a1d" />
    <TestEntry testId="da4681c6-718f-bdf7-e3fd-882500cd8814" executionId="1773ff82-cb46-4f08-85ed-f6ec517b5fb0" testListId="8c84fa94-04c1-424b-9868-57a2d4851a1d" />
    <TestEntry testId="f495c734-8012-31b2-3361-92d27fb8c6d0" executionId="d91cd947-2e30-48ae-864e-0de5c1891b0e" testListId="8c84fa94-04c1-424b-9868-57a2d4851a1d" />
    <TestEntry testId="66f6f242-74b3-6a0b-fa81-2412711abe67" executionId="f09df532-de78-41e5-ae77-527ba84787b1" testListId="8c84fa94-04c1-424b-9868-57a2d4851a1d" />
    <TestEntry testId="65b89792-1711-6f19-85b7-0f3eb33b6850" executionId="d5d19221-f750-4233-848f-e9a60add81f5" testListId="8c84fa94-04c1-424b-9868-57a2d4851a1d" />
    <TestEntry testId="e553ca05-308a-bf73-e898-77e7d60f149d" executionId="1ff583b1-4e0a-436f-a29e-acb7d568dd75" testListId="8c84fa94-04c1-424b-9868-57a2d4851a1d" />
    <TestEntry testId="6d362e3e-2836-8a52-d263-224ae45ba8c7" executionId="f3256654-ea06-402b-bdc7-0e612aa6f7b8" testListId="8c84fa94-04c1-424b-9868-57a2d4851a1d" />
    <TestEntry testId="1bd52704-add6-aba2-e711-716128e7b10b" executionId="6e01863b-2996-4cb9-9ec4-73ca79e75e87" testListId="8c84fa94-04c1-424b-9868-57a2d4851a1d" />
    <TestEntry testId="ea50a151-1b12-df2b-178f-fcb2c35810bb" executionId="11dee17a-a3f7-45ea-8611-e0fc5a50b03d" testListId="8c84fa94-04c1-424b-9868-57a2d4851a1d" />
    <TestEntry testId="9bbeac1c-700a-59f3-e77e-496e9e6ff3c1" executionId="72a949ff-1b07-4af9-a2f5-79db77ad4de0" testListId="8c84fa94-04c1-424b-9868-57a2d4851a1d" />
    <TestEntry testId="4f682df2-d468-581a-9b00-b61583b243d3" executionId="825a07ce-6856-48b3-8bc6-b9ee69509b31" testListId="8c84fa94-04c1-424b-9868-57a2d4851a1d" />
    <TestEntry testId="5a0907e1-44cd-b1c2-b6e9-e611e9df4e2f" executionId="2b0050c2-439b-4267-aab2-0c52976fc763" testListId="8c84fa94-04c1-424b-9868-57a2d4851a1d" />
    <TestEntry testId="4294c23d-5a13-c518-9e66-be8f5c903261" executionId="8bd2b445-2372-492d-9209-130e8a7e70f9" testListId="8c84fa94-04c1-424b-9868-57a2d4851a1d" />
    <TestEntry testId="7a3da497-d5de-74f0-bc82-bc37d352976f" executionId="e5fc8d18-e59a-4ea8-952a-fb86fdf1ba74" testListId="8c84fa94-04c1-424b-9868-57a2d4851a1d" />
    <TestEntry testId="67e96cf1-882b-80de-8b77-9490140e2b4c" executionId="e9821932-7a63-4a8a-8c6f-5d738a187739" testListId="8c84fa94-04c1-424b-9868-57a2d4851a1d" />
    <TestEntry testId="48e1ca5f-db9a-873c-f3bc-7991e0057d11" executionId="3ec7637f-5d80-43c8-88a6-d42de3daaa98" testListId="8c84fa94-04c1-424b-9868-57a2d4851a1d" />
    <TestEntry testId="8ec96d3e-65eb-c14e-7b76-f3ef6618f355" executionId="b358ebea-177f-4126-8696-e1f7cac26a4e" testListId="8c84fa94-04c1-424b-9868-57a2d4851a1d" />
    <TestEntry testId="18db6ac8-b05a-7c84-1df6-71b9004d931d" executionId="80a249ee-ec79-4899-8faf-9c2bce5aba6b" testListId="8c84fa94-04c1-424b-9868-57a2d4851a1d" />
    <TestEntry testId="78561c78-b11f-249e-8d46-afb9f8373f86" executionId="fdefefd4-9aaa-45f4-9841-11a70ae90096" testListId="8c84fa94-04c1-424b-9868-57a2d4851a1d" />
    <TestEntry testId="11005bc6-8362-3874-994e-dcc2ca997623" executionId="af1474fc-2d1a-425d-92e5-67f564d619c9" testListId="8c84fa94-04c1-424b-9868-57a2d4851a1d" />
    <TestEntry testId="103f4af3-731f-b6ce-0bad-823c79c062f3" executionId="5ae2aefe-24f7-4a95-bc3e-5f720b194ca5" testListId="8c84fa94-04c1-424b-9868-57a2d4851a1d" />
    <TestEntry testId="f226e1a5-9790-1605-0a15-a7d728800caf" executionId="3d0dfd9b-1c01-4318-9e8a-3167259c4c04" testListId="8c84fa94-04c1-424b-9868-57a2d4851a1d" />
    <TestEntry testId="c1732864-2ff6-7242-778b-b3833fe8c752" executionId="ecbfc2f3-f5f6-4ffc-ac3f-f03ebb360184" testListId="8c84fa94-04c1-424b-9868-57a2d4851a1d" />
    <TestEntry testId="dd51398c-a8df-9086-6a0a-0434a110c00b" executionId="d9467052-f5bf-4909-8490-f48a886ccf74" testListId="8c84fa94-04c1-424b-9868-57a2d4851a1d" />
    <TestEntry testId="9e1afe7a-5aee-2dfc-e827-ba25e10b653f" executionId="99e0510e-90f9-47b5-abcc-ea1849def9db" testListId="8c84fa94-04c1-424b-9868-57a2d4851a1d" />
    <TestEntry testId="88a6babb-85d8-14cf-b78a-b66f1d645cd7" executionId="9dfb1aae-1b3a-42fb-a49b-72046a93d08a" testListId="8c84fa94-04c1-424b-9868-57a2d4851a1d" />
    <TestEntry testId="e85947ae-606d-a182-c346-4b538925928d" executionId="7f2d386b-cb84-435d-bf40-b8c5534e06fd" testListId="8c84fa94-04c1-424b-9868-57a2d4851a1d" />
    <TestEntry testId="b4ee8f5c-889a-4fca-ff80-57fa460645d6" executionId="6f944a0c-afaf-492a-a28e-cff9084f0d81" testListId="8c84fa94-04c1-424b-9868-57a2d4851a1d" />
    <TestEntry testId="6d4a1970-862c-fbe7-a930-eb330f5084b4" executionId="76f821d3-7ed5-4a64-bbf4-7989cf39b4b3" testListId="8c84fa94-04c1-424b-9868-57a2d4851a1d" />
    <TestEntry testId="ffd1e9b5-9428-7728-bd40-88718d74b2e7" executionId="5b3e4578-53ac-4b56-9737-c72570b27254" testListId="8c84fa94-04c1-424b-9868-57a2d4851a1d" />
    <TestEntry testId="84c13452-e24f-8ed6-016d-e7bf1d702b2a" executionId="27a3eab6-e541-463a-90e6-4f236e2f003d" testListId="8c84fa94-04c1-424b-9868-57a2d4851a1d" />
    <TestEntry testId="cf282906-9063-86ff-c930-5ea8afcf5d9b" executionId="a4401a09-4156-495c-9c66-6ef2319aa007" testListId="8c84fa94-04c1-424b-9868-57a2d4851a1d" />
    <TestEntry testId="d18982bf-a76e-798d-ff69-36bc2428297a" executionId="3aff9639-acb8-4efa-8cb5-c8c0cf11e439" testListId="8c84fa94-04c1-424b-9868-57a2d4851a1d" />
    <TestEntry testId="0a5938eb-862d-0722-e438-585ebbece6a0" executionId="860f3ee9-ad9b-4ce5-b236-a2563eccd058" testListId="8c84fa94-04c1-424b-9868-57a2d4851a1d" />
    <TestEntry testId="7dff628d-a279-6c19-743e-80391e45505d" executionId="081fce56-8c6b-443a-9b88-a30a84a68019" testListId="8c84fa94-04c1-424b-9868-57a2d4851a1d" />
    <TestEntry testId="c330df6a-d603-100e-6d71-845ec75bd671" executionId="8d04311a-253b-4cc6-b8b7-17b676c4489a" testListId="8c84fa94-04c1-424b-9868-57a2d4851a1d" />
    <TestEntry testId="57745701-23f5-b69f-363e-4166d7dd4e91" executionId="4fd2896d-5c8a-4fbc-8cca-c47d61d3585d" testListId="8c84fa94-04c1-424b-9868-57a2d4851a1d" />
    <TestEntry testId="fb5bbe6a-a717-ca10-710b-5ca2aaa6add9" executionId="d2c2794c-d2ba-4cd8-b155-781c87b08758" testListId="8c84fa94-04c1-424b-9868-57a2d4851a1d" />
    <TestEntry testId="f45bfa4a-0d9f-47fe-e10c-d3e4e94868ea" executionId="4ddc09bc-613a-4878-ad5b-21ca8f6f1314" testListId="8c84fa94-04c1-424b-9868-57a2d4851a1d" />
    <TestEntry testId="56f9fc01-6787-8410-f691-28be07190400" executionId="63962dd0-71e4-4eda-bbce-4fa93202eae4" testListId="8c84fa94-04c1-424b-9868-57a2d4851a1d" />
    <TestEntry testId="9f1f89d8-fb6f-2826-e480-ce8a90986031" executionId="2c26ddda-c7de-4000-9c35-582023a1b3f1" testListId="8c84fa94-04c1-424b-9868-57a2d4851a1d" />
    <TestEntry testId="d3c0f02e-9c06-fd1c-a6d3-3429efece333" executionId="c841eb63-f0ee-4619-8b9d-60dbe93071ac" testListId="8c84fa94-04c1-424b-9868-57a2d4851a1d" />
    <TestEntry testId="1c660e16-d25a-0ae9-607c-b0969bf571c1" executionId="69343d3b-b01f-42ce-88a7-996407e53595" testListId="8c84fa94-04c1-424b-9868-57a2d4851a1d" />
    <TestEntry testId="486a936c-2d1d-2721-084d-7eba1fa2b833" executionId="fb99a79a-d0a9-4267-8c71-775c94b52273" testListId="8c84fa94-04c1-424b-9868-57a2d4851a1d" />
    <TestEntry testId="574b6f6d-989c-3073-4252-0f2938f02b70" executionId="d92e114f-43a3-41d9-ac36-89cd894c5a65" testListId="8c84fa94-04c1-424b-9868-57a2d4851a1d" />
    <TestEntry testId="b35b8e5a-1843-c42b-1874-f4424f2bb10b" executionId="29d9645a-4277-492f-8ce4-2457e365df39" testListId="8c84fa94-04c1-424b-9868-57a2d4851a1d" />
    <TestEntry testId="960dacc8-28ff-c3ef-de0d-8f335862fba1" executionId="90b02035-cd07-40b5-8af9-6fea544401d2" testListId="8c84fa94-04c1-424b-9868-57a2d4851a1d" />
    <TestEntry testId="dae95602-c54d-e58f-4f04-32815860a055" executionId="5abc6523-ca73-4a0b-aff6-ccf760b9dfaf" testListId="8c84fa94-04c1-424b-9868-57a2d4851a1d" />
    <TestEntry testId="54335ae6-240d-50a8-0ad6-445a6942b2d8" executionId="b8474ea1-8ca6-4aad-8d93-1308bf07b3c5" testListId="8c84fa94-04c1-424b-9868-57a2d4851a1d" />
    <TestEntry testId="d8743312-47fe-fcb5-f5e2-dc5712ca3557" executionId="35a9464e-3c14-43fe-883a-3d01ad37ce98" testListId="8c84fa94-04c1-424b-9868-57a2d4851a1d" />
    <TestEntry testId="920a0c58-40e6-d818-fa18-2af92dcacaab" executionId="cbdca808-7cd5-4622-bcb1-d7e81c04dacd" testListId="8c84fa94-04c1-424b-9868-57a2d4851a1d" />
    <TestEntry testId="a33e1e9b-21a9-4ffd-da79-f2532b99fd5f" executionId="0b079e24-3f9b-4bc6-8dcb-5bc01c6f6fb7" testListId="8c84fa94-04c1-424b-9868-57a2d4851a1d" />
    <TestEntry testId="b6c76e80-b5b7-3f98-260a-f3016f7d7254" executionId="8a2dd2bd-a0a1-46e3-b1f5-07131550a37d" testListId="8c84fa94-04c1-424b-9868-57a2d4851a1d" />
    <TestEntry testId="b5584b1a-6471-bddd-51b8-b47f4a6ecf7b" executionId="eac07a1a-91ea-457a-9346-c3561799dee9" testListId="8c84fa94-04c1-424b-9868-57a2d4851a1d" />
    <TestEntry testId="559d4974-8bb6-79f3-b951-eb7c787ce1a9" executionId="390ea072-0ba6-4ecf-911d-cdebae2519ab" testListId="8c84fa94-04c1-424b-9868-57a2d4851a1d" />
    <TestEntry testId="a42ef01f-d836-859c-1bc9-99f8d567f5c3" executionId="efc386a5-d60d-4491-b910-b6347f6f1118" testListId="8c84fa94-04c1-424b-9868-57a2d4851a1d" />
    <TestEntry testId="39f587a1-adfa-40ac-1d64-2729707c10fc" executionId="e82e7e02-0aee-457b-9e92-dcf6a06b68cc" testListId="8c84fa94-04c1-424b-9868-57a2d4851a1d" />
    <TestEntry testId="58dd0057-84d2-2bc0-2c61-ba1b40563254" executionId="de6c0a56-e727-4d3f-bc3f-1e11d4745314" testListId="8c84fa94-04c1-424b-9868-57a2d4851a1d" />
    <TestEntry testId="f4da3906-151c-06c4-2cac-a0c074c038b4" executionId="487a9250-ff9f-45fe-8dd1-7304ebe58e72" testListId="8c84fa94-04c1-424b-9868-57a2d4851a1d" />
    <TestEntry testId="3a25c399-9646-35b9-434d-2c4e07960aba" executionId="c78fc610-a4bc-41ae-8053-bd886d291ded" testListId="8c84fa94-04c1-424b-9868-57a2d4851a1d" />
    <TestEntry testId="e38355ca-51da-6c05-323b-fb02d0d6ded6" executionId="cb2d7d59-c67f-43e1-a2b9-5bd0f2d31251" testListId="8c84fa94-04c1-424b-9868-57a2d4851a1d" />
    <TestEntry testId="bd78b515-00b0-094a-e313-5142986debc4" executionId="c5dbdf60-b315-460b-9c0c-a17a51899bac" testListId="8c84fa94-04c1-424b-9868-57a2d4851a1d" />
    <TestEntry testId="ce1bf570-d638-65cf-e454-24922ad5d615" executionId="3d55de98-5515-464d-8ef1-7e2e2d4f7301" testListId="8c84fa94-04c1-424b-9868-57a2d4851a1d" />
    <TestEntry testId="744b1472-67f7-81df-ef74-a77709274f11" executionId="88bb1bed-63ff-4c2e-aaaf-135600923eee" testListId="8c84fa94-04c1-424b-9868-57a2d4851a1d" />
    <TestEntry testId="6c3067fd-9bb8-1e0f-ecd6-371134f53472" executionId="04acb750-4910-46ba-8b90-a07706475a44" testListId="8c84fa94-04c1-424b-9868-57a2d4851a1d" />
    <TestEntry testId="5003810b-7863-4dc1-5248-e3712431e6d6" executionId="33e47d05-29fd-42db-b3c4-d44522c933f1" testListId="8c84fa94-04c1-424b-9868-57a2d4851a1d" />
    <TestEntry testId="e0ef2013-516b-50af-1cfc-3551e92565d5" executionId="7f15eaf3-ad33-46d1-a6ac-41b18e2370e3" testListId="8c84fa94-04c1-424b-9868-57a2d4851a1d" />
  </TestEntries>
  <TestLists>
    <TestList name="Results Not in a List" id="8c84fa94-04c1-424b-9868-57a2d4851a1d" />
    <TestList name="All Loaded Results" id="19431567-8539-422a-85d7-44ee4e166bda" />
  </TestLists>
  <ResultSummary outcome="Failed">
    <Counters total="144" executed="132" passed="86" failed="46" error="0" timeout="0" aborted="0" inconclusive="0" passedButRunAborted="0" notRunnable="0" notExecuted="0" disconnected="0" warning="0" completed="0" inProgress="0" pending="0" />
    <Output>
      <StdOut>[xUnit.net 00:00:00.00] xUnit.net VSTest Adapter v2.4.0 (64-bit .NET Core 4.6.28008.02)&#xD;
[xUnit.net 00:00:03.28]   Discovering: Azure.Functions.Cli.Tests&#xD;
[xUnit.net 00:00:03.46]   Discovered:  Azure.Functions.Cli.Tests&#xD;
[xUnit.net 00:00:03.47]   Starting:    Azure.Functions.Cli.Tests&#xD;
[xUnit.net 00:00:04.32]       One or more of AZURE_DIRECTORY_ID, AZURE_SERVICE_PRINCIPAL_ID, AZURE_SERVICE_PRINCIPAL_KEY is not defined&#xD;
Test 'Azure.Functions.Cli.Tests.E2E.ListFunctionsTests.ListFunctionsWorks' was skipped in the test run.&#xD;
[xUnit.net 00:00:05.23]       System.Exception : Python executable path should not be empty&#xD;
[xUnit.net 00:00:05.23]       Stack Trace:&#xD;
[xUnit.net 00:00:05.23]         d:\azureFun\azure-functions-core-tools\test\Azure.Functions.Cli.Tests\PythonHelperTests.cs(24,0): at Azure.Functions.Cli.Tests.PythonHelperTests.InterpreterShouldHaveExecutablePath()&#xD;
[xUnit.net 00:00:05.24]       System.Exception : Python major version should be 2 or 3&#xD;
[xUnit.net 00:00:05.24]       Stack Trace:&#xD;
[xUnit.net 00:00:05.24]         d:\azureFun\azure-functions-core-tools\test\Azure.Functions.Cli.Tests\PythonHelperTests.cs(34,0): at Azure.Functions.Cli.Tests.PythonHelperTests.InterpreterShouldHaveMajorVersion()&#xD;
[xUnit.net 00:00:05.25]       Durable E2E tests need a storage account connection&#xD;
[xUnit.net 00:00:05.25]       Durable E2E tests need a storage account connection&#xD;
[xUnit.net 00:00:05.25]       Durable E2E tests need a storage account connection&#xD;
[xUnit.net 00:00:05.25]       Durable E2E tests need a storage account connection&#xD;
[xUnit.net 00:00:05.25]       Durable E2E tests need a storage account connection&#xD;
Test 'Azure.Functions.Cli.Tests.E2E.DurableTests.DurableStartNewTest_FileInput' was skipped in the test run.&#xD;
Test 'Azure.Functions.Cli.Tests.E2E.DurableTests.DurableRaiseEventTest_FileInput' was skipped in the test run.&#xD;
Test 'Azure.Functions.Cli.Tests.E2E.DurableTests.DurableTerminateTest' was skipped in the test run.&#xD;
Test 'Azure.Functions.Cli.Tests.E2E.DurableTests.DurableStartNewTest' was skipped in the test run.&#xD;
Test 'Azure.Functions.Cli.Tests.E2E.DurableTests.DurableDeleteTaskHubTest' was skipped in the test run.&#xD;
[xUnit.net 00:00:05.25]       Durable E2E tests need a storage account connection&#xD;
[xUnit.net 00:00:05.26]       Durable E2E tests need a storage account connection&#xD;
[xUnit.net 00:00:05.26]       Durable E2E tests need a storage account connection&#xD;
[xUnit.net 00:00:05.26]       Durable E2E tests need a storage account connection&#xD;
[xUnit.net 00:00:05.26]       Durable E2E tests need a storage account connection&#xD;
[xUnit.net 00:00:05.26]       Durable E2E tests need a storage account connection&#xD;
Test 'Azure.Functions.Cli.Tests.E2E.DurableTests.DurableRaiseEventTest' was skipped in the test run.&#xD;
Test 'Azure.Functions.Cli.Tests.E2E.DurableTests.DurablePurgeHistoryTest' was skipped in the test run.&#xD;
Test 'Azure.Functions.Cli.Tests.E2E.DurableTests.DurableGetInstancesTest' was skipped in the test run.&#xD;
Test 'Azure.Functions.Cli.Tests.E2E.DurableTests.DurableRewindTest' was skipped in the test run.&#xD;
Test 'Azure.Functions.Cli.Tests.E2E.DurableTests.DurableGetHistoryTest' was skipped in the test run.&#xD;
Test 'Azure.Functions.Cli.Tests.E2E.DurableTests.DurableGetRuntimeStatusTest' was skipped in the test run.&#xD;
[xUnit.net 00:00:07.74]       System.InvalidOperationException : Cannot start process because a file name has not been provided.&#xD;
[xUnit.net 00:00:07.74]       Stack Trace:&#xD;
[xUnit.net 00:00:07.74]            at System.Diagnostics.Process.Start()&#xD;
[xUnit.net 00:00:07.74]         D:\azureFun\azure-functions-core-tools\src\Azure.Functions.Cli\Common\Executable.cs(80,0): at Azure.Functions.Cli.Common.Executable.RunAsync(Action`1 outputCallback, Action`1 errorCallback, Nullable`1 timeout, String stdIn)&#xD;
[xUnit.net 00:00:07.74]         d:\azureFun\azure-functions-core-tools\test\Azure.Functions.Cli.Tests\E2E\Helpers\CliTester.cs(85,0): at Azure.Functions.Cli.Tests.E2E.Helpers.CliTester.InternalRun(String workingDir, RunConfiguration[] runConfigurations, ITestOutputHelper output, Boolean startHost)&#xD;
[xUnit.net 00:00:07.74]         d:\azureFun\azure-functions-core-tools\test\Azure.Functions.Cli.Tests\E2E\Helpers\CliTester.cs(35,0): at Azure.Functions.Cli.Tests.E2E.Helpers.CliTester.Run(RunConfiguration[] runConfigurations, ITestOutputHelper output, String workingDir, Boolean startHost)&#xD;
[xUnit.net 00:00:07.74]         --- End of stack trace from previous location where exception was thrown ---&#xD;
[xUnit.net 00:00:07.74]       Output:&#xD;
[xUnit.net 00:00:07.74]         stdout: Running: &gt;  init dotnet-funcs --worker-runtime dotnet&#xD;
[xUnit.net 00:00:07.74]       System.InvalidOperationException : Cannot start process because a file name has not been provided.&#xD;
[xUnit.net 00:00:07.74]       Stack Trace:&#xD;
[xUnit.net 00:00:07.74]            at System.Diagnostics.Process.Start()&#xD;
[xUnit.net 00:00:07.74]         D:\azureFun\azure-functions-core-tools\src\Azure.Functions.Cli\Common\Executable.cs(80,0): at Azure.Functions.Cli.Common.Executable.RunAsync(Action`1 outputCallback, Action`1 errorCallback, Nullable`1 timeout, String stdIn)&#xD;
[xUnit.net 00:00:07.74]         d:\azureFun\azure-functions-core-tools\test\Azure.Functions.Cli.Tests\E2E\Helpers\CliTester.cs(85,0): at Azure.Functions.Cli.Tests.E2E.Helpers.CliTester.InternalRun(String workingDir, RunConfiguration[] runConfigurations, ITestOutputHelper output, Boolean startHost)&#xD;
[xUnit.net 00:00:07.74]         d:\azureFun\azure-functions-core-tools\test\Azure.Functions.Cli.Tests\E2E\Helpers\CliTester.cs(35,0): at Azure.Functions.Cli.Tests.E2E.Helpers.CliTester.Run(RunConfiguration[] runConfigurations, ITestOutputHelper output, String workingDir, Boolean startHost)&#xD;
[xUnit.net 00:00:07.74]         --- End of stack trace from previous location where exception was thrown ---&#xD;
[xUnit.net 00:00:07.74]       Output:&#xD;
[xUnit.net 00:00:07.74]         stdout: Running: &gt;  init . --worker-runtime node&#xD;
[xUnit.net 00:00:07.74]       System.InvalidOperationException : Cannot start process because a file name has not been provided.&#xD;
[xUnit.net 00:00:07.74]       Stack Trace:&#xD;
[xUnit.net 00:00:07.74]            at System.Diagnostics.Process.Start()&#xD;
[xUnit.net 00:00:07.74]         D:\azureFun\azure-functions-core-tools\src\Azure.Functions.Cli\Common\Executable.cs(80,0): at Azure.Functions.Cli.Common.Executable.RunAsync(Action`1 outputCallback, Action`1 errorCallback, Nullable`1 timeout, String stdIn)&#xD;
[xUnit.net 00:00:07.75]         d:\azureFun\azure-functions-core-tools\test\Azure.Functions.Cli.Tests\E2E\Helpers\CliTester.cs(85,0): at Azure.Functions.Cli.Tests.E2E.Helpers.CliTester.InternalRun(String workingDir, RunConfiguration[] runConfigurations, ITestOutputHelper output, Boolean startHost)&#xD;
[xUnit.net 00:00:07.75]         d:\azureFun\azure-functions-core-tools\test\Azure.Functions.Cli.Tests\E2E\Helpers\CliTester.cs(35,0): at Azure.Functions.Cli.Tests.E2E.Helpers.CliTester.Run(RunConfiguration[] runConfigurations, ITestOutputHelper output, String workingDir, Boolean startHost)&#xD;
[xUnit.net 00:00:07.75]         --- End of stack trace from previous location where exception was thrown ---&#xD;
[xUnit.net 00:00:07.75]       System.InvalidOperationException : Cannot start process because a file name has not been provided.&#xD;
[xUnit.net 00:00:07.75]       Stack Trace:&#xD;
[xUnit.net 00:00:07.75]            at System.Diagnostics.Process.Start()&#xD;
[xUnit.net 00:00:07.75]         D:\azureFun\azure-functions-core-tools\src\Azure.Functions.Cli\Common\Executable.cs(80,0): at Azure.Functions.Cli.Common.Executable.RunAsync(Action`1 outputCallback, Action`1 errorCallback, Nullable`1 timeout, String stdIn)&#xD;
[xUnit.net 00:00:07.75]         d:\azureFun\azure-functions-core-tools\test\Azure.Functions.Cli.Tests\E2E\Helpers\CliTester.cs(85,0): at Azure.Functions.Cli.Tests.E2E.Helpers.CliTester.InternalRun(String workingDir, RunConfiguration[] runConfigurations, ITestOutputHelper output, Boolean startHost)&#xD;
[xUnit.net 00:00:07.75]         d:\azureFun\azure-functions-core-tools\test\Azure.Functions.Cli.Tests\E2E\Helpers\CliTester.cs(35,0): at Azure.Functions.Cli.Tests.E2E.Helpers.CliTester.Run(RunConfiguration[] runConfigurations, ITestOutputHelper output, String workingDir, Boolean startHost)&#xD;
[xUnit.net 00:00:07.75]         --- End of stack trace from previous location where exception was thrown ---&#xD;
[xUnit.net 00:00:07.75]       Output:&#xD;
[xUnit.net 00:00:07.75]         stdout: Running: &gt;  init . --worker-runtime typescript&#xD;
[xUnit.net 00:00:07.75]       System.InvalidOperationException : Cannot start process because a file name has not been provided.&#xD;
[xUnit.net 00:00:07.75]       Stack Trace:&#xD;
[xUnit.net 00:00:07.75]            at System.Diagnostics.Process.Start()&#xD;
[xUnit.net 00:00:07.75]         D:\azureFun\azure-functions-core-tools\src\Azure.Functions.Cli\Common\Executable.cs(80,0): at Azure.Functions.Cli.Common.Executable.RunAsync(Action`1 outputCallback, Action`1 errorCallback, Nullable`1 timeout, String stdIn)&#xD;
[xUnit.net 00:00:07.75]         d:\azureFun\azure-functions-core-tools\test\Azure.Functions.Cli.Tests\E2E\Helpers\CliTester.cs(85,0): at Azure.Functions.Cli.Tests.E2E.Helpers.CliTester.InternalRun(String workingDir, RunConfiguration[] runConfigurations, ITestOutputHelper output, Boolean startHost)&#xD;
[xUnit.net 00:00:07.75]         d:\azureFun\azure-functions-core-tools\test\Azure.Functions.Cli.Tests\E2E\Helpers\CliTester.cs(35,0): at Azure.Functions.Cli.Tests.E2E.Helpers.CliTester.Run(RunConfiguration[] runConfigurations, ITestOutputHelper output, String workingDir, Boolean startHost)&#xD;
[xUnit.net 00:00:07.75]         --- End of stack trace from previous location where exception was thrown ---&#xD;
[xUnit.net 00:00:07.75]       Output:&#xD;
[xUnit.net 00:00:07.75]         stdout: Running: &gt;  init . --worker-runtime node --docker&#xD;
[xUnit.net 00:00:07.76]       System.InvalidOperationException : Cannot start process because a file name has not been provided.&#xD;
[xUnit.net 00:00:07.76]       Stack Trace:&#xD;
[xUnit.net 00:00:07.76]            at System.Diagnostics.Process.Start()&#xD;
[xUnit.net 00:00:07.76]         D:\azureFun\azure-functions-core-tools\src\Azure.Functions.Cli\Common\Executable.cs(80,0): at Azure.Functions.Cli.Common.Executable.RunAsync(Action`1 outputCallback, Action`1 errorCallback, Nullable`1 timeout, String stdIn)&#xD;
[xUnit.net 00:00:07.76]         d:\azureFun\azure-functions-core-tools\test\Azure.Functions.Cli.Tests\E2E\Helpers\CliTester.cs(85,0): at Azure.Functions.Cli.Tests.E2E.Helpers.CliTester.InternalRun(String workingDir, RunConfiguration[] runConfigurations, ITestOutputHelper output, Boolean startHost)&#xD;
[xUnit.net 00:00:07.76]         d:\azureFun\azure-functions-core-tools\test\Azure.Functions.Cli.Tests\E2E\Helpers\CliTester.cs(35,0): at Azure.Functions.Cli.Tests.E2E.Helpers.CliTester.Run(RunConfiguration[] runConfigurations, ITestOutputHelper output, String workingDir, Boolean startHost)&#xD;
[xUnit.net 00:00:07.76]         --- End of stack trace from previous location where exception was thrown ---&#xD;
[xUnit.net 00:00:07.76]       Output:&#xD;
[xUnit.net 00:00:07.76]         stdout: Running: &gt;  init . --worker-runtime powershell --docker&#xD;
[xUnit.net 00:00:07.77]       System.InvalidOperationException : Cannot start process because a file name has not been provided.&#xD;
[xUnit.net 00:00:07.77]       Stack Trace:&#xD;
[xUnit.net 00:00:07.77]            at System.Diagnostics.Process.Start()&#xD;
[xUnit.net 00:00:07.77]         D:\azureFun\azure-functions-core-tools\src\Azure.Functions.Cli\Common\Executable.cs(80,0): at Azure.Functions.Cli.Common.Executable.RunAsync(Action`1 outputCallback, Action`1 errorCallback, Nullable`1 timeout, String stdIn)&#xD;
[xUnit.net 00:00:07.77]         d:\azureFun\azure-functions-core-tools\test\Azure.Functions.Cli.Tests\E2E\Helpers\CliTester.cs(85,0): at Azure.Functions.Cli.Tests.E2E.Helpers.CliTester.InternalRun(String workingDir, RunConfiguration[] runConfigurations, ITestOutputHelper output, Boolean startHost)&#xD;
[xUnit.net 00:00:07.77]         d:\azureFun\azure-functions-core-tools\test\Azure.Functions.Cli.Tests\E2E\Helpers\CliTester.cs(35,0): at Azure.Functions.Cli.Tests.E2E.Helpers.CliTester.Run(RunConfiguration[] runConfigurations, ITestOutputHelper output, String workingDir, Boolean startHost)&#xD;
[xUnit.net 00:00:07.77]         --- End of stack trace from previous location where exception was thrown ---&#xD;
[xUnit.net 00:00:07.77]       Output:&#xD;
[xUnit.net 00:00:07.77]         stdout: Running: &gt;  init . --worker-runtime dotnet --docker&#xD;
[xUnit.net 00:00:07.77]       System.InvalidOperationException : Cannot start process because a file name has not been provided.&#xD;
[xUnit.net 00:00:07.77]       Stack Trace:&#xD;
[xUnit.net 00:00:07.77]            at System.Diagnostics.Process.Start()&#xD;
[xUnit.net 00:00:07.77]         D:\azureFun\azure-functions-core-tools\src\Azure.Functions.Cli\Common\Executable.cs(80,0): at Azure.Functions.Cli.Common.Executable.RunAsync(Action`1 outputCallback, Action`1 errorCallback, Nullable`1 timeout, String stdIn)&#xD;
[xUnit.net 00:00:07.77]         d:\azureFun\azure-functions-core-tools\test\Azure.Functions.Cli.Tests\E2E\Helpers\CliTester.cs(85,0): at Azure.Functions.Cli.Tests.E2E.Helpers.CliTester.InternalRun(String workingDir, RunConfiguration[] runConfigurations, ITestOutputHelper output, Boolean startHost)&#xD;
[xUnit.net 00:00:07.77]         d:\azureFun\azure-functions-core-tools\test\Azure.Functions.Cli.Tests\E2E\Helpers\CliTester.cs(35,0): at Azure.Functions.Cli.Tests.E2E.Helpers.CliTester.Run(RunConfiguration[] runConfigurations, ITestOutputHelper output, String workingDir, Boolean startHost)&#xD;
[xUnit.net 00:00:07.77]         --- End of stack trace from previous location where exception was thrown ---&#xD;
[xUnit.net 00:00:07.77]       Output:&#xD;
[xUnit.net 00:00:07.77]         stdout: Running: &gt;  init "anapp" --worker-runtime python&#xD;
[xUnit.net 00:00:07.77]       System.InvalidOperationException : Cannot start process because a file name has not been provided.&#xD;
[xUnit.net 00:00:07.77]       Stack Trace:&#xD;
[xUnit.net 00:00:07.77]            at System.Diagnostics.Process.Start()&#xD;
[xUnit.net 00:00:07.77]         D:\azureFun\azure-functions-core-tools\src\Azure.Functions.Cli\Common\Executable.cs(80,0): at Azure.Functions.Cli.Common.Executable.RunAsync(Action`1 outputCallback, Action`1 errorCallback, Nullable`1 timeout, String stdIn)&#xD;
[xUnit.net 00:00:07.77]         d:\azureFun\azure-functions-core-tools\test\Azure.Functions.Cli.Tests\E2E\Helpers\CliTester.cs(85,0): at Azure.Functions.Cli.Tests.E2E.Helpers.CliTester.InternalRun(String workingDir, RunConfiguration[] runConfigurations, ITestOutputHelper output, Boolean startHost)&#xD;
[xUnit.net 00:00:07.77]         d:\azureFun\azure-functions-core-tools\test\Azure.Functions.Cli.Tests\E2E\Helpers\CliTester.cs(35,0): at Azure.Functions.Cli.Tests.E2E.Helpers.CliTester.Run(RunConfiguration[] runConfigurations, ITestOutputHelper output, String workingDir, Boolean startHost)&#xD;
[xUnit.net 00:00:07.77]         --- End of stack trace from previous location where exception was thrown ---&#xD;
[xUnit.net 00:00:07.77]       Output:&#xD;
[xUnit.net 00:00:07.77]         stdout: Running: &gt;  init . --worker-runtime foo&#xD;
[xUnit.net 00:00:07.78]       System.InvalidOperationException : Cannot start process because a file name has not been provided.&#xD;
[xUnit.net 00:00:07.78]       Stack Trace:&#xD;
[xUnit.net 00:00:07.78]            at System.Diagnostics.Process.Start()&#xD;
[xUnit.net 00:00:07.78]         D:\azureFun\azure-functions-core-tools\src\Azure.Functions.Cli\Common\Executable.cs(80,0): at Azure.Functions.Cli.Common.Executable.RunAsync(Action`1 outputCallback, Action`1 errorCallback, Nullable`1 timeout, String stdIn)&#xD;
[xUnit.net 00:00:07.78]         d:\azureFun\azure-functions-core-tools\test\Azure.Functions.Cli.Tests\E2E\Helpers\CliTester.cs(85,0): at Azure.Functions.Cli.Tests.E2E.Helpers.CliTester.InternalRun(String workingDir, RunConfiguration[] runConfigurations, ITestOutputHelper output, Boolean startHost)&#xD;
[xUnit.net 00:00:07.78]         d:\azureFun\azure-functions-core-tools\test\Azure.Functions.Cli.Tests\E2E\Helpers\CliTester.cs(35,0): at Azure.Functions.Cli.Tests.E2E.Helpers.CliTester.Run(RunConfiguration[] runConfigurations, ITestOutputHelper output, String workingDir, Boolean startHost)&#xD;
[xUnit.net 00:00:07.78]         --- End of stack trace from previous location where exception was thrown ---&#xD;
[xUnit.net 00:00:07.78]       Output:&#xD;
[xUnit.net 00:00:07.78]         stdout: Running: &gt;  init . --worker-runtime python&#xD;
[xUnit.net 00:00:07.78]       System.InvalidOperationException : Cannot start process because a file name has not been provided.&#xD;
[xUnit.net 00:00:07.78]       Stack Trace:&#xD;
[xUnit.net 00:00:07.78]            at System.Diagnostics.Process.Start()&#xD;
[xUnit.net 00:00:07.78]         D:\azureFun\azure-functions-core-tools\src\Azure.Functions.Cli\Common\Executable.cs(80,0): at Azure.Functions.Cli.Common.Executable.RunAsync(Action`1 outputCallback, Action`1 errorCallback, Nullable`1 timeout, String stdIn)&#xD;
[xUnit.net 00:00:07.78]         d:\azureFun\azure-functions-core-tools\test\Azure.Functions.Cli.Tests\E2E\Helpers\CliTester.cs(85,0): at Azure.Functions.Cli.Tests.E2E.Helpers.CliTester.InternalRun(String workingDir, RunConfiguration[] runConfigurations, ITestOutputHelper output, Boolean startHost)&#xD;
[xUnit.net 00:00:07.78]         d:\azureFun\azure-functions-core-tools\test\Azure.Functions.Cli.Tests\E2E\Helpers\CliTester.cs(35,0): at Azure.Functions.Cli.Tests.E2E.Helpers.CliTester.Run(RunConfiguration[] runConfigurations, ITestOutputHelper output, String workingDir, Boolean startHost)&#xD;
[xUnit.net 00:00:07.78]         --- End of stack trace from previous location where exception was thrown ---&#xD;
[xUnit.net 00:00:07.78]       Output:&#xD;
[xUnit.net 00:00:07.78]         stdout: Running: &gt;  init . --worker-runtime java&#xD;
[xUnit.net 00:00:07.78]       System.InvalidOperationException : Cannot start process because a file name has not been provided.&#xD;
[xUnit.net 00:00:07.78]       Stack Trace:&#xD;
[xUnit.net 00:00:07.78]            at System.Diagnostics.Process.Start()&#xD;
[xUnit.net 00:00:07.78]         D:\azureFun\azure-functions-core-tools\src\Azure.Functions.Cli\Common\Executable.cs(80,0): at Azure.Functions.Cli.Common.Executable.RunAsync(Action`1 outputCallback, Action`1 errorCallback, Nullable`1 timeout, String stdIn)&#xD;
[xUnit.net 00:00:07.78]         d:\azureFun\azure-functions-core-tools\test\Azure.Functions.Cli.Tests\E2E\Helpers\CliTester.cs(85,0): at Azure.Functions.Cli.Tests.E2E.Helpers.CliTester.InternalRun(String workingDir, RunConfiguration[] runConfigurations, ITestOutputHelper output, Boolean startHost)&#xD;
[xUnit.net 00:00:07.78]         d:\azureFun\azure-functions-core-tools\test\Azure.Functions.Cli.Tests\E2E\Helpers\CliTester.cs(35,0): at Azure.Functions.Cli.Tests.E2E.Helpers.CliTester.Run(RunConfiguration[] runConfigurations, ITestOutputHelper output, String workingDir, Boolean startHost)&#xD;
[xUnit.net 00:00:07.78]         --- End of stack trace from previous location where exception was thrown ---&#xD;
[xUnit.net 00:00:07.78]       Output:&#xD;
[xUnit.net 00:00:07.78]         stdout: Running: &gt;  init . --worker-runtime node&#xD;
[xUnit.net 00:00:07.79]       System.InvalidOperationException : Cannot start process because a file name has not been provided.&#xD;
[xUnit.net 00:00:07.79]       Stack Trace:&#xD;
[xUnit.net 00:00:07.79]            at System.Diagnostics.Process.Start()&#xD;
[xUnit.net 00:00:07.79]         D:\azureFun\azure-functions-core-tools\src\Azure.Functions.Cli\Common\Executable.cs(80,0): at Azure.Functions.Cli.Common.Executable.RunAsync(Action`1 outputCallback, Action`1 errorCallback, Nullable`1 timeout, String stdIn)&#xD;
[xUnit.net 00:00:07.79]         d:\azureFun\azure-functions-core-tools\test\Azure.Functions.Cli.Tests\E2E\Helpers\CliTester.cs(85,0): at Azure.Functions.Cli.Tests.E2E.Helpers.CliTester.InternalRun(String workingDir, RunConfiguration[] runConfigurations, ITestOutputHelper output, Boolean startHost)&#xD;
[xUnit.net 00:00:07.79]         d:\azureFun\azure-functions-core-tools\test\Azure.Functions.Cli.Tests\E2E\Helpers\CliTester.cs(35,0): at Azure.Functions.Cli.Tests.E2E.Helpers.CliTester.Run(RunConfiguration[] runConfigurations, ITestOutputHelper output, String workingDir, Boolean startHost)&#xD;
[xUnit.net 00:00:07.79]         --- End of stack trace from previous location where exception was thrown ---&#xD;
[xUnit.net 00:00:07.79]       Output:&#xD;
[xUnit.net 00:00:07.79]         stdout: Running: &gt;  init . --worker-runtime node&#xD;
[xUnit.net 00:00:07.79]       System.InvalidOperationException : Cannot start process because a file name has not been provided.&#xD;
[xUnit.net 00:00:07.79]       Stack Trace:&#xD;
[xUnit.net 00:00:07.79]            at System.Diagnostics.Process.Start()&#xD;
[xUnit.net 00:00:07.79]         D:\azureFun\azure-functions-core-tools\src\Azure.Functions.Cli\Common\Executable.cs(80,0): at Azure.Functions.Cli.Common.Executable.RunAsync(Action`1 outputCallback, Action`1 errorCallback, Nullable`1 timeout, String stdIn)&#xD;
[xUnit.net 00:00:07.79]         d:\azureFun\azure-functions-core-tools\test\Azure.Functions.Cli.Tests\E2E\Helpers\CliTester.cs(85,0): at Azure.Functions.Cli.Tests.E2E.Helpers.CliTester.InternalRun(String workingDir, RunConfiguration[] runConfigurations, ITestOutputHelper output, Boolean startHost)&#xD;
[xUnit.net 00:00:07.79]         d:\azureFun\azure-functions-core-tools\test\Azure.Functions.Cli.Tests\E2E\Helpers\CliTester.cs(35,0): at Azure.Functions.Cli.Tests.E2E.Helpers.CliTester.Run(RunConfiguration[] runConfigurations, ITestOutputHelper output, String workingDir, Boolean startHost)&#xD;
[xUnit.net 00:00:07.79]         --- End of stack trace from previous location where exception was thrown ---&#xD;
[xUnit.net 00:00:07.79]       Output:&#xD;
[xUnit.net 00:00:07.79]         stdout: Running: &gt;  init . --worker-runtime dotnet --csx&#xD;
[xUnit.net 00:00:07.79]       System.InvalidOperationException : Cannot start process because a file name has not been provided.&#xD;
[xUnit.net 00:00:07.79]       Stack Trace:&#xD;
[xUnit.net 00:00:07.79]            at System.Diagnostics.Process.Start()&#xD;
[xUnit.net 00:00:07.79]         D:\azureFun\azure-functions-core-tools\src\Azure.Functions.Cli\Common\Executable.cs(80,0): at Azure.Functions.Cli.Common.Executable.RunAsync(Action`1 outputCallback, Action`1 errorCallback, Nullable`1 timeout, String stdIn)&#xD;
[xUnit.net 00:00:07.79]         d:\azureFun\azure-functions-core-tools\test\Azure.Functions.Cli.Tests\E2E\Helpers\CliTester.cs(85,0): at Azure.Functions.Cli.Tests.E2E.Helpers.CliTester.InternalRun(String workingDir, RunConfiguration[] runConfigurations, ITestOutputHelper output, Boolean startHost)&#xD;
[xUnit.net 00:00:07.79]         d:\azureFun\azure-functions-core-tools\test\Azure.Functions.Cli.Tests\E2E\Helpers\CliTester.cs(35,0): at Azure.Functions.Cli.Tests.E2E.Helpers.CliTester.Run(RunConfiguration[] runConfigurations, ITestOutputHelper output, String workingDir, Boolean startHost)&#xD;
[xUnit.net 00:00:07.79]         --- End of stack trace from previous location where exception was thrown ---&#xD;
[xUnit.net 00:00:07.79]       Output:&#xD;
[xUnit.net 00:00:07.79]         stdout: Running: &gt;  init . --worker-runtime node&#xD;
[xUnit.net 00:00:07.80]       System.InvalidOperationException : Cannot start process because a file name has not been provided.&#xD;
[xUnit.net 00:00:07.80]       Stack Trace:&#xD;
[xUnit.net 00:00:07.80]            at System.Diagnostics.Process.Start()&#xD;
[xUnit.net 00:00:07.80]         D:\azureFun\azure-functions-core-tools\src\Azure.Functions.Cli\Common\Executable.cs(80,0): at Azure.Functions.Cli.Common.Executable.RunAsync(Action`1 outputCallback, Action`1 errorCallback, Nullable`1 timeout, String stdIn)&#xD;
[xUnit.net 00:00:07.80]         d:\azureFun\azure-functions-core-tools\test\Azure.Functions.Cli.Tests\E2E\Helpers\CliTester.cs(85,0): at Azure.Functions.Cli.Tests.E2E.Helpers.CliTester.InternalRun(String workingDir, RunConfiguration[] runConfigurations, ITestOutputHelper output, Boolean startHost)&#xD;
[xUnit.net 00:00:07.80]         d:\azureFun\azure-functions-core-tools\test\Azure.Functions.Cli.Tests\E2E\Helpers\CliTester.cs(35,0): at Azure.Functions.Cli.Tests.E2E.Helpers.CliTester.Run(RunConfiguration[] runConfigurations, ITestOutputHelper output, String workingDir, Boolean startHost)&#xD;
[xUnit.net 00:00:07.80]         --- End of stack trace from previous location where exception was thrown ---&#xD;
[xUnit.net 00:00:07.80]       Output:&#xD;
[xUnit.net 00:00:07.80]         stdout: Running: &gt;  init . --worker-runtime powershell&#xD;
[xUnit.net 00:00:07.80]       System.InvalidOperationException : Cannot start process because a file name has not been provided.&#xD;
[xUnit.net 00:00:07.80]       Stack Trace:&#xD;
[xUnit.net 00:00:07.80]            at System.Diagnostics.Process.Start()&#xD;
[xUnit.net 00:00:07.80]         D:\azureFun\azure-functions-core-tools\src\Azure.Functions.Cli\Common\Executable.cs(80,0): at Azure.Functions.Cli.Common.Executable.RunAsync(Action`1 outputCallback, Action`1 errorCallback, Nullable`1 timeout, String stdIn)&#xD;
[xUnit.net 00:00:07.80]         d:\azureFun\azure-functions-core-tools\test\Azure.Functions.Cli.Tests\E2E\Helpers\CliTester.cs(85,0): at Azure.Functions.Cli.Tests.E2E.Helpers.CliTester.InternalRun(String workingDir, RunConfiguration[] runConfigurations, ITestOutputHelper output, Boolean startHost)&#xD;
[xUnit.net 00:00:07.80]         d:\azureFun\azure-functions-core-tools\test\Azure.Functions.Cli.Tests\E2E\Helpers\CliTester.cs(35,0): at Azure.Functions.Cli.Tests.E2E.Helpers.CliTester.Run(RunConfiguration[] runConfigurations, ITestOutputHelper output, String workingDir, Boolean startHost)&#xD;
[xUnit.net 00:00:07.80]         --- End of stack trace from previous location where exception was thrown ---&#xD;
[xUnit.net 00:00:07.80]       Output:&#xD;
[xUnit.net 00:00:07.80]         stdout: Running: &gt;  init . --worker-runtime dotnet&#xD;
[xUnit.net 00:00:07.80]       System.InvalidOperationException : Cannot start process because a file name has not been provided.&#xD;
[xUnit.net 00:00:07.80]       Stack Trace:&#xD;
[xUnit.net 00:00:07.80]            at System.Diagnostics.Process.Start()&#xD;
[xUnit.net 00:00:07.80]         D:\azureFun\azure-functions-core-tools\src\Azure.Functions.Cli\Common\Executable.cs(80,0): at Azure.Functions.Cli.Common.Executable.RunAsync(Action`1 outputCallback, Action`1 errorCallback, Nullable`1 timeout, String stdIn)&#xD;
[xUnit.net 00:00:07.80]         d:\azureFun\azure-functions-core-tools\test\Azure.Functions.Cli.Tests\E2E\Helpers\CliTester.cs(85,0): at Azure.Functions.Cli.Tests.E2E.Helpers.CliTester.InternalRun(String workingDir, RunConfiguration[] runConfigurations, ITestOutputHelper output, Boolean startHost)&#xD;
[xUnit.net 00:00:07.80]         d:\azureFun\azure-functions-core-tools\test\Azure.Functions.Cli.Tests\E2E\Helpers\CliTester.cs(35,0): at Azure.Functions.Cli.Tests.E2E.Helpers.CliTester.Run(RunConfiguration[] runConfigurations, ITestOutputHelper output, String workingDir, Boolean startHost)&#xD;
[xUnit.net 00:00:07.80]         --- End of stack trace from previous location where exception was thrown ---&#xD;
[xUnit.net 00:00:07.80]       Output:&#xD;
[xUnit.net 00:00:07.80]         stdout: Running: &gt;  init . --worker-runtime node --language typescript&#xD;
[xUnit.net 00:00:07.80]       System.InvalidOperationException : Cannot start process because a file name has not been provided.&#xD;
[xUnit.net 00:00:07.80]       Stack Trace:&#xD;
[xUnit.net 00:00:07.80]            at System.Diagnostics.Process.Start()&#xD;
[xUnit.net 00:00:07.80]         D:\azureFun\azure-functions-core-tools\src\Azure.Functions.Cli\Common\Executable.cs(80,0): at Azure.Functions.Cli.Common.Executable.RunAsync(Action`1 outputCallback, Action`1 errorCallback, Nullable`1 timeout, String stdIn)&#xD;
[xUnit.net 00:00:07.80]         d:\azureFun\azure-functions-core-tools\test\Azure.Functions.Cli.Tests\E2E\Helpers\CliTester.cs(85,0): at Azure.Functions.Cli.Tests.E2E.Helpers.CliTester.InternalRun(String workingDir, RunConfiguration[] runConfigurations, ITestOutputHelper output, Boolean startHost)&#xD;
[xUnit.net 00:00:07.80]         d:\azureFun\azure-functions-core-tools\test\Azure.Functions.Cli.Tests\E2E\Helpers\CliTester.cs(35,0): at Azure.Functions.Cli.Tests.E2E.Helpers.CliTester.Run(RunConfiguration[] runConfigurations, ITestOutputHelper output, String workingDir, Boolean startHost)&#xD;
[xUnit.net 00:00:07.80]         --- End of stack trace from previous location where exception was thrown ---&#xD;
[xUnit.net 00:00:07.80]       Output:&#xD;
[xUnit.net 00:00:07.80]         stdout: Running: &gt;  init . --worker-runtime powershell --managed-dependencies&#xD;
[xUnit.net 00:00:07.81]       System.InvalidOperationException : Cannot start process because a file name has not been provided.&#xD;
[xUnit.net 00:00:07.81]       Stack Trace:&#xD;
[xUnit.net 00:00:07.81]            at System.Diagnostics.Process.Start()&#xD;
[xUnit.net 00:00:07.81]         D:\azureFun\azure-functions-core-tools\src\Azure.Functions.Cli\Common\Executable.cs(80,0): at Azure.Functions.Cli.Common.Executable.RunAsync(Action`1 outputCallback, Action`1 errorCallback, Nullable`1 timeout, String stdIn)&#xD;
[xUnit.net 00:00:07.81]         d:\azureFun\azure-functions-core-tools\test\Azure.Functions.Cli.Tests\E2E\Helpers\CliTester.cs(85,0): at Azure.Functions.Cli.Tests.E2E.Helpers.CliTester.InternalRun(String workingDir, RunConfiguration[] runConfigurations, ITestOutputHelper output, Boolean startHost)&#xD;
[xUnit.net 00:00:07.81]         d:\azureFun\azure-functions-core-tools\test\Azure.Functions.Cli.Tests\E2E\Helpers\CliTester.cs(35,0): at Azure.Functions.Cli.Tests.E2E.Helpers.CliTester.Run(RunConfiguration[] runConfigurations, ITestOutputHelper output, String workingDir, Boolean startHost)&#xD;
[xUnit.net 00:00:07.81]         --- End of stack trace from previous location where exception was thrown ---&#xD;
[xUnit.net 00:00:07.81]       Output:&#xD;
[xUnit.net 00:00:07.81]         stdout: Running: &gt;  init . --docker-only&#xD;
[xUnit.net 00:00:07.81]       System.InvalidOperationException : Cannot start process because a file name has not been provided.&#xD;
[xUnit.net 00:00:07.81]       Stack Trace:&#xD;
[xUnit.net 00:00:07.81]            at System.Diagnostics.Process.Start()&#xD;
[xUnit.net 00:00:07.81]         D:\azureFun\azure-functions-core-tools\src\Azure.Functions.Cli\Common\Executable.cs(80,0): at Azure.Functions.Cli.Common.Executable.RunAsync(Action`1 outputCallback, Action`1 errorCallback, Nullable`1 timeout, String stdIn)&#xD;
[xUnit.net 00:00:07.81]         d:\azureFun\azure-functions-core-tools\test\Azure.Functions.Cli.Tests\E2E\Helpers\CliTester.cs(85,0): at Azure.Functions.Cli.Tests.E2E.Helpers.CliTester.InternalRun(String workingDir, RunConfiguration[] runConfigurations, ITestOutputHelper output, Boolean startHost)&#xD;
[xUnit.net 00:00:07.81]         d:\azureFun\azure-functions-core-tools\test\Azure.Functions.Cli.Tests\E2E\Helpers\CliTester.cs(35,0): at Azure.Functions.Cli.Tests.E2E.Helpers.CliTester.Run(RunConfiguration[] runConfigurations, ITestOutputHelper output, String workingDir, Boolean startHost)&#xD;
[xUnit.net 00:00:07.81]         --- End of stack trace from previous location where exception was thrown ---&#xD;
[xUnit.net 00:00:07.81]       Output:&#xD;
[xUnit.net 00:00:07.81]         stdout: Running: &gt;  init . --worker-runtime dotnet --csx&#xD;
[xUnit.net 00:00:07.81]       System.InvalidOperationException : Cannot start process because a file name has not been provided.&#xD;
[xUnit.net 00:00:07.81]       Stack Trace:&#xD;
[xUnit.net 00:00:07.81]            at System.Diagnostics.Process.Start()&#xD;
[xUnit.net 00:00:07.81]         D:\azureFun\azure-functions-core-tools\src\Azure.Functions.Cli\Common\Executable.cs(80,0): at Azure.Functions.Cli.Common.Executable.RunAsync(Action`1 outputCallback, Action`1 errorCallback, Nullable`1 timeout, String stdIn)&#xD;
[xUnit.net 00:00:07.81]         d:\azureFun\azure-functions-core-tools\test\Azure.Functions.Cli.Tests\E2E\Helpers\CliTester.cs(85,0): at Azure.Functions.Cli.Tests.E2E.Helpers.CliTester.InternalRun(String workingDir, RunConfiguration[] runConfigurations, ITestOutputHelper output, Boolean startHost)&#xD;
[xUnit.net 00:00:07.81]         d:\azureFun\azure-functions-core-tools\test\Azure.Functions.Cli.Tests\E2E\Helpers\CliTester.cs(35,0): at Azure.Functions.Cli.Tests.E2E.Helpers.CliTester.Run(RunConfiguration[] runConfigurations, ITestOutputHelper output, String workingDir, Boolean startHost)&#xD;
[xUnit.net 00:00:07.81]         --- End of stack trace from previous location where exception was thrown ---&#xD;
[xUnit.net 00:00:07.81]       Output:&#xD;
[xUnit.net 00:00:07.81]         stdout: Running: &gt;  init . --worker-runtime dotnet --docker --csx&#xD;
[xUnit.net 00:00:07.81]       System.InvalidOperationException : Cannot start process because a file name has not been provided.&#xD;
[xUnit.net 00:00:07.82]       Stack Trace:&#xD;
[xUnit.net 00:00:07.82]            at System.Diagnostics.Process.Start()&#xD;
[xUnit.net 00:00:07.82]         D:\azureFun\azure-functions-core-tools\src\Azure.Functions.Cli\Common\Executable.cs(80,0): at Azure.Functions.Cli.Common.Executable.RunAsync(Action`1 outputCallback, Action`1 errorCallback, Nullable`1 timeout, String stdIn)&#xD;
[xUnit.net 00:00:07.82]         d:\azureFun\azure-functions-core-tools\test\Azure.Functions.Cli.Tests\E2E\Helpers\CliTester.cs(85,0): at Azure.Functions.Cli.Tests.E2E.Helpers.CliTester.InternalRun(String workingDir, RunConfiguration[] runConfigurations, ITestOutputHelper output, Boolean startHost)&#xD;
[xUnit.net 00:00:07.82]         d:\azureFun\azure-functions-core-tools\test\Azure.Functions.Cli.Tests\E2E\Helpers\CliTester.cs(35,0): at Azure.Functions.Cli.Tests.E2E.Helpers.CliTester.Run(RunConfiguration[] runConfigurations, ITestOutputHelper output, String workingDir, Boolean startHost)&#xD;
[xUnit.net 00:00:07.82]         --- End of stack trace from previous location where exception was thrown ---&#xD;
[xUnit.net 00:00:07.82]       Output:&#xD;
[xUnit.net 00:00:07.82]         stdout: Running: &gt;  init . --worker-runtime python --managed-dependencies &#xD;
[xUnit.net 00:00:07.82]       System.InvalidOperationException : Cannot start process because a file name has not been provided.&#xD;
[xUnit.net 00:00:07.82]       Stack Trace:&#xD;
[xUnit.net 00:00:07.82]            at System.Diagnostics.Process.Start()&#xD;
[xUnit.net 00:00:07.82]         D:\azureFun\azure-functions-core-tools\src\Azure.Functions.Cli\Common\Executable.cs(80,0): at Azure.Functions.Cli.Common.Executable.RunAsync(Action`1 outputCallback, Action`1 errorCallback, Nullable`1 timeout, String stdIn)&#xD;
[xUnit.net 00:00:07.82]         d:\azureFun\azure-functions-core-tools\test\Azure.Functions.Cli.Tests\E2E\Helpers\CliTester.cs(85,0): at Azure.Functions.Cli.Tests.E2E.Helpers.CliTester.InternalRun(String workingDir, RunConfiguration[] runConfigurations, ITestOutputHelper output, Boolean startHost)&#xD;
[xUnit.net 00:00:07.82]         d:\azureFun\azure-functions-core-tools\test\Azure.Functions.Cli.Tests\E2E\Helpers\CliTester.cs(35,0): at Azure.Functions.Cli.Tests.E2E.Helpers.CliTester.Run(RunConfiguration[] runConfigurations, ITestOutputHelper output, String workingDir, Boolean startHost)&#xD;
[xUnit.net 00:00:07.82]         d:\azureFun\azure-functions-core-tools\test\Azure.Functions.Cli.Tests\E2E\InitTests.cs(148,0): at Azure.Functions.Cli.Tests.E2E.InitTests.init_with_python_Dockerfile()&#xD;
[xUnit.net 00:00:07.82]         --- End of stack trace from previous location where exception was thrown ---&#xD;
[xUnit.net 00:00:07.82]       Output:&#xD;
[xUnit.net 00:00:07.82]         stdout: Running: &gt;  init . --worker-runtime python --docker&#xD;
[xUnit.net 00:00:07.82]       System.InvalidOperationException : Cannot start process because a file name has not been provided.&#xD;
[xUnit.net 00:00:07.82]       Stack Trace:&#xD;
[xUnit.net 00:00:07.82]            at System.Diagnostics.Process.Start()&#xD;
[xUnit.net 00:00:07.82]         D:\azureFun\azure-functions-core-tools\src\Azure.Functions.Cli\Common\Executable.cs(80,0): at Azure.Functions.Cli.Common.Executable.RunAsync(Action`1 outputCallback, Action`1 errorCallback, Nullable`1 timeout, String stdIn)&#xD;
[xUnit.net 00:00:07.82]         d:\azureFun\azure-functions-core-tools\test\Azure.Functions.Cli.Tests\E2E\Helpers\CliTester.cs(85,0): at Azure.Functions.Cli.Tests.E2E.Helpers.CliTester.InternalRun(String workingDir, RunConfiguration[] runConfigurations, ITestOutputHelper output, Boolean startHost)&#xD;
[xUnit.net 00:00:07.82]         d:\azureFun\azure-functions-core-tools\test\Azure.Functions.Cli.Tests\E2E\Helpers\CliTester.cs(35,0): at Azure.Functions.Cli.Tests.E2E.Helpers.CliTester.Run(RunConfiguration[] runConfigurations, ITestOutputHelper output, String workingDir, Boolean startHost)&#xD;
[xUnit.net 00:00:07.82]         --- End of stack trace from previous location where exception was thrown ---&#xD;
[xUnit.net 00:00:07.82]       Output:&#xD;
[xUnit.net 00:00:07.82]         stdout: Running: &gt;  init . --worker-runtime node&#xD;
[xUnit.net 00:00:07.83]       System.InvalidOperationException : Cannot start process because a file name has not been provided.&#xD;
[xUnit.net 00:00:07.83]       Stack Trace:&#xD;
[xUnit.net 00:00:07.83]            at System.Diagnostics.Process.Start()&#xD;
[xUnit.net 00:00:07.83]         D:\azureFun\azure-functions-core-tools\src\Azure.Functions.Cli\Common\Executable.cs(80,0): at Azure.Functions.Cli.Common.Executable.RunAsync(Action`1 outputCallback, Action`1 errorCallback, Nullable`1 timeout, String stdIn)&#xD;
[xUnit.net 00:00:07.83]         d:\azureFun\azure-functions-core-tools\test\Azure.Functions.Cli.Tests\E2E\Helpers\CliTester.cs(85,0): at Azure.Functions.Cli.Tests.E2E.Helpers.CliTester.InternalRun(String workingDir, RunConfiguration[] runConfigurations, ITestOutputHelper output, Boolean startHost)&#xD;
[xUnit.net 00:00:07.83]         d:\azureFun\azure-functions-core-tools\test\Azure.Functions.Cli.Tests\E2E\Helpers\CliTester.cs(35,0): at Azure.Functions.Cli.Tests.E2E.Helpers.CliTester.Run(RunConfiguration[] runConfigurations, ITestOutputHelper output, String workingDir, Boolean startHost)&#xD;
[xUnit.net 00:00:07.83]         --- End of stack trace from previous location where exception was thrown ---&#xD;
[xUnit.net 00:00:07.83]       Output:&#xD;
[xUnit.net 00:00:07.83]         Creating host json without bundles C:\Users\nasoni\AppData\Local\Temp\hbmiiizp.c40\host.json&#xD;
[xUnit.net 00:00:07.83]         stdout: Running: &gt;  init . --worker-runtime node&#xD;
[xUnit.net 00:00:07.83]       System.InvalidOperationException : Cannot start process because a file name has not been provided.&#xD;
[xUnit.net 00:00:07.83]       Stack Trace:&#xD;
[xUnit.net 00:00:07.83]            at System.Diagnostics.Process.Start()&#xD;
[xUnit.net 00:00:07.83]         D:\azureFun\azure-functions-core-tools\src\Azure.Functions.Cli\Common\Executable.cs(80,0): at Azure.Functions.Cli.Common.Executable.RunAsync(Action`1 outputCallback, Action`1 errorCallback, Nullable`1 timeout, String stdIn)&#xD;
[xUnit.net 00:00:07.83]         d:\azureFun\azure-functions-core-tools\test\Azure.Functions.Cli.Tests\E2E\Helpers\CliTester.cs(85,0): at Azure.Functions.Cli.Tests.E2E.Helpers.CliTester.InternalRun(String workingDir, RunConfiguration[] runConfigurations, ITestOutputHelper output, Boolean startHost)&#xD;
[xUnit.net 00:00:07.83]         d:\azureFun\azure-functions-core-tools\test\Azure.Functions.Cli.Tests\E2E\Helpers\CliTester.cs(35,0): at Azure.Functions.Cli.Tests.E2E.Helpers.CliTester.Run(RunConfiguration[] runConfigurations, ITestOutputHelper output, String workingDir, Boolean startHost)&#xD;
[xUnit.net 00:00:07.83]         --- End of stack trace from previous location where exception was thrown ---&#xD;
[xUnit.net 00:00:07.83]       Output:&#xD;
[xUnit.net 00:00:07.83]         stdout: Running: &gt;  init . --worker-runtime node&#xD;
[xUnit.net 00:00:07.89]       System.InvalidOperationException : Cannot start process because a file name has not been provided.&#xD;
[xUnit.net 00:00:07.89]       Stack Trace:&#xD;
[xUnit.net 00:00:07.89]            at System.Diagnostics.Process.Start()&#xD;
[xUnit.net 00:00:07.89]         D:\azureFun\azure-functions-core-tools\src\Azure.Functions.Cli\Common\Executable.cs(80,0): at Azure.Functions.Cli.Common.Executable.RunAsync(Action`1 outputCallback, Action`1 errorCallback, Nullable`1 timeout, String stdIn)&#xD;
[xUnit.net 00:00:07.89]         d:\azureFun\azure-functions-core-tools\test\Azure.Functions.Cli.Tests\E2E\Helpers\CliTester.cs(85,0): at Azure.Functions.Cli.Tests.E2E.Helpers.CliTester.InternalRun(String workingDir, RunConfiguration[] runConfigurations, ITestOutputHelper output, Boolean startHost)&#xD;
[xUnit.net 00:00:07.89]         d:\azureFun\azure-functions-core-tools\test\Azure.Functions.Cli.Tests\E2E\Helpers\CliTester.cs(35,0): at Azure.Functions.Cli.Tests.E2E.Helpers.CliTester.Run(RunConfiguration[] runConfigurations, ITestOutputHelper output, String workingDir, Boolean startHost)&#xD;
[xUnit.net 00:00:07.89]         d:\azureFun\azure-functions-core-tools\test\Azure.Functions.Cli.Tests\E2E\CreateFunctionTests.cs(111,0): at Azure.Functions.Cli.Tests.E2E.CreateFunctionTests.create_typescript_template()&#xD;
[xUnit.net 00:00:07.89]         --- End of stack trace from previous location where exception was thrown ---&#xD;
[xUnit.net 00:00:07.89]       Output:&#xD;
[xUnit.net 00:00:07.89]         stdout: Running: &gt;  init . --worker-runtime node --language typescript&#xD;
[xUnit.net 00:00:07.89]       System.InvalidOperationException : Cannot start process because a file name has not been provided.&#xD;
[xUnit.net 00:00:07.89]       Stack Trace:&#xD;
[xUnit.net 00:00:07.89]            at System.Diagnostics.Process.Start()&#xD;
[xUnit.net 00:00:07.89]         D:\azureFun\azure-functions-core-tools\src\Azure.Functions.Cli\Common\Executable.cs(80,0): at Azure.Functions.Cli.Common.Executable.RunAsync(Action`1 outputCallback, Action`1 errorCallback, Nullable`1 timeout, String stdIn)&#xD;
[xUnit.net 00:00:07.89]         d:\azureFun\azure-functions-core-tools\test\Azure.Functions.Cli.Tests\E2E\Helpers\CliTester.cs(85,0): at Azure.Functions.Cli.Tests.E2E.Helpers.CliTester.InternalRun(String workingDir, RunConfiguration[] runConfigurations, ITestOutputHelper output, Boolean startHost)&#xD;
[xUnit.net 00:00:07.89]         d:\azureFun\azure-functions-core-tools\test\Azure.Functions.Cli.Tests\E2E\Helpers\CliTester.cs(35,0): at Azure.Functions.Cli.Tests.E2E.Helpers.CliTester.Run(RunConfiguration[] runConfigurations, ITestOutputHelper output, String workingDir, Boolean startHost)&#xD;
[xUnit.net 00:00:07.89]         d:\azureFun\azure-functions-core-tools\test\Azure.Functions.Cli.Tests\E2E\CreateFunctionTests.cs(34,0): at Azure.Functions.Cli.Tests.E2E.CreateFunctionTests.create_template_function_sanitization_dotnet()&#xD;
[xUnit.net 00:00:07.89]         --- End of stack trace from previous location where exception was thrown ---&#xD;
[xUnit.net 00:00:07.89]       Output:&#xD;
[xUnit.net 00:00:07.89]         stdout: Running: &gt;  init 12n.e.0w-file$ --worker-runtime dotnet&#xD;
[xUnit.net 00:00:07.89]       System.InvalidOperationException : Cannot start process because a file name has not been provided.&#xD;
[xUnit.net 00:00:07.89]       Stack Trace:&#xD;
[xUnit.net 00:00:07.89]            at System.Diagnostics.Process.Start()&#xD;
[xUnit.net 00:00:07.89]         D:\azureFun\azure-functions-core-tools\src\Azure.Functions.Cli\Common\Executable.cs(80,0): at Azure.Functions.Cli.Common.Executable.RunAsync(Action`1 outputCallback, Action`1 errorCallback, Nullable`1 timeout, String stdIn)&#xD;
[xUnit.net 00:00:07.89]         d:\azureFun\azure-functions-core-tools\test\Azure.Functions.Cli.Tests\E2E\Helpers\CliTester.cs(85,0): at Azure.Functions.Cli.Tests.E2E.Helpers.CliTester.InternalRun(String workingDir, RunConfiguration[] runConfigurations, ITestOutputHelper output, Boolean startHost)&#xD;
[xUnit.net 00:00:07.89]         d:\azureFun\azure-functions-core-tools\test\Azure.Functions.Cli.Tests\E2E\Helpers\CliTester.cs(35,0): at Azure.Functions.Cli.Tests.E2E.Helpers.CliTester.Run(RunConfiguration[] runConfigurations, ITestOutputHelper output, String workingDir, Boolean startHost)&#xD;
[xUnit.net 00:00:07.89]         d:\azureFun\azure-functions-core-tools\test\Azure.Functions.Cli.Tests\E2E\CreateFunctionTests.cs(142,0): at Azure.Functions.Cli.Tests.E2E.CreateFunctionTests.create_typescript_template_blob()&#xD;
[xUnit.net 00:00:07.89]         --- End of stack trace from previous location where exception was thrown ---&#xD;
[xUnit.net 00:00:07.89]       Output:&#xD;
[xUnit.net 00:00:07.89]         stdout: Running: &gt;  init . --worker-runtime node --language typescript&#xD;
[xUnit.net 00:00:07.90]       System.InvalidOperationException : Cannot start process because a file name has not been provided.&#xD;
[xUnit.net 00:00:07.90]       Stack Trace:&#xD;
[xUnit.net 00:00:07.90]            at System.Diagnostics.Process.Start()&#xD;
[xUnit.net 00:00:07.90]         D:\azureFun\azure-functions-core-tools\src\Azure.Functions.Cli\Common\Executable.cs(80,0): at Azure.Functions.Cli.Common.Executable.RunAsync(Action`1 outputCallback, Action`1 errorCallback, Nullable`1 timeout, String stdIn)&#xD;
[xUnit.net 00:00:07.90]         d:\azureFun\azure-functions-core-tools\test\Azure.Functions.Cli.Tests\E2E\Helpers\CliTester.cs(85,0): at Azure.Functions.Cli.Tests.E2E.Helpers.CliTester.InternalRun(String workingDir, RunConfiguration[] runConfigurations, ITestOutputHelper output, Boolean startHost)&#xD;
[xUnit.net 00:00:07.90]         d:\azureFun\azure-functions-core-tools\test\Azure.Functions.Cli.Tests\E2E\Helpers\CliTester.cs(35,0): at Azure.Functions.Cli.Tests.E2E.Helpers.CliTester.Run(RunConfiguration[] runConfigurations, ITestOutputHelper output, String workingDir, Boolean startHost)&#xD;
[xUnit.net 00:00:07.90]         d:\azureFun\azure-functions-core-tools\test\Azure.Functions.Cli.Tests\E2E\CreateFunctionTests.cs(94,0): at Azure.Functions.Cli.Tests.E2E.CreateFunctionTests.create_template_function_dotnet_space_name()&#xD;
[xUnit.net 00:00:07.90]         --- End of stack trace from previous location where exception was thrown ---&#xD;
[xUnit.net 00:00:07.90]       Output:&#xD;
[xUnit.net 00:00:07.90]         stdout: Running: &gt;  init . --worker-runtime dotnet&#xD;
[xUnit.net 00:00:07.90]       System.InvalidOperationException : Cannot start process because a file name has not been provided.&#xD;
[xUnit.net 00:00:07.90]       Stack Trace:&#xD;
[xUnit.net 00:00:07.90]            at System.Diagnostics.Process.Start()&#xD;
[xUnit.net 00:00:07.90]         D:\azureFun\azure-functions-core-tools\src\Azure.Functions.Cli\Common\Executable.cs(80,0): at Azure.Functions.Cli.Common.Executable.RunAsync(Action`1 outputCallback, Action`1 errorCallback, Nullable`1 timeout, String stdIn)&#xD;
[xUnit.net 00:00:07.90]         d:\azureFun\azure-functions-core-tools\test\Azure.Functions.Cli.Tests\E2E\Helpers\CliTester.cs(85,0): at Azure.Functions.Cli.Tests.E2E.Helpers.CliTester.InternalRun(String workingDir, RunConfiguration[] runConfigurations, ITestOutputHelper output, Boolean startHost)&#xD;
[xUnit.net 00:00:07.90]         d:\azureFun\azure-functions-core-tools\test\Azure.Functions.Cli.Tests\E2E\Helpers\CliTester.cs(35,0): at Azure.Functions.Cli.Tests.E2E.Helpers.CliTester.Run(RunConfiguration[] runConfigurations, ITestOutputHelper output, String workingDir, Boolean startHost)&#xD;
[xUnit.net 00:00:07.90]         d:\azureFun\azure-functions-core-tools\test\Azure.Functions.Cli.Tests\E2E\CreateFunctionTests.cs(17,0): at Azure.Functions.Cli.Tests.E2E.CreateFunctionTests.create_template_function_success_message()&#xD;
[xUnit.net 00:00:07.90]         --- End of stack trace from previous location where exception was thrown ---&#xD;
[xUnit.net 00:00:07.90]       Output:&#xD;
[xUnit.net 00:00:07.90]         stdout: Running: &gt;  init . --worker-runtime dotnet&#xD;
[xUnit.net 00:00:07.91]       System.InvalidOperationException : Cannot start process because a file name has not been provided.&#xD;
[xUnit.net 00:00:07.91]       Stack Trace:&#xD;
[xUnit.net 00:00:07.91]            at System.Diagnostics.Process.Start()&#xD;
[xUnit.net 00:00:07.91]         D:\azureFun\azure-functions-core-tools\src\Azure.Functions.Cli\Common\Executable.cs(80,0): at Azure.Functions.Cli.Common.Executable.RunAsync(Action`1 outputCallback, Action`1 errorCallback, Nullable`1 timeout, String stdIn)&#xD;
[xUnit.net 00:00:07.91]         d:\azureFun\azure-functions-core-tools\test\Azure.Functions.Cli.Tests\E2E\Helpers\CliTester.cs(85,0): at Azure.Functions.Cli.Tests.E2E.Helpers.CliTester.InternalRun(String workingDir, RunConfiguration[] runConfigurations, ITestOutputHelper output, Boolean startHost)&#xD;
[xUnit.net 00:00:07.91]         d:\azureFun\azure-functions-core-tools\test\Azure.Functions.Cli.Tests\E2E\Helpers\CliTester.cs(35,0): at Azure.Functions.Cli.Tests.E2E.Helpers.CliTester.Run(RunConfiguration[] runConfigurations, ITestOutputHelper output, String workingDir, Boolean startHost)&#xD;
[xUnit.net 00:00:07.91]         d:\azureFun\azure-functions-core-tools\test\Azure.Functions.Cli.Tests\E2E\CreateFunctionTests.cs(60,0): at Azure.Functions.Cli.Tests.E2E.CreateFunctionTests.create_template_function_using_alias()&#xD;
[xUnit.net 00:00:07.91]         --- End of stack trace from previous location where exception was thrown ---&#xD;
[xUnit.net 00:00:07.91]       Output:&#xD;
[xUnit.net 00:00:07.91]         stdout: Running: &gt;  init . --worker-runtime node&#xD;
[xUnit.net 00:00:07.91]       System.InvalidOperationException : Cannot start process because a file name has not been provided.&#xD;
[xUnit.net 00:00:07.91]       Stack Trace:&#xD;
[xUnit.net 00:00:07.91]            at System.Diagnostics.Process.Start()&#xD;
[xUnit.net 00:00:07.91]         D:\azureFun\azure-functions-core-tools\src\Azure.Functions.Cli\Common\Executable.cs(80,0): at Azure.Functions.Cli.Common.Executable.RunAsync(Action`1 outputCallback, Action`1 errorCallback, Nullable`1 timeout, String stdIn)&#xD;
[xUnit.net 00:00:07.91]         d:\azureFun\azure-functions-core-tools\test\Azure.Functions.Cli.Tests\E2E\Helpers\CliTester.cs(85,0): at Azure.Functions.Cli.Tests.E2E.Helpers.CliTester.InternalRun(String workingDir, RunConfiguration[] runConfigurations, ITestOutputHelper output, Boolean startHost)&#xD;
[xUnit.net 00:00:07.91]         d:\azureFun\azure-functions-core-tools\test\Azure.Functions.Cli.Tests\E2E\Helpers\CliTester.cs(35,0): at Azure.Functions.Cli.Tests.E2E.Helpers.CliTester.Run(RunConfiguration[] runConfigurations, ITestOutputHelper output, String workingDir, Boolean startHost)&#xD;
[xUnit.net 00:00:07.91]         d:\azureFun\azure-functions-core-tools\test\Azure.Functions.Cli.Tests\E2E\CreateFunctionTests.cs(77,0): at Azure.Functions.Cli.Tests.E2E.CreateFunctionTests.create_template_function_js_no_space_name()&#xD;
[xUnit.net 00:00:07.91]         --- End of stack trace from previous location where exception was thrown ---&#xD;
[xUnit.net 00:00:07.91]       Output:&#xD;
[xUnit.net 00:00:07.91]         stdout: Running: &gt;  init . --worker-runtime node&#xD;
[xUnit.net 00:00:07.98]       System.InvalidOperationException : Cannot start process because a file name has not been provided.&#xD;
[xUnit.net 00:00:07.98]       Stack Trace:&#xD;
[xUnit.net 00:00:07.98]            at System.Diagnostics.Process.Start()&#xD;
[xUnit.net 00:00:07.98]         D:\azureFun\azure-functions-core-tools\src\Azure.Functions.Cli\Common\Executable.cs(80,0): at Azure.Functions.Cli.Common.Executable.RunAsync(Action`1 outputCallback, Action`1 errorCallback, Nullable`1 timeout, String stdIn)&#xD;
[xUnit.net 00:00:07.98]         d:\azureFun\azure-functions-core-tools\test\Azure.Functions.Cli.Tests\E2E\Helpers\CliTester.cs(85,0): at Azure.Functions.Cli.Tests.E2E.Helpers.CliTester.InternalRun(String workingDir, RunConfiguration[] runConfigurations, ITestOutputHelper output, Boolean startHost)&#xD;
[xUnit.net 00:00:07.98]         d:\azureFun\azure-functions-core-tools\test\Azure.Functions.Cli.Tests\E2E\Helpers\CliTester.cs(35,0): at Azure.Functions.Cli.Tests.E2E.Helpers.CliTester.Run(RunConfiguration[] runConfigurations, ITestOutputHelper output, String workingDir, Boolean startHost)&#xD;
[xUnit.net 00:00:07.98]         d:\azureFun\azure-functions-core-tools\test\Azure.Functions.Cli.Tests\E2E\SettingsTests.cs(42,0): at Azure.Functions.Cli.Tests.E2E.SettingsTests.add_setting_encrypted()&#xD;
[xUnit.net 00:00:07.98]         --- End of stack trace from previous location where exception was thrown ---&#xD;
[xUnit.net 00:00:07.99]       Output:&#xD;
[xUnit.net 00:00:07.99]         stdout: Running: &gt;  init . --worker-runtime node&#xD;
[xUnit.net 00:00:07.99]       System.InvalidOperationException : Cannot start process because a file name has not been provided.&#xD;
[xUnit.net 00:00:07.99]       Stack Trace:&#xD;
[xUnit.net 00:00:07.99]            at System.Diagnostics.Process.Start()&#xD;
[xUnit.net 00:00:07.99]         D:\azureFun\azure-functions-core-tools\src\Azure.Functions.Cli\Common\Executable.cs(80,0): at Azure.Functions.Cli.Common.Executable.RunAsync(Action`1 outputCallback, Action`1 errorCallback, Nullable`1 timeout, String stdIn)&#xD;
[xUnit.net 00:00:07.99]         d:\azureFun\azure-functions-core-tools\test\Azure.Functions.Cli.Tests\E2E\Helpers\CliTester.cs(85,0): at Azure.Functions.Cli.Tests.E2E.Helpers.CliTester.InternalRun(String workingDir, RunConfiguration[] runConfigurations, ITestOutputHelper output, Boolean startHost)&#xD;
[xUnit.net 00:00:07.99]         d:\azureFun\azure-functions-core-tools\test\Azure.Functions.Cli.Tests\E2E\Helpers\CliTester.cs(35,0): at Azure.Functions.Cli.Tests.E2E.Helpers.CliTester.Run(RunConfiguration[] runConfigurations, ITestOutputHelper output, String workingDir, Boolean startHost)&#xD;
[xUnit.net 00:00:07.99]         d:\azureFun\azure-functions-core-tools\test\Azure.Functions.Cli.Tests\E2E\SettingsTests.cs(17,0): at Azure.Functions.Cli.Tests.E2E.SettingsTests.add_setting_plain_text()&#xD;
[xUnit.net 00:00:07.99]         --- End of stack trace from previous location where exception was thrown ---&#xD;
[xUnit.net 00:00:07.99]       Output:&#xD;
[xUnit.net 00:00:07.99]         stdout: Running: &gt;  init . --worker-runtime node&#xD;
[xUnit.net 00:00:07.99]       System.InvalidOperationException : Cannot start process because a file name has not been provided.&#xD;
[xUnit.net 00:00:07.99]       Stack Trace:&#xD;
[xUnit.net 00:00:07.99]            at System.Diagnostics.Process.Start()&#xD;
[xUnit.net 00:00:07.99]         D:\azureFun\azure-functions-core-tools\src\Azure.Functions.Cli\Common\Executable.cs(80,0): at Azure.Functions.Cli.Common.Executable.RunAsync(Action`1 outputCallback, Action`1 errorCallback, Nullable`1 timeout, String stdIn)&#xD;
[xUnit.net 00:00:07.99]         d:\azureFun\azure-functions-core-tools\test\Azure.Functions.Cli.Tests\E2E\Helpers\CliTester.cs(85,0): at Azure.Functions.Cli.Tests.E2E.Helpers.CliTester.InternalRun(String workingDir, RunConfiguration[] runConfigurations, ITestOutputHelper output, Boolean startHost)&#xD;
[xUnit.net 00:00:07.99]         d:\azureFun\azure-functions-core-tools\test\Azure.Functions.Cli.Tests\E2E\Helpers\CliTester.cs(35,0): at Azure.Functions.Cli.Tests.E2E.Helpers.CliTester.Run(RunConfiguration[] runConfigurations, ITestOutputHelper output, String workingDir, Boolean startHost)&#xD;
[xUnit.net 00:00:07.99]         d:\azureFun\azure-functions-core-tools\test\Azure.Functions.Cli.Tests\E2E\StartTests.cs(156,0): at Azure.Functions.Cli.Tests.E2E.StartTests.start_host_port_in_use()&#xD;
[xUnit.net 00:00:07.99]         --- End of stack trace from previous location where exception was thrown ---&#xD;
[xUnit.net 00:00:07.99]       Output:&#xD;
[xUnit.net 00:00:07.99]         stdout: Running: &gt;  init . --worker-runtime node&#xD;
[xUnit.net 00:00:08.00]       System.InvalidOperationException : Cannot start process because a file name has not been provided.&#xD;
[xUnit.net 00:00:08.00]       Stack Trace:&#xD;
[xUnit.net 00:00:08.00]            at System.Diagnostics.Process.Start()&#xD;
[xUnit.net 00:00:08.00]         D:\azureFun\azure-functions-core-tools\src\Azure.Functions.Cli\Common\Executable.cs(80,0): at Azure.Functions.Cli.Common.Executable.RunAsync(Action`1 outputCallback, Action`1 errorCallback, Nullable`1 timeout, String stdIn)&#xD;
[xUnit.net 00:00:08.00]         d:\azureFun\azure-functions-core-tools\test\Azure.Functions.Cli.Tests\E2E\Helpers\CliTester.cs(85,0): at Azure.Functions.Cli.Tests.E2E.Helpers.CliTester.InternalRun(String workingDir, RunConfiguration[] runConfigurations, ITestOutputHelper output, Boolean startHost)&#xD;
[xUnit.net 00:00:08.00]         d:\azureFun\azure-functions-core-tools\test\Azure.Functions.Cli.Tests\E2E\Helpers\CliTester.cs(35,0): at Azure.Functions.Cli.Tests.E2E.Helpers.CliTester.Run(RunConfiguration[] runConfigurations, ITestOutputHelper output, String workingDir, Boolean startHost)&#xD;
[xUnit.net 00:00:08.00]         d:\azureFun\azure-functions-core-tools\test\Azure.Functions.Cli.Tests\E2E\StartTests.cs(235,0): at Azure.Functions.Cli.Tests.E2E.StartTests.start_powershell()&#xD;
[xUnit.net 00:00:08.00]         --- End of stack trace from previous location where exception was thrown ---&#xD;
[xUnit.net 00:00:08.00]       Output:&#xD;
[xUnit.net 00:00:08.00]         stdout: Running: &gt;  init . --worker-runtime powershell&#xD;
[xUnit.net 00:00:08.00]       System.InvalidOperationException : Cannot start process because a file name has not been provided.&#xD;
[xUnit.net 00:00:08.00]       Stack Trace:&#xD;
[xUnit.net 00:00:08.00]            at System.Diagnostics.Process.Start()&#xD;
[xUnit.net 00:00:08.00]         D:\azureFun\azure-functions-core-tools\src\Azure.Functions.Cli\Common\Executable.cs(80,0): at Azure.Functions.Cli.Common.Executable.RunAsync(Action`1 outputCallback, Action`1 errorCallback, Nullable`1 timeout, String stdIn)&#xD;
[xUnit.net 00:00:08.00]         d:\azureFun\azure-functions-core-tools\test\Azure.Functions.Cli.Tests\E2E\Helpers\CliTester.cs(85,0): at Azure.Functions.Cli.Tests.E2E.Helpers.CliTester.InternalRun(String workingDir, RunConfiguration[] runConfigurations, ITestOutputHelper output, Boolean startHost)&#xD;
[xUnit.net 00:00:08.00]         d:\azureFun\azure-functions-core-tools\test\Azure.Functions.Cli.Tests\E2E\Helpers\CliTester.cs(35,0): at Azure.Functions.Cli.Tests.E2E.Helpers.CliTester.Run(RunConfiguration[] runConfigurations, ITestOutputHelper output, String workingDir, Boolean startHost)&#xD;
[xUnit.net 00:00:08.00]         d:\azureFun\azure-functions-core-tools\test\Azure.Functions.Cli.Tests\E2E\StartTests.cs(110,0): at Azure.Functions.Cli.Tests.E2E.StartTests.start_displays_error_on_invalid_function_json()&#xD;
[xUnit.net 00:00:08.00]         --- End of stack trace from previous location where exception was thrown ---&#xD;
[xUnit.net 00:00:08.00]       Output:&#xD;
[xUnit.net 00:00:08.00]         stdout: Running: &gt;  init . --worker-runtime node&#xD;
[xUnit.net 00:00:08.01]       System.InvalidOperationException : Cannot start process because a file name has not been provided.&#xD;
[xUnit.net 00:00:08.01]       Stack Trace:&#xD;
[xUnit.net 00:00:08.01]            at System.Diagnostics.Process.Start()&#xD;
[xUnit.net 00:00:08.01]         D:\azureFun\azure-functions-core-tools\src\Azure.Functions.Cli\Common\Executable.cs(80,0): at Azure.Functions.Cli.Common.Executable.RunAsync(Action`1 outputCallback, Action`1 errorCallback, Nullable`1 timeout, String stdIn)&#xD;
[xUnit.net 00:00:08.01]         d:\azureFun\azure-functions-core-tools\test\Azure.Functions.Cli.Tests\E2E\Helpers\CliTester.cs(85,0): at Azure.Functions.Cli.Tests.E2E.Helpers.CliTester.InternalRun(String workingDir, RunConfiguration[] runConfigurations, ITestOutputHelper output, Boolean startHost)&#xD;
[xUnit.net 00:00:08.01]         d:\azureFun\azure-functions-core-tools\test\Azure.Functions.Cli.Tests\E2E\Helpers\CliTester.cs(35,0): at Azure.Functions.Cli.Tests.E2E.Helpers.CliTester.Run(RunConfiguration[] runConfigurations, ITestOutputHelper output, String workingDir, Boolean startHost)&#xD;
[xUnit.net 00:00:08.01]         d:\azureFun\azure-functions-core-tools\test\Azure.Functions.Cli.Tests\E2E\StartTests.cs(25,0): at Azure.Functions.Cli.Tests.E2E.StartTests.start_nodejs()&#xD;
[xUnit.net 00:00:08.01]         --- End of stack trace from previous location where exception was thrown ---&#xD;
[xUnit.net 00:00:08.01]       Output:&#xD;
[xUnit.net 00:00:08.01]         stdout: Running: &gt;  init . --worker-runtime node&#xD;
[xUnit.net 00:00:08.01]       System.InvalidOperationException : Cannot start process because a file name has not been provided.&#xD;
[xUnit.net 00:00:08.01]       Stack Trace:&#xD;
[xUnit.net 00:00:08.01]            at System.Diagnostics.Process.Start()&#xD;
[xUnit.net 00:00:08.01]         D:\azureFun\azure-functions-core-tools\src\Azure.Functions.Cli\Common\Executable.cs(80,0): at Azure.Functions.Cli.Common.Executable.RunAsync(Action`1 outputCallback, Action`1 errorCallback, Nullable`1 timeout, String stdIn)&#xD;
[xUnit.net 00:00:08.01]         d:\azureFun\azure-functions-core-tools\test\Azure.Functions.Cli.Tests\E2E\Helpers\CliTester.cs(85,0): at Azure.Functions.Cli.Tests.E2E.Helpers.CliTester.InternalRun(String workingDir, RunConfiguration[] runConfigurations, ITestOutputHelper output, Boolean startHost)&#xD;
[xUnit.net 00:00:08.01]         d:\azureFun\azure-functions-core-tools\test\Azure.Functions.Cli.Tests\E2E\Helpers\CliTester.cs(35,0): at Azure.Functions.Cli.Tests.E2E.Helpers.CliTester.Run(RunConfiguration[] runConfigurations, ITestOutputHelper output, String workingDir, Boolean startHost)&#xD;
[xUnit.net 00:00:08.01]         d:\azureFun\azure-functions-core-tools\test\Azure.Functions.Cli.Tests\E2E\StartTests.cs(56,0): at Azure.Functions.Cli.Tests.E2E.StartTests.start_nodejs_with_inspect()&#xD;
[xUnit.net 00:00:08.01]         --- End of stack trace from previous location where exception was thrown ---&#xD;
[xUnit.net 00:00:08.01]       Output:&#xD;
[xUnit.net 00:00:08.01]         stdout: Running: &gt;  init . --worker-runtime node&#xD;
[xUnit.net 00:00:08.01]       System.InvalidOperationException : Cannot start process because a file name has not been provided.&#xD;
[xUnit.net 00:00:08.01]       Stack Trace:&#xD;
[xUnit.net 00:00:08.01]            at System.Diagnostics.Process.Start()&#xD;
[xUnit.net 00:00:08.01]         D:\azureFun\azure-functions-core-tools\src\Azure.Functions.Cli\Common\Executable.cs(80,0): at Azure.Functions.Cli.Common.Executable.RunAsync(Action`1 outputCallback, Action`1 errorCallback, Nullable`1 timeout, String stdIn)&#xD;
[xUnit.net 00:00:08.01]         d:\azureFun\azure-functions-core-tools\test\Azure.Functions.Cli.Tests\E2E\Helpers\CliTester.cs(85,0): at Azure.Functions.Cli.Tests.E2E.Helpers.CliTester.InternalRun(String workingDir, RunConfiguration[] runConfigurations, ITestOutputHelper output, Boolean startHost)&#xD;
[xUnit.net 00:00:08.01]         d:\azureFun\azure-functions-core-tools\test\Azure.Functions.Cli.Tests\E2E\Helpers\CliTester.cs(35,0): at Azure.Functions.Cli.Tests.E2E.Helpers.CliTester.Run(RunConfiguration[] runConfigurations, ITestOutputHelper output, String workingDir, Boolean startHost)&#xD;
[xUnit.net 00:00:08.01]         d:\azureFun\azure-functions-core-tools\test\Azure.Functions.Cli.Tests\E2E\StartTests.cs(81,0): at Azure.Functions.Cli.Tests.E2E.StartTests.start_dotnet_csharp()&#xD;
[xUnit.net 00:00:08.01]         --- End of stack trace from previous location where exception was thrown ---&#xD;
[xUnit.net 00:00:08.01]       Output:&#xD;
[xUnit.net 00:00:08.01]         stdout: Running: &gt;  init . --worker-runtime dotnet&#xD;
[xUnit.net 00:00:08.02]       System.InvalidOperationException : Cannot start process because a file name has not been provided.&#xD;
[xUnit.net 00:00:08.02]       Stack Trace:&#xD;
[xUnit.net 00:00:08.02]            at System.Diagnostics.Process.Start()&#xD;
[xUnit.net 00:00:08.02]         D:\azureFun\azure-functions-core-tools\src\Azure.Functions.Cli\Common\Executable.cs(80,0): at Azure.Functions.Cli.Common.Executable.RunAsync(Action`1 outputCallback, Action`1 errorCallback, Nullable`1 timeout, String stdIn)&#xD;
[xUnit.net 00:00:08.02]         d:\azureFun\azure-functions-core-tools\test\Azure.Functions.Cli.Tests\E2E\Helpers\CliTester.cs(85,0): at Azure.Functions.Cli.Tests.E2E.Helpers.CliTester.InternalRun(String workingDir, RunConfiguration[] runConfigurations, ITestOutputHelper output, Boolean startHost)&#xD;
[xUnit.net 00:00:08.02]         d:\azureFun\azure-functions-core-tools\test\Azure.Functions.Cli.Tests\E2E\Helpers\CliTester.cs(35,0): at Azure.Functions.Cli.Tests.E2E.Helpers.CliTester.Run(RunConfiguration[] runConfigurations, ITestOutputHelper output, String workingDir, Boolean startHost)&#xD;
[xUnit.net 00:00:08.02]         d:\azureFun\azure-functions-core-tools\test\Azure.Functions.Cli.Tests\E2E\StartTests.cs(178,0): at Azure.Functions.Cli.Tests.E2E.StartTests.start_handles_empty_envvars_correctly()&#xD;
[xUnit.net 00:00:08.02]         --- End of stack trace from previous location where exception was thrown ---&#xD;
[xUnit.net 00:00:08.02]       Output:&#xD;
[xUnit.net 00:00:08.02]         stdout: Running: &gt;  init . --worker-runtime node&#xD;
[xUnit.net 00:00:08.02]       System.InvalidOperationException : Cannot start process because a file name has not been provided.&#xD;
[xUnit.net 00:00:08.02]       Stack Trace:&#xD;
[xUnit.net 00:00:08.02]            at System.Diagnostics.Process.Start()&#xD;
[xUnit.net 00:00:08.02]         D:\azureFun\azure-functions-core-tools\src\Azure.Functions.Cli\Common\Executable.cs(80,0): at Azure.Functions.Cli.Common.Executable.RunAsync(Action`1 outputCallback, Action`1 errorCallback, Nullable`1 timeout, String stdIn)&#xD;
[xUnit.net 00:00:08.02]         d:\azureFun\azure-functions-core-tools\test\Azure.Functions.Cli.Tests\E2E\Helpers\CliTester.cs(85,0): at Azure.Functions.Cli.Tests.E2E.Helpers.CliTester.InternalRun(String workingDir, RunConfiguration[] runConfigurations, ITestOutputHelper output, Boolean startHost)&#xD;
[xUnit.net 00:00:08.02]         d:\azureFun\azure-functions-core-tools\test\Azure.Functions.Cli.Tests\E2E\Helpers\CliTester.cs(35,0): at Azure.Functions.Cli.Tests.E2E.Helpers.CliTester.Run(RunConfiguration[] runConfigurations, ITestOutputHelper output, String workingDir, Boolean startHost)&#xD;
[xUnit.net 00:00:08.02]         d:\azureFun\azure-functions-core-tools\test\Azure.Functions.Cli.Tests\E2E\StartTests.cs(261,0): at Azure.Functions.Cli.Tests.E2E.StartTests.only_run_some_functions()&#xD;
[xUnit.net 00:00:08.02]         --- End of stack trace from previous location where exception was thrown ---&#xD;
[xUnit.net 00:00:08.02]       Output:&#xD;
[xUnit.net 00:00:08.02]         stdout: Running: &gt;  init . --worker-runtime javascript&#xD;
[xUnit.net 00:00:08.04]   Finished:    Azure.Functions.Cli.Tests&#xD;
</StdOut>
    </Output>
    <RunInfos>
      <RunInfo computerName="NASONI-Z422" outcome="Warning" timestamp="2019-11-20T16:36:52.3093731-08:00">
        <Text>[xUnit.net 00:00:04.32]     Azure.Functions.Cli.Tests.E2E.ListFunctionsTests.ListFunctionsWorks [SKIP]</Text>
      </RunInfo>
      <RunInfo computerName="NASONI-Z422" outcome="Error" timestamp="2019-11-20T16:36:53.2229598-08:00">
        <Text>[xUnit.net 00:00:05.23]     Azure.Functions.Cli.Tests.PythonHelperTests.InterpreterShouldHaveExecutablePath [FAIL]</Text>
      </RunInfo>
      <RunInfo computerName="NASONI-Z422" outcome="Error" timestamp="2019-11-20T16:36:53.2325608-08:00">
        <Text>[xUnit.net 00:00:05.24]     Azure.Functions.Cli.Tests.PythonHelperTests.InterpreterShouldHaveMajorVersion [FAIL]</Text>
      </RunInfo>
      <RunInfo computerName="NASONI-Z422" outcome="Warning" timestamp="2019-11-20T16:36:53.2436977-08:00">
        <Text>[xUnit.net 00:00:05.25]     Azure.Functions.Cli.Tests.E2E.DurableTests.DurableStartNewTest_FileInput [SKIP]</Text>
      </RunInfo>
      <RunInfo computerName="NASONI-Z422" outcome="Warning" timestamp="2019-11-20T16:36:53.2448672-08:00">
        <Text>[xUnit.net 00:00:05.25]     Azure.Functions.Cli.Tests.E2E.DurableTests.DurableRaiseEventTest_FileInput [SKIP]</Text>
      </RunInfo>
      <RunInfo computerName="NASONI-Z422" outcome="Warning" timestamp="2019-11-20T16:36:53.2460302-08:00">
        <Text>[xUnit.net 00:00:05.25]     Azure.Functions.Cli.Tests.E2E.DurableTests.DurableTerminateTest [SKIP]</Text>
      </RunInfo>
      <RunInfo computerName="NASONI-Z422" outcome="Warning" timestamp="2019-11-20T16:36:53.2471213-08:00">
        <Text>[xUnit.net 00:00:05.25]     Azure.Functions.Cli.Tests.E2E.DurableTests.DurableStartNewTest [SKIP]</Text>
      </RunInfo>
      <RunInfo computerName="NASONI-Z422" outcome="Warning" timestamp="2019-11-20T16:36:53.2483300-08:00">
        <Text>[xUnit.net 00:00:05.25]     Azure.Functions.Cli.Tests.E2E.DurableTests.DurableDeleteTaskHubTest [SKIP]</Text>
      </RunInfo>
      <RunInfo computerName="NASONI-Z422" outcome="Warning" timestamp="2019-11-20T16:36:53.2571317-08:00">
        <Text>[xUnit.net 00:00:05.25]     Azure.Functions.Cli.Tests.E2E.DurableTests.DurableRaiseEventTest [SKIP]</Text>
      </RunInfo>
      <RunInfo computerName="NASONI-Z422" outcome="Warning" timestamp="2019-11-20T16:36:53.2581182-08:00">
        <Text>[xUnit.net 00:00:05.26]     Azure.Functions.Cli.Tests.E2E.DurableTests.DurablePurgeHistoryTest [SKIP]</Text>
      </RunInfo>
      <RunInfo computerName="NASONI-Z422" outcome="Warning" timestamp="2019-11-20T16:36:53.2591138-08:00">
        <Text>[xUnit.net 00:00:05.26]     Azure.Functions.Cli.Tests.E2E.DurableTests.DurableGetInstancesTest [SKIP]</Text>
      </RunInfo>
      <RunInfo computerName="NASONI-Z422" outcome="Warning" timestamp="2019-11-20T16:36:53.2601129-08:00">
        <Text>[xUnit.net 00:00:05.26]     Azure.Functions.Cli.Tests.E2E.DurableTests.DurableRewindTest [SKIP]</Text>
      </RunInfo>
      <RunInfo computerName="NASONI-Z422" outcome="Warning" timestamp="2019-11-20T16:36:53.2610879-08:00">
        <Text>[xUnit.net 00:00:05.26]     Azure.Functions.Cli.Tests.E2E.DurableTests.DurableGetHistoryTest [SKIP]</Text>
      </RunInfo>
      <RunInfo computerName="NASONI-Z422" outcome="Warning" timestamp="2019-11-20T16:36:53.2620776-08:00">
        <Text>[xUnit.net 00:00:05.26]     Azure.Functions.Cli.Tests.E2E.DurableTests.DurableGetRuntimeStatusTest [SKIP]</Text>
      </RunInfo>
      <RunInfo computerName="NASONI-Z422" outcome="Error" timestamp="2019-11-20T16:36:55.7296559-08:00">
        <Text>[xUnit.net 00:00:07.74]     Azure.Functions.Cli.Tests.E2E.InitTests.init_dotnet_app [FAIL]</Text>
      </RunInfo>
      <RunInfo computerName="NASONI-Z422" outcome="Error" timestamp="2019-11-20T16:36:55.7333887-08:00">
        <Text>[xUnit.net 00:00:07.74]     Azure.Functions.Cli.Tests.E2E.InitTests.init_with_no_source_control [FAIL]</Text>
      </RunInfo>
      <RunInfo computerName="NASONI-Z422" outcome="Error" timestamp="2019-11-20T16:36:55.7367925-08:00">
        <Text>[xUnit.net 00:00:07.74]     Azure.Functions.Cli.Tests.E2E.InitTests.init_app_with_spaces [FAIL]</Text>
      </RunInfo>
      <RunInfo computerName="NASONI-Z422" outcome="Error" timestamp="2019-11-20T16:36:55.7407748-08:00">
        <Text>[xUnit.net 00:00:07.75]     Azure.Functions.Cli.Tests.E2E.InitTests.init_ts_app_using_runtime [FAIL]</Text>
      </RunInfo>
      <RunInfo computerName="NASONI-Z422" outcome="Error" timestamp="2019-11-20T16:36:55.7441752-08:00">
        <Text>[xUnit.net 00:00:07.75]     Azure.Functions.Cli.Tests.E2E.InitTests.init_with_Dockerfile(workerRuntime: "node") [FAIL]</Text>
      </RunInfo>
      <RunInfo computerName="NASONI-Z422" outcome="Error" timestamp="2019-11-20T16:36:55.7546619-08:00">
        <Text>[xUnit.net 00:00:07.76]     Azure.Functions.Cli.Tests.E2E.InitTests.init_with_Dockerfile(workerRuntime: "powershell") [FAIL]</Text>
      </RunInfo>
      <RunInfo computerName="NASONI-Z422" outcome="Error" timestamp="2019-11-20T16:36:55.7574846-08:00">
        <Text>[xUnit.net 00:00:07.77]     Azure.Functions.Cli.Tests.E2E.InitTests.init_with_Dockerfile(workerRuntime: "dotnet") [FAIL]</Text>
      </RunInfo>
      <RunInfo computerName="NASONI-Z422" outcome="Error" timestamp="2019-11-20T16:36:55.8152330-08:00">
        <Text>[xUnit.net 00:00:07.77]     Azure.Functions.Cli.Tests.E2E.InitTests.init_python_app_twice [FAIL]</Text>
      </RunInfo>
      <RunInfo computerName="NASONI-Z422" outcome="Error" timestamp="2019-11-20T16:36:55.8163768-08:00">
        <Text>[xUnit.net 00:00:07.77]     Azure.Functions.Cli.Tests.E2E.InitTests.init_with_unknown_worker_runtime [FAIL]</Text>
      </RunInfo>
      <RunInfo computerName="NASONI-Z422" outcome="Error" timestamp="2019-11-20T16:36:55.8174610-08:00">
        <Text>[xUnit.net 00:00:07.78]     Azure.Functions.Cli.Tests.E2E.InitTests.init_with_worker_runtime(workerRuntime: "python") [FAIL]</Text>
      </RunInfo>
      <RunInfo computerName="NASONI-Z422" outcome="Error" timestamp="2019-11-20T16:36:55.8186509-08:00">
        <Text>[xUnit.net 00:00:07.78]     Azure.Functions.Cli.Tests.E2E.InitTests.init_with_worker_runtime(workerRuntime: "java") [FAIL]</Text>
      </RunInfo>
      <RunInfo computerName="NASONI-Z422" outcome="Error" timestamp="2019-11-20T16:36:55.8198749-08:00">
        <Text>[xUnit.net 00:00:07.78]     Azure.Functions.Cli.Tests.E2E.InitTests.init_with_worker_runtime(workerRuntime: "node") [FAIL]</Text>
      </RunInfo>
      <RunInfo computerName="NASONI-Z422" outcome="Error" timestamp="2019-11-20T16:36:55.8210401-08:00">
        <Text>[xUnit.net 00:00:07.79]     Azure.Functions.Cli.Tests.E2E.InitTests.javascript_adds_packagejson [FAIL]</Text>
      </RunInfo>
      <RunInfo computerName="NASONI-Z422" outcome="Error" timestamp="2019-11-20T16:36:55.8223404-08:00">
        <Text>[xUnit.net 00:00:07.79]     Azure.Functions.Cli.Tests.E2E.InitTests.init_docker_only_for_csx_project [FAIL]</Text>
      </RunInfo>
      <RunInfo computerName="NASONI-Z422" outcome="Error" timestamp="2019-11-20T16:36:55.8248553-08:00">
        <Text>[xUnit.net 00:00:07.79]     Azure.Functions.Cli.Tests.E2E.InitTests.init_docker_only_for_existing_project(workerRuntime: "node") [FAIL]</Text>
      </RunInfo>
      <RunInfo computerName="NASONI-Z422" outcome="Error" timestamp="2019-11-20T16:36:55.8260531-08:00">
        <Text>[xUnit.net 00:00:07.80]     Azure.Functions.Cli.Tests.E2E.InitTests.init_docker_only_for_existing_project(workerRuntime: "powershell") [FAIL]</Text>
      </RunInfo>
      <RunInfo computerName="NASONI-Z422" outcome="Error" timestamp="2019-11-20T16:36:55.8830361-08:00">
        <Text>[xUnit.net 00:00:07.80]     Azure.Functions.Cli.Tests.E2E.InitTests.init_docker_only_for_existing_project(workerRuntime: "dotnet") [FAIL]</Text>
      </RunInfo>
      <RunInfo computerName="NASONI-Z422" outcome="Error" timestamp="2019-11-20T16:36:55.8841854-08:00">
        <Text>[xUnit.net 00:00:07.80]     Azure.Functions.Cli.Tests.E2E.InitTests.init_ts_app_using_lang [FAIL]</Text>
      </RunInfo>
      <RunInfo computerName="NASONI-Z422" outcome="Error" timestamp="2019-11-20T16:36:55.8853423-08:00">
        <Text>[xUnit.net 00:00:07.80]     Azure.Functions.Cli.Tests.E2E.InitTests.init_function_app_powershell_supports_managed_dependencies [FAIL]</Text>
      </RunInfo>
      <RunInfo computerName="NASONI-Z422" outcome="Error" timestamp="2019-11-20T16:36:55.8864127-08:00">
        <Text>[xUnit.net 00:00:07.81]     Azure.Functions.Cli.Tests.E2E.InitTests.init_docker_only_no_project [FAIL]</Text>
      </RunInfo>
      <RunInfo computerName="NASONI-Z422" outcome="Error" timestamp="2019-11-20T16:36:55.8875220-08:00">
        <Text>[xUnit.net 00:00:07.81]     Azure.Functions.Cli.Tests.E2E.InitTests.init_csx_app [FAIL]</Text>
      </RunInfo>
      <RunInfo computerName="NASONI-Z422" outcome="Error" timestamp="2019-11-20T16:36:55.8885351-08:00">
        <Text>[xUnit.net 00:00:07.81]     Azure.Functions.Cli.Tests.E2E.InitTests.init_with_Dockerfile_for_csx [FAIL]</Text>
      </RunInfo>
      <RunInfo computerName="NASONI-Z422" outcome="Error" timestamp="2019-11-20T16:36:55.8896599-08:00">
        <Text>[xUnit.net 00:00:07.81]     Azure.Functions.Cli.Tests.E2E.InitTests.init_managed_dependencies_is_only_supported_in_powershell [FAIL]</Text>
      </RunInfo>
      <RunInfo computerName="NASONI-Z422" outcome="Error" timestamp="2019-11-20T16:36:55.8908009-08:00">
        <Text>[xUnit.net 00:00:07.82]     Azure.Functions.Cli.Tests.E2E.InitTests.init_with_python_Dockerfile [FAIL]</Text>
      </RunInfo>
      <RunInfo computerName="NASONI-Z422" outcome="Error" timestamp="2019-11-20T16:36:55.8918538-08:00">
        <Text>[xUnit.net 00:00:07.82]     Azure.Functions.Cli.Tests.ExtensionsTests.InstallExtensionsTests.try_install_with_no_valid_trigger [FAIL]</Text>
      </RunInfo>
      <RunInfo computerName="NASONI-Z422" outcome="Error" timestamp="2019-11-20T16:36:55.9386106-08:00">
        <Text>[xUnit.net 00:00:07.83]     Azure.Functions.Cli.Tests.ExtensionsTests.InstallExtensionsTests.try_install_with_a_valid_trigger [FAIL]</Text>
      </RunInfo>
      <RunInfo computerName="NASONI-Z422" outcome="Error" timestamp="2019-11-20T16:36:55.9398408-08:00">
        <Text>[xUnit.net 00:00:07.83]     Azure.Functions.Cli.Tests.ExtensionsTests.InstallExtensionsTests.bundlesconfiguredbydefault_no_action [FAIL]</Text>
      </RunInfo>
      <RunInfo computerName="NASONI-Z422" outcome="Error" timestamp="2019-11-20T16:36:55.9509751-08:00">
        <Text>[xUnit.net 00:00:07.89]     Azure.Functions.Cli.Tests.E2E.CreateFunctionTests.create_typescript_template [FAIL]</Text>
      </RunInfo>
      <RunInfo computerName="NASONI-Z422" outcome="Error" timestamp="2019-11-20T16:36:55.9522050-08:00">
        <Text>[xUnit.net 00:00:07.89]     Azure.Functions.Cli.Tests.E2E.CreateFunctionTests.create_template_function_sanitization_dotnet [FAIL]</Text>
      </RunInfo>
      <RunInfo computerName="NASONI-Z422" outcome="Error" timestamp="2019-11-20T16:36:55.9537544-08:00">
        <Text>[xUnit.net 00:00:07.89]     Azure.Functions.Cli.Tests.E2E.CreateFunctionTests.create_typescript_template_blob [FAIL]</Text>
      </RunInfo>
      <RunInfo computerName="NASONI-Z422" outcome="Error" timestamp="2019-11-20T16:36:55.9552706-08:00">
        <Text>[xUnit.net 00:00:07.90]     Azure.Functions.Cli.Tests.E2E.CreateFunctionTests.create_template_function_dotnet_space_name [FAIL]</Text>
      </RunInfo>
      <RunInfo computerName="NASONI-Z422" outcome="Error" timestamp="2019-11-20T16:36:55.9568472-08:00">
        <Text>[xUnit.net 00:00:07.90]     Azure.Functions.Cli.Tests.E2E.CreateFunctionTests.create_template_function_success_message [FAIL]</Text>
      </RunInfo>
      <RunInfo computerName="NASONI-Z422" outcome="Error" timestamp="2019-11-20T16:36:55.9887057-08:00">
        <Text>[xUnit.net 00:00:07.91]     Azure.Functions.Cli.Tests.E2E.CreateFunctionTests.create_template_function_using_alias [FAIL]</Text>
      </RunInfo>
      <RunInfo computerName="NASONI-Z422" outcome="Error" timestamp="2019-11-20T16:36:55.9899081-08:00">
        <Text>[xUnit.net 00:00:07.91]     Azure.Functions.Cli.Tests.E2E.CreateFunctionTests.create_template_function_js_no_space_name [FAIL]</Text>
      </RunInfo>
      <RunInfo computerName="NASONI-Z422" outcome="Error" timestamp="2019-11-20T16:36:55.9910173-08:00">
        <Text>[xUnit.net 00:00:07.98]     Azure.Functions.Cli.Tests.E2E.SettingsTests.add_setting_encrypted [FAIL]</Text>
      </RunInfo>
      <RunInfo computerName="NASONI-Z422" outcome="Error" timestamp="2019-11-20T16:36:55.9920711-08:00">
        <Text>[xUnit.net 00:00:07.99]     Azure.Functions.Cli.Tests.E2E.SettingsTests.add_setting_plain_text [FAIL]</Text>
      </RunInfo>
      <RunInfo computerName="NASONI-Z422" outcome="Error" timestamp="2019-11-20T16:36:55.9932026-08:00">
        <Text>[xUnit.net 00:00:07.99]     Azure.Functions.Cli.Tests.E2E.StartTests.start_host_port_in_use [FAIL]</Text>
      </RunInfo>
      <RunInfo computerName="NASONI-Z422" outcome="Error" timestamp="2019-11-20T16:36:55.9942931-08:00">
        <Text>[xUnit.net 00:00:08.00]     Azure.Functions.Cli.Tests.E2E.StartTests.start_powershell [FAIL]</Text>
      </RunInfo>
      <RunInfo computerName="NASONI-Z422" outcome="Error" timestamp="2019-11-20T16:36:55.9954249-08:00">
        <Text>[xUnit.net 00:00:08.00]     Azure.Functions.Cli.Tests.E2E.StartTests.start_displays_error_on_invalid_function_json [FAIL]</Text>
      </RunInfo>
      <RunInfo computerName="NASONI-Z422" outcome="Error" timestamp="2019-11-20T16:36:56.0331344-08:00">
        <Text>[xUnit.net 00:00:08.01]     Azure.Functions.Cli.Tests.E2E.StartTests.start_nodejs [FAIL]</Text>
      </RunInfo>
      <RunInfo computerName="NASONI-Z422" outcome="Error" timestamp="2019-11-20T16:36:56.0341371-08:00">
        <Text>[xUnit.net 00:00:08.01]     Azure.Functions.Cli.Tests.E2E.StartTests.start_nodejs_with_inspect [FAIL]</Text>
      </RunInfo>
      <RunInfo computerName="NASONI-Z422" outcome="Error" timestamp="2019-11-20T16:36:56.0352185-08:00">
        <Text>[xUnit.net 00:00:08.01]     Azure.Functions.Cli.Tests.E2E.StartTests.start_dotnet_csharp [FAIL]</Text>
      </RunInfo>
      <RunInfo computerName="NASONI-Z422" outcome="Error" timestamp="2019-11-20T16:36:56.0362632-08:00">
        <Text>[xUnit.net 00:00:08.02]     Azure.Functions.Cli.Tests.E2E.StartTests.start_handles_empty_envvars_correctly [FAIL]</Text>
      </RunInfo>
      <RunInfo computerName="NASONI-Z422" outcome="Error" timestamp="2019-11-20T16:36:56.0373222-08:00">
        <Text>[xUnit.net 00:00:08.02]     Azure.Functions.Cli.Tests.E2E.StartTests.only_run_some_functions [FAIL]</Text>
      </RunInfo>
    </RunInfos>
  </ResultSummary>
</TestRun>