<?xml version="1.0" encoding="utf-8"?>
<TestRun id="8fb950fa-a00b-4963-a79a-e815d969cb46" name="nasoni@NASONI-Z422 2019-11-20 16:49:55" runUser="REDMOND\nasoni" xmlns="http://microsoft.com/schemas/VisualStudio/TeamTest/2010">
  <Times creation="2019-11-20T16:49:55.4077015-08:00" queuing="2019-11-20T16:49:55.4077035-08:00" start="2019-11-20T16:49:50.7722785-08:00" finish="2019-11-20T16:49:59.5073620-08:00" />
  <TestSettings name="default" id="6ee68f45-4418-45ba-ac84-91674af28b6d">
    <Deployment runDeploymentRoot="nasoni_NASONI-Z422_2019-11-20_16_49_55" />
  </TestSettings>
  <Results>
    <UnitTestResult executionId="8d925d2c-3d0e-49e8-be25-f9ef45b753f9" testId="4294c23d-5a13-c518-9e66-be8f5c903261" testName="Azure.Functions.Cli.Tests.KubernetesHelperUnitTests.ValidateKubernetesNames(name: &quot;name-with-numbers-938-234&quot;, isValid: True)" computerName="NASONI-Z422" duration="00:00:00.0010000" startTime="2019-11-20T16:49:56.1398657-08:00" endTime="2019-11-20T16:49:56.1398668-08:00" testType="13cdc9d9-ddb5-4fa4-a97d-d965ccfc6d4b" outcome="Passed" testListId="8c84fa94-04c1-424b-9868-57a2d4851a1d" relativeResultsDirectory="8d925d2c-3d0e-49e8-be25-f9ef45b753f9" />
    <UnitTestResult executionId="ddf644be-245c-4870-8184-4faf3604e07e" testId="39f587a1-adfa-40ac-1d64-2729707c10fc" testName="Azure.Functions.Cli.Tests.E2E.InitTests.init_ts_app_using_runtime" computerName="NASONI-Z422" duration="00:00:00.0030000" startTime="2019-11-20T16:49:56.0626538-08:00" endTime="2019-11-20T16:49:56.0626568-08:00" testType="13cdc9d9-ddb5-4fa4-a97d-d965ccfc6d4b" outcome="Failed" testListId="8c84fa94-04c1-424b-9868-57a2d4851a1d" relativeResultsDirectory="ddf644be-245c-4870-8184-4faf3604e07e">
      <Output>
        <StdOut>stdout: Running: &gt;  init . --worker-runtime typescript</StdOut>
        <ErrorInfo>
          <Message>System.InvalidOperationException : Cannot start process because a file name has not been provided.</Message>
          <StackTrace>   at System.Diagnostics.Process.Start()&#xD;
   at Azure.Functions.Cli.Common.Executable.RunAsync(Action`1 outputCallback, Action`1 errorCallback, Nullable`1 timeout, String stdIn) in D:\azureFun\azure-functions-core-tools\src\Azure.Functions.Cli\Common\Executable.cs:line 80&#xD;
   at Azure.Functions.Cli.Tests.E2E.Helpers.CliTester.InternalRun(String workingDir, RunConfiguration[] runConfigurations, ITestOutputHelper output, Boolean startHost) in d:\azureFun\azure-functions-core-tools\test\Azure.Functions.Cli.Tests\E2E\Helpers\CliTester.cs:line 85&#xD;
   at Azure.Functions.Cli.Tests.E2E.Helpers.CliTester.Run(RunConfiguration[] runConfigurations, ITestOutputHelper output, String workingDir, Boolean startHost) in d:\azureFun\azure-functions-core-tools\test\Azure.Functions.Cli.Tests\E2E\Helpers\CliTester.cs:line 35&#xD;
--- End of stack trace from previous location where exception was thrown ---</StackTrace>
        </ErrorInfo>
      </Output>
    </UnitTestResult>
    <UnitTestResult executionId="ab751321-715d-44bc-840c-cbbcada08497" testId="a724e0a0-4f3b-f44e-88bb-08d6494ab74a" testName="Azure.Functions.Cli.Tests.ActionsTests.ResolveActionTests.ResolveCommandLineCorrectly(args: &quot;durable get-history --id ab1b5de4c5a9450eafa5a4cf2&quot;..., returnType: typeof(Azure.Functions.Cli.Actions.DurableActions.DurableGetHistory))" computerName="NASONI-Z422" duration="00:00:00.0040000" startTime="2019-11-20T16:49:55.9148351-08:00" endTime="2019-11-20T16:49:55.9148420-08:00" testType="13cdc9d9-ddb5-4fa4-a97d-d965ccfc6d4b" outcome="Passed" testListId="8c84fa94-04c1-424b-9868-57a2d4851a1d" relativeResultsDirectory="ab751321-715d-44bc-840c-cbbcada08497" />
    <UnitTestResult executionId="39412079-f696-4361-9835-128baaf3c0e2" testId="3a25c399-9646-35b9-434d-2c4e07960aba" testName="Azure.Functions.Cli.Tests.E2E.InitTests.init_with_Dockerfile(workerRuntime: &quot;powershell&quot;)" computerName="NASONI-Z422" duration="00:00:00.0020000" startTime="2019-11-20T16:49:56.0682496-08:00" endTime="2019-11-20T16:49:56.0682542-08:00" testType="13cdc9d9-ddb5-4fa4-a97d-d965ccfc6d4b" outcome="Failed" testListId="8c84fa94-04c1-424b-9868-57a2d4851a1d" relativeResultsDirectory="39412079-f696-4361-9835-128baaf3c0e2">
      <Output>
        <StdOut>stdout: Running: &gt;  init . --worker-runtime powershell --docker</StdOut>
        <ErrorInfo>
          <Message>System.InvalidOperationException : Cannot start process because a file name has not been provided.</Message>
          <StackTrace>   at System.Diagnostics.Process.Start()&#xD;
   at Azure.Functions.Cli.Common.Executable.RunAsync(Action`1 outputCallback, Action`1 errorCallback, Nullable`1 timeout, String stdIn) in D:\azureFun\azure-functions-core-tools\src\Azure.Functions.Cli\Common\Executable.cs:line 80&#xD;
   at Azure.Functions.Cli.Tests.E2E.Helpers.CliTester.InternalRun(String workingDir, RunConfiguration[] runConfigurations, ITestOutputHelper output, Boolean startHost) in d:\azureFun\azure-functions-core-tools\test\Azure.Functions.Cli.Tests\E2E\Helpers\CliTester.cs:line 85&#xD;
   at Azure.Functions.Cli.Tests.E2E.Helpers.CliTester.Run(RunConfiguration[] runConfigurations, ITestOutputHelper output, String workingDir, Boolean startHost) in d:\azureFun\azure-functions-core-tools\test\Azure.Functions.Cli.Tests\E2E\Helpers\CliTester.cs:line 35&#xD;
--- End of stack trace from previous location where exception was thrown ---</StackTrace>
        </ErrorInfo>
      </Output>
    </UnitTestResult>
    <UnitTestResult executionId="2329dc48-d7c3-4f11-a0c9-1a6f3cb89e5a" testId="30b4d0c9-fe72-ccd3-41b4-452db0ee6a68" testName="Azure.Functions.Cli.Tests.E2E.InitTests.init_function_app_powershell_supports_managed_dependencies" computerName="NASONI-Z422" duration="00:00:00.0040000" startTime="2019-11-20T16:49:56.1135462-08:00" endTime="2019-11-20T16:49:56.1135519-08:00" testType="13cdc9d9-ddb5-4fa4-a97d-d965ccfc6d4b" outcome="Failed" testListId="8c84fa94-04c1-424b-9868-57a2d4851a1d" relativeResultsDirectory="2329dc48-d7c3-4f11-a0c9-1a6f3cb89e5a">
      <Output>
        <StdOut>stdout: Running: &gt;  init . --worker-runtime powershell --managed-dependencies</StdOut>
        <ErrorInfo>
          <Message>System.InvalidOperationException : Cannot start process because a file name has not been provided.</Message>
          <StackTrace>   at System.Diagnostics.Process.Start()&#xD;
   at Azure.Functions.Cli.Common.Executable.RunAsync(Action`1 outputCallback, Action`1 errorCallback, Nullable`1 timeout, String stdIn) in D:\azureFun\azure-functions-core-tools\src\Azure.Functions.Cli\Common\Executable.cs:line 80&#xD;
   at Azure.Functions.Cli.Tests.E2E.Helpers.CliTester.InternalRun(String workingDir, RunConfiguration[] runConfigurations, ITestOutputHelper output, Boolean startHost) in d:\azureFun\azure-functions-core-tools\test\Azure.Functions.Cli.Tests\E2E\Helpers\CliTester.cs:line 85&#xD;
   at Azure.Functions.Cli.Tests.E2E.Helpers.CliTester.Run(RunConfiguration[] runConfigurations, ITestOutputHelper output, String workingDir, Boolean startHost) in d:\azureFun\azure-functions-core-tools\test\Azure.Functions.Cli.Tests\E2E\Helpers\CliTester.cs:line 35&#xD;
--- End of stack trace from previous location where exception was thrown ---</StackTrace>
        </ErrorInfo>
      </Output>
    </UnitTestResult>
    <UnitTestResult executionId="93a156d5-0144-4259-89fd-ccfcd506c5cb" testId="54335ae6-240d-50a8-0ad6-445a6942b2d8" testName="Azure.Functions.Cli.Tests.ActionsTests.ResolveActionTests.ResolveCommandLineCorrectly(args: &quot;azure subscriptions list&quot;, returnType: typeof(Azure.Functions.Cli.Actions.AzureActions.DeprecatedAzureActions))" computerName="NASONI-Z422" duration="00:00:00.3440000" startTime="2019-11-20T16:49:55.7609039-08:00" endTime="2019-11-20T16:49:55.7609108-08:00" testType="13cdc9d9-ddb5-4fa4-a97d-d965ccfc6d4b" outcome="Passed" testListId="8c84fa94-04c1-424b-9868-57a2d4851a1d" relativeResultsDirectory="93a156d5-0144-4259-89fd-ccfcd506c5cb" />
    <UnitTestResult executionId="af8e5175-f6ef-4d45-a984-b45e0e694a47" testId="e85947ae-606d-a182-c346-4b538925928d" testName="Azure.Functions.Cli.Tests.ExtensionsTests.GenericExtensionsTests.MergeWithTest" computerName="NASONI-Z422" duration="00:00:00.0110000" startTime="2019-11-20T16:49:56.1758849-08:00" endTime="2019-11-20T16:49:56.1758916-08:00" testType="13cdc9d9-ddb5-4fa4-a97d-d965ccfc6d4b" outcome="Passed" testListId="8c84fa94-04c1-424b-9868-57a2d4851a1d" relativeResultsDirectory="af8e5175-f6ef-4d45-a984-b45e0e694a47" />
    <UnitTestResult executionId="02fafcba-63dd-4e9b-a4d7-7735587a396f" testId="559d4974-8bb6-79f3-b951-eb7c787ce1a9" testName="Azure.Functions.Cli.Tests.ActionsTests.ResolveActionTests.ResolveCommandLineCorrectly(args: &quot;durable terminate --id ab1b5de4c5a9450eafa5a4cf249&quot;..., returnType: typeof(Azure.Functions.Cli.Actions.DurableActions.DurableTerminate))" computerName="NASONI-Z422" duration="00:00:00.0020000" startTime="2019-11-20T16:49:55.9374742-08:00" endTime="2019-11-20T16:49:55.9374772-08:00" testType="13cdc9d9-ddb5-4fa4-a97d-d965ccfc6d4b" outcome="Passed" testListId="8c84fa94-04c1-424b-9868-57a2d4851a1d" relativeResultsDirectory="02fafcba-63dd-4e9b-a4d7-7735587a396f" />
    <UnitTestResult executionId="a616acf6-01a5-4689-8613-32d8d5ec0f1e" testId="a105b8a7-3d94-be93-e9c3-561cbf250f62" testName="Azure.Functions.Cli.Tests.E2E.InitTests.init_with_no_source_control" computerName="NASONI-Z422" duration="00:00:00.0030000" startTime="2019-11-20T16:49:56.0570915-08:00" endTime="2019-11-20T16:49:56.0570950-08:00" testType="13cdc9d9-ddb5-4fa4-a97d-d965ccfc6d4b" outcome="Failed" testListId="8c84fa94-04c1-424b-9868-57a2d4851a1d" relativeResultsDirectory="a616acf6-01a5-4689-8613-32d8d5ec0f1e">
      <Output>
        <StdOut>stdout: Running: &gt;  init . --worker-runtime node</StdOut>
        <ErrorInfo>
          <Message>System.InvalidOperationException : Cannot start process because a file name has not been provided.</Message>
          <StackTrace>   at System.Diagnostics.Process.Start()&#xD;
   at Azure.Functions.Cli.Common.Executable.RunAsync(Action`1 outputCallback, Action`1 errorCallback, Nullable`1 timeout, String stdIn) in D:\azureFun\azure-functions-core-tools\src\Azure.Functions.Cli\Common\Executable.cs:line 80&#xD;
   at Azure.Functions.Cli.Tests.E2E.Helpers.CliTester.InternalRun(String workingDir, RunConfiguration[] runConfigurations, ITestOutputHelper output, Boolean startHost) in d:\azureFun\azure-functions-core-tools\test\Azure.Functions.Cli.Tests\E2E\Helpers\CliTester.cs:line 85&#xD;
   at Azure.Functions.Cli.Tests.E2E.Helpers.CliTester.Run(RunConfiguration[] runConfigurations, ITestOutputHelper output, String workingDir, Boolean startHost) in d:\azureFun\azure-functions-core-tools\test\Azure.Functions.Cli.Tests\E2E\Helpers\CliTester.cs:line 35&#xD;
--- End of stack trace from previous location where exception was thrown ---</StackTrace>
        </ErrorInfo>
      </Output>
    </UnitTestResult>
    <UnitTestResult executionId="3fa8785b-bd7e-4042-a028-820f15e12c94" testId="5a0907e1-44cd-b1c2-b6e9-e611e9df4e2f" testName="Azure.Functions.Cli.Tests.ActionsTests.ResolveActionTests.ResolveCommandLineCorrectly(args: &quot;host start&quot;, returnType: typeof(Azure.Functions.Cli.Actions.HostActions.StartHostAction))" computerName="NASONI-Z422" duration="00:00:00.0070000" startTime="2019-11-20T16:49:56.0099156-08:00" endTime="2019-11-20T16:49:56.0099182-08:00" testType="13cdc9d9-ddb5-4fa4-a97d-d965ccfc6d4b" outcome="Passed" testListId="8c84fa94-04c1-424b-9868-57a2d4851a1d" relativeResultsDirectory="3fa8785b-bd7e-4042-a028-820f15e12c94" />
    <UnitTestResult executionId="9be3682b-8473-4b84-8660-dca1940b629e" testId="11005bc6-8362-3874-994e-dcc2ca997623" testName="Azure.Functions.Cli.Tests.ActionsTests.ResolveActionTests.ResolveCommandLineCorrectly(args: &quot;durable delete-task-hub --connection-string-settin&quot;..., returnType: typeof(Azure.Functions.Cli.Actions.DurableActions.DurableDeleteTaskHub))" computerName="NASONI-Z422" duration="00:00:00.0020000" startTime="2019-11-20T16:49:56.0175480-08:00" endTime="2019-11-20T16:49:56.0175506-08:00" testType="13cdc9d9-ddb5-4fa4-a97d-d965ccfc6d4b" outcome="Passed" testListId="8c84fa94-04c1-424b-9868-57a2d4851a1d" relativeResultsDirectory="9be3682b-8473-4b84-8660-dca1940b629e" />
    <UnitTestResult executionId="5652d518-2218-467d-b833-39e6ee2ea7c3" testId="e542b29f-26d5-de41-c655-0b8a6a89cc04" testName="Azure.Functions.Cli.Tests.ExtensionsTests.StringExtensionsTests.TestSanitizeImageNameWithBadInputValueThrowArgumentException(input: &quot;&quot;)" computerName="NASONI-Z422" duration="00:00:00.0100000" startTime="2019-11-20T16:49:55.0154162-08:00" endTime="2019-11-20T16:49:55.0154272-08:00" testType="13cdc9d9-ddb5-4fa4-a97d-d965ccfc6d4b" outcome="Passed" testListId="8c84fa94-04c1-424b-9868-57a2d4851a1d" relativeResultsDirectory="5652d518-2218-467d-b833-39e6ee2ea7c3" />
    <UnitTestResult executionId="96bb524c-56ea-464e-acb2-43ee32e2dda2" testId="960dacc8-28ff-c3ef-de0d-8f335862fba1" testName="Azure.Functions.Cli.Tests.E2E.CreateFunctionTests.create_template_function_js_no_space_name" computerName="NASONI-Z422" duration="00:00:00.0030000" startTime="2019-11-20T16:49:58.7801633-08:00" endTime="2019-11-20T16:49:58.7801691-08:00" testType="13cdc9d9-ddb5-4fa4-a97d-d965ccfc6d4b" outcome="Failed" testListId="8c84fa94-04c1-424b-9868-57a2d4851a1d" relativeResultsDirectory="96bb524c-56ea-464e-acb2-43ee32e2dda2">
      <Output>
        <StdOut>stdout: Running: &gt;  init . --worker-runtime node</StdOut>
        <ErrorInfo>
          <Message>System.InvalidOperationException : Cannot start process because a file name has not been provided.</Message>
          <StackTrace>   at System.Diagnostics.Process.Start()&#xD;
   at Azure.Functions.Cli.Common.Executable.RunAsync(Action`1 outputCallback, Action`1 errorCallback, Nullable`1 timeout, String stdIn) in D:\azureFun\azure-functions-core-tools\src\Azure.Functions.Cli\Common\Executable.cs:line 80&#xD;
   at Azure.Functions.Cli.Tests.E2E.Helpers.CliTester.InternalRun(String workingDir, RunConfiguration[] runConfigurations, ITestOutputHelper output, Boolean startHost) in d:\azureFun\azure-functions-core-tools\test\Azure.Functions.Cli.Tests\E2E\Helpers\CliTester.cs:line 85&#xD;
   at Azure.Functions.Cli.Tests.E2E.Helpers.CliTester.Run(RunConfiguration[] runConfigurations, ITestOutputHelper output, String workingDir, Boolean startHost) in d:\azureFun\azure-functions-core-tools\test\Azure.Functions.Cli.Tests\E2E\Helpers\CliTester.cs:line 35&#xD;
   at Azure.Functions.Cli.Tests.E2E.CreateFunctionTests.create_template_function_js_no_space_name() in d:\azureFun\azure-functions-core-tools\test\Azure.Functions.Cli.Tests\E2E\CreateFunctionTests.cs:line 77&#xD;
--- End of stack trace from previous location where exception was thrown ---</StackTrace>
        </ErrorInfo>
      </Output>
    </UnitTestResult>
    <UnitTestResult executionId="d35df821-7c23-430d-b561-9564303aa52b" testId="ce1bf570-d638-65cf-e454-24922ad5d615" testName="Azure.Functions.Cli.Tests.ActionsTests.ResolveActionTests.ResolveCommandLineCorrectly(args: &quot;azure functionapp enable-git-repo appName&quot;, returnType: typeof(Azure.Functions.Cli.Actions.AzureActions.DeprecatedAzureActions))" computerName="NASONI-Z422" duration="00:00:00.0010000" startTime="2019-11-20T16:49:55.9352415-08:00" endTime="2019-11-20T16:49:55.9352452-08:00" testType="13cdc9d9-ddb5-4fa4-a97d-d965ccfc6d4b" outcome="Passed" testListId="8c84fa94-04c1-424b-9868-57a2d4851a1d" relativeResultsDirectory="d35df821-7c23-430d-b561-9564303aa52b" />
    <UnitTestResult executionId="e8e375f7-cef1-49eb-8834-639c99f84316" testId="b35b8e5a-1843-c42b-1874-f4424f2bb10b" testName="Azure.Functions.Cli.Tests.ActionsTests.ResolveActionTests.ResolveCommandLineCorrectly(args: &quot;function new&quot;, returnType: typeof(Azure.Functions.Cli.Actions.LocalActions.CreateFunctionAction))" computerName="NASONI-Z422" duration="00:00:00.0010000" startTime="2019-11-20T16:49:56.0137863-08:00" endTime="2019-11-20T16:49:56.0137888-08:00" testType="13cdc9d9-ddb5-4fa4-a97d-d965ccfc6d4b" outcome="Passed" testListId="8c84fa94-04c1-424b-9868-57a2d4851a1d" relativeResultsDirectory="e8e375f7-cef1-49eb-8834-639c99f84316" />
    <UnitTestResult executionId="e68bb220-028a-4ad4-a519-3ad185c53d0c" testId="9bbeac1c-700a-59f3-e77e-496e9e6ff3c1" testName="Azure.Functions.Cli.Tests.E2E.SettingsTests.add_setting_encrypted" computerName="NASONI-Z422" duration="00:00:00.0040000" startTime="2019-11-20T16:49:56.1610360-08:00" endTime="2019-11-20T16:49:56.1610422-08:00" testType="13cdc9d9-ddb5-4fa4-a97d-d965ccfc6d4b" outcome="Failed" testListId="8c84fa94-04c1-424b-9868-57a2d4851a1d" relativeResultsDirectory="e68bb220-028a-4ad4-a519-3ad185c53d0c">
      <Output>
        <StdOut>stdout: Running: &gt;  init . --worker-runtime node</StdOut>
        <ErrorInfo>
          <Message>System.InvalidOperationException : Cannot start process because a file name has not been provided.</Message>
          <StackTrace>   at System.Diagnostics.Process.Start()&#xD;
   at Azure.Functions.Cli.Common.Executable.RunAsync(Action`1 outputCallback, Action`1 errorCallback, Nullable`1 timeout, String stdIn) in D:\azureFun\azure-functions-core-tools\src\Azure.Functions.Cli\Common\Executable.cs:line 80&#xD;
   at Azure.Functions.Cli.Tests.E2E.Helpers.CliTester.InternalRun(String workingDir, RunConfiguration[] runConfigurations, ITestOutputHelper output, Boolean startHost) in d:\azureFun\azure-functions-core-tools\test\Azure.Functions.Cli.Tests\E2E\Helpers\CliTester.cs:line 85&#xD;
   at Azure.Functions.Cli.Tests.E2E.Helpers.CliTester.Run(RunConfiguration[] runConfigurations, ITestOutputHelper output, String workingDir, Boolean startHost) in d:\azureFun\azure-functions-core-tools\test\Azure.Functions.Cli.Tests\E2E\Helpers\CliTester.cs:line 35&#xD;
   at Azure.Functions.Cli.Tests.E2E.SettingsTests.add_setting_encrypted() in d:\azureFun\azure-functions-core-tools\test\Azure.Functions.Cli.Tests\E2E\SettingsTests.cs:line 42&#xD;
--- End of stack trace from previous location where exception was thrown ---</StackTrace>
        </ErrorInfo>
      </Output>
    </UnitTestResult>
    <UnitTestResult executionId="a9cea5f2-dd50-4568-a81c-d135edd2bb88" testId="c226dbe1-d186-ab67-74ad-e414345f8981" testName="Azure.Functions.Cli.Tests.ExtensionsTests.StringExtensionsTests.TestSanitizeImageNameWithBadInputValueThrowArgumentException(input: null)" computerName="NASONI-Z422" duration="00:00:00.0010000" startTime="2019-11-20T16:49:55.0246508-08:00" endTime="2019-11-20T16:49:55.0246518-08:00" testType="13cdc9d9-ddb5-4fa4-a97d-d965ccfc6d4b" outcome="Passed" testListId="8c84fa94-04c1-424b-9868-57a2d4851a1d" relativeResultsDirectory="a9cea5f2-dd50-4568-a81c-d135edd2bb88" />
    <UnitTestResult executionId="5dfcfe08-00d6-4811-be86-fcffbb74954b" testId="6a345911-baa6-bb56-bc12-24864aefd6f7" testName="Azure.Functions.Cli.Tests.KubernetesHelperUnitTests.PopulateMetadataDictionary_CorrectlyPopulatesRabbitMQMetadata" computerName="NASONI-Z422" duration="00:00:00.0160000" startTime="2019-11-20T16:49:56.1557520-08:00" endTime="2019-11-20T16:49:56.1557591-08:00" testType="13cdc9d9-ddb5-4fa4-a97d-d965ccfc6d4b" outcome="Passed" testListId="8c84fa94-04c1-424b-9868-57a2d4851a1d" relativeResultsDirectory="5dfcfe08-00d6-4811-be86-fcffbb74954b" />
    <UnitTestResult executionId="a6e2f78e-b501-4ac5-8286-4fb85d4011a2" testId="09a24798-7d10-8250-f686-8d60e9ff7701" testName="Azure.Functions.Cli.Tests.ActionsTests.ResolveActionTests.ResolveCommandLineCorrectly(args: &quot;function create&quot;, returnType: typeof(Azure.Functions.Cli.Actions.LocalActions.CreateFunctionAction))" computerName="NASONI-Z422" duration="00:00:00.0020000" startTime="2019-11-20T16:49:55.8528082-08:00" endTime="2019-11-20T16:49:55.8528107-08:00" testType="13cdc9d9-ddb5-4fa4-a97d-d965ccfc6d4b" outcome="Passed" testListId="8c84fa94-04c1-424b-9868-57a2d4851a1d" relativeResultsDirectory="a6e2f78e-b501-4ac5-8286-4fb85d4011a2" />
    <UnitTestResult executionId="023cba1f-6a12-44a7-9168-a81f188bd98b" testId="d29c38c5-cda9-71df-9512-4f03f668c2b1" testName="Azure.Functions.Cli.Tests.E2E.SettingsTests.add_setting_plain_text" computerName="NASONI-Z422" duration="00:00:00.0030000" startTime="2019-11-20T16:49:56.1649279-08:00" endTime="2019-11-20T16:49:56.1649339-08:00" testType="13cdc9d9-ddb5-4fa4-a97d-d965ccfc6d4b" outcome="Failed" testListId="8c84fa94-04c1-424b-9868-57a2d4851a1d" relativeResultsDirectory="023cba1f-6a12-44a7-9168-a81f188bd98b">
      <Output>
        <StdOut>stdout: Running: &gt;  init . --worker-runtime node</StdOut>
        <ErrorInfo>
          <Message>System.InvalidOperationException : Cannot start process because a file name has not been provided.</Message>
          <StackTrace>   at System.Diagnostics.Process.Start()&#xD;
   at Azure.Functions.Cli.Common.Executable.RunAsync(Action`1 outputCallback, Action`1 errorCallback, Nullable`1 timeout, String stdIn) in D:\azureFun\azure-functions-core-tools\src\Azure.Functions.Cli\Common\Executable.cs:line 80&#xD;
   at Azure.Functions.Cli.Tests.E2E.Helpers.CliTester.InternalRun(String workingDir, RunConfiguration[] runConfigurations, ITestOutputHelper output, Boolean startHost) in d:\azureFun\azure-functions-core-tools\test\Azure.Functions.Cli.Tests\E2E\Helpers\CliTester.cs:line 85&#xD;
   at Azure.Functions.Cli.Tests.E2E.Helpers.CliTester.Run(RunConfiguration[] runConfigurations, ITestOutputHelper output, String workingDir, Boolean startHost) in d:\azureFun\azure-functions-core-tools\test\Azure.Functions.Cli.Tests\E2E\Helpers\CliTester.cs:line 35&#xD;
   at Azure.Functions.Cli.Tests.E2E.SettingsTests.add_setting_plain_text() in d:\azureFun\azure-functions-core-tools\test\Azure.Functions.Cli.Tests\E2E\SettingsTests.cs:line 17&#xD;
--- End of stack trace from previous location where exception was thrown ---</StackTrace>
        </ErrorInfo>
      </Output>
    </UnitTestResult>
    <UnitTestResult executionId="2bcefdc9-80bb-499a-bc5d-4a96e3b7487d" testId="e38355ca-51da-6c05-323b-fb02d0d6ded6" testName="Azure.Functions.Cli.Tests.E2E.InitTests.init_app_with_spaces" computerName="NASONI-Z422" duration="00:00:00.0020000" startTime="2019-11-20T16:49:56.0597016-08:00" endTime="2019-11-20T16:49:56.0597049-08:00" testType="13cdc9d9-ddb5-4fa4-a97d-d965ccfc6d4b" outcome="Failed" testListId="8c84fa94-04c1-424b-9868-57a2d4851a1d" relativeResultsDirectory="2bcefdc9-80bb-499a-bc5d-4a96e3b7487d">
      <Output>
        <ErrorInfo>
          <Message>System.InvalidOperationException : Cannot start process because a file name has not been provided.</Message>
          <StackTrace>   at System.Diagnostics.Process.Start()&#xD;
   at Azure.Functions.Cli.Common.Executable.RunAsync(Action`1 outputCallback, Action`1 errorCallback, Nullable`1 timeout, String stdIn) in D:\azureFun\azure-functions-core-tools\src\Azure.Functions.Cli\Common\Executable.cs:line 80&#xD;
   at Azure.Functions.Cli.Tests.E2E.Helpers.CliTester.InternalRun(String workingDir, RunConfiguration[] runConfigurations, ITestOutputHelper output, Boolean startHost) in d:\azureFun\azure-functions-core-tools\test\Azure.Functions.Cli.Tests\E2E\Helpers\CliTester.cs:line 85&#xD;
   at Azure.Functions.Cli.Tests.E2E.Helpers.CliTester.Run(RunConfiguration[] runConfigurations, ITestOutputHelper output, String workingDir, Boolean startHost) in d:\azureFun\azure-functions-core-tools\test\Azure.Functions.Cli.Tests\E2E\Helpers\CliTester.cs:line 35&#xD;
--- End of stack trace from previous location where exception was thrown ---</StackTrace>
        </ErrorInfo>
      </Output>
    </UnitTestResult>
    <UnitTestResult executionId="c689b197-63fb-4a13-a532-e7ee0b641ae0" testId="c1732864-2ff6-7242-778b-b3833fe8c752" testName="Azure.Functions.Cli.Tests.UriExtensionsTests.IsJsonTest(value: null, expected: False)" computerName="NASONI-Z422" duration="00:00:00.0010000" startTime="2019-11-20T16:49:56.2253474-08:00" endTime="2019-11-20T16:49:56.2253489-08:00" testType="13cdc9d9-ddb5-4fa4-a97d-d965ccfc6d4b" outcome="Passed" testListId="8c84fa94-04c1-424b-9868-57a2d4851a1d" relativeResultsDirectory="c689b197-63fb-4a13-a532-e7ee0b641ae0" />
    <UnitTestResult executionId="08cf79d2-96ec-4650-bef5-22ed34a11006" testId="6c3067fd-9bb8-1e0f-ecd6-371134f53472" testName="Azure.Functions.Cli.Tests.PythonHelperTests.WorkerInfoRuntimeShouldBePython" computerName="NASONI-Z422" duration="00:00:00.3250000" startTime="2019-11-20T16:49:55.3546217-08:00" endTime="2019-11-20T16:49:55.3546284-08:00" testType="13cdc9d9-ddb5-4fa4-a97d-d965ccfc6d4b" outcome="Passed" testListId="8c84fa94-04c1-424b-9868-57a2d4851a1d" relativeResultsDirectory="08cf79d2-96ec-4650-bef5-22ed34a11006" />
    <UnitTestResult executionId="87f07a0a-aac2-4af5-9e4e-37b4498dc029" testId="0b3dd3f8-b7f5-9046-8c8b-7e8ae6185a15" testName="Azure.Functions.Cli.Tests.GitIgnoreParserTests.DeniesShouldNotDenyTheGivenFilenames" computerName="NASONI-Z422" duration="00:00:00.0010000" startTime="2019-11-20T16:49:58.7246173-08:00" endTime="2019-11-20T16:49:58.7246198-08:00" testType="13cdc9d9-ddb5-4fa4-a97d-d965ccfc6d4b" outcome="Passed" testListId="8c84fa94-04c1-424b-9868-57a2d4851a1d" relativeResultsDirectory="87f07a0a-aac2-4af5-9e4e-37b4498dc029" />
    <UnitTestResult executionId="c7b85ed3-ce51-4273-adf6-ec66779ae63f" testId="0a5938eb-862d-0722-e438-585ebbece6a0" testName="Azure.Functions.Cli.Tests.E2E.StartTests.start_nodejs_with_inspect" computerName="NASONI-Z422" duration="00:00:00.0080000" startTime="2019-11-20T16:49:56.2046252-08:00" endTime="2019-11-20T16:49:56.2046349-08:00" testType="13cdc9d9-ddb5-4fa4-a97d-d965ccfc6d4b" outcome="Failed" testListId="8c84fa94-04c1-424b-9868-57a2d4851a1d" relativeResultsDirectory="c7b85ed3-ce51-4273-adf6-ec66779ae63f">
      <Output>
        <StdOut>stdout: Running: &gt;  init . --worker-runtime node</StdOut>
        <ErrorInfo>
          <Message>System.InvalidOperationException : Cannot start process because a file name has not been provided.</Message>
          <StackTrace>   at System.Diagnostics.Process.Start()&#xD;
   at Azure.Functions.Cli.Common.Executable.RunAsync(Action`1 outputCallback, Action`1 errorCallback, Nullable`1 timeout, String stdIn) in D:\azureFun\azure-functions-core-tools\src\Azure.Functions.Cli\Common\Executable.cs:line 80&#xD;
   at Azure.Functions.Cli.Tests.E2E.Helpers.CliTester.InternalRun(String workingDir, RunConfiguration[] runConfigurations, ITestOutputHelper output, Boolean startHost) in d:\azureFun\azure-functions-core-tools\test\Azure.Functions.Cli.Tests\E2E\Helpers\CliTester.cs:line 85&#xD;
   at Azure.Functions.Cli.Tests.E2E.Helpers.CliTester.Run(RunConfiguration[] runConfigurations, ITestOutputHelper output, String workingDir, Boolean startHost) in d:\azureFun\azure-functions-core-tools\test\Azure.Functions.Cli.Tests\E2E\Helpers\CliTester.cs:line 35&#xD;
   at Azure.Functions.Cli.Tests.E2E.StartTests.start_nodejs_with_inspect() in d:\azureFun\azure-functions-core-tools\test\Azure.Functions.Cli.Tests\E2E\StartTests.cs:line 56&#xD;
--- End of stack trace from previous location where exception was thrown ---</StackTrace>
        </ErrorInfo>
      </Output>
    </UnitTestResult>
    <UnitTestResult executionId="6378b066-e8ff-478c-b2fd-25e376505bdd" testId="1f139edb-3deb-53fc-282b-42dee878aa2d" testName="Azure.Functions.Cli.Tests.ActionsTests.ResolveActionTests.ResolveCommandLineCorrectly(args: &quot;azure login&quot;, returnType: typeof(Azure.Functions.Cli.Actions.AzureActions.DeprecatedAzureActions))" computerName="NASONI-Z422" duration="00:00:00.0010000" startTime="2019-11-20T16:49:55.8559090-08:00" endTime="2019-11-20T16:49:55.8559103-08:00" testType="13cdc9d9-ddb5-4fa4-a97d-d965ccfc6d4b" outcome="Passed" testListId="8c84fa94-04c1-424b-9868-57a2d4851a1d" relativeResultsDirectory="6378b066-e8ff-478c-b2fd-25e376505bdd" />
    <UnitTestResult executionId="2673fe03-8ac9-4350-9006-a2842701cf3c" testId="edbad474-5a85-0780-7ef4-8ccfb334ea3c" testName="Azure.Functions.Cli.Tests.E2E.InitTests.init_with_Dockerfile_for_csx" computerName="NASONI-Z422" duration="00:00:00.0030000" startTime="2019-11-20T16:49:56.1234011-08:00" endTime="2019-11-20T16:49:56.1234075-08:00" testType="13cdc9d9-ddb5-4fa4-a97d-d965ccfc6d4b" outcome="Failed" testListId="8c84fa94-04c1-424b-9868-57a2d4851a1d" relativeResultsDirectory="2673fe03-8ac9-4350-9006-a2842701cf3c">
      <Output>
        <StdOut>stdout: Running: &gt;  init . --worker-runtime dotnet --docker --csx</StdOut>
        <ErrorInfo>
          <Message>System.InvalidOperationException : Cannot start process because a file name has not been provided.</Message>
          <StackTrace>   at System.Diagnostics.Process.Start()&#xD;
   at Azure.Functions.Cli.Common.Executable.RunAsync(Action`1 outputCallback, Action`1 errorCallback, Nullable`1 timeout, String stdIn) in D:\azureFun\azure-functions-core-tools\src\Azure.Functions.Cli\Common\Executable.cs:line 80&#xD;
   at Azure.Functions.Cli.Tests.E2E.Helpers.CliTester.InternalRun(String workingDir, RunConfiguration[] runConfigurations, ITestOutputHelper output, Boolean startHost) in d:\azureFun\azure-functions-core-tools\test\Azure.Functions.Cli.Tests\E2E\Helpers\CliTester.cs:line 85&#xD;
   at Azure.Functions.Cli.Tests.E2E.Helpers.CliTester.Run(RunConfiguration[] runConfigurations, ITestOutputHelper output, String workingDir, Boolean startHost) in d:\azureFun\azure-functions-core-tools\test\Azure.Functions.Cli.Tests\E2E\Helpers\CliTester.cs:line 35&#xD;
--- End of stack trace from previous location where exception was thrown ---</StackTrace>
        </ErrorInfo>
      </Output>
    </UnitTestResult>
    <UnitTestResult executionId="3cfab1c9-90f2-4a18-92d4-9217dbcc856a" testId="4439d28f-70dc-fe99-d774-89dccfddc844" testName="Azure.Functions.Cli.Tests.ActionsTests.ResolveActionTests.ResolveCommandLineCorrectly(args: &quot;durable raise-event --id ab1b5de4c5a9450eafa5a4cf2&quot;..., returnType: typeof(Azure.Functions.Cli.Actions.DurableActions.DurableRaiseEvent))" computerName="NASONI-Z422" duration="00:00:00.0040000" startTime="2019-11-20T16:49:55.9101823-08:00" endTime="2019-11-20T16:49:55.9101861-08:00" testType="13cdc9d9-ddb5-4fa4-a97d-d965ccfc6d4b" outcome="Passed" testListId="8c84fa94-04c1-424b-9868-57a2d4851a1d" relativeResultsDirectory="3cfab1c9-90f2-4a18-92d4-9217dbcc856a" />
    <UnitTestResult executionId="95087821-32b6-4705-9713-b89a88025eb2" testId="cf282906-9063-86ff-c930-5ea8afcf5d9b" testName="Azure.Functions.Cli.Tests.E2E.CreateFunctionTests.create_template_function_using_alias" computerName="NASONI-Z422" duration="00:00:00.0030000" startTime="2019-11-20T16:49:58.7762533-08:00" endTime="2019-11-20T16:49:58.7762595-08:00" testType="13cdc9d9-ddb5-4fa4-a97d-d965ccfc6d4b" outcome="Failed" testListId="8c84fa94-04c1-424b-9868-57a2d4851a1d" relativeResultsDirectory="95087821-32b6-4705-9713-b89a88025eb2">
      <Output>
        <StdOut>stdout: Running: &gt;  init . --worker-runtime node</StdOut>
        <ErrorInfo>
          <Message>System.InvalidOperationException : Cannot start process because a file name has not been provided.</Message>
          <StackTrace>   at System.Diagnostics.Process.Start()&#xD;
   at Azure.Functions.Cli.Common.Executable.RunAsync(Action`1 outputCallback, Action`1 errorCallback, Nullable`1 timeout, String stdIn) in D:\azureFun\azure-functions-core-tools\src\Azure.Functions.Cli\Common\Executable.cs:line 80&#xD;
   at Azure.Functions.Cli.Tests.E2E.Helpers.CliTester.InternalRun(String workingDir, RunConfiguration[] runConfigurations, ITestOutputHelper output, Boolean startHost) in d:\azureFun\azure-functions-core-tools\test\Azure.Functions.Cli.Tests\E2E\Helpers\CliTester.cs:line 85&#xD;
   at Azure.Functions.Cli.Tests.E2E.Helpers.CliTester.Run(RunConfiguration[] runConfigurations, ITestOutputHelper output, String workingDir, Boolean startHost) in d:\azureFun\azure-functions-core-tools\test\Azure.Functions.Cli.Tests\E2E\Helpers\CliTester.cs:line 35&#xD;
   at Azure.Functions.Cli.Tests.E2E.CreateFunctionTests.create_template_function_using_alias() in d:\azureFun\azure-functions-core-tools\test\Azure.Functions.Cli.Tests\E2E\CreateFunctionTests.cs:line 60&#xD;
--- End of stack trace from previous location where exception was thrown ---</StackTrace>
        </ErrorInfo>
      </Output>
    </UnitTestResult>
    <UnitTestResult executionId="8f00e6cc-4016-4501-a671-43593c8c31f9" testId="f4da3906-151c-06c4-2cac-a0c074c038b4" testName="Azure.Functions.Cli.Tests.ActionsTests.ResolveActionTests.ResolveCommandLineCorrectly(args: &quot;azure logout&quot;, returnType: typeof(Azure.Functions.Cli.Actions.AzureActions.DeprecatedAzureActions))" computerName="NASONI-Z422" duration="00:00:00.0010000" startTime="2019-11-20T16:49:56.0147637-08:00" endTime="2019-11-20T16:49:56.0147662-08:00" testType="13cdc9d9-ddb5-4fa4-a97d-d965ccfc6d4b" outcome="Passed" testListId="8c84fa94-04c1-424b-9868-57a2d4851a1d" relativeResultsDirectory="8f00e6cc-4016-4501-a671-43593c8c31f9" />
    <UnitTestResult executionId="c950b289-6f41-41bb-a25b-976e1e007023" testId="9d8b1930-fa6e-f013-0673-eadb1590517a" testName="Azure.Functions.Cli.Tests.E2E.DurableTests.DurableStartNewTest_FileInput" computerName="NASONI-Z422" duration="00:00:00.0010000" startTime="2019-11-20T16:49:58.6277973-08:00" endTime="2019-11-20T16:49:58.6278005-08:00" testType="13cdc9d9-ddb5-4fa4-a97d-d965ccfc6d4b" outcome="NotExecuted" testListId="8c84fa94-04c1-424b-9868-57a2d4851a1d" relativeResultsDirectory="c950b289-6f41-41bb-a25b-976e1e007023">
      <Output>
        <StdOut>Durable E2E tests need a storage account connection</StdOut>
      </Output>
    </UnitTestResult>
    <UnitTestResult executionId="79055a87-4323-4420-aac1-b2cc395e7ac7" testId="58dd0057-84d2-2bc0-2c61-ba1b40563254" testName="Azure.Functions.Cli.Tests.ActionsTests.ResolveActionTests.ResolveCommandLineCorrectly(args: &quot;azure storage fetch-connection-string storageName&quot;, returnType: typeof(Azure.Functions.Cli.Actions.AzureActions.AddStorageAccountSettingAction))" computerName="NASONI-Z422" duration="00:00:00.0520000" startTime="2019-11-20T16:49:56.0011995-08:00" endTime="2019-11-20T16:49:56.0012064-08:00" testType="13cdc9d9-ddb5-4fa4-a97d-d965ccfc6d4b" outcome="Passed" testListId="8c84fa94-04c1-424b-9868-57a2d4851a1d" relativeResultsDirectory="79055a87-4323-4420-aac1-b2cc395e7ac7" />
    <UnitTestResult executionId="2613a534-aee7-471b-b74d-a8f0ebfd2c87" testId="fbcb31e4-45ed-0d03-0559-73dcb287008b" testName="Azure.Functions.Cli.Tests.GitIgnoreParserTests.DeniesShouldNotDenyNestedUnignoredFilesInIgnoredDirectories" computerName="NASONI-Z422" duration="00:00:00.0030000" startTime="2019-11-20T16:49:58.7283533-08:00" endTime="2019-11-20T16:49:58.7283563-08:00" testType="13cdc9d9-ddb5-4fa4-a97d-d965ccfc6d4b" outcome="Passed" testListId="8c84fa94-04c1-424b-9868-57a2d4851a1d" relativeResultsDirectory="2613a534-aee7-471b-b74d-a8f0ebfd2c87" />
    <UnitTestResult executionId="4faf4ae0-a65d-4788-a781-6be4a14c9788" testId="99cb63a8-7e08-ff45-2917-537ab2cd414e" testName="Azure.Functions.Cli.Tests.GitIgnoreParserTests.AcceptShouldAcceptTheGivenFilenames" computerName="NASONI-Z422" duration="00:00:00.0010000" startTime="2019-11-20T16:49:58.7240777-08:00" endTime="2019-11-20T16:49:58.7240802-08:00" testType="13cdc9d9-ddb5-4fa4-a97d-d965ccfc6d4b" outcome="Passed" testListId="8c84fa94-04c1-424b-9868-57a2d4851a1d" relativeResultsDirectory="4faf4ae0-a65d-4788-a781-6be4a14c9788" />
    <UnitTestResult executionId="b792afe9-7318-40e1-81b9-8ac20a73618e" testId="574b6f6d-989c-3073-4252-0f2938f02b70" testName="Azure.Functions.Cli.Tests.ActionsTests.ResolveActionTests.ResolveCommandLineCorrectly(args: &quot;azure set-publish-password userName&quot;, returnType: typeof(Azure.Functions.Cli.Actions.AzureActions.DeprecatedAzureActions))" computerName="NASONI-Z422" duration="00:00:00.0010000" startTime="2019-11-20T16:49:55.9066149-08:00" endTime="2019-11-20T16:49:55.9066179-08:00" testType="13cdc9d9-ddb5-4fa4-a97d-d965ccfc6d4b" outcome="Passed" testListId="8c84fa94-04c1-424b-9868-57a2d4851a1d" relativeResultsDirectory="b792afe9-7318-40e1-81b9-8ac20a73618e" />
    <UnitTestResult executionId="140e200b-598d-486c-b393-1076f613ef23" testId="f45bfa4a-0d9f-47fe-e10c-d3e4e94868ea" testName="Azure.Functions.Cli.Tests.E2E.DurableTests.DurableRewindTest" computerName="NASONI-Z422" duration="00:00:00.0010000" startTime="2019-11-20T16:49:58.6380960-08:00" endTime="2019-11-20T16:49:58.6380999-08:00" testType="13cdc9d9-ddb5-4fa4-a97d-d965ccfc6d4b" outcome="NotExecuted" testListId="8c84fa94-04c1-424b-9868-57a2d4851a1d" relativeResultsDirectory="140e200b-598d-486c-b393-1076f613ef23">
      <Output>
        <StdOut>Durable E2E tests need a storage account connection</StdOut>
      </Output>
    </UnitTestResult>
    <UnitTestResult executionId="4a6eab9f-607a-4e4f-96ce-3c7dd8f721e7" testId="93cf339f-1563-8cec-19f1-a415a1ca088a" testName="Azure.Functions.Cli.Tests.E2E.InitTests.init_ts_app_using_lang" computerName="NASONI-Z422" duration="00:00:00.0030000" startTime="2019-11-20T16:49:56.1093756-08:00" endTime="2019-11-20T16:49:56.1093815-08:00" testType="13cdc9d9-ddb5-4fa4-a97d-d965ccfc6d4b" outcome="Failed" testListId="8c84fa94-04c1-424b-9868-57a2d4851a1d" relativeResultsDirectory="4a6eab9f-607a-4e4f-96ce-3c7dd8f721e7">
      <Output>
        <StdOut>stdout: Running: &gt;  init . --worker-runtime node --language typescript</StdOut>
        <ErrorInfo>
          <Message>System.InvalidOperationException : Cannot start process because a file name has not been provided.</Message>
          <StackTrace>   at System.Diagnostics.Process.Start()&#xD;
   at Azure.Functions.Cli.Common.Executable.RunAsync(Action`1 outputCallback, Action`1 errorCallback, Nullable`1 timeout, String stdIn) in D:\azureFun\azure-functions-core-tools\src\Azure.Functions.Cli\Common\Executable.cs:line 80&#xD;
   at Azure.Functions.Cli.Tests.E2E.Helpers.CliTester.InternalRun(String workingDir, RunConfiguration[] runConfigurations, ITestOutputHelper output, Boolean startHost) in d:\azureFun\azure-functions-core-tools\test\Azure.Functions.Cli.Tests\E2E\Helpers\CliTester.cs:line 85&#xD;
   at Azure.Functions.Cli.Tests.E2E.Helpers.CliTester.Run(RunConfiguration[] runConfigurations, ITestOutputHelper output, String workingDir, Boolean startHost) in d:\azureFun\azure-functions-core-tools\test\Azure.Functions.Cli.Tests\E2E\Helpers\CliTester.cs:line 35&#xD;
--- End of stack trace from previous location where exception was thrown ---</StackTrace>
        </ErrorInfo>
      </Output>
    </UnitTestResult>
    <UnitTestResult executionId="4ca1ebb8-48e6-46aa-8295-2fe6115c857e" testId="64decc6b-b7fe-160f-2c00-b9a1ba342d5c" testName="Azure.Functions.Cli.Tests.ActionsTests.ResolveActionTests.ResolveCommandLineCorrectly(args: &quot;azure functionapp --help&quot;, returnType: typeof(Azure.Functions.Cli.Actions.HelpAction))" computerName="NASONI-Z422" duration="00:00:00.0010000" startTime="2019-11-20T16:49:55.9488306-08:00" endTime="2019-11-20T16:49:55.9488335-08:00" testType="13cdc9d9-ddb5-4fa4-a97d-d965ccfc6d4b" outcome="Passed" testListId="8c84fa94-04c1-424b-9868-57a2d4851a1d" relativeResultsDirectory="4ca1ebb8-48e6-46aa-8295-2fe6115c857e" />
    <UnitTestResult executionId="db6a31c0-f35e-4a1c-8da7-85de14607ac5" testId="cb297182-8b61-50c8-d2e2-3cfe085c978e" testName="Azure.Functions.Cli.Tests.GitIgnoreParserTests.DeniesShouldDenyTheGivenFilenames" computerName="NASONI-Z422" duration="00:00:00.0010000" startTime="2019-11-20T16:49:58.7289301-08:00" endTime="2019-11-20T16:49:58.7289323-08:00" testType="13cdc9d9-ddb5-4fa4-a97d-d965ccfc6d4b" outcome="Passed" testListId="8c84fa94-04c1-424b-9868-57a2d4851a1d" relativeResultsDirectory="db6a31c0-f35e-4a1c-8da7-85de14607ac5" />
    <UnitTestResult executionId="c54dea50-6ff3-4b4a-9f2d-0f024d198802" testId="251a8b14-d748-20b6-c258-9f54a47d59dd" testName="Azure.Functions.Cli.Tests.ExtensionsTests.StringExtensionsTests.TestSanitizeImageNameWithBadFormatSanitizeOutput(input: &quot;GetMessages&quot;, expected: &quot;getmessages&quot;)" computerName="NASONI-Z422" duration="00:00:00.0010000" startTime="2019-11-20T16:49:55.0249397-08:00" endTime="2019-11-20T16:49:55.0249403-08:00" testType="13cdc9d9-ddb5-4fa4-a97d-d965ccfc6d4b" outcome="Passed" testListId="8c84fa94-04c1-424b-9868-57a2d4851a1d" relativeResultsDirectory="c54dea50-6ff3-4b4a-9f2d-0f024d198802" />
    <UnitTestResult executionId="78f405cd-c638-448e-9016-698bfba3de85" testId="32fd11f1-90f8-e21b-1f8a-ed7125fc0efb" testName="Azure.Functions.Cli.Tests.E2E.InitTests.init_docker_only_for_existing_project(workerRuntime: &quot;node&quot;)" computerName="NASONI-Z422" duration="00:00:00.0030000" startTime="2019-11-20T16:49:56.0988645-08:00" endTime="2019-11-20T16:49:56.0988737-08:00" testType="13cdc9d9-ddb5-4fa4-a97d-d965ccfc6d4b" outcome="Failed" testListId="8c84fa94-04c1-424b-9868-57a2d4851a1d" relativeResultsDirectory="78f405cd-c638-448e-9016-698bfba3de85">
      <Output>
        <StdOut>stdout: Running: &gt;  init . --worker-runtime node</StdOut>
        <ErrorInfo>
          <Message>System.InvalidOperationException : Cannot start process because a file name has not been provided.</Message>
          <StackTrace>   at System.Diagnostics.Process.Start()&#xD;
   at Azure.Functions.Cli.Common.Executable.RunAsync(Action`1 outputCallback, Action`1 errorCallback, Nullable`1 timeout, String stdIn) in D:\azureFun\azure-functions-core-tools\src\Azure.Functions.Cli\Common\Executable.cs:line 80&#xD;
   at Azure.Functions.Cli.Tests.E2E.Helpers.CliTester.InternalRun(String workingDir, RunConfiguration[] runConfigurations, ITestOutputHelper output, Boolean startHost) in d:\azureFun\azure-functions-core-tools\test\Azure.Functions.Cli.Tests\E2E\Helpers\CliTester.cs:line 85&#xD;
   at Azure.Functions.Cli.Tests.E2E.Helpers.CliTester.Run(RunConfiguration[] runConfigurations, ITestOutputHelper output, String workingDir, Boolean startHost) in d:\azureFun\azure-functions-core-tools\test\Azure.Functions.Cli.Tests\E2E\Helpers\CliTester.cs:line 35&#xD;
--- End of stack trace from previous location where exception was thrown ---</StackTrace>
        </ErrorInfo>
      </Output>
    </UnitTestResult>
    <UnitTestResult executionId="bcc3f616-7d88-48c7-b621-2d1a62cd5ae2" testId="64553088-4447-d029-5ddd-71bd5cd0aa46" testName="Azure.Functions.Cli.Helpers.Tests.AzureHelperTests.GetFunctionKeyTest(key: &quot;default&quot;, value: &quot;default-value&quot;)" computerName="NASONI-Z422" duration="00:00:00.0730000" startTime="2019-11-20T16:49:58.7139310-08:00" endTime="2019-11-20T16:49:58.7139378-08:00" testType="13cdc9d9-ddb5-4fa4-a97d-d965ccfc6d4b" outcome="Passed" testListId="8c84fa94-04c1-424b-9868-57a2d4851a1d" relativeResultsDirectory="bcc3f616-7d88-48c7-b621-2d1a62cd5ae2" />
    <UnitTestResult executionId="5d41866f-2e34-4a5e-be11-c4c6ecf7895f" testId="0f458aa1-b2a7-ec6b-ca73-2245e2295c8d" testName="Azure.Functions.Cli.Tests.ActionsTests.ResolveActionTests.ResolveCommandLineCorrectly(args: &quot;-v&quot;, returnType: null)" computerName="NASONI-Z422" duration="00:00:00.0010000" startTime="2019-11-20T16:49:55.9394104-08:00" endTime="2019-11-20T16:49:55.9394133-08:00" testType="13cdc9d9-ddb5-4fa4-a97d-d965ccfc6d4b" outcome="Passed" testListId="8c84fa94-04c1-424b-9868-57a2d4851a1d" relativeResultsDirectory="5d41866f-2e34-4a5e-be11-c4c6ecf7895f" />
    <UnitTestResult executionId="338948ce-789f-419c-bd70-4ebb45695ba1" testId="a2d484e5-4918-7da9-1f89-adae87529a89" testName="Azure.Functions.Cli.Tests.ExtensionsTests.InstallExtensionsTests.try_install_with_a_valid_trigger" computerName="NASONI-Z422" duration="00:00:00.0050000" startTime="2019-11-20T16:49:59.3004557-08:00" endTime="2019-11-20T16:49:59.3004619-08:00" testType="13cdc9d9-ddb5-4fa4-a97d-d965ccfc6d4b" outcome="Failed" testListId="8c84fa94-04c1-424b-9868-57a2d4851a1d" relativeResultsDirectory="338948ce-789f-419c-bd70-4ebb45695ba1">
      <Output>
        <StdOut>Creating host json without bundles C:\Users\nasoni\AppData\Local\Temp\y122ofdv.kub\host.json&#xD;
stdout: Running: &gt;  init . --worker-runtime node</StdOut>
        <ErrorInfo>
          <Message>System.InvalidOperationException : Cannot start process because a file name has not been provided.</Message>
          <StackTrace>   at System.Diagnostics.Process.Start()&#xD;
   at Azure.Functions.Cli.Common.Executable.RunAsync(Action`1 outputCallback, Action`1 errorCallback, Nullable`1 timeout, String stdIn) in D:\azureFun\azure-functions-core-tools\src\Azure.Functions.Cli\Common\Executable.cs:line 80&#xD;
   at Azure.Functions.Cli.Tests.E2E.Helpers.CliTester.InternalRun(String workingDir, RunConfiguration[] runConfigurations, ITestOutputHelper output, Boolean startHost) in d:\azureFun\azure-functions-core-tools\test\Azure.Functions.Cli.Tests\E2E\Helpers\CliTester.cs:line 85&#xD;
   at Azure.Functions.Cli.Tests.E2E.Helpers.CliTester.Run(RunConfiguration[] runConfigurations, ITestOutputHelper output, String workingDir, Boolean startHost) in d:\azureFun\azure-functions-core-tools\test\Azure.Functions.Cli.Tests\E2E\Helpers\CliTester.cs:line 35&#xD;
--- End of stack trace from previous location where exception was thrown ---</StackTrace>
        </ErrorInfo>
      </Output>
    </UnitTestResult>
    <UnitTestResult executionId="78a96aeb-bf85-4a15-9fdc-b4a6550fec1d" testId="466aaf20-b831-75c4-9896-16bee603351c" testName="Azure.Functions.Cli.Tests.E2E.CreateFunctionTests.create_template_function_dotnet_space_name" computerName="NASONI-Z422" duration="00:00:00.0030000" startTime="2019-11-20T16:49:58.7682285-08:00" endTime="2019-11-20T16:49:58.7682335-08:00" testType="13cdc9d9-ddb5-4fa4-a97d-d965ccfc6d4b" outcome="Failed" testListId="8c84fa94-04c1-424b-9868-57a2d4851a1d" relativeResultsDirectory="78a96aeb-bf85-4a15-9fdc-b4a6550fec1d">
      <Output>
        <StdOut>stdout: Running: &gt;  init . --worker-runtime dotnet</StdOut>
        <ErrorInfo>
          <Message>System.InvalidOperationException : Cannot start process because a file name has not been provided.</Message>
          <StackTrace>   at System.Diagnostics.Process.Start()&#xD;
   at Azure.Functions.Cli.Common.Executable.RunAsync(Action`1 outputCallback, Action`1 errorCallback, Nullable`1 timeout, String stdIn) in D:\azureFun\azure-functions-core-tools\src\Azure.Functions.Cli\Common\Executable.cs:line 80&#xD;
   at Azure.Functions.Cli.Tests.E2E.Helpers.CliTester.InternalRun(String workingDir, RunConfiguration[] runConfigurations, ITestOutputHelper output, Boolean startHost) in d:\azureFun\azure-functions-core-tools\test\Azure.Functions.Cli.Tests\E2E\Helpers\CliTester.cs:line 85&#xD;
   at Azure.Functions.Cli.Tests.E2E.Helpers.CliTester.Run(RunConfiguration[] runConfigurations, ITestOutputHelper output, String workingDir, Boolean startHost) in d:\azureFun\azure-functions-core-tools\test\Azure.Functions.Cli.Tests\E2E\Helpers\CliTester.cs:line 35&#xD;
   at Azure.Functions.Cli.Tests.E2E.CreateFunctionTests.create_template_function_dotnet_space_name() in d:\azureFun\azure-functions-core-tools\test\Azure.Functions.Cli.Tests\E2E\CreateFunctionTests.cs:line 94&#xD;
--- End of stack trace from previous location where exception was thrown ---</StackTrace>
        </ErrorInfo>
      </Output>
    </UnitTestResult>
    <UnitTestResult executionId="52242dbc-f000-43f1-9029-3fcee28c3e65" testId="b19ee685-964c-10d4-832c-25b1de9041e5" testName="Azure.Functions.Cli.Tests.E2E.InitTests.init_managed_dependencies_is_only_supported_in_powershell" computerName="NASONI-Z422" duration="00:00:00.0030000" startTime="2019-11-20T16:49:56.1267129-08:00" endTime="2019-11-20T16:49:56.1267193-08:00" testType="13cdc9d9-ddb5-4fa4-a97d-d965ccfc6d4b" outcome="Failed" testListId="8c84fa94-04c1-424b-9868-57a2d4851a1d" relativeResultsDirectory="52242dbc-f000-43f1-9029-3fcee28c3e65">
      <Output>
        <StdOut>stdout: Running: &gt;  init . --worker-runtime python --managed-dependencies</StdOut>
        <ErrorInfo>
          <Message>System.InvalidOperationException : Cannot start process because a file name has not been provided.</Message>
          <StackTrace>   at System.Diagnostics.Process.Start()&#xD;
   at Azure.Functions.Cli.Common.Executable.RunAsync(Action`1 outputCallback, Action`1 errorCallback, Nullable`1 timeout, String stdIn) in D:\azureFun\azure-functions-core-tools\src\Azure.Functions.Cli\Common\Executable.cs:line 80&#xD;
   at Azure.Functions.Cli.Tests.E2E.Helpers.CliTester.InternalRun(String workingDir, RunConfiguration[] runConfigurations, ITestOutputHelper output, Boolean startHost) in d:\azureFun\azure-functions-core-tools\test\Azure.Functions.Cli.Tests\E2E\Helpers\CliTester.cs:line 85&#xD;
   at Azure.Functions.Cli.Tests.E2E.Helpers.CliTester.Run(RunConfiguration[] runConfigurations, ITestOutputHelper output, String workingDir, Boolean startHost) in d:\azureFun\azure-functions-core-tools\test\Azure.Functions.Cli.Tests\E2E\Helpers\CliTester.cs:line 35&#xD;
--- End of stack trace from previous location where exception was thrown ---</StackTrace>
        </ErrorInfo>
      </Output>
    </UnitTestResult>
    <UnitTestResult executionId="2bf9adc5-9bf3-46c6-bc03-f77ee9004c05" testId="9f3a2bf4-d34a-7d0f-b6e4-9ff26c380ab7" testName="Azure.Functions.Cli.Tests.UriExtensionsTests.IsServerRunningPositiveTest" computerName="NASONI-Z422" duration="00:00:02.3890000" startTime="2019-11-20T16:49:58.6193145-08:00" endTime="2019-11-20T16:49:58.6193208-08:00" testType="13cdc9d9-ddb5-4fa4-a97d-d965ccfc6d4b" outcome="Passed" testListId="8c84fa94-04c1-424b-9868-57a2d4851a1d" relativeResultsDirectory="2bf9adc5-9bf3-46c6-bc03-f77ee9004c05" />
    <UnitTestResult executionId="a28a9b64-078d-47a8-92a4-ccb299e4a564" testId="8ec96d3e-65eb-c14e-7b76-f3ef6618f355" testName="Azure.Functions.Cli.Tests.E2E.StartTests.start_displays_error_on_invalid_function_json" computerName="NASONI-Z422" duration="00:00:00.0040000" startTime="2019-11-20T16:49:56.1918595-08:00" endTime="2019-11-20T16:49:56.1918660-08:00" testType="13cdc9d9-ddb5-4fa4-a97d-d965ccfc6d4b" outcome="Failed" testListId="8c84fa94-04c1-424b-9868-57a2d4851a1d" relativeResultsDirectory="a28a9b64-078d-47a8-92a4-ccb299e4a564">
      <Output>
        <StdOut>stdout: Running: &gt;  init . --worker-runtime node</StdOut>
        <ErrorInfo>
          <Message>System.InvalidOperationException : Cannot start process because a file name has not been provided.</Message>
          <StackTrace>   at System.Diagnostics.Process.Start()&#xD;
   at Azure.Functions.Cli.Common.Executable.RunAsync(Action`1 outputCallback, Action`1 errorCallback, Nullable`1 timeout, String stdIn) in D:\azureFun\azure-functions-core-tools\src\Azure.Functions.Cli\Common\Executable.cs:line 80&#xD;
   at Azure.Functions.Cli.Tests.E2E.Helpers.CliTester.InternalRun(String workingDir, RunConfiguration[] runConfigurations, ITestOutputHelper output, Boolean startHost) in d:\azureFun\azure-functions-core-tools\test\Azure.Functions.Cli.Tests\E2E\Helpers\CliTester.cs:line 85&#xD;
   at Azure.Functions.Cli.Tests.E2E.Helpers.CliTester.Run(RunConfiguration[] runConfigurations, ITestOutputHelper output, String workingDir, Boolean startHost) in d:\azureFun\azure-functions-core-tools\test\Azure.Functions.Cli.Tests\E2E\Helpers\CliTester.cs:line 35&#xD;
   at Azure.Functions.Cli.Tests.E2E.StartTests.start_displays_error_on_invalid_function_json() in d:\azureFun\azure-functions-core-tools\test\Azure.Functions.Cli.Tests\E2E\StartTests.cs:line 110&#xD;
--- End of stack trace from previous location where exception was thrown ---</StackTrace>
        </ErrorInfo>
      </Output>
    </UnitTestResult>
    <UnitTestResult executionId="9b44054a-890c-49ca-9d51-4b08174a4fa3" testId="b1a2a948-2250-d694-4142-c54c04de5db6" testName="Azure.Functions.Cli.Tests.ActionsTests.ResolveActionTests.ResolveCommandLineCorrectly(args: &quot;settings encrypt&quot;, returnType: typeof(Azure.Functions.Cli.Actions.LocalActions.EncryptSettingsAction))" computerName="NASONI-Z422" duration="00:00:00.0020000" startTime="2019-11-20T16:49:55.9194003-08:00" endTime="2019-11-20T16:49:55.9194031-08:00" testType="13cdc9d9-ddb5-4fa4-a97d-d965ccfc6d4b" outcome="Passed" testListId="8c84fa94-04c1-424b-9868-57a2d4851a1d" relativeResultsDirectory="9b44054a-890c-49ca-9d51-4b08174a4fa3" />
    <UnitTestResult executionId="f74b0add-3caa-457b-a416-b6c1479f0aaa" testId="c387f225-0790-f7e1-1cd0-6c7ac67b2543" testName="Azure.Functions.Cli.Tests.E2E.InitTests.init_python_app_twice" computerName="NASONI-Z422" duration="00:00:00.0020000" startTime="2019-11-20T16:49:56.0735117-08:00" endTime="2019-11-20T16:49:56.0735148-08:00" testType="13cdc9d9-ddb5-4fa4-a97d-d965ccfc6d4b" outcome="Failed" testListId="8c84fa94-04c1-424b-9868-57a2d4851a1d" relativeResultsDirectory="f74b0add-3caa-457b-a416-b6c1479f0aaa">
      <Output>
        <StdOut>stdout: Running: &gt;  init "anapp" --worker-runtime python</StdOut>
        <ErrorInfo>
          <Message>System.InvalidOperationException : Cannot start process because a file name has not been provided.</Message>
          <StackTrace>   at System.Diagnostics.Process.Start()&#xD;
   at Azure.Functions.Cli.Common.Executable.RunAsync(Action`1 outputCallback, Action`1 errorCallback, Nullable`1 timeout, String stdIn) in D:\azureFun\azure-functions-core-tools\src\Azure.Functions.Cli\Common\Executable.cs:line 80&#xD;
   at Azure.Functions.Cli.Tests.E2E.Helpers.CliTester.InternalRun(String workingDir, RunConfiguration[] runConfigurations, ITestOutputHelper output, Boolean startHost) in d:\azureFun\azure-functions-core-tools\test\Azure.Functions.Cli.Tests\E2E\Helpers\CliTester.cs:line 85&#xD;
   at Azure.Functions.Cli.Tests.E2E.Helpers.CliTester.Run(RunConfiguration[] runConfigurations, ITestOutputHelper output, String workingDir, Boolean startHost) in d:\azureFun\azure-functions-core-tools\test\Azure.Functions.Cli.Tests\E2E\Helpers\CliTester.cs:line 35&#xD;
--- End of stack trace from previous location where exception was thrown ---</StackTrace>
        </ErrorInfo>
      </Output>
    </UnitTestResult>
    <UnitTestResult executionId="d7ea3f1f-4c7d-4190-8f86-3f354e7abe06" testId="fdc61361-aca6-49a9-194e-62ff1feb1a48" testName="Azure.Functions.Cli.Tests.ActionsTests.ResolveActionTests.ResolveCommandLineCorrectly(args: &quot;azure set-publish-username userName&quot;, returnType: typeof(Azure.Functions.Cli.Actions.AzureActions.DeprecatedAzureActions))" computerName="NASONI-Z422" duration="00:00:00.0010000" startTime="2019-11-20T16:49:56.0196310-08:00" endTime="2019-11-20T16:49:56.0196335-08:00" testType="13cdc9d9-ddb5-4fa4-a97d-d965ccfc6d4b" outcome="Passed" testListId="8c84fa94-04c1-424b-9868-57a2d4851a1d" relativeResultsDirectory="d7ea3f1f-4c7d-4190-8f86-3f354e7abe06" />
    <UnitTestResult executionId="8c061caf-e0fd-4535-8c18-acaa0f959287" testId="a2fc6bf4-45cb-b71d-9969-54743329e6ec" testName="Azure.Functions.Cli.Tests.E2E.CreateFunctionTests.create_typescript_template" computerName="NASONI-Z422" duration="00:00:00.0040000" startTime="2019-11-20T16:49:58.7552589-08:00" endTime="2019-11-20T16:49:58.7552646-08:00" testType="13cdc9d9-ddb5-4fa4-a97d-d965ccfc6d4b" outcome="Failed" testListId="8c84fa94-04c1-424b-9868-57a2d4851a1d" relativeResultsDirectory="8c061caf-e0fd-4535-8c18-acaa0f959287">
      <Output>
        <StdOut>stdout: Running: &gt;  init . --worker-runtime node --language typescript</StdOut>
        <ErrorInfo>
          <Message>System.InvalidOperationException : Cannot start process because a file name has not been provided.</Message>
          <StackTrace>   at System.Diagnostics.Process.Start()&#xD;
   at Azure.Functions.Cli.Common.Executable.RunAsync(Action`1 outputCallback, Action`1 errorCallback, Nullable`1 timeout, String stdIn) in D:\azureFun\azure-functions-core-tools\src\Azure.Functions.Cli\Common\Executable.cs:line 80&#xD;
   at Azure.Functions.Cli.Tests.E2E.Helpers.CliTester.InternalRun(String workingDir, RunConfiguration[] runConfigurations, ITestOutputHelper output, Boolean startHost) in d:\azureFun\azure-functions-core-tools\test\Azure.Functions.Cli.Tests\E2E\Helpers\CliTester.cs:line 85&#xD;
   at Azure.Functions.Cli.Tests.E2E.Helpers.CliTester.Run(RunConfiguration[] runConfigurations, ITestOutputHelper output, String workingDir, Boolean startHost) in d:\azureFun\azure-functions-core-tools\test\Azure.Functions.Cli.Tests\E2E\Helpers\CliTester.cs:line 35&#xD;
   at Azure.Functions.Cli.Tests.E2E.CreateFunctionTests.create_typescript_template() in d:\azureFun\azure-functions-core-tools\test\Azure.Functions.Cli.Tests\E2E\CreateFunctionTests.cs:line 111&#xD;
--- End of stack trace from previous location where exception was thrown ---</StackTrace>
        </ErrorInfo>
      </Output>
    </UnitTestResult>
    <UnitTestResult executionId="25be52dc-1806-4b78-9f09-4fef3ae23c9d" testId="1933ec56-27e4-c95b-c87a-ed7e486a9d13" testName="Azure.Functions.Cli.Tests.GitIgnoreParserTests.DeniesShouldNotDenyUnignoredFilesInIgnoredDirectories" computerName="NASONI-Z422" duration="00:00:00.0070000" startTime="2019-11-20T16:49:58.7219488-08:00" endTime="2019-11-20T16:49:58.7219525-08:00" testType="13cdc9d9-ddb5-4fa4-a97d-d965ccfc6d4b" outcome="Passed" testListId="8c84fa94-04c1-424b-9868-57a2d4851a1d" relativeResultsDirectory="25be52dc-1806-4b78-9f09-4fef3ae23c9d" />
    <UnitTestResult executionId="c3bf9a45-b4bd-409f-a68b-b2835923e555" testId="f226e1a5-9790-1605-0a15-a7d728800caf" testName="Azure.Functions.Cli.Tests.ExtensionsTests.StringExtensionsTests.TestSanitizeImageNameWithBadFormatThrowImageNameFormatException" computerName="NASONI-Z422" duration="00:00:00.0010000" startTime="2019-11-20T16:49:55.0247461-08:00" endTime="2019-11-20T16:49:55.0247470-08:00" testType="13cdc9d9-ddb5-4fa4-a97d-d965ccfc6d4b" outcome="Passed" testListId="8c84fa94-04c1-424b-9868-57a2d4851a1d" relativeResultsDirectory="c3bf9a45-b4bd-409f-a68b-b2835923e555" />
    <UnitTestResult executionId="1a4d4644-cbf5-4588-b01a-f68f41077118" testId="8384cb22-dc4e-52e8-ba1b-1a3a991e8794" testName="Azure.Functions.Cli.Tests.E2E.InitTests.init_with_unknown_worker_runtime" computerName="NASONI-Z422" duration="00:00:00.0030000" startTime="2019-11-20T16:49:56.0767334-08:00" endTime="2019-11-20T16:49:56.0767385-08:00" testType="13cdc9d9-ddb5-4fa4-a97d-d965ccfc6d4b" outcome="Failed" testListId="8c84fa94-04c1-424b-9868-57a2d4851a1d" relativeResultsDirectory="1a4d4644-cbf5-4588-b01a-f68f41077118">
      <Output>
        <StdOut>stdout: Running: &gt;  init . --worker-runtime foo</StdOut>
        <ErrorInfo>
          <Message>System.InvalidOperationException : Cannot start process because a file name has not been provided.</Message>
          <StackTrace>   at System.Diagnostics.Process.Start()&#xD;
   at Azure.Functions.Cli.Common.Executable.RunAsync(Action`1 outputCallback, Action`1 errorCallback, Nullable`1 timeout, String stdIn) in D:\azureFun\azure-functions-core-tools\src\Azure.Functions.Cli\Common\Executable.cs:line 80&#xD;
   at Azure.Functions.Cli.Tests.E2E.Helpers.CliTester.InternalRun(String workingDir, RunConfiguration[] runConfigurations, ITestOutputHelper output, Boolean startHost) in d:\azureFun\azure-functions-core-tools\test\Azure.Functions.Cli.Tests\E2E\Helpers\CliTester.cs:line 85&#xD;
   at Azure.Functions.Cli.Tests.E2E.Helpers.CliTester.Run(RunConfiguration[] runConfigurations, ITestOutputHelper output, String workingDir, Boolean startHost) in d:\azureFun\azure-functions-core-tools\test\Azure.Functions.Cli.Tests\E2E\Helpers\CliTester.cs:line 35&#xD;
--- End of stack trace from previous location where exception was thrown ---</StackTrace>
        </ErrorInfo>
      </Output>
    </UnitTestResult>
    <UnitTestResult executionId="b9c749ad-1ebc-4e4e-8c6b-d10fb31594d6" testId="7a3da497-d5de-74f0-bc82-bc37d352976f" testName="Azure.Functions.Cli.Tests.ActionsTests.ResolveActionTests.ResolveCommandLineCorrectly(args: &quot;init&quot;, returnType: typeof(Azure.Functions.Cli.Actions.LocalActions.InitAction))" computerName="NASONI-Z422" duration="00:00:00.0500000" startTime="2019-11-20T16:49:55.9052598-08:00" endTime="2019-11-20T16:49:55.9052676-08:00" testType="13cdc9d9-ddb5-4fa4-a97d-d965ccfc6d4b" outcome="Passed" testListId="8c84fa94-04c1-424b-9868-57a2d4851a1d" relativeResultsDirectory="b9c749ad-1ebc-4e4e-8c6b-d10fb31594d6" />
    <UnitTestResult executionId="2bf6a50e-57ed-4752-841e-0671a45c5cfd" testId="9e1afe7a-5aee-2dfc-e827-ba25e10b653f" testName="Azure.Functions.Cli.Tests.ActionsTests.ResolveActionTests.ResolveCommandLineCorrectly(args: &quot;azure functionapp fetch appName&quot;, returnType: typeof(Azure.Functions.Cli.Actions.AzureActions.FetchAppSettingsAction))" computerName="NASONI-Z422" duration="00:00:00.0010000" startTime="2019-11-20T16:49:56.0185998-08:00" endTime="2019-11-20T16:49:56.0186022-08:00" testType="13cdc9d9-ddb5-4fa4-a97d-d965ccfc6d4b" outcome="Passed" testListId="8c84fa94-04c1-424b-9868-57a2d4851a1d" relativeResultsDirectory="2bf6a50e-57ed-4752-841e-0671a45c5cfd" />
    <UnitTestResult executionId="abe6f270-d9cd-4b70-abed-d99ff42869ba" testId="aa1df594-40d4-e137-cd98-d22b8508a548" testName="Azure.Functions.Cli.Tests.E2E.StartTests.start_nodejs" computerName="NASONI-Z422" duration="00:00:00.0040000" startTime="2019-11-20T16:49:56.1961682-08:00" endTime="2019-11-20T16:49:56.1961742-08:00" testType="13cdc9d9-ddb5-4fa4-a97d-d965ccfc6d4b" outcome="Failed" testListId="8c84fa94-04c1-424b-9868-57a2d4851a1d" relativeResultsDirectory="abe6f270-d9cd-4b70-abed-d99ff42869ba">
      <Output>
        <StdOut>stdout: Running: &gt;  init . --worker-runtime node</StdOut>
        <ErrorInfo>
          <Message>System.InvalidOperationException : Cannot start process because a file name has not been provided.</Message>
          <StackTrace>   at System.Diagnostics.Process.Start()&#xD;
   at Azure.Functions.Cli.Common.Executable.RunAsync(Action`1 outputCallback, Action`1 errorCallback, Nullable`1 timeout, String stdIn) in D:\azureFun\azure-functions-core-tools\src\Azure.Functions.Cli\Common\Executable.cs:line 80&#xD;
   at Azure.Functions.Cli.Tests.E2E.Helpers.CliTester.InternalRun(String workingDir, RunConfiguration[] runConfigurations, ITestOutputHelper output, Boolean startHost) in d:\azureFun\azure-functions-core-tools\test\Azure.Functions.Cli.Tests\E2E\Helpers\CliTester.cs:line 85&#xD;
   at Azure.Functions.Cli.Tests.E2E.Helpers.CliTester.Run(RunConfiguration[] runConfigurations, ITestOutputHelper output, String workingDir, Boolean startHost) in d:\azureFun\azure-functions-core-tools\test\Azure.Functions.Cli.Tests\E2E\Helpers\CliTester.cs:line 35&#xD;
   at Azure.Functions.Cli.Tests.E2E.StartTests.start_nodejs() in d:\azureFun\azure-functions-core-tools\test\Azure.Functions.Cli.Tests\E2E\StartTests.cs:line 25&#xD;
--- End of stack trace from previous location where exception was thrown ---</StackTrace>
        </ErrorInfo>
      </Output>
    </UnitTestResult>
    <UnitTestResult executionId="f6a6d501-82f9-4bdf-992a-0c39691961ea" testId="b18fbdec-013f-79ea-88e2-b50f8c06118d" testName="Azure.Functions.Cli.Tests.ExtensionsTests.StringExtensionsTests.TestSanitizeImageNameWithBadFormatSanitizeOutput(input: &quot;#So-Pretty !/^Good|'Name{}&quot;, expected: &quot;soprettygoodname&quot;)" computerName="NASONI-Z422" duration="00:00:00.0010000" startTime="2019-11-20T16:49:55.0248654-08:00" endTime="2019-11-20T16:49:55.0248663-08:00" testType="13cdc9d9-ddb5-4fa4-a97d-d965ccfc6d4b" outcome="Passed" testListId="8c84fa94-04c1-424b-9868-57a2d4851a1d" relativeResultsDirectory="f6a6d501-82f9-4bdf-992a-0c39691961ea" />
    <UnitTestResult executionId="e4da987a-c0d4-48b5-a0be-d2afa15bf6b8" testId="5764f792-69e7-c4fc-617c-99c8ae3d7290" testName="Azure.Functions.Cli.Tests.E2E.CreateFunctionTests.create_template_function_sanitization_dotnet" computerName="NASONI-Z422" duration="00:00:00.0050000" startTime="2019-11-20T16:49:58.7599541-08:00" endTime="2019-11-20T16:49:58.7599582-08:00" testType="13cdc9d9-ddb5-4fa4-a97d-d965ccfc6d4b" outcome="Failed" testListId="8c84fa94-04c1-424b-9868-57a2d4851a1d" relativeResultsDirectory="e4da987a-c0d4-48b5-a0be-d2afa15bf6b8">
      <Output>
        <StdOut>stdout: Running: &gt;  init 12n.e.0w-file$ --worker-runtime dotnet</StdOut>
        <ErrorInfo>
          <Message>System.InvalidOperationException : Cannot start process because a file name has not been provided.</Message>
          <StackTrace>   at System.Diagnostics.Process.Start()&#xD;
   at Azure.Functions.Cli.Common.Executable.RunAsync(Action`1 outputCallback, Action`1 errorCallback, Nullable`1 timeout, String stdIn) in D:\azureFun\azure-functions-core-tools\src\Azure.Functions.Cli\Common\Executable.cs:line 80&#xD;
   at Azure.Functions.Cli.Tests.E2E.Helpers.CliTester.InternalRun(String workingDir, RunConfiguration[] runConfigurations, ITestOutputHelper output, Boolean startHost) in d:\azureFun\azure-functions-core-tools\test\Azure.Functions.Cli.Tests\E2E\Helpers\CliTester.cs:line 85&#xD;
   at Azure.Functions.Cli.Tests.E2E.Helpers.CliTester.Run(RunConfiguration[] runConfigurations, ITestOutputHelper output, String workingDir, Boolean startHost) in d:\azureFun\azure-functions-core-tools\test\Azure.Functions.Cli.Tests\E2E\Helpers\CliTester.cs:line 35&#xD;
   at Azure.Functions.Cli.Tests.E2E.CreateFunctionTests.create_template_function_sanitization_dotnet() in d:\azureFun\azure-functions-core-tools\test\Azure.Functions.Cli.Tests\E2E\CreateFunctionTests.cs:line 34&#xD;
--- End of stack trace from previous location where exception was thrown ---</StackTrace>
        </ErrorInfo>
      </Output>
    </UnitTestResult>
    <UnitTestResult executionId="a8c0d3e6-2872-4577-8438-087e637369b4" testId="7b9a8ca7-25e9-5b23-182e-50be49b6bb85" testName="Azure.Functions.Cli.Tests.ExtensionsTests.InstallExtensionsTests.try_install_with_no_valid_trigger" computerName="NASONI-Z422" duration="00:00:00.0030000" startTime="2019-11-20T16:49:59.2948860-08:00" endTime="2019-11-20T16:49:59.2948895-08:00" testType="13cdc9d9-ddb5-4fa4-a97d-d965ccfc6d4b" outcome="Failed" testListId="8c84fa94-04c1-424b-9868-57a2d4851a1d" relativeResultsDirectory="a8c0d3e6-2872-4577-8438-087e637369b4">
      <Output>
        <StdOut>stdout: Running: &gt;  init . --worker-runtime node</StdOut>
        <ErrorInfo>
          <Message>System.InvalidOperationException : Cannot start process because a file name has not been provided.</Message>
          <StackTrace>   at System.Diagnostics.Process.Start()&#xD;
   at Azure.Functions.Cli.Common.Executable.RunAsync(Action`1 outputCallback, Action`1 errorCallback, Nullable`1 timeout, String stdIn) in D:\azureFun\azure-functions-core-tools\src\Azure.Functions.Cli\Common\Executable.cs:line 80&#xD;
   at Azure.Functions.Cli.Tests.E2E.Helpers.CliTester.InternalRun(String workingDir, RunConfiguration[] runConfigurations, ITestOutputHelper output, Boolean startHost) in d:\azureFun\azure-functions-core-tools\test\Azure.Functions.Cli.Tests\E2E\Helpers\CliTester.cs:line 85&#xD;
   at Azure.Functions.Cli.Tests.E2E.Helpers.CliTester.Run(RunConfiguration[] runConfigurations, ITestOutputHelper output, String workingDir, Boolean startHost) in d:\azureFun\azure-functions-core-tools\test\Azure.Functions.Cli.Tests\E2E\Helpers\CliTester.cs:line 35&#xD;
--- End of stack trace from previous location where exception was thrown ---</StackTrace>
        </ErrorInfo>
      </Output>
    </UnitTestResult>
    <UnitTestResult executionId="be57b860-7a4c-498f-8e62-268e63447d34" testId="d3e2b2b4-a0da-2c83-b0d5-a550b30023fe" testName="Azure.Functions.Cli.Tests.E2E.InitTests.init_csx_app" computerName="NASONI-Z422" duration="00:00:00.0030000" startTime="2019-11-20T16:49:56.1202019-08:00" endTime="2019-11-20T16:49:56.1202075-08:00" testType="13cdc9d9-ddb5-4fa4-a97d-d965ccfc6d4b" outcome="Failed" testListId="8c84fa94-04c1-424b-9868-57a2d4851a1d" relativeResultsDirectory="be57b860-7a4c-498f-8e62-268e63447d34">
      <Output>
        <StdOut>stdout: Running: &gt;  init . --worker-runtime dotnet --csx</StdOut>
        <ErrorInfo>
          <Message>System.InvalidOperationException : Cannot start process because a file name has not been provided.</Message>
          <StackTrace>   at System.Diagnostics.Process.Start()&#xD;
   at Azure.Functions.Cli.Common.Executable.RunAsync(Action`1 outputCallback, Action`1 errorCallback, Nullable`1 timeout, String stdIn) in D:\azureFun\azure-functions-core-tools\src\Azure.Functions.Cli\Common\Executable.cs:line 80&#xD;
   at Azure.Functions.Cli.Tests.E2E.Helpers.CliTester.InternalRun(String workingDir, RunConfiguration[] runConfigurations, ITestOutputHelper output, Boolean startHost) in d:\azureFun\azure-functions-core-tools\test\Azure.Functions.Cli.Tests\E2E\Helpers\CliTester.cs:line 85&#xD;
   at Azure.Functions.Cli.Tests.E2E.Helpers.CliTester.Run(RunConfiguration[] runConfigurations, ITestOutputHelper output, String workingDir, Boolean startHost) in d:\azureFun\azure-functions-core-tools\test\Azure.Functions.Cli.Tests\E2E\Helpers\CliTester.cs:line 35&#xD;
--- End of stack trace from previous location where exception was thrown ---</StackTrace>
        </ErrorInfo>
      </Output>
    </UnitTestResult>
    <UnitTestResult executionId="bd74e98d-2e96-41df-8f2c-731855dd61c9" testId="d18982bf-a76e-798d-ff69-36bc2428297a" testName="Azure.Functions.Cli.Tests.ActionsTests.ResolveActionTests.ResolveCommandLineCorrectly(args: &quot;azure get-publish-username&quot;, returnType: typeof(Azure.Functions.Cli.Actions.AzureActions.DeprecatedAzureActions))" computerName="NASONI-Z422" duration="00:00:00.0010000" startTime="2019-11-20T16:49:55.9385533-08:00" endTime="2019-11-20T16:49:55.9385564-08:00" testType="13cdc9d9-ddb5-4fa4-a97d-d965ccfc6d4b" outcome="Passed" testListId="8c84fa94-04c1-424b-9868-57a2d4851a1d" relativeResultsDirectory="bd74e98d-2e96-41df-8f2c-731855dd61c9" />
    <UnitTestResult executionId="d28b15b5-0530-4312-8e33-8103775d913c" testId="c9950969-c15a-bd40-5c28-19b8f7156c09" testName="Azure.Functions.Cli.Tests.E2E.StartTests.start_host_port_in_use" computerName="NASONI-Z422" duration="00:00:00.0050000" startTime="2019-11-20T16:49:56.1826286-08:00" endTime="2019-11-20T16:49:56.1826365-08:00" testType="13cdc9d9-ddb5-4fa4-a97d-d965ccfc6d4b" outcome="Failed" testListId="8c84fa94-04c1-424b-9868-57a2d4851a1d" relativeResultsDirectory="d28b15b5-0530-4312-8e33-8103775d913c">
      <Output>
        <StdOut>stdout: Running: &gt;  init . --worker-runtime node</StdOut>
        <ErrorInfo>
          <Message>System.InvalidOperationException : Cannot start process because a file name has not been provided.</Message>
          <StackTrace>   at System.Diagnostics.Process.Start()&#xD;
   at Azure.Functions.Cli.Common.Executable.RunAsync(Action`1 outputCallback, Action`1 errorCallback, Nullable`1 timeout, String stdIn) in D:\azureFun\azure-functions-core-tools\src\Azure.Functions.Cli\Common\Executable.cs:line 80&#xD;
   at Azure.Functions.Cli.Tests.E2E.Helpers.CliTester.InternalRun(String workingDir, RunConfiguration[] runConfigurations, ITestOutputHelper output, Boolean startHost) in d:\azureFun\azure-functions-core-tools\test\Azure.Functions.Cli.Tests\E2E\Helpers\CliTester.cs:line 85&#xD;
   at Azure.Functions.Cli.Tests.E2E.Helpers.CliTester.Run(RunConfiguration[] runConfigurations, ITestOutputHelper output, String workingDir, Boolean startHost) in d:\azureFun\azure-functions-core-tools\test\Azure.Functions.Cli.Tests\E2E\Helpers\CliTester.cs:line 35&#xD;
   at Azure.Functions.Cli.Tests.E2E.StartTests.start_host_port_in_use() in d:\azureFun\azure-functions-core-tools\test\Azure.Functions.Cli.Tests\E2E\StartTests.cs:line 156&#xD;
--- End of stack trace from previous location where exception was thrown ---</StackTrace>
        </ErrorInfo>
      </Output>
    </UnitTestResult>
    <UnitTestResult executionId="7250c782-38f4-4cfe-b021-94181c3640a0" testId="6d362e3e-2836-8a52-d263-224ae45ba8c7" testName="Azure.Functions.Cli.Tests.PythonHelperTests.InterpreterShouldHaveExecutablePath" computerName="NASONI-Z422" duration="00:00:00.0010000" startTime="2019-11-20T16:49:55.4208763-08:00" endTime="2019-11-20T16:49:55.4208828-08:00" testType="13cdc9d9-ddb5-4fa4-a97d-d965ccfc6d4b" outcome="Failed" testListId="8c84fa94-04c1-424b-9868-57a2d4851a1d" relativeResultsDirectory="7250c782-38f4-4cfe-b021-94181c3640a0">
      <Output>
        <ErrorInfo>
          <Message>System.Exception : Python executable path should not be empty</Message>
          <StackTrace>   at Azure.Functions.Cli.Tests.PythonHelperTests.InterpreterShouldHaveExecutablePath() in d:\azureFun\azure-functions-core-tools\test\Azure.Functions.Cli.Tests\PythonHelperTests.cs:line 24</StackTrace>
        </ErrorInfo>
      </Output>
    </UnitTestResult>
    <UnitTestResult executionId="9616af15-f38f-4199-9603-555030189ac5" testId="84c13452-e24f-8ed6-016d-e7bf1d702b2a" testName="Azure.Functions.Cli.Tests.ActionsTests.ResolveActionTests.ResolveCommandLineCorrectly(args: &quot;&quot;, returnType: typeof(Azure.Functions.Cli.Actions.HelpAction))" computerName="NASONI-Z422" duration="00:00:00.0050000" startTime="2019-11-20T16:49:55.7659677-08:00" endTime="2019-11-20T16:49:55.7659705-08:00" testType="13cdc9d9-ddb5-4fa4-a97d-d965ccfc6d4b" outcome="Passed" testListId="8c84fa94-04c1-424b-9868-57a2d4851a1d" relativeResultsDirectory="9616af15-f38f-4199-9603-555030189ac5" />
    <UnitTestResult executionId="10209305-d887-47b6-a306-05002fff7961" testId="56f9fc01-6787-8410-f691-28be07190400" testName="Azure.Functions.Cli.Tests.E2E.InitTests.init_docker_only_for_csx_project" computerName="NASONI-Z422" duration="00:00:00.0030000" startTime="2019-11-20T16:49:56.0950464-08:00" endTime="2019-11-20T16:49:56.0950523-08:00" testType="13cdc9d9-ddb5-4fa4-a97d-d965ccfc6d4b" outcome="Failed" testListId="8c84fa94-04c1-424b-9868-57a2d4851a1d" relativeResultsDirectory="10209305-d887-47b6-a306-05002fff7961">
      <Output>
        <StdOut>stdout: Running: &gt;  init . --worker-runtime dotnet --csx</StdOut>
        <ErrorInfo>
          <Message>System.InvalidOperationException : Cannot start process because a file name has not been provided.</Message>
          <StackTrace>   at System.Diagnostics.Process.Start()&#xD;
   at Azure.Functions.Cli.Common.Executable.RunAsync(Action`1 outputCallback, Action`1 errorCallback, Nullable`1 timeout, String stdIn) in D:\azureFun\azure-functions-core-tools\src\Azure.Functions.Cli\Common\Executable.cs:line 80&#xD;
   at Azure.Functions.Cli.Tests.E2E.Helpers.CliTester.InternalRun(String workingDir, RunConfiguration[] runConfigurations, ITestOutputHelper output, Boolean startHost) in d:\azureFun\azure-functions-core-tools\test\Azure.Functions.Cli.Tests\E2E\Helpers\CliTester.cs:line 85&#xD;
   at Azure.Functions.Cli.Tests.E2E.Helpers.CliTester.Run(RunConfiguration[] runConfigurations, ITestOutputHelper output, String workingDir, Boolean startHost) in d:\azureFun\azure-functions-core-tools\test\Azure.Functions.Cli.Tests\E2E\Helpers\CliTester.cs:line 35&#xD;
--- End of stack trace from previous location where exception was thrown ---</StackTrace>
        </ErrorInfo>
      </Output>
    </UnitTestResult>
    <UnitTestResult executionId="daa65972-400b-4563-9c0b-a5f83aac0aa3" testId="1bd52704-add6-aba2-e711-716128e7b10b" testName="Azure.Functions.Cli.Tests.KubernetesHelperUnitTests.ValidateKubernetesNames(name: &quot;normalname&quot;, isValid: True)" computerName="NASONI-Z422" duration="00:00:00.0010000" startTime="2019-11-20T16:49:56.1399075-08:00" endTime="2019-11-20T16:49:56.1399083-08:00" testType="13cdc9d9-ddb5-4fa4-a97d-d965ccfc6d4b" outcome="Passed" testListId="8c84fa94-04c1-424b-9868-57a2d4851a1d" relativeResultsDirectory="daa65972-400b-4563-9c0b-a5f83aac0aa3" />
    <UnitTestResult executionId="00163dfa-bfe8-491f-985f-3492b709ac03" testId="c330df6a-d603-100e-6d71-845ec75bd671" testName="Azure.Functions.Cli.Tests.GitIgnoreParserTests.DeniesShouldDenyTheGivenDirectory" computerName="NASONI-Z422" duration="00:00:00.0010000" startTime="2019-11-20T16:49:58.7251523-08:00" endTime="2019-11-20T16:49:58.7251548-08:00" testType="13cdc9d9-ddb5-4fa4-a97d-d965ccfc6d4b" outcome="Passed" testListId="8c84fa94-04c1-424b-9868-57a2d4851a1d" relativeResultsDirectory="00163dfa-bfe8-491f-985f-3492b709ac03" />
    <UnitTestResult executionId="c9cb049a-f6ea-48e5-b602-da2eab3b1170" testId="66f6f242-74b3-6a0b-fa81-2412711abe67" testName="Azure.Functions.Cli.Tests.UriExtensionsTests.IsJsonTest(value: &quot;test&quot;, expected: False)" computerName="NASONI-Z422" duration="00:00:00.0040000" startTime="2019-11-20T16:49:56.2290396-08:00" endTime="2019-11-20T16:49:56.2290443-08:00" testType="13cdc9d9-ddb5-4fa4-a97d-d965ccfc6d4b" outcome="Passed" testListId="8c84fa94-04c1-424b-9868-57a2d4851a1d" relativeResultsDirectory="c9cb049a-f6ea-48e5-b602-da2eab3b1170" />
    <UnitTestResult executionId="5a08d32d-bc5b-4554-bd4f-d79c7d343bf8" testId="e8c5388d-21e7-6efa-364d-9dd6641627ac" testName="Azure.Functions.Cli.Tests.ActionsTests.ResolveActionTests.ResolveCommandLineCorrectly(args: &quot;azure account list&quot;, returnType: typeof(Azure.Functions.Cli.Actions.AzureActions.DeprecatedAzureActions))" computerName="NASONI-Z422" duration="00:00:00.0010000" startTime="2019-11-20T16:49:55.9407078-08:00" endTime="2019-11-20T16:49:55.9407094-08:00" testType="13cdc9d9-ddb5-4fa4-a97d-d965ccfc6d4b" outcome="Passed" testListId="8c84fa94-04c1-424b-9868-57a2d4851a1d" relativeResultsDirectory="5a08d32d-bc5b-4554-bd4f-d79c7d343bf8" />
    <UnitTestResult executionId="2c5baca0-6b5b-4ee5-be92-a5554463296d" testId="ebf99807-6835-8622-f4cc-14a2fe7f032c" testName="Azure.Functions.Cli.Tests.ActionsTests.ResolveActionTests.ResolveCommandLineCorrectly(args: &quot;azure functionapp logstream appName&quot;, returnType: typeof(Azure.Functions.Cli.Actions.AzureActions.LogStreamAction))" computerName="NASONI-Z422" duration="00:00:00.0060000" startTime="2019-11-20T16:49:55.8504104-08:00" endTime="2019-11-20T16:49:55.8504131-08:00" testType="13cdc9d9-ddb5-4fa4-a97d-d965ccfc6d4b" outcome="Passed" testListId="8c84fa94-04c1-424b-9868-57a2d4851a1d" relativeResultsDirectory="2c5baca0-6b5b-4ee5-be92-a5554463296d" />
    <UnitTestResult executionId="08e65bd9-cbf5-4ee3-9544-55dc4c448b3a" testId="b5584b1a-6471-bddd-51b8-b47f4a6ecf7b" testName="Azure.Functions.Cli.Tests.E2E.DurableTests.DurableRaiseEventTest" computerName="NASONI-Z422" duration="00:00:00.0010000" startTime="2019-11-20T16:49:58.6334099-08:00" endTime="2019-11-20T16:49:58.6334124-08:00" testType="13cdc9d9-ddb5-4fa4-a97d-d965ccfc6d4b" outcome="NotExecuted" testListId="8c84fa94-04c1-424b-9868-57a2d4851a1d" relativeResultsDirectory="08e65bd9-cbf5-4ee3-9544-55dc4c448b3a">
      <Output>
        <StdOut>Durable E2E tests need a storage account connection</StdOut>
      </Output>
    </UnitTestResult>
    <UnitTestResult executionId="37b39546-fbbe-4ff6-a508-bef351da5b8a" testId="6dae2e53-06b5-d87a-bd2f-628c0e1a23e8" testName="Azure.Functions.Cli.Tests.ActionsTests.ResolveActionTests.ResolveCommandLineCorrectly(args: &quot;azure storage list&quot;, returnType: typeof(Azure.Functions.Cli.Actions.AzureActions.DeprecatedAzureActions))" computerName="NASONI-Z422" duration="00:00:00.0010000" startTime="2019-11-20T16:49:55.9481487-08:00" endTime="2019-11-20T16:49:55.9481515-08:00" testType="13cdc9d9-ddb5-4fa4-a97d-d965ccfc6d4b" outcome="Passed" testListId="8c84fa94-04c1-424b-9868-57a2d4851a1d" relativeResultsDirectory="37b39546-fbbe-4ff6-a508-bef351da5b8a" />
    <UnitTestResult executionId="704eb74f-efb4-4234-8bf0-d5d2f07851b2" testId="103f4af3-731f-b6ce-0bad-823c79c062f3" testName="Azure.Functions.Cli.Tests.E2E.InitTests.init_with_worker_runtime(workerRuntime: &quot;python&quot;)" computerName="NASONI-Z422" duration="00:00:00.0040000" startTime="2019-11-20T16:49:56.0816182-08:00" endTime="2019-11-20T16:49:56.0816240-08:00" testType="13cdc9d9-ddb5-4fa4-a97d-d965ccfc6d4b" outcome="Failed" testListId="8c84fa94-04c1-424b-9868-57a2d4851a1d" relativeResultsDirectory="704eb74f-efb4-4234-8bf0-d5d2f07851b2">
      <Output>
        <StdOut>stdout: Running: &gt;  init . --worker-runtime python</StdOut>
        <ErrorInfo>
          <Message>System.InvalidOperationException : Cannot start process because a file name has not been provided.</Message>
          <StackTrace>   at System.Diagnostics.Process.Start()&#xD;
   at Azure.Functions.Cli.Common.Executable.RunAsync(Action`1 outputCallback, Action`1 errorCallback, Nullable`1 timeout, String stdIn) in D:\azureFun\azure-functions-core-tools\src\Azure.Functions.Cli\Common\Executable.cs:line 80&#xD;
   at Azure.Functions.Cli.Tests.E2E.Helpers.CliTester.InternalRun(String workingDir, RunConfiguration[] runConfigurations, ITestOutputHelper output, Boolean startHost) in d:\azureFun\azure-functions-core-tools\test\Azure.Functions.Cli.Tests\E2E\Helpers\CliTester.cs:line 85&#xD;
   at Azure.Functions.Cli.Tests.E2E.Helpers.CliTester.Run(RunConfiguration[] runConfigurations, ITestOutputHelper output, String workingDir, Boolean startHost) in d:\azureFun\azure-functions-core-tools\test\Azure.Functions.Cli.Tests\E2E\Helpers\CliTester.cs:line 35&#xD;
--- End of stack trace from previous location where exception was thrown ---</StackTrace>
        </ErrorInfo>
      </Output>
    </UnitTestResult>
    <UnitTestResult executionId="d572c036-feab-4b3c-8fea-b762749ce6ea" testId="e61aa2ef-51fe-ce9d-f444-c94be9a0a585" testName="Azure.Functions.Cli.Tests.ActionsTests.ResolveActionTests.ResolveCommandLineCorrectly(args: &quot;settings delete settingName&quot;, returnType: typeof(Azure.Functions.Cli.Actions.LocalActions.DeleteSettingAction))" computerName="NASONI-Z422" duration="00:00:00.0020000" startTime="2019-11-20T16:49:55.9212500-08:00" endTime="2019-11-20T16:49:55.9212530-08:00" testType="13cdc9d9-ddb5-4fa4-a97d-d965ccfc6d4b" outcome="Passed" testListId="8c84fa94-04c1-424b-9868-57a2d4851a1d" relativeResultsDirectory="d572c036-feab-4b3c-8fea-b762749ce6ea" />
    <UnitTestResult executionId="b643f996-400b-4d6c-b74d-073a20f92cde" testId="d8743312-47fe-fcb5-f5e2-dc5712ca3557" testName="Azure.Functions.Cli.Tests.ExtensionsTests.StringExtensionsTests.TestSanitizeImageNameWithBadInputValueThrowArgumentException(input: &quot; &quot;)" computerName="NASONI-Z422" duration="00:00:00.0010000" startTime="2019-11-20T16:49:55.0244695-08:00" endTime="2019-11-20T16:49:55.0244713-08:00" testType="13cdc9d9-ddb5-4fa4-a97d-d965ccfc6d4b" outcome="Passed" testListId="8c84fa94-04c1-424b-9868-57a2d4851a1d" relativeResultsDirectory="b643f996-400b-4d6c-b74d-073a20f92cde" />
    <UnitTestResult executionId="99749eb5-abf1-4f2c-baac-99c65ed6d4a7" testId="5480cfa5-672c-afd5-9827-476a9f08cb3b" testName="Azure.Functions.Cli.Tests.ActionsTests.ResolveActionTests.ResolveCommandLineCorrectly(args: &quot;durable start-new --function-name functostart --co&quot;..., returnType: typeof(Azure.Functions.Cli.Actions.DurableActions.DurableStartNew))" computerName="NASONI-Z422" duration="00:00:00.0030000" startTime="2019-11-20T16:49:55.9242455-08:00" endTime="2019-11-20T16:49:55.9242497-08:00" testType="13cdc9d9-ddb5-4fa4-a97d-d965ccfc6d4b" outcome="Passed" testListId="8c84fa94-04c1-424b-9868-57a2d4851a1d" relativeResultsDirectory="99749eb5-abf1-4f2c-baac-99c65ed6d4a7" />
    <UnitTestResult executionId="a5e508a0-32be-4d00-9c2c-a03c44b61470" testId="da4681c6-718f-bdf7-e3fd-882500cd8814" testName="Azure.Functions.Cli.Tests.ExtensionsTests.TaskExtensionsTests.IgnoreFailureAndFilterListOfTasks" computerName="NASONI-Z422" duration="00:00:00.0130000" startTime="2019-11-20T16:49:58.7426801-08:00" endTime="2019-11-20T16:49:58.7426873-08:00" testType="13cdc9d9-ddb5-4fa4-a97d-d965ccfc6d4b" outcome="Passed" testListId="8c84fa94-04c1-424b-9868-57a2d4851a1d" relativeResultsDirectory="a5e508a0-32be-4d00-9c2c-a03c44b61470" />
    <UnitTestResult executionId="3260a6f2-a60d-4f2f-a492-9cfda5b09276" testId="920a0c58-40e6-d818-fa18-2af92dcacaab" testName="Azure.Functions.Cli.Tests.ActionsTests.ResolveActionTests.ResolveCommandLineCorrectly(args: &quot;help&quot;, returnType: typeof(Azure.Functions.Cli.Actions.HelpAction))" computerName="NASONI-Z422" duration="00:00:00.0010000" startTime="2019-11-20T16:49:56.0206907-08:00" endTime="2019-11-20T16:49:56.0206926-08:00" testType="13cdc9d9-ddb5-4fa4-a97d-d965ccfc6d4b" outcome="Passed" testListId="8c84fa94-04c1-424b-9868-57a2d4851a1d" relativeResultsDirectory="3260a6f2-a60d-4f2f-a492-9cfda5b09276" />
    <UnitTestResult executionId="9164e293-6aec-4919-a6b6-55b2a432bd4c" testId="f70ac6cd-8de9-88a7-33a1-1b7730f15db8" testName="Azure.Functions.Cli.Tests.E2E.InitTests.init_with_worker_runtime(workerRuntime: &quot;java&quot;)" computerName="NASONI-Z422" duration="00:00:00.0030000" startTime="2019-11-20T16:49:56.0851440-08:00" endTime="2019-11-20T16:49:56.0851492-08:00" testType="13cdc9d9-ddb5-4fa4-a97d-d965ccfc6d4b" outcome="Failed" testListId="8c84fa94-04c1-424b-9868-57a2d4851a1d" relativeResultsDirectory="9164e293-6aec-4919-a6b6-55b2a432bd4c">
      <Output>
        <StdOut>stdout: Running: &gt;  init . --worker-runtime java</StdOut>
        <ErrorInfo>
          <Message>System.InvalidOperationException : Cannot start process because a file name has not been provided.</Message>
          <StackTrace>   at System.Diagnostics.Process.Start()&#xD;
   at Azure.Functions.Cli.Common.Executable.RunAsync(Action`1 outputCallback, Action`1 errorCallback, Nullable`1 timeout, String stdIn) in D:\azureFun\azure-functions-core-tools\src\Azure.Functions.Cli\Common\Executable.cs:line 80&#xD;
   at Azure.Functions.Cli.Tests.E2E.Helpers.CliTester.InternalRun(String workingDir, RunConfiguration[] runConfigurations, ITestOutputHelper output, Boolean startHost) in d:\azureFun\azure-functions-core-tools\test\Azure.Functions.Cli.Tests\E2E\Helpers\CliTester.cs:line 85&#xD;
   at Azure.Functions.Cli.Tests.E2E.Helpers.CliTester.Run(RunConfiguration[] runConfigurations, ITestOutputHelper output, String workingDir, Boolean startHost) in d:\azureFun\azure-functions-core-tools\test\Azure.Functions.Cli.Tests\E2E\Helpers\CliTester.cs:line 35&#xD;
--- End of stack trace from previous location where exception was thrown ---</StackTrace>
        </ErrorInfo>
      </Output>
    </UnitTestResult>
    <UnitTestResult executionId="3d854562-84a8-49fa-92c2-1abb79d295e8" testId="dd51398c-a8df-9086-6a0a-0434a110c00b" testName="Azure.Functions.Cli.Tests.E2E.InitTests.init_docker_only_no_project" computerName="NASONI-Z422" duration="00:00:00.0030000" startTime="2019-11-20T16:49:56.1168178-08:00" endTime="2019-11-20T16:49:56.1168245-08:00" testType="13cdc9d9-ddb5-4fa4-a97d-d965ccfc6d4b" outcome="Failed" testListId="8c84fa94-04c1-424b-9868-57a2d4851a1d" relativeResultsDirectory="3d854562-84a8-49fa-92c2-1abb79d295e8">
      <Output>
        <StdOut>stdout: Running: &gt;  init . --docker-only</StdOut>
        <ErrorInfo>
          <Message>System.InvalidOperationException : Cannot start process because a file name has not been provided.</Message>
          <StackTrace>   at System.Diagnostics.Process.Start()&#xD;
   at Azure.Functions.Cli.Common.Executable.RunAsync(Action`1 outputCallback, Action`1 errorCallback, Nullable`1 timeout, String stdIn) in D:\azureFun\azure-functions-core-tools\src\Azure.Functions.Cli\Common\Executable.cs:line 80&#xD;
   at Azure.Functions.Cli.Tests.E2E.Helpers.CliTester.InternalRun(String workingDir, RunConfiguration[] runConfigurations, ITestOutputHelper output, Boolean startHost) in d:\azureFun\azure-functions-core-tools\test\Azure.Functions.Cli.Tests\E2E\Helpers\CliTester.cs:line 85&#xD;
   at Azure.Functions.Cli.Tests.E2E.Helpers.CliTester.Run(RunConfiguration[] runConfigurations, ITestOutputHelper output, String workingDir, Boolean startHost) in d:\azureFun\azure-functions-core-tools\test\Azure.Functions.Cli.Tests\E2E\Helpers\CliTester.cs:line 35&#xD;
--- End of stack trace from previous location where exception was thrown ---</StackTrace>
        </ErrorInfo>
      </Output>
    </UnitTestResult>
    <UnitTestResult executionId="5a126aae-ad79-4d5c-bee8-d9f8d42523e9" testId="6d4a1970-862c-fbe7-a930-eb330f5084b4" testName="Azure.Functions.Cli.Tests.ActionsTests.ResolveActionTests.ResolveCommandLineCorrectly(args: &quot;new&quot;, returnType: typeof(Azure.Functions.Cli.Actions.LocalActions.CreateFunctionAction))" computerName="NASONI-Z422" duration="00:00:00.0010000" startTime="2019-11-20T16:49:55.8538797-08:00" endTime="2019-11-20T16:49:55.8538823-08:00" testType="13cdc9d9-ddb5-4fa4-a97d-d965ccfc6d4b" outcome="Passed" testListId="8c84fa94-04c1-424b-9868-57a2d4851a1d" relativeResultsDirectory="5a126aae-ad79-4d5c-bee8-d9f8d42523e9" />
    <UnitTestResult executionId="8c536129-ac94-45ce-8a1c-299149e23ef0" testId="42204d7b-dea8-ac96-e080-6b7a82a5585a" testName="Azure.Functions.Cli.Tests.ActionsTests.ResolveActionTests.ResolveCommandLineCorrectly(args: &quot;settings add settingName&quot;, returnType: typeof(Azure.Functions.Cli.Actions.LocalActions.AddSettingAction))" computerName="NASONI-Z422" duration="00:00:00.0020000" startTime="2019-11-20T16:49:56.0032929-08:00" endTime="2019-11-20T16:49:56.0032954-08:00" testType="13cdc9d9-ddb5-4fa4-a97d-d965ccfc6d4b" outcome="Passed" testListId="8c84fa94-04c1-424b-9868-57a2d4851a1d" relativeResultsDirectory="8c536129-ac94-45ce-8a1c-299149e23ef0" />
    <UnitTestResult executionId="fdc9fa14-822b-421a-bf17-73ad4ce8cc11" testId="2eff687e-3e02-145a-61e4-bda0ef838985" testName="Azure.Functions.Cli.Tests.ActionsTests.ResolveActionTests.ResolveCommandLineCorrectly(args: &quot;--help&quot;, returnType: typeof(Azure.Functions.Cli.Actions.HelpAction))" computerName="NASONI-Z422" duration="00:00:00.0010000" startTime="2019-11-20T16:49:56.0127350-08:00" endTime="2019-11-20T16:49:56.0127376-08:00" testType="13cdc9d9-ddb5-4fa4-a97d-d965ccfc6d4b" outcome="Passed" testListId="8c84fa94-04c1-424b-9868-57a2d4851a1d" relativeResultsDirectory="fdc9fa14-822b-421a-bf17-73ad4ce8cc11" />
    <UnitTestResult executionId="def9b717-92d4-40ec-b9b1-8ed43ec6d8ec" testId="b4698d67-1dc5-64f6-ac27-695bf6732c1c" testName="Azure.Functions.Cli.Tests.PythonHelperTests.InterpreterShouldHaveMajorVersion" computerName="NASONI-Z422" duration="00:00:00.0010000" startTime="2019-11-20T16:49:55.4214020-08:00" endTime="2019-11-20T16:49:55.4214041-08:00" testType="13cdc9d9-ddb5-4fa4-a97d-d965ccfc6d4b" outcome="Failed" testListId="8c84fa94-04c1-424b-9868-57a2d4851a1d" relativeResultsDirectory="def9b717-92d4-40ec-b9b1-8ed43ec6d8ec">
      <Output>
        <ErrorInfo>
          <Message>System.Exception : Python major version should be 2 or 3</Message>
          <StackTrace>   at Azure.Functions.Cli.Tests.PythonHelperTests.InterpreterShouldHaveMajorVersion() in d:\azureFun\azure-functions-core-tools\test\Azure.Functions.Cli.Tests\PythonHelperTests.cs:line 34</StackTrace>
        </ErrorInfo>
      </Output>
    </UnitTestResult>
    <UnitTestResult executionId="24cc6b59-5bd8-437f-a088-20c1fe2a2db9" testId="dbcfb085-f35e-3e6c-7da7-020156e9943f" testName="Azure.Functions.Cli.Tests.E2E.DurableTests.DurableRaiseEventTest_FileInput" computerName="NASONI-Z422" duration="00:00:00.0010000" startTime="2019-11-20T16:49:58.6281774-08:00" endTime="2019-11-20T16:49:58.6281793-08:00" testType="13cdc9d9-ddb5-4fa4-a97d-d965ccfc6d4b" outcome="NotExecuted" testListId="8c84fa94-04c1-424b-9868-57a2d4851a1d" relativeResultsDirectory="24cc6b59-5bd8-437f-a088-20c1fe2a2db9">
      <Output>
        <StdOut>Durable E2E tests need a storage account connection</StdOut>
      </Output>
    </UnitTestResult>
    <UnitTestResult executionId="8a65a68e-8a48-458c-adc2-46a9b0d49e42" testId="57745701-23f5-b69f-363e-4166d7dd4e91" testName="Azure.Functions.Cli.Tests.UriExtensionsTests.IsJsonTest(value: &quot;{\&quot;test\&quot;: \&quot;file\&quot;}&quot;, expected: True)" computerName="NASONI-Z422" duration="00:00:00.0010000" startTime="2019-11-20T16:49:56.2300792-08:00" endTime="2019-11-20T16:49:56.2300819-08:00" testType="13cdc9d9-ddb5-4fa4-a97d-d965ccfc6d4b" outcome="Passed" testListId="8c84fa94-04c1-424b-9868-57a2d4851a1d" relativeResultsDirectory="8a65a68e-8a48-458c-adc2-46a9b0d49e42" />
    <UnitTestResult executionId="dccab5ca-7454-42f7-9883-948141bf0680" testId="ea6f65dc-9275-f99e-62e6-abbb3e61cb1a" testName="Azure.Functions.Cli.Tests.ExtensionsTests.InstallExtensionsTests.bundlesconfiguredbydefault_no_action" computerName="NASONI-Z422" duration="00:00:00.0030000" startTime="2019-11-20T16:49:59.3035988-08:00" endTime="2019-11-20T16:49:59.3036039-08:00" testType="13cdc9d9-ddb5-4fa4-a97d-d965ccfc6d4b" outcome="Failed" testListId="8c84fa94-04c1-424b-9868-57a2d4851a1d" relativeResultsDirectory="dccab5ca-7454-42f7-9883-948141bf0680">
      <Output>
        <StdOut>stdout: Running: &gt;  init . --worker-runtime node</StdOut>
        <ErrorInfo>
          <Message>System.InvalidOperationException : Cannot start process because a file name has not been provided.</Message>
          <StackTrace>   at System.Diagnostics.Process.Start()&#xD;
   at Azure.Functions.Cli.Common.Executable.RunAsync(Action`1 outputCallback, Action`1 errorCallback, Nullable`1 timeout, String stdIn) in D:\azureFun\azure-functions-core-tools\src\Azure.Functions.Cli\Common\Executable.cs:line 80&#xD;
   at Azure.Functions.Cli.Tests.E2E.Helpers.CliTester.InternalRun(String workingDir, RunConfiguration[] runConfigurations, ITestOutputHelper output, Boolean startHost) in d:\azureFun\azure-functions-core-tools\test\Azure.Functions.Cli.Tests\E2E\Helpers\CliTester.cs:line 85&#xD;
   at Azure.Functions.Cli.Tests.E2E.Helpers.CliTester.Run(RunConfiguration[] runConfigurations, ITestOutputHelper output, String workingDir, Boolean startHost) in d:\azureFun\azure-functions-core-tools\test\Azure.Functions.Cli.Tests\E2E\Helpers\CliTester.cs:line 35&#xD;
--- End of stack trace from previous location where exception was thrown ---</StackTrace>
        </ErrorInfo>
      </Output>
    </UnitTestResult>
    <UnitTestResult executionId="78ec539f-44ea-4eaf-ac91-3235a9224e41" testId="9dbb5f07-9422-6d35-4546-edac74e177fc" testName="Azure.Functions.Cli.Tests.GitIgnoreParserTests.AcceptShouldAcceptUnignoredFilesInIgnoredDirectories" computerName="NASONI-Z422" duration="00:00:00.0010000" startTime="2019-11-20T16:49:58.7236491-08:00" endTime="2019-11-20T16:49:58.7236502-08:00" testType="13cdc9d9-ddb5-4fa4-a97d-d965ccfc6d4b" outcome="Passed" testListId="8c84fa94-04c1-424b-9868-57a2d4851a1d" relativeResultsDirectory="78ec539f-44ea-4eaf-ac91-3235a9224e41" />
    <UnitTestResult executionId="44df3dc8-2c75-4e5d-a403-a920dc2d782b" testId="9f1f89d8-fb6f-2826-e480-ce8a90986031" testName="Azure.Functions.Cli.Tests.KubernetesHelperUnitTests.ValidateKubernetesNames(name: &quot;name@something&quot;, isValid: False)" computerName="NASONI-Z422" duration="00:00:00.0010000" startTime="2019-11-20T16:49:56.1399451-08:00" endTime="2019-11-20T16:49:56.1399457-08:00" testType="13cdc9d9-ddb5-4fa4-a97d-d965ccfc6d4b" outcome="Passed" testListId="8c84fa94-04c1-424b-9868-57a2d4851a1d" relativeResultsDirectory="44df3dc8-2c75-4e5d-a403-a920dc2d782b" />
    <UnitTestResult executionId="88553311-03be-4f0b-8b75-b10123794bed" testId="d3efb588-decb-06e0-f771-066ffc0bd47f" testName="Azure.Functions.Cli.Helpers.Tests.AzureHelperTests.GetFunctionKeyTest(key: &quot;another-key&quot;, value: &quot;another-value&quot;)" computerName="NASONI-Z422" duration="00:00:00.0010000" startTime="2019-11-20T16:49:58.7145077-08:00" endTime="2019-11-20T16:49:58.7145104-08:00" testType="13cdc9d9-ddb5-4fa4-a97d-d965ccfc6d4b" outcome="Passed" testListId="8c84fa94-04c1-424b-9868-57a2d4851a1d" relativeResultsDirectory="88553311-03be-4f0b-8b75-b10123794bed" />
    <UnitTestResult executionId="73291896-eb92-473e-8a58-332a4266b36e" testId="3e96f61f-98f4-cb84-d85b-5356dd246044" testName="Azure.Functions.Cli.Tests.ActionsTests.ResolveActionTests.ResolveCommandLineCorrectly(args: &quot;azure functionapp fetch-app-settings appName&quot;, returnType: typeof(Azure.Functions.Cli.Actions.AzureActions.FetchAppSettingsAction))" computerName="NASONI-Z422" duration="00:00:00.0090000" startTime="2019-11-20T16:49:55.9338501-08:00" endTime="2019-11-20T16:49:55.9338575-08:00" testType="13cdc9d9-ddb5-4fa4-a97d-d965ccfc6d4b" outcome="Passed" testListId="8c84fa94-04c1-424b-9868-57a2d4851a1d" relativeResultsDirectory="73291896-eb92-473e-8a58-332a4266b36e" />
    <UnitTestResult executionId="e8397fe4-2d8d-497c-ab83-ed0932d5d5fe" testId="dae95602-c54d-e58f-4f04-32815860a055" testName="Azure.Functions.Cli.Tests.E2E.InitTests.init_with_Dockerfile(workerRuntime: &quot;node&quot;)" computerName="NASONI-Z422" duration="00:00:00.0020000" startTime="2019-11-20T16:49:56.0656547-08:00" endTime="2019-11-20T16:49:56.0656595-08:00" testType="13cdc9d9-ddb5-4fa4-a97d-d965ccfc6d4b" outcome="Failed" testListId="8c84fa94-04c1-424b-9868-57a2d4851a1d" relativeResultsDirectory="e8397fe4-2d8d-497c-ab83-ed0932d5d5fe">
      <Output>
        <StdOut>stdout: Running: &gt;  init . --worker-runtime node --docker</StdOut>
        <ErrorInfo>
          <Message>System.InvalidOperationException : Cannot start process because a file name has not been provided.</Message>
          <StackTrace>   at System.Diagnostics.Process.Start()&#xD;
   at Azure.Functions.Cli.Common.Executable.RunAsync(Action`1 outputCallback, Action`1 errorCallback, Nullable`1 timeout, String stdIn) in D:\azureFun\azure-functions-core-tools\src\Azure.Functions.Cli\Common\Executable.cs:line 80&#xD;
   at Azure.Functions.Cli.Tests.E2E.Helpers.CliTester.InternalRun(String workingDir, RunConfiguration[] runConfigurations, ITestOutputHelper output, Boolean startHost) in d:\azureFun\azure-functions-core-tools\test\Azure.Functions.Cli.Tests\E2E\Helpers\CliTester.cs:line 85&#xD;
   at Azure.Functions.Cli.Tests.E2E.Helpers.CliTester.Run(RunConfiguration[] runConfigurations, ITestOutputHelper output, String workingDir, Boolean startHost) in d:\azureFun\azure-functions-core-tools\test\Azure.Functions.Cli.Tests\E2E\Helpers\CliTester.cs:line 35&#xD;
--- End of stack trace from previous location where exception was thrown ---</StackTrace>
        </ErrorInfo>
      </Output>
    </UnitTestResult>
    <UnitTestResult executionId="38f15bd3-ba73-41c8-8460-a494007e54c5" testId="f28fdcdf-a34d-d676-c42f-da87b3f4a8b1" testName="Azure.Functions.Cli.Tests.E2E.StartTests.start_powershell" computerName="NASONI-Z422" duration="00:00:00.0040000" startTime="2019-11-20T16:49:56.1867075-08:00" endTime="2019-11-20T16:49:56.1867155-08:00" testType="13cdc9d9-ddb5-4fa4-a97d-d965ccfc6d4b" outcome="Failed" testListId="8c84fa94-04c1-424b-9868-57a2d4851a1d" relativeResultsDirectory="38f15bd3-ba73-41c8-8460-a494007e54c5">
      <Output>
        <StdOut>stdout: Running: &gt;  init . --worker-runtime powershell</StdOut>
        <ErrorInfo>
          <Message>System.InvalidOperationException : Cannot start process because a file name has not been provided.</Message>
          <StackTrace>   at System.Diagnostics.Process.Start()&#xD;
   at Azure.Functions.Cli.Common.Executable.RunAsync(Action`1 outputCallback, Action`1 errorCallback, Nullable`1 timeout, String stdIn) in D:\azureFun\azure-functions-core-tools\src\Azure.Functions.Cli\Common\Executable.cs:line 80&#xD;
   at Azure.Functions.Cli.Tests.E2E.Helpers.CliTester.InternalRun(String workingDir, RunConfiguration[] runConfigurations, ITestOutputHelper output, Boolean startHost) in d:\azureFun\azure-functions-core-tools\test\Azure.Functions.Cli.Tests\E2E\Helpers\CliTester.cs:line 85&#xD;
   at Azure.Functions.Cli.Tests.E2E.Helpers.CliTester.Run(RunConfiguration[] runConfigurations, ITestOutputHelper output, String workingDir, Boolean startHost) in d:\azureFun\azure-functions-core-tools\test\Azure.Functions.Cli.Tests\E2E\Helpers\CliTester.cs:line 35&#xD;
   at Azure.Functions.Cli.Tests.E2E.StartTests.start_powershell() in d:\azureFun\azure-functions-core-tools\test\Azure.Functions.Cli.Tests\E2E\StartTests.cs:line 235&#xD;
--- End of stack trace from previous location where exception was thrown ---</StackTrace>
        </ErrorInfo>
      </Output>
    </UnitTestResult>
    <UnitTestResult executionId="0b372d74-9ec3-401d-9c0e-268fe73c3426" testId="ffd1e9b5-9428-7728-bd40-88718d74b2e7" testName="Azure.Functions.Cli.Tests.ActionsTests.ResolveActionTests.ResolveCommandLineCorrectly(args: &quot;durable get-instances --created-before 11/10/2018 &quot;..., returnType: typeof(Azure.Functions.Cli.Actions.DurableActions.DurableGetInstances))" computerName="NASONI-Z422" duration="00:00:00.0030000" startTime="2019-11-20T16:49:56.0241212-08:00" endTime="2019-11-20T16:49:56.0241238-08:00" testType="13cdc9d9-ddb5-4fa4-a97d-d965ccfc6d4b" outcome="Passed" testListId="8c84fa94-04c1-424b-9868-57a2d4851a1d" relativeResultsDirectory="0b372d74-9ec3-401d-9c0e-268fe73c3426" />
    <UnitTestResult executionId="d02171ba-916f-490a-920d-2e8aff8b8251" testId="7328c548-3649-08f6-12ce-d4ccaf4dcbb1" testName="Azure.Functions.Cli.Tests.E2E.DurableTests.DurableGetRuntimeStatusTest" computerName="NASONI-Z422" duration="00:00:00.0010000" startTime="2019-11-20T16:49:58.6412279-08:00" endTime="2019-11-20T16:49:58.6412305-08:00" testType="13cdc9d9-ddb5-4fa4-a97d-d965ccfc6d4b" outcome="NotExecuted" testListId="8c84fa94-04c1-424b-9868-57a2d4851a1d" relativeResultsDirectory="d02171ba-916f-490a-920d-2e8aff8b8251">
      <Output>
        <StdOut>Durable E2E tests need a storage account connection</StdOut>
      </Output>
    </UnitTestResult>
    <UnitTestResult executionId="2629d217-8790-47ce-ab73-b575f8f1b15e" testId="fb5bbe6a-a717-ca10-710b-5ca2aaa6add9" testName="Azure.Functions.Cli.Tests.E2E.ListFunctionsTests.ListFunctionsWorks" computerName="NASONI-Z422" duration="00:00:00.0010000" startTime="2019-11-20T16:49:58.7493171-08:00" endTime="2019-11-20T16:49:58.7493229-08:00" testType="13cdc9d9-ddb5-4fa4-a97d-d965ccfc6d4b" outcome="NotExecuted" testListId="8c84fa94-04c1-424b-9868-57a2d4851a1d" relativeResultsDirectory="2629d217-8790-47ce-ab73-b575f8f1b15e">
      <Output>
        <StdOut>One or more of AZURE_DIRECTORY_ID, AZURE_SERVICE_PRINCIPAL_ID, AZURE_SERVICE_PRINCIPAL_KEY is not defined</StdOut>
      </Output>
    </UnitTestResult>
    <UnitTestResult executionId="0e3968e4-25ef-4f70-9685-a5860f0ca6b4" testId="54d83d66-97ca-4e37-322f-fea37d237ffe" testName="Azure.Functions.Cli.Tests.ActionsTests.ResolveActionTests.ResolveCommandLineCorrectly(args: &quot;-version&quot;, returnType: null)" computerName="NASONI-Z422" duration="00:00:00.0310000" startTime="2019-11-20T16:49:55.7971127-08:00" endTime="2019-11-20T16:49:55.7971235-08:00" testType="13cdc9d9-ddb5-4fa4-a97d-d965ccfc6d4b" outcome="Passed" testListId="8c84fa94-04c1-424b-9868-57a2d4851a1d" relativeResultsDirectory="0e3968e4-25ef-4f70-9685-a5860f0ca6b4" />
    <UnitTestResult executionId="46e2072b-e223-46b2-b89f-761b999f3eeb" testId="88a6babb-85d8-14cf-b78a-b66f1d645cd7" testName="Azure.Functions.Cli.Tests.UriExtensionsTests.IsJsonTest(value: &quot;&quot;, expected: False)" computerName="NASONI-Z422" duration="00:00:00.0050000" startTime="2019-11-20T16:49:56.2252738-08:00" endTime="2019-11-20T16:49:56.2252801-08:00" testType="13cdc9d9-ddb5-4fa4-a97d-d965ccfc6d4b" outcome="Passed" testListId="8c84fa94-04c1-424b-9868-57a2d4851a1d" relativeResultsDirectory="46e2072b-e223-46b2-b89f-761b999f3eeb" />
    <UnitTestResult executionId="ab47d352-2c7a-4fd5-b2e3-96cdb23ad241" testId="2e97a520-f469-1426-76d3-49996cac8357" testName="Azure.Functions.Cli.Tests.ExtensionsTests.TaskExtensionsTests.IgnoreFailureTest" computerName="NASONI-Z422" duration="00:00:00.0020000" startTime="2019-11-20T16:49:58.7444757-08:00" endTime="2019-11-20T16:49:58.7444786-08:00" testType="13cdc9d9-ddb5-4fa4-a97d-d965ccfc6d4b" outcome="Passed" testListId="8c84fa94-04c1-424b-9868-57a2d4851a1d" relativeResultsDirectory="ab47d352-2c7a-4fd5-b2e3-96cdb23ad241" />
    <UnitTestResult executionId="147c399b-f232-4a82-ad06-82630397a6ea" testId="e0ef2013-516b-50af-1cfc-3551e92565d5" testName="Azure.Functions.Cli.Tests.E2E.InitTests.init_with_python_Dockerfile" computerName="NASONI-Z422" duration="00:00:00.0040000" startTime="2019-11-20T16:49:56.1351156-08:00" endTime="2019-11-20T16:49:56.1351217-08:00" testType="13cdc9d9-ddb5-4fa4-a97d-d965ccfc6d4b" outcome="Failed" testListId="8c84fa94-04c1-424b-9868-57a2d4851a1d" relativeResultsDirectory="147c399b-f232-4a82-ad06-82630397a6ea">
      <Output>
        <StdOut>stdout: Running: &gt;  init . --worker-runtime python --docker</StdOut>
        <ErrorInfo>
          <Message>System.InvalidOperationException : Cannot start process because a file name has not been provided.</Message>
          <StackTrace>   at System.Diagnostics.Process.Start()&#xD;
   at Azure.Functions.Cli.Common.Executable.RunAsync(Action`1 outputCallback, Action`1 errorCallback, Nullable`1 timeout, String stdIn) in D:\azureFun\azure-functions-core-tools\src\Azure.Functions.Cli\Common\Executable.cs:line 80&#xD;
   at Azure.Functions.Cli.Tests.E2E.Helpers.CliTester.InternalRun(String workingDir, RunConfiguration[] runConfigurations, ITestOutputHelper output, Boolean startHost) in d:\azureFun\azure-functions-core-tools\test\Azure.Functions.Cli.Tests\E2E\Helpers\CliTester.cs:line 85&#xD;
   at Azure.Functions.Cli.Tests.E2E.Helpers.CliTester.Run(RunConfiguration[] runConfigurations, ITestOutputHelper output, String workingDir, Boolean startHost) in d:\azureFun\azure-functions-core-tools\test\Azure.Functions.Cli.Tests\E2E\Helpers\CliTester.cs:line 35&#xD;
   at Azure.Functions.Cli.Tests.E2E.InitTests.init_with_python_Dockerfile() in d:\azureFun\azure-functions-core-tools\test\Azure.Functions.Cli.Tests\E2E\InitTests.cs:line 148&#xD;
--- End of stack trace from previous location where exception was thrown ---</StackTrace>
        </ErrorInfo>
      </Output>
    </UnitTestResult>
    <UnitTestResult executionId="9a608c81-d72a-4a16-aef5-81dd424ca81f" testId="9089a251-6020-8d31-3d3f-1e5408cf5fa2" testName="Azure.Functions.Cli.Tests.ActionsTests.ResolveActionTests.ResolveCommandLineCorrectly(args: &quot;azure account set accountName&quot;, returnType: typeof(Azure.Functions.Cli.Actions.AzureActions.DeprecatedAzureActions))" computerName="NASONI-Z422" duration="00:00:00.0010000" startTime="2019-11-20T16:49:55.9469279-08:00" endTime="2019-11-20T16:49:55.9469308-08:00" testType="13cdc9d9-ddb5-4fa4-a97d-d965ccfc6d4b" outcome="Passed" testListId="8c84fa94-04c1-424b-9868-57a2d4851a1d" relativeResultsDirectory="9a608c81-d72a-4a16-aef5-81dd424ca81f" />
    <UnitTestResult executionId="de91cde3-9b9e-4123-b48a-5e9d53200613" testId="18db6ac8-b05a-7c84-1df6-71b9004d931d" testName="Azure.Functions.Cli.Tests.E2E.StartTests.only_run_some_functions" computerName="NASONI-Z422" duration="00:00:00.0040000" startTime="2019-11-20T16:49:56.2204727-08:00" endTime="2019-11-20T16:49:56.2204796-08:00" testType="13cdc9d9-ddb5-4fa4-a97d-d965ccfc6d4b" outcome="Failed" testListId="8c84fa94-04c1-424b-9868-57a2d4851a1d" relativeResultsDirectory="de91cde3-9b9e-4123-b48a-5e9d53200613">
      <Output>
        <StdOut>stdout: Running: &gt;  init . --worker-runtime javascript</StdOut>
        <ErrorInfo>
          <Message>System.InvalidOperationException : Cannot start process because a file name has not been provided.</Message>
          <StackTrace>   at System.Diagnostics.Process.Start()&#xD;
   at Azure.Functions.Cli.Common.Executable.RunAsync(Action`1 outputCallback, Action`1 errorCallback, Nullable`1 timeout, String stdIn) in D:\azureFun\azure-functions-core-tools\src\Azure.Functions.Cli\Common\Executable.cs:line 80&#xD;
   at Azure.Functions.Cli.Tests.E2E.Helpers.CliTester.InternalRun(String workingDir, RunConfiguration[] runConfigurations, ITestOutputHelper output, Boolean startHost) in d:\azureFun\azure-functions-core-tools\test\Azure.Functions.Cli.Tests\E2E\Helpers\CliTester.cs:line 85&#xD;
   at Azure.Functions.Cli.Tests.E2E.Helpers.CliTester.Run(RunConfiguration[] runConfigurations, ITestOutputHelper output, String workingDir, Boolean startHost) in d:\azureFun\azure-functions-core-tools\test\Azure.Functions.Cli.Tests\E2E\Helpers\CliTester.cs:line 35&#xD;
   at Azure.Functions.Cli.Tests.E2E.StartTests.only_run_some_functions() in d:\azureFun\azure-functions-core-tools\test\Azure.Functions.Cli.Tests\E2E\StartTests.cs:line 261&#xD;
--- End of stack trace from previous location where exception was thrown ---</StackTrace>
        </ErrorInfo>
      </Output>
    </UnitTestResult>
    <UnitTestResult executionId="8b9f9e55-e142-4913-bcfb-a403489e2522" testId="744b1472-67f7-81df-ef74-a77709274f11" testName="Azure.Functions.Cli.Tests.KubernetesHelperUnitTests.ValidateKubernetesNames(name: &quot;NameWithCapital&quot;, isValid: False)" computerName="NASONI-Z422" duration="00:00:00.0010000" startTime="2019-11-20T16:49:56.1391919-08:00" endTime="2019-11-20T16:49:56.1391939-08:00" testType="13cdc9d9-ddb5-4fa4-a97d-d965ccfc6d4b" outcome="Passed" testListId="8c84fa94-04c1-424b-9868-57a2d4851a1d" relativeResultsDirectory="8b9f9e55-e142-4913-bcfb-a403489e2522" />
    <UnitTestResult executionId="37d35243-c69d-4b22-9586-a3d98e944f59" testId="b4ee8f5c-889a-4fca-ff80-57fa460645d6" testName="Azure.Functions.Cli.Tests.ActionsTests.ResolveActionTests.ResolveCommandLineCorrectly(args: &quot;WrongName&quot;, returnType: typeof(Azure.Functions.Cli.Actions.HelpAction))" computerName="NASONI-Z422" duration="00:00:00.0010000" startTime="2019-11-20T16:49:55.9420334-08:00" endTime="2019-11-20T16:49:55.9420359-08:00" testType="13cdc9d9-ddb5-4fa4-a97d-d965ccfc6d4b" outcome="Passed" testListId="8c84fa94-04c1-424b-9868-57a2d4851a1d" relativeResultsDirectory="37d35243-c69d-4b22-9586-a3d98e944f59" />
    <UnitTestResult executionId="4f0ed584-9ae1-4240-bed7-f4ac2ff4ad36" testId="3d9afed2-66bd-dc4f-d141-be86f2474bf2" testName="Azure.Functions.Cli.Tests.ExtensionsTests.ProcessExtensionsTests.WaitForExitTest" computerName="NASONI-Z422" duration="00:00:00.2120000" startTime="2019-11-20T16:49:59.2874287-08:00" endTime="2019-11-20T16:49:59.2874414-08:00" testType="13cdc9d9-ddb5-4fa4-a97d-d965ccfc6d4b" outcome="Passed" testListId="8c84fa94-04c1-424b-9868-57a2d4851a1d" relativeResultsDirectory="4f0ed584-9ae1-4240-bed7-f4ac2ff4ad36" />
    <UnitTestResult executionId="e513cf44-5bd7-4cc5-8a0e-8fee0d94fe59" testId="2171c70e-0095-5e1e-14ba-ab56bb1825b8" testName="Azure.Functions.Cli.Tests.E2E.DurableTests.DurableGetInstancesTest" computerName="NASONI-Z422" duration="00:00:00.0010000" startTime="2019-11-20T16:49:58.6364053-08:00" endTime="2019-11-20T16:49:58.6364078-08:00" testType="13cdc9d9-ddb5-4fa4-a97d-d965ccfc6d4b" outcome="NotExecuted" testListId="8c84fa94-04c1-424b-9868-57a2d4851a1d" relativeResultsDirectory="e513cf44-5bd7-4cc5-8a0e-8fee0d94fe59">
      <Output>
        <StdOut>Durable E2E tests need a storage account connection</StdOut>
      </Output>
    </UnitTestResult>
    <UnitTestResult executionId="dfa28ce1-8148-4287-aafc-728ea23be015" testId="fed4cb35-1ff8-2661-9595-14ef0f48ca52" testName="Azure.Functions.Cli.Tests.E2E.InitTests.init_with_worker_runtime(workerRuntime: &quot;node&quot;)" computerName="NASONI-Z422" duration="00:00:00.0030000" startTime="2019-11-20T16:49:56.0881058-08:00" endTime="2019-11-20T16:49:56.0881111-08:00" testType="13cdc9d9-ddb5-4fa4-a97d-d965ccfc6d4b" outcome="Failed" testListId="8c84fa94-04c1-424b-9868-57a2d4851a1d" relativeResultsDirectory="dfa28ce1-8148-4287-aafc-728ea23be015">
      <Output>
        <StdOut>stdout: Running: &gt;  init . --worker-runtime node</StdOut>
        <ErrorInfo>
          <Message>System.InvalidOperationException : Cannot start process because a file name has not been provided.</Message>
          <StackTrace>   at System.Diagnostics.Process.Start()&#xD;
   at Azure.Functions.Cli.Common.Executable.RunAsync(Action`1 outputCallback, Action`1 errorCallback, Nullable`1 timeout, String stdIn) in D:\azureFun\azure-functions-core-tools\src\Azure.Functions.Cli\Common\Executable.cs:line 80&#xD;
   at Azure.Functions.Cli.Tests.E2E.Helpers.CliTester.InternalRun(String workingDir, RunConfiguration[] runConfigurations, ITestOutputHelper output, Boolean startHost) in d:\azureFun\azure-functions-core-tools\test\Azure.Functions.Cli.Tests\E2E\Helpers\CliTester.cs:line 85&#xD;
   at Azure.Functions.Cli.Tests.E2E.Helpers.CliTester.Run(RunConfiguration[] runConfigurations, ITestOutputHelper output, String workingDir, Boolean startHost) in d:\azureFun\azure-functions-core-tools\test\Azure.Functions.Cli.Tests\E2E\Helpers\CliTester.cs:line 35&#xD;
--- End of stack trace from previous location where exception was thrown ---</StackTrace>
        </ErrorInfo>
      </Output>
    </UnitTestResult>
    <UnitTestResult executionId="0b94d9a5-788e-48d2-8b44-784f0dcc94c4" testId="26de893a-e2e9-33d7-8410-c3d93b4decf3" testName="Azure.Functions.Cli.Tests.ActionsTests.StartHostActionTests.CheckNonOptionalSettingsThrowsOnMissingAzureWebJobsStorage" computerName="NASONI-Z422" duration="00:00:00.0340000" startTime="2019-11-20T16:49:59.3377155-08:00" endTime="2019-11-20T16:49:59.3377222-08:00" testType="13cdc9d9-ddb5-4fa4-a97d-d965ccfc6d4b" outcome="Passed" testListId="8c84fa94-04c1-424b-9868-57a2d4851a1d" relativeResultsDirectory="0b94d9a5-788e-48d2-8b44-784f0dcc94c4" />
    <UnitTestResult executionId="f49c44b3-161e-4a92-ad1f-d7324b001733" testId="77fb56d2-1911-d26c-ecbb-f18f47add1be" testName="Azure.Functions.Cli.Tests.ActionsTests.StartHostActionTests.CheckNonOptionalSettingsPrintsWarningForMissingSettings" computerName="NASONI-Z422" duration="00:00:00.0100000" startTime="2019-11-20T16:49:59.3475180-08:00" endTime="2019-11-20T16:49:59.3475210-08:00" testType="13cdc9d9-ddb5-4fa4-a97d-d965ccfc6d4b" outcome="Passed" testListId="8c84fa94-04c1-424b-9868-57a2d4851a1d" relativeResultsDirectory="f49c44b3-161e-4a92-ad1f-d7324b001733" />
    <UnitTestResult executionId="59b4e573-8044-425b-8cae-8533ed702e41" testId="be93d512-0232-5d00-fb64-530a7ac3622a" testName="Azure.Functions.Cli.Tests.ActionsTests.ResolveActionTests.ResolveCommandLineCorrectly(args: &quot;azure --help&quot;, returnType: typeof(Azure.Functions.Cli.Actions.HelpAction))" computerName="NASONI-Z422" duration="00:00:00.0010000" startTime="2019-11-20T16:49:56.0202151-08:00" endTime="2019-11-20T16:49:56.0202171-08:00" testType="13cdc9d9-ddb5-4fa4-a97d-d965ccfc6d4b" outcome="Passed" testListId="8c84fa94-04c1-424b-9868-57a2d4851a1d" relativeResultsDirectory="59b4e573-8044-425b-8cae-8533ed702e41" />
    <UnitTestResult executionId="81136e38-df21-4798-84d8-3cbf09363365" testId="b6c76e80-b5b7-3f98-260a-f3016f7d7254" testName="Azure.Functions.Cli.Tests.ActionsTests.ResolveActionTests.ResolveCommandLineCorrectly(args: &quot;settings list&quot;, returnType: typeof(Azure.Functions.Cli.Actions.LocalActions.ListSettingsAction))" computerName="NASONI-Z422" duration="00:00:00.0020000" startTime="2019-11-20T16:49:55.9443497-08:00" endTime="2019-11-20T16:49:55.9443526-08:00" testType="13cdc9d9-ddb5-4fa4-a97d-d965ccfc6d4b" outcome="Passed" testListId="8c84fa94-04c1-424b-9868-57a2d4851a1d" relativeResultsDirectory="81136e38-df21-4798-84d8-3cbf09363365" />
    <UnitTestResult executionId="7ec3e377-d4c7-4c24-9155-675a06553df7" testId="1c660e16-d25a-0ae9-607c-b0969bf571c1" testName="Azure.Functions.Cli.Tests.E2E.DurableTests.DurableGetHistoryTest" computerName="NASONI-Z422" duration="00:00:00.0010000" startTime="2019-11-20T16:49:58.6396840-08:00" endTime="2019-11-20T16:49:58.6396870-08:00" testType="13cdc9d9-ddb5-4fa4-a97d-d965ccfc6d4b" outcome="NotExecuted" testListId="8c84fa94-04c1-424b-9868-57a2d4851a1d" relativeResultsDirectory="7ec3e377-d4c7-4c24-9155-675a06553df7">
      <Output>
        <StdOut>Durable E2E tests need a storage account connection</StdOut>
      </Output>
    </UnitTestResult>
    <UnitTestResult executionId="87068449-8054-4163-bff9-fdceb1473c93" testId="ea50a151-1b12-df2b-178f-fcb2c35810bb" testName="Azure.Functions.Cli.Tests.ExtensionsTests.StringExtensionsTests.TestSanitizeImageNameWithBadFormatSanitizeOutput(input: &quot;hello-World&quot;, expected: &quot;helloworld&quot;)" computerName="NASONI-Z422" duration="00:00:00.0010000" startTime="2019-11-20T16:49:55.0249033-08:00" endTime="2019-11-20T16:49:55.0249040-08:00" testType="13cdc9d9-ddb5-4fa4-a97d-d965ccfc6d4b" outcome="Passed" testListId="8c84fa94-04c1-424b-9868-57a2d4851a1d" relativeResultsDirectory="87068449-8054-4163-bff9-fdceb1473c93" />
    <UnitTestResult executionId="2f72c538-2bb8-4781-af08-855129aa5559" testId="dea3461a-6816-c1e3-9b2d-cf4d0771d692" testName="Azure.Functions.Cli.Tests.E2E.StartTests.start_handles_empty_envvars_correctly" computerName="NASONI-Z422" duration="00:00:00.0050000" startTime="2019-11-20T16:49:56.2150551-08:00" endTime="2019-11-20T16:49:56.2150626-08:00" testType="13cdc9d9-ddb5-4fa4-a97d-d965ccfc6d4b" outcome="Failed" testListId="8c84fa94-04c1-424b-9868-57a2d4851a1d" relativeResultsDirectory="2f72c538-2bb8-4781-af08-855129aa5559">
      <Output>
        <StdOut>stdout: Running: &gt;  init . --worker-runtime node</StdOut>
        <ErrorInfo>
          <Message>System.InvalidOperationException : Cannot start process because a file name has not been provided.</Message>
          <StackTrace>   at System.Diagnostics.Process.Start()&#xD;
   at Azure.Functions.Cli.Common.Executable.RunAsync(Action`1 outputCallback, Action`1 errorCallback, Nullable`1 timeout, String stdIn) in D:\azureFun\azure-functions-core-tools\src\Azure.Functions.Cli\Common\Executable.cs:line 80&#xD;
   at Azure.Functions.Cli.Tests.E2E.Helpers.CliTester.InternalRun(String workingDir, RunConfiguration[] runConfigurations, ITestOutputHelper output, Boolean startHost) in d:\azureFun\azure-functions-core-tools\test\Azure.Functions.Cli.Tests\E2E\Helpers\CliTester.cs:line 85&#xD;
   at Azure.Functions.Cli.Tests.E2E.Helpers.CliTester.Run(RunConfiguration[] runConfigurations, ITestOutputHelper output, String workingDir, Boolean startHost) in d:\azureFun\azure-functions-core-tools\test\Azure.Functions.Cli.Tests\E2E\Helpers\CliTester.cs:line 35&#xD;
   at Azure.Functions.Cli.Tests.E2E.StartTests.start_handles_empty_envvars_correctly() in d:\azureFun\azure-functions-core-tools\test\Azure.Functions.Cli.Tests\E2E\StartTests.cs:line 178&#xD;
--- End of stack trace from previous location where exception was thrown ---</StackTrace>
        </ErrorInfo>
      </Output>
    </UnitTestResult>
    <UnitTestResult executionId="e802a573-66d0-4591-8362-a4b941780aeb" testId="67e96cf1-882b-80de-8b77-9490140e2b4c" testName="Azure.Functions.Cli.Tests.ExtensionsTests.StringExtensionsTests.TestSanitizeImageNameWithBadFormatSanitizeOutput(input: &quot;hello_World&quot;, expected: &quot;hello_world&quot;)" computerName="NASONI-Z422" duration="00:00:00.0010000" startTime="2019-11-20T16:49:55.0247982-08:00" endTime="2019-11-20T16:49:55.0247992-08:00" testType="13cdc9d9-ddb5-4fa4-a97d-d965ccfc6d4b" outcome="Passed" testListId="8c84fa94-04c1-424b-9868-57a2d4851a1d" relativeResultsDirectory="e802a573-66d0-4591-8362-a4b941780aeb" />
    <UnitTestResult executionId="57835cfe-851f-454c-9cf7-d7e92ac02d7e" testId="3e1eb9e1-0a7c-22e4-6b5b-723382f1a0b6" testName="Azure.Functions.Cli.Tests.ExtensionsTests.TaskExtensionsTests.IgnoreFailuteOfTTest" computerName="NASONI-Z422" duration="00:00:00.0030000" startTime="2019-11-20T16:49:58.7470536-08:00" endTime="2019-11-20T16:49:58.7470568-08:00" testType="13cdc9d9-ddb5-4fa4-a97d-d965ccfc6d4b" outcome="Passed" testListId="8c84fa94-04c1-424b-9868-57a2d4851a1d" relativeResultsDirectory="57835cfe-851f-454c-9cf7-d7e92ac02d7e" />
    <UnitTestResult executionId="f5318471-d2da-4a89-9b5c-edf51f0138a3" testId="a42ef01f-d836-859c-1bc9-99f8d567f5c3" testName="Azure.Functions.Cli.Tests.ActionsTests.ResolveActionTests.ResolveCommandLineCorrectly(args: &quot;--version&quot;, returnType: null)" computerName="NASONI-Z422" duration="00:00:00.0010000" startTime="2019-11-20T16:49:55.9112009-08:00" endTime="2019-11-20T16:49:55.9112042-08:00" testType="13cdc9d9-ddb5-4fa4-a97d-d965ccfc6d4b" outcome="Passed" testListId="8c84fa94-04c1-424b-9868-57a2d4851a1d" relativeResultsDirectory="f5318471-d2da-4a89-9b5c-edf51f0138a3" />
    <UnitTestResult executionId="db4e067b-faf6-44be-a623-22d5ce5f93ff" testId="bd78b515-00b0-094a-e313-5142986debc4" testName="Azure.Functions.Cli.Tests.ActionsTests.ResolveActionTests.ResolveCommandLineCorrectly(args: &quot;durable get-runtime-status --id ab1b5de4c5a9450eaf&quot;..., returnType: typeof(Azure.Functions.Cli.Actions.DurableActions.DurableGetRuntimeStatus))" computerName="NASONI-Z422" duration="00:00:00.0020000" startTime="2019-11-20T16:49:56.0122914-08:00" endTime="2019-11-20T16:49:56.0122939-08:00" testType="13cdc9d9-ddb5-4fa4-a97d-d965ccfc6d4b" outcome="Passed" testListId="8c84fa94-04c1-424b-9868-57a2d4851a1d" relativeResultsDirectory="db4e067b-faf6-44be-a623-22d5ce5f93ff" />
    <UnitTestResult executionId="e8780cdf-039c-4c1b-8306-4021679b63cc" testId="78561c78-b11f-249e-8d46-afb9f8373f86" testName="Azure.Functions.Cli.Tests.ActionsTests.ResolveActionTests.ResolveCommandLineCorrectly(args: &quot;azure functionapp list&quot;, returnType: typeof(Azure.Functions.Cli.Actions.AzureActions.DeprecatedAzureActions))" computerName="NASONI-Z422" duration="00:00:00.0010000" startTime="2019-11-20T16:49:55.9456802-08:00" endTime="2019-11-20T16:49:55.9456823-08:00" testType="13cdc9d9-ddb5-4fa4-a97d-d965ccfc6d4b" outcome="Passed" testListId="8c84fa94-04c1-424b-9868-57a2d4851a1d" relativeResultsDirectory="e8780cdf-039c-4c1b-8306-4021679b63cc" />
    <UnitTestResult executionId="9ddc2ec7-897a-4933-9c82-9a86a6cc0eb3" testId="b3200108-16ce-1a20-4c5e-ce4b037f63ed" testName="Azure.Functions.Cli.Tests.KubernetesHelperUnitTests.ValidateKubernetesNames(name: &quot;name with spaces&quot;, isValid: False)" computerName="NASONI-Z422" duration="00:00:00.0010000" startTime="2019-11-20T16:49:56.1393004-08:00" endTime="2019-11-20T16:49:56.1393030-08:00" testType="13cdc9d9-ddb5-4fa4-a97d-d965ccfc6d4b" outcome="Passed" testListId="8c84fa94-04c1-424b-9868-57a2d4851a1d" relativeResultsDirectory="9ddc2ec7-897a-4933-9c82-9a86a6cc0eb3" />
    <UnitTestResult executionId="05c32e70-74ea-4aa4-8c56-46cbe2e3ba0a" testId="955249c5-d309-3548-5b00-36c27c9623c3" testName="Azure.Functions.Cli.Tests.E2E.StartTests.start_dotnet_csharp" computerName="NASONI-Z422" duration="00:00:00.0040000" startTime="2019-11-20T16:49:56.2096432-08:00" endTime="2019-11-20T16:49:56.2096497-08:00" testType="13cdc9d9-ddb5-4fa4-a97d-d965ccfc6d4b" outcome="Failed" testListId="8c84fa94-04c1-424b-9868-57a2d4851a1d" relativeResultsDirectory="05c32e70-74ea-4aa4-8c56-46cbe2e3ba0a">
      <Output>
        <StdOut>stdout: Running: &gt;  init . --worker-runtime dotnet</StdOut>
        <ErrorInfo>
          <Message>System.InvalidOperationException : Cannot start process because a file name has not been provided.</Message>
          <StackTrace>   at System.Diagnostics.Process.Start()&#xD;
   at Azure.Functions.Cli.Common.Executable.RunAsync(Action`1 outputCallback, Action`1 errorCallback, Nullable`1 timeout, String stdIn) in D:\azureFun\azure-functions-core-tools\src\Azure.Functions.Cli\Common\Executable.cs:line 80&#xD;
   at Azure.Functions.Cli.Tests.E2E.Helpers.CliTester.InternalRun(String workingDir, RunConfiguration[] runConfigurations, ITestOutputHelper output, Boolean startHost) in d:\azureFun\azure-functions-core-tools\test\Azure.Functions.Cli.Tests\E2E\Helpers\CliTester.cs:line 85&#xD;
   at Azure.Functions.Cli.Tests.E2E.Helpers.CliTester.Run(RunConfiguration[] runConfigurations, ITestOutputHelper output, String workingDir, Boolean startHost) in d:\azureFun\azure-functions-core-tools\test\Azure.Functions.Cli.Tests\E2E\Helpers\CliTester.cs:line 35&#xD;
   at Azure.Functions.Cli.Tests.E2E.StartTests.start_dotnet_csharp() in d:\azureFun\azure-functions-core-tools\test\Azure.Functions.Cli.Tests\E2E\StartTests.cs:line 81&#xD;
--- End of stack trace from previous location where exception was thrown ---</StackTrace>
        </ErrorInfo>
      </Output>
    </UnitTestResult>
    <UnitTestResult executionId="61ee0aee-99a7-47f8-949e-e7df47b005b4" testId="457c4f00-2dd8-d508-c1d2-c12724633f05" testName="Azure.Functions.Cli.Tests.E2E.DurableTests.DurableTerminateTest" computerName="NASONI-Z422" duration="00:00:00.0010000" startTime="2019-11-20T16:49:58.6289423-08:00" endTime="2019-11-20T16:49:58.6289448-08:00" testType="13cdc9d9-ddb5-4fa4-a97d-d965ccfc6d4b" outcome="NotExecuted" testListId="8c84fa94-04c1-424b-9868-57a2d4851a1d" relativeResultsDirectory="61ee0aee-99a7-47f8-949e-e7df47b005b4">
      <Output>
        <StdOut>Durable E2E tests need a storage account connection</StdOut>
      </Output>
    </UnitTestResult>
    <UnitTestResult executionId="e430dc16-a6ea-4bb8-a6a7-7b1f18915825" testId="ed6e5de5-ad08-412a-5534-fb44a44b7095" testName="Azure.Functions.Cli.Tests.E2E.DurableTests.DurableStartNewTest" computerName="NASONI-Z422" duration="00:00:00.0010000" startTime="2019-11-20T16:49:58.6303603-08:00" endTime="2019-11-20T16:49:58.6303623-08:00" testType="13cdc9d9-ddb5-4fa4-a97d-d965ccfc6d4b" outcome="NotExecuted" testListId="8c84fa94-04c1-424b-9868-57a2d4851a1d" relativeResultsDirectory="e430dc16-a6ea-4bb8-a6a7-7b1f18915825">
      <Output>
        <StdOut>Durable E2E tests need a storage account connection</StdOut>
      </Output>
    </UnitTestResult>
    <UnitTestResult executionId="ff7b588c-fab7-47ec-bbdb-ecd75533ccf0" testId="09e2de0c-a28a-298a-253c-0e48337e3673" testName="Azure.Functions.Cli.Tests.E2E.InitTests.init_dotnet_app" computerName="NASONI-Z422" duration="00:00:00.0180000" startTime="2019-11-20T16:49:56.0540091-08:00" endTime="2019-11-20T16:49:56.0540156-08:00" testType="13cdc9d9-ddb5-4fa4-a97d-d965ccfc6d4b" outcome="Failed" testListId="8c84fa94-04c1-424b-9868-57a2d4851a1d" relativeResultsDirectory="ff7b588c-fab7-47ec-bbdb-ecd75533ccf0">
      <Output>
        <StdOut>stdout: Running: &gt;  init dotnet-funcs --worker-runtime dotnet</StdOut>
        <ErrorInfo>
          <Message>System.InvalidOperationException : Cannot start process because a file name has not been provided.</Message>
          <StackTrace>   at System.Diagnostics.Process.Start()&#xD;
   at Azure.Functions.Cli.Common.Executable.RunAsync(Action`1 outputCallback, Action`1 errorCallback, Nullable`1 timeout, String stdIn) in D:\azureFun\azure-functions-core-tools\src\Azure.Functions.Cli\Common\Executable.cs:line 80&#xD;
   at Azure.Functions.Cli.Tests.E2E.Helpers.CliTester.InternalRun(String workingDir, RunConfiguration[] runConfigurations, ITestOutputHelper output, Boolean startHost) in d:\azureFun\azure-functions-core-tools\test\Azure.Functions.Cli.Tests\E2E\Helpers\CliTester.cs:line 85&#xD;
   at Azure.Functions.Cli.Tests.E2E.Helpers.CliTester.Run(RunConfiguration[] runConfigurations, ITestOutputHelper output, String workingDir, Boolean startHost) in d:\azureFun\azure-functions-core-tools\test\Azure.Functions.Cli.Tests\E2E\Helpers\CliTester.cs:line 35&#xD;
--- End of stack trace from previous location where exception was thrown ---</StackTrace>
        </ErrorInfo>
      </Output>
    </UnitTestResult>
    <UnitTestResult executionId="fc4bf6e1-dccb-435d-a11e-bbe9f5f3e047" testId="48e1ca5f-db9a-873c-f3bc-7991e0057d11" testName="Azure.Functions.Cli.Tests.ActionsTests.ResolveActionTests.ResolveCommandLineCorrectly(args: &quot;durable purge-history --created-after 11/5/2018 --&quot;..., returnType: typeof(Azure.Functions.Cli.Actions.DurableActions.DurablePurgeHistory))" computerName="NASONI-Z422" duration="00:00:00.0470000" startTime="2019-11-20T16:49:55.8441761-08:00" endTime="2019-11-20T16:49:55.8441824-08:00" testType="13cdc9d9-ddb5-4fa4-a97d-d965ccfc6d4b" outcome="Passed" testListId="8c84fa94-04c1-424b-9868-57a2d4851a1d" relativeResultsDirectory="fc4bf6e1-dccb-435d-a11e-bbe9f5f3e047" />
    <UnitTestResult executionId="a8ba171b-74f4-4f83-a91d-56c736fa7839" testId="eec1ee9a-2aa1-4c45-b795-9d460b4f28b4" testName="Azure.Functions.Cli.Tests.E2E.InitTests.init_with_Dockerfile(workerRuntime: &quot;dotnet&quot;)" computerName="NASONI-Z422" duration="00:00:00.0020000" startTime="2019-11-20T16:49:56.0707438-08:00" endTime="2019-11-20T16:49:56.0707470-08:00" testType="13cdc9d9-ddb5-4fa4-a97d-d965ccfc6d4b" outcome="Failed" testListId="8c84fa94-04c1-424b-9868-57a2d4851a1d" relativeResultsDirectory="a8ba171b-74f4-4f83-a91d-56c736fa7839">
      <Output>
        <StdOut>stdout: Running: &gt;  init . --worker-runtime dotnet --docker</StdOut>
        <ErrorInfo>
          <Message>System.InvalidOperationException : Cannot start process because a file name has not been provided.</Message>
          <StackTrace>   at System.Diagnostics.Process.Start()&#xD;
   at Azure.Functions.Cli.Common.Executable.RunAsync(Action`1 outputCallback, Action`1 errorCallback, Nullable`1 timeout, String stdIn) in D:\azureFun\azure-functions-core-tools\src\Azure.Functions.Cli\Common\Executable.cs:line 80&#xD;
   at Azure.Functions.Cli.Tests.E2E.Helpers.CliTester.InternalRun(String workingDir, RunConfiguration[] runConfigurations, ITestOutputHelper output, Boolean startHost) in d:\azureFun\azure-functions-core-tools\test\Azure.Functions.Cli.Tests\E2E\Helpers\CliTester.cs:line 85&#xD;
   at Azure.Functions.Cli.Tests.E2E.Helpers.CliTester.Run(RunConfiguration[] runConfigurations, ITestOutputHelper output, String workingDir, Boolean startHost) in d:\azureFun\azure-functions-core-tools\test\Azure.Functions.Cli.Tests\E2E\Helpers\CliTester.cs:line 35&#xD;
--- End of stack trace from previous location where exception was thrown ---</StackTrace>
        </ErrorInfo>
      </Output>
    </UnitTestResult>
    <UnitTestResult executionId="dc05f1e3-9b98-4896-9b94-9d477a5fd79d" testId="2e1fd91c-ffee-826e-57bf-a608e053492a" testName="Azure.Functions.Cli.Tests.ActionsTests.ResolveActionTests.ResolveCommandLineCorrectly(args: &quot;settings decrypt&quot;, returnType: typeof(Azure.Functions.Cli.Actions.LocalActions.DecryptSettingAction))" computerName="NASONI-Z422" duration="00:00:00.0010000" startTime="2019-11-20T16:49:56.0158884-08:00" endTime="2019-11-20T16:49:56.0158912-08:00" testType="13cdc9d9-ddb5-4fa4-a97d-d965ccfc6d4b" outcome="Passed" testListId="8c84fa94-04c1-424b-9868-57a2d4851a1d" relativeResultsDirectory="dc05f1e3-9b98-4896-9b94-9d477a5fd79d" />
    <UnitTestResult executionId="2c3e7794-6e80-4aff-82b6-61bb6b32ffd9" testId="486a936c-2d1d-2721-084d-7eba1fa2b833" testName="Azure.Functions.Cli.Tests.GitIgnoreParserTests.AcceptShouldNotAcceptTheGivenDirectory" computerName="NASONI-Z422" duration="00:00:00.0010000" startTime="2019-11-20T16:49:58.7256461-08:00" endTime="2019-11-20T16:49:58.7256482-08:00" testType="13cdc9d9-ddb5-4fa4-a97d-d965ccfc6d4b" outcome="Passed" testListId="8c84fa94-04c1-424b-9868-57a2d4851a1d" relativeResultsDirectory="2c3e7794-6e80-4aff-82b6-61bb6b32ffd9" />
    <UnitTestResult executionId="ed34e267-cbbc-47e6-9a75-945e4bf0f49e" testId="7d741dfd-96b6-3ec8-237a-4816ed351140" testName="Azure.Functions.Cli.Tests.KubernetesHelperUnitTests.ValidateKubernetesNames(name: &quot;name-with-dashes&quot;, isValid: True)" computerName="NASONI-Z422" duration="00:00:00.0040000" startTime="2019-11-20T16:49:56.1390056-08:00" endTime="2019-11-20T16:49:56.1390120-08:00" testType="13cdc9d9-ddb5-4fa4-a97d-d965ccfc6d4b" outcome="Passed" testListId="8c84fa94-04c1-424b-9868-57a2d4851a1d" relativeResultsDirectory="ed34e267-cbbc-47e6-9a75-945e4bf0f49e" />
    <UnitTestResult executionId="210e7430-f295-4f76-8f86-e8d02ef9fc4a" testId="243afa11-a217-684f-45f4-4db9da54a65f" testName="Azure.Functions.Cli.Tests.E2E.DurableTests.DurablePurgeHistoryTest" computerName="NASONI-Z422" duration="00:00:00.0010000" startTime="2019-11-20T16:49:58.6349543-08:00" endTime="2019-11-20T16:49:58.6349564-08:00" testType="13cdc9d9-ddb5-4fa4-a97d-d965ccfc6d4b" outcome="NotExecuted" testListId="8c84fa94-04c1-424b-9868-57a2d4851a1d" relativeResultsDirectory="210e7430-f295-4f76-8f86-e8d02ef9fc4a">
      <Output>
        <StdOut>Durable E2E tests need a storage account connection</StdOut>
      </Output>
    </UnitTestResult>
    <UnitTestResult executionId="c5ecb27a-71b7-46f9-802f-72e8daebfc9f" testId="65b89792-1711-6f19-85b7-0f3eb33b6850" testName="Azure.Functions.Cli.Tests.E2E.DurableTests.DurableDeleteTaskHubTest" computerName="NASONI-Z422" duration="00:00:00.0010000" startTime="2019-11-20T16:49:58.6318486-08:00" endTime="2019-11-20T16:49:58.6318514-08:00" testType="13cdc9d9-ddb5-4fa4-a97d-d965ccfc6d4b" outcome="NotExecuted" testListId="8c84fa94-04c1-424b-9868-57a2d4851a1d" relativeResultsDirectory="c5ecb27a-71b7-46f9-802f-72e8daebfc9f">
      <Output>
        <StdOut>Durable E2E tests need a storage account connection</StdOut>
      </Output>
    </UnitTestResult>
    <UnitTestResult executionId="2c994565-ed30-498a-8a27-780aa1f75714" testId="7dff628d-a279-6c19-743e-80391e45505d" testName="Azure.Functions.Cli.Tests.CommandCheckerFacts.CommandCheckerShouldWork" computerName="NASONI-Z422" duration="00:00:00.2950000" startTime="2019-11-20T16:49:59.0751175-08:00" endTime="2019-11-20T16:49:59.0751244-08:00" testType="13cdc9d9-ddb5-4fa4-a97d-d965ccfc6d4b" outcome="Passed" testListId="8c84fa94-04c1-424b-9868-57a2d4851a1d" relativeResultsDirectory="2c994565-ed30-498a-8a27-780aa1f75714" />
    <UnitTestResult executionId="4dbfdc3c-e4bb-440d-b620-d009e5d71479" testId="5ec44c78-1dd9-61eb-ff84-a8ba6e3dfc0d" testName="Azure.Functions.Cli.Tests.E2E.CreateFunctionTests.create_typescript_template_blob" computerName="NASONI-Z422" duration="00:00:00.0030000" startTime="2019-11-20T16:49:58.7644727-08:00" endTime="2019-11-20T16:49:58.7644766-08:00" testType="13cdc9d9-ddb5-4fa4-a97d-d965ccfc6d4b" outcome="Failed" testListId="8c84fa94-04c1-424b-9868-57a2d4851a1d" relativeResultsDirectory="4dbfdc3c-e4bb-440d-b620-d009e5d71479">
      <Output>
        <StdOut>stdout: Running: &gt;  init . --worker-runtime node --language typescript</StdOut>
        <ErrorInfo>
          <Message>System.InvalidOperationException : Cannot start process because a file name has not been provided.</Message>
          <StackTrace>   at System.Diagnostics.Process.Start()&#xD;
   at Azure.Functions.Cli.Common.Executable.RunAsync(Action`1 outputCallback, Action`1 errorCallback, Nullable`1 timeout, String stdIn) in D:\azureFun\azure-functions-core-tools\src\Azure.Functions.Cli\Common\Executable.cs:line 80&#xD;
   at Azure.Functions.Cli.Tests.E2E.Helpers.CliTester.InternalRun(String workingDir, RunConfiguration[] runConfigurations, ITestOutputHelper output, Boolean startHost) in d:\azureFun\azure-functions-core-tools\test\Azure.Functions.Cli.Tests\E2E\Helpers\CliTester.cs:line 85&#xD;
   at Azure.Functions.Cli.Tests.E2E.Helpers.CliTester.Run(RunConfiguration[] runConfigurations, ITestOutputHelper output, String workingDir, Boolean startHost) in d:\azureFun\azure-functions-core-tools\test\Azure.Functions.Cli.Tests\E2E\Helpers\CliTester.cs:line 35&#xD;
   at Azure.Functions.Cli.Tests.E2E.CreateFunctionTests.create_typescript_template_blob() in d:\azureFun\azure-functions-core-tools\test\Azure.Functions.Cli.Tests\E2E\CreateFunctionTests.cs:line 142&#xD;
--- End of stack trace from previous location where exception was thrown ---</StackTrace>
        </ErrorInfo>
      </Output>
    </UnitTestResult>
    <UnitTestResult executionId="4fb68a33-7d0a-4cd4-a073-cb876fbceff2" testId="b0a4c0b0-a820-e1ec-cdfe-6a7b63dcbff5" testName="Azure.Functions.Cli.Tests.GitIgnoreParserTests.AcceptShouldAcceptNestedUnignoredFilesInIgnoredDirectories" computerName="NASONI-Z422" duration="00:00:00.0010000" startTime="2019-11-20T16:49:58.7231356-08:00" endTime="2019-11-20T16:49:58.7231374-08:00" testType="13cdc9d9-ddb5-4fa4-a97d-d965ccfc6d4b" outcome="Passed" testListId="8c84fa94-04c1-424b-9868-57a2d4851a1d" relativeResultsDirectory="4fb68a33-7d0a-4cd4-a073-cb876fbceff2" />
    <UnitTestResult executionId="c1f5313a-3796-48a2-a10d-da80743ab759" testId="4fe61fb2-add7-9b86-7ac9-963c2c517c14" testName="Azure.Functions.Cli.Tests.UriExtensionsTests.IsServerRunningNegativeTest(Url: &quot;invalid://example.com&quot;, expected: False)" computerName="NASONI-Z422" duration="00:00:00.0010000" startTime="2019-11-20T16:49:58.6205492-08:00" endTime="2019-11-20T16:49:58.6205514-08:00" testType="13cdc9d9-ddb5-4fa4-a97d-d965ccfc6d4b" outcome="Passed" testListId="8c84fa94-04c1-424b-9868-57a2d4851a1d" relativeResultsDirectory="c1f5313a-3796-48a2-a10d-da80743ab759" />
    <UnitTestResult executionId="37c15d40-d84c-4bfd-a7de-dfb8d70ccec8" testId="d3c0f02e-9c06-fd1c-a6d3-3429efece333" testName="Azure.Functions.Cli.Tests.E2E.InitTests.javascript_adds_packagejson" computerName="NASONI-Z422" duration="00:00:00.0030000" startTime="2019-11-20T16:49:56.0915433-08:00" endTime="2019-11-20T16:49:56.0915495-08:00" testType="13cdc9d9-ddb5-4fa4-a97d-d965ccfc6d4b" outcome="Failed" testListId="8c84fa94-04c1-424b-9868-57a2d4851a1d" relativeResultsDirectory="37c15d40-d84c-4bfd-a7de-dfb8d70ccec8">
      <Output>
        <StdOut>stdout: Running: &gt;  init . --worker-runtime node</StdOut>
        <ErrorInfo>
          <Message>System.InvalidOperationException : Cannot start process because a file name has not been provided.</Message>
          <StackTrace>   at System.Diagnostics.Process.Start()&#xD;
   at Azure.Functions.Cli.Common.Executable.RunAsync(Action`1 outputCallback, Action`1 errorCallback, Nullable`1 timeout, String stdIn) in D:\azureFun\azure-functions-core-tools\src\Azure.Functions.Cli\Common\Executable.cs:line 80&#xD;
   at Azure.Functions.Cli.Tests.E2E.Helpers.CliTester.InternalRun(String workingDir, RunConfiguration[] runConfigurations, ITestOutputHelper output, Boolean startHost) in d:\azureFun\azure-functions-core-tools\test\Azure.Functions.Cli.Tests\E2E\Helpers\CliTester.cs:line 85&#xD;
   at Azure.Functions.Cli.Tests.E2E.Helpers.CliTester.Run(RunConfiguration[] runConfigurations, ITestOutputHelper output, String workingDir, Boolean startHost) in d:\azureFun\azure-functions-core-tools\test\Azure.Functions.Cli.Tests\E2E\Helpers\CliTester.cs:line 35&#xD;
--- End of stack trace from previous location where exception was thrown ---</StackTrace>
        </ErrorInfo>
      </Output>
    </UnitTestResult>
    <UnitTestResult executionId="949cd437-7548-47f6-8557-118ff2a2c854" testId="5003810b-7863-4dc1-5248-e3712431e6d6" testName="Azure.Functions.Cli.Tests.E2E.CreateFunctionTests.create_template_function_success_message" computerName="NASONI-Z422" duration="00:00:00.0040000" startTime="2019-11-20T16:49:58.7723752-08:00" endTime="2019-11-20T16:49:58.7723810-08:00" testType="13cdc9d9-ddb5-4fa4-a97d-d965ccfc6d4b" outcome="Failed" testListId="8c84fa94-04c1-424b-9868-57a2d4851a1d" relativeResultsDirectory="949cd437-7548-47f6-8557-118ff2a2c854">
      <Output>
        <StdOut>stdout: Running: &gt;  init . --worker-runtime dotnet</StdOut>
        <ErrorInfo>
          <Message>System.InvalidOperationException : Cannot start process because a file name has not been provided.</Message>
          <StackTrace>   at System.Diagnostics.Process.Start()&#xD;
   at Azure.Functions.Cli.Common.Executable.RunAsync(Action`1 outputCallback, Action`1 errorCallback, Nullable`1 timeout, String stdIn) in D:\azureFun\azure-functions-core-tools\src\Azure.Functions.Cli\Common\Executable.cs:line 80&#xD;
   at Azure.Functions.Cli.Tests.E2E.Helpers.CliTester.InternalRun(String workingDir, RunConfiguration[] runConfigurations, ITestOutputHelper output, Boolean startHost) in d:\azureFun\azure-functions-core-tools\test\Azure.Functions.Cli.Tests\E2E\Helpers\CliTester.cs:line 85&#xD;
   at Azure.Functions.Cli.Tests.E2E.Helpers.CliTester.Run(RunConfiguration[] runConfigurations, ITestOutputHelper output, String workingDir, Boolean startHost) in d:\azureFun\azure-functions-core-tools\test\Azure.Functions.Cli.Tests\E2E\Helpers\CliTester.cs:line 35&#xD;
   at Azure.Functions.Cli.Tests.E2E.CreateFunctionTests.create_template_function_success_message() in d:\azureFun\azure-functions-core-tools\test\Azure.Functions.Cli.Tests\E2E\CreateFunctionTests.cs:line 17&#xD;
--- End of stack trace from previous location where exception was thrown ---</StackTrace>
        </ErrorInfo>
      </Output>
    </UnitTestResult>
    <UnitTestResult executionId="e9e5661b-3e47-436d-82de-ed0502212589" testId="2ff45c5f-7276-d3d7-5177-676fe5992614" testName="Azure.Functions.Cli.Tests.ActionsTests.ResolveActionTests.ResolveCommandLineCorrectly(args: &quot;durable rewind --id ab1b5de4c5a9450eafa5a4cf249b31&quot;..., returnType: typeof(Azure.Functions.Cli.Actions.DurableActions.DurableRewind))" computerName="NASONI-Z422" duration="00:00:00.0030000" startTime="2019-11-20T16:49:55.9177521-08:00" endTime="2019-11-20T16:49:55.9177592-08:00" testType="13cdc9d9-ddb5-4fa4-a97d-d965ccfc6d4b" outcome="Passed" testListId="8c84fa94-04c1-424b-9868-57a2d4851a1d" relativeResultsDirectory="e9e5661b-3e47-436d-82de-ed0502212589" />
    <UnitTestResult executionId="aa4f64c4-6349-47a2-9c2b-5eeb9b6330b2" testId="a33e1e9b-21a9-4ffd-da79-f2532b99fd5f" testName="Azure.Functions.Cli.Tests.E2E.InitTests.init_docker_only_for_existing_project(workerRuntime: &quot;powershell&quot;)" computerName="NASONI-Z422" duration="00:00:00.0030000" startTime="2019-11-20T16:49:56.1022928-08:00" endTime="2019-11-20T16:49:56.1022999-08:00" testType="13cdc9d9-ddb5-4fa4-a97d-d965ccfc6d4b" outcome="Failed" testListId="8c84fa94-04c1-424b-9868-57a2d4851a1d" relativeResultsDirectory="aa4f64c4-6349-47a2-9c2b-5eeb9b6330b2">
      <Output>
        <StdOut>stdout: Running: &gt;  init . --worker-runtime powershell</StdOut>
        <ErrorInfo>
          <Message>System.InvalidOperationException : Cannot start process because a file name has not been provided.</Message>
          <StackTrace>   at System.Diagnostics.Process.Start()&#xD;
   at Azure.Functions.Cli.Common.Executable.RunAsync(Action`1 outputCallback, Action`1 errorCallback, Nullable`1 timeout, String stdIn) in D:\azureFun\azure-functions-core-tools\src\Azure.Functions.Cli\Common\Executable.cs:line 80&#xD;
   at Azure.Functions.Cli.Tests.E2E.Helpers.CliTester.InternalRun(String workingDir, RunConfiguration[] runConfigurations, ITestOutputHelper output, Boolean startHost) in d:\azureFun\azure-functions-core-tools\test\Azure.Functions.Cli.Tests\E2E\Helpers\CliTester.cs:line 85&#xD;
   at Azure.Functions.Cli.Tests.E2E.Helpers.CliTester.Run(RunConfiguration[] runConfigurations, ITestOutputHelper output, String workingDir, Boolean startHost) in d:\azureFun\azure-functions-core-tools\test\Azure.Functions.Cli.Tests\E2E\Helpers\CliTester.cs:line 35&#xD;
--- End of stack trace from previous location where exception was thrown ---</StackTrace>
        </ErrorInfo>
      </Output>
    </UnitTestResult>
    <UnitTestResult executionId="a381d778-cae7-4f72-af3a-f7fdf71d896f" testId="e553ca05-308a-bf73-e898-77e7d60f149d" testName="Azure.Functions.Cli.Tests.E2E.InitTests.init_docker_only_for_existing_project(workerRuntime: &quot;dotnet&quot;)" computerName="NASONI-Z422" duration="00:00:00.0030000" startTime="2019-11-20T16:49:56.1053067-08:00" endTime="2019-11-20T16:49:56.1053141-08:00" testType="13cdc9d9-ddb5-4fa4-a97d-d965ccfc6d4b" outcome="Failed" testListId="8c84fa94-04c1-424b-9868-57a2d4851a1d" relativeResultsDirectory="a381d778-cae7-4f72-af3a-f7fdf71d896f">
      <Output>
        <StdOut>stdout: Running: &gt;  init . --worker-runtime dotnet</StdOut>
        <ErrorInfo>
          <Message>System.InvalidOperationException : Cannot start process because a file name has not been provided.</Message>
          <StackTrace>   at System.Diagnostics.Process.Start()&#xD;
   at Azure.Functions.Cli.Common.Executable.RunAsync(Action`1 outputCallback, Action`1 errorCallback, Nullable`1 timeout, String stdIn) in D:\azureFun\azure-functions-core-tools\src\Azure.Functions.Cli\Common\Executable.cs:line 80&#xD;
   at Azure.Functions.Cli.Tests.E2E.Helpers.CliTester.InternalRun(String workingDir, RunConfiguration[] runConfigurations, ITestOutputHelper output, Boolean startHost) in d:\azureFun\azure-functions-core-tools\test\Azure.Functions.Cli.Tests\E2E\Helpers\CliTester.cs:line 85&#xD;
   at Azure.Functions.Cli.Tests.E2E.Helpers.CliTester.Run(RunConfiguration[] runConfigurations, ITestOutputHelper output, String workingDir, Boolean startHost) in d:\azureFun\azure-functions-core-tools\test\Azure.Functions.Cli.Tests\E2E\Helpers\CliTester.cs:line 35&#xD;
--- End of stack trace from previous location where exception was thrown ---</StackTrace>
        </ErrorInfo>
      </Output>
    </UnitTestResult>
    <UnitTestResult executionId="b61b8108-37d8-432e-b784-155265c9faea" testId="4f682df2-d468-581a-9b00-b61583b243d3" testName="Azure.Functions.Cli.Tests.ActionsTests.StartHostActionTests.CheckNonOptionalSettingsDoesntThrowOnMissingAzureWebJobsStorage" computerName="NASONI-Z422" duration="00:00:00.0010000" startTime="2019-11-20T16:49:59.3489575-08:00" endTime="2019-11-20T16:49:59.3489597-08:00" testType="13cdc9d9-ddb5-4fa4-a97d-d965ccfc6d4b" outcome="Passed" testListId="8c84fa94-04c1-424b-9868-57a2d4851a1d" relativeResultsDirectory="b61b8108-37d8-432e-b784-155265c9faea" />
    <UnitTestResult executionId="b8594acf-5805-4134-8fca-50f02531c845" testId="f495c734-8012-31b2-3361-92d27fb8c6d0" testName="Azure.Functions.Cli.Tests.GitIgnoreParserTests.AcceptShouldNotAcceptTheGivenFilenames" computerName="NASONI-Z422" duration="00:00:00.0010000" startTime="2019-11-20T16:49:58.7227132-08:00" endTime="2019-11-20T16:49:58.7227157-08:00" testType="13cdc9d9-ddb5-4fa4-a97d-d965ccfc6d4b" outcome="Passed" testListId="8c84fa94-04c1-424b-9868-57a2d4851a1d" relativeResultsDirectory="b8594acf-5805-4134-8fca-50f02531c845" />
  </Results>
  <TestDefinitions>
    <UnitTest name="Azure.Functions.Cli.Tests.E2E.InitTests.init_with_no_source_control" storage="d:\azurefun\azure-functions-core-tools\test\azure.functions.cli.tests\bin\debug\netcoreapp2.2\azure.functions.cli.tests.dll" id="a105b8a7-3d94-be93-e9c3-561cbf250f62">
      <Execution id="a616acf6-01a5-4689-8613-32d8d5ec0f1e" />
      <TestMethod codeBase="d:\azureFun\azure-functions-core-tools\test\Azure.Functions.Cli.Tests\bin\Debug\netcoreapp2.2\Azure.Functions.Cli.Tests.dll" adapterTypeName="executor://xunit/VsTestRunner2/netcoreapp" className="Azure.Functions.Cli.Tests.E2E.InitTests" name="Azure.Functions.Cli.Tests.E2E.InitTests.init_with_no_source_control" />
    </UnitTest>
    <UnitTest name="Azure.Functions.Cli.Tests.GitIgnoreParserTests.AcceptShouldNotAcceptTheGivenDirectory" storage="d:\azurefun\azure-functions-core-tools\test\azure.functions.cli.tests\bin\debug\netcoreapp2.2\azure.functions.cli.tests.dll" id="486a936c-2d1d-2721-084d-7eba1fa2b833">
      <Execution id="2c3e7794-6e80-4aff-82b6-61bb6b32ffd9" />
      <TestMethod codeBase="d:\azureFun\azure-functions-core-tools\test\Azure.Functions.Cli.Tests\bin\Debug\netcoreapp2.2\Azure.Functions.Cli.Tests.dll" adapterTypeName="executor://xunit/VsTestRunner2/netcoreapp" className="Azure.Functions.Cli.Tests.GitIgnoreParserTests" name="Azure.Functions.Cli.Tests.GitIgnoreParserTests.AcceptShouldNotAcceptTheGivenDirectory" />
    </UnitTest>
    <UnitTest name="Azure.Functions.Cli.Tests.E2E.InitTests.init_with_Dockerfile(workerRuntime: &quot;dotnet&quot;)" storage="d:\azurefun\azure-functions-core-tools\test\azure.functions.cli.tests\bin\debug\netcoreapp2.2\azure.functions.cli.tests.dll" id="eec1ee9a-2aa1-4c45-b795-9d460b4f28b4">
      <Execution id="a8ba171b-74f4-4f83-a91d-56c736fa7839" />
      <TestMethod codeBase="d:\azureFun\azure-functions-core-tools\test\Azure.Functions.Cli.Tests\bin\Debug\netcoreapp2.2\Azure.Functions.Cli.Tests.dll" adapterTypeName="executor://xunit/VsTestRunner2/netcoreapp" className="Azure.Functions.Cli.Tests.E2E.InitTests" name="Azure.Functions.Cli.Tests.E2E.InitTests.init_with_Dockerfile(workerRuntime: &quot;dotnet&quot;)" />
    </UnitTest>
    <UnitTest name="Azure.Functions.Cli.Tests.E2E.InitTests.init_docker_only_for_existing_project(workerRuntime: &quot;node&quot;)" storage="d:\azurefun\azure-functions-core-tools\test\azure.functions.cli.tests\bin\debug\netcoreapp2.2\azure.functions.cli.tests.dll" id="32fd11f1-90f8-e21b-1f8a-ed7125fc0efb">
      <Execution id="78f405cd-c638-448e-9016-698bfba3de85" />
      <TestMethod codeBase="d:\azureFun\azure-functions-core-tools\test\Azure.Functions.Cli.Tests\bin\Debug\netcoreapp2.2\Azure.Functions.Cli.Tests.dll" adapterTypeName="executor://xunit/VsTestRunner2/netcoreapp" className="Azure.Functions.Cli.Tests.E2E.InitTests" name="Azure.Functions.Cli.Tests.E2E.InitTests.init_docker_only_for_existing_project(workerRuntime: &quot;node&quot;)" />
    </UnitTest>
    <UnitTest name="Azure.Functions.Cli.Tests.GitIgnoreParserTests.DeniesShouldNotDenyNestedUnignoredFilesInIgnoredDirectories" storage="d:\azurefun\azure-functions-core-tools\test\azure.functions.cli.tests\bin\debug\netcoreapp2.2\azure.functions.cli.tests.dll" id="fbcb31e4-45ed-0d03-0559-73dcb287008b">
      <Execution id="2613a534-aee7-471b-b74d-a8f0ebfd2c87" />
      <TestMethod codeBase="d:\azureFun\azure-functions-core-tools\test\Azure.Functions.Cli.Tests\bin\Debug\netcoreapp2.2\Azure.Functions.Cli.Tests.dll" adapterTypeName="executor://xunit/VsTestRunner2/netcoreapp" className="Azure.Functions.Cli.Tests.GitIgnoreParserTests" name="Azure.Functions.Cli.Tests.GitIgnoreParserTests.DeniesShouldNotDenyNestedUnignoredFilesInIgnoredDirectories" />
    </UnitTest>
    <UnitTest name="Azure.Functions.Cli.Tests.ActionsTests.ResolveActionTests.ResolveCommandLineCorrectly(args: &quot;azure functionapp fetch appName&quot;, returnType: typeof(Azure.Functions.Cli.Actions.AzureActions.FetchAppSettingsAction))" storage="d:\azurefun\azure-functions-core-tools\test\azure.functions.cli.tests\bin\debug\netcoreapp2.2\azure.functions.cli.tests.dll" id="9e1afe7a-5aee-2dfc-e827-ba25e10b653f">
      <Execution id="2bf6a50e-57ed-4752-841e-0671a45c5cfd" />
      <TestMethod codeBase="d:\azureFun\azure-functions-core-tools\test\Azure.Functions.Cli.Tests\bin\Debug\netcoreapp2.2\Azure.Functions.Cli.Tests.dll" adapterTypeName="executor://xunit/VsTestRunner2/netcoreapp" className="Azure.Functions.Cli.Tests.ActionsTests.ResolveActionTests" name="Azure.Functions.Cli.Tests.ActionsTests.ResolveActionTests.ResolveCommandLineCorrectly(args: &quot;azure functionapp fetch appName&quot;, returnType: typeof(Azure.Functions.Cli.Actions.AzureActions.FetchAppSettingsAction))" />
    </UnitTest>
    <UnitTest name="Azure.Functions.Cli.Tests.ActionsTests.ResolveActionTests.ResolveCommandLineCorrectly(args: &quot;azure logout&quot;, returnType: typeof(Azure.Functions.Cli.Actions.AzureActions.DeprecatedAzureActions))" storage="d:\azurefun\azure-functions-core-tools\test\azure.functions.cli.tests\bin\debug\netcoreapp2.2\azure.functions.cli.tests.dll" id="f4da3906-151c-06c4-2cac-a0c074c038b4">
      <Execution id="8f00e6cc-4016-4501-a671-43593c8c31f9" />
      <TestMethod codeBase="d:\azureFun\azure-functions-core-tools\test\Azure.Functions.Cli.Tests\bin\Debug\netcoreapp2.2\Azure.Functions.Cli.Tests.dll" adapterTypeName="executor://xunit/VsTestRunner2/netcoreapp" className="Azure.Functions.Cli.Tests.ActionsTests.ResolveActionTests" name="Azure.Functions.Cli.Tests.ActionsTests.ResolveActionTests.ResolveCommandLineCorrectly(args: &quot;azure logout&quot;, returnType: typeof(Azure.Functions.Cli.Actions.AzureActions.DeprecatedAzureActions))" />
    </UnitTest>
    <UnitTest name="Azure.Functions.Cli.Tests.ActionsTests.ResolveActionTests.ResolveCommandLineCorrectly(args: &quot;new&quot;, returnType: typeof(Azure.Functions.Cli.Actions.LocalActions.CreateFunctionAction))" storage="d:\azurefun\azure-functions-core-tools\test\azure.functions.cli.tests\bin\debug\netcoreapp2.2\azure.functions.cli.tests.dll" id="6d4a1970-862c-fbe7-a930-eb330f5084b4">
      <Execution id="5a126aae-ad79-4d5c-bee8-d9f8d42523e9" />
      <TestMethod codeBase="d:\azureFun\azure-functions-core-tools\test\Azure.Functions.Cli.Tests\bin\Debug\netcoreapp2.2\Azure.Functions.Cli.Tests.dll" adapterTypeName="executor://xunit/VsTestRunner2/netcoreapp" className="Azure.Functions.Cli.Tests.ActionsTests.ResolveActionTests" name="Azure.Functions.Cli.Tests.ActionsTests.ResolveActionTests.ResolveCommandLineCorrectly(args: &quot;new&quot;, returnType: typeof(Azure.Functions.Cli.Actions.LocalActions.CreateFunctionAction))" />
    </UnitTest>
    <UnitTest name="Azure.Functions.Cli.Tests.UriExtensionsTests.IsJsonTest(value: &quot;&quot;, expected: False)" storage="d:\azurefun\azure-functions-core-tools\test\azure.functions.cli.tests\bin\debug\netcoreapp2.2\azure.functions.cli.tests.dll" id="88a6babb-85d8-14cf-b78a-b66f1d645cd7">
      <Execution id="46e2072b-e223-46b2-b89f-761b999f3eeb" />
      <TestMethod codeBase="d:\azureFun\azure-functions-core-tools\test\Azure.Functions.Cli.Tests\bin\Debug\netcoreapp2.2\Azure.Functions.Cli.Tests.dll" adapterTypeName="executor://xunit/VsTestRunner2/netcoreapp" className="Azure.Functions.Cli.Tests.UriExtensionsTests" name="Azure.Functions.Cli.Tests.UriExtensionsTests.IsJsonTest(value: &quot;&quot;, expected: False)" />
    </UnitTest>
    <UnitTest name="Azure.Functions.Cli.Tests.GitIgnoreParserTests.DeniesShouldNotDenyTheGivenFilenames" storage="d:\azurefun\azure-functions-core-tools\test\azure.functions.cli.tests\bin\debug\netcoreapp2.2\azure.functions.cli.tests.dll" id="0b3dd3f8-b7f5-9046-8c8b-7e8ae6185a15">
      <Execution id="87f07a0a-aac2-4af5-9e4e-37b4498dc029" />
      <TestMethod codeBase="d:\azureFun\azure-functions-core-tools\test\Azure.Functions.Cli.Tests\bin\Debug\netcoreapp2.2\Azure.Functions.Cli.Tests.dll" adapterTypeName="executor://xunit/VsTestRunner2/netcoreapp" className="Azure.Functions.Cli.Tests.GitIgnoreParserTests" name="Azure.Functions.Cli.Tests.GitIgnoreParserTests.DeniesShouldNotDenyTheGivenFilenames" />
    </UnitTest>
    <UnitTest name="Azure.Functions.Cli.Tests.E2E.InitTests.init_dotnet_app" storage="d:\azurefun\azure-functions-core-tools\test\azure.functions.cli.tests\bin\debug\netcoreapp2.2\azure.functions.cli.tests.dll" id="09e2de0c-a28a-298a-253c-0e48337e3673">
      <Execution id="ff7b588c-fab7-47ec-bbdb-ecd75533ccf0" />
      <TestMethod codeBase="d:\azureFun\azure-functions-core-tools\test\Azure.Functions.Cli.Tests\bin\Debug\netcoreapp2.2\Azure.Functions.Cli.Tests.dll" adapterTypeName="executor://xunit/VsTestRunner2/netcoreapp" className="Azure.Functions.Cli.Tests.E2E.InitTests" name="Azure.Functions.Cli.Tests.E2E.InitTests.init_dotnet_app" />
    </UnitTest>
    <UnitTest name="Azure.Functions.Cli.Tests.E2E.StartTests.start_host_port_in_use" storage="d:\azurefun\azure-functions-core-tools\test\azure.functions.cli.tests\bin\debug\netcoreapp2.2\azure.functions.cli.tests.dll" id="c9950969-c15a-bd40-5c28-19b8f7156c09">
      <Execution id="d28b15b5-0530-4312-8e33-8103775d913c" />
      <TestMethod codeBase="d:\azureFun\azure-functions-core-tools\test\Azure.Functions.Cli.Tests\bin\Debug\netcoreapp2.2\Azure.Functions.Cli.Tests.dll" adapterTypeName="executor://xunit/VsTestRunner2/netcoreapp" className="Azure.Functions.Cli.Tests.E2E.StartTests" name="Azure.Functions.Cli.Tests.E2E.StartTests.start_host_port_in_use" />
    </UnitTest>
    <UnitTest name="Azure.Functions.Cli.Tests.KubernetesHelperUnitTests.PopulateMetadataDictionary_CorrectlyPopulatesRabbitMQMetadata" storage="d:\azurefun\azure-functions-core-tools\test\azure.functions.cli.tests\bin\debug\netcoreapp2.2\azure.functions.cli.tests.dll" id="6a345911-baa6-bb56-bc12-24864aefd6f7">
      <Execution id="5dfcfe08-00d6-4811-be86-fcffbb74954b" />
      <TestMethod codeBase="d:\azureFun\azure-functions-core-tools\test\Azure.Functions.Cli.Tests\bin\Debug\netcoreapp2.2\Azure.Functions.Cli.Tests.dll" adapterTypeName="executor://xunit/VsTestRunner2/netcoreapp" className="Azure.Functions.Cli.Tests.KubernetesHelperUnitTests" name="Azure.Functions.Cli.Tests.KubernetesHelperUnitTests.PopulateMetadataDictionary_CorrectlyPopulatesRabbitMQMetadata" />
    </UnitTest>
    <UnitTest name="Azure.Functions.Cli.Tests.E2E.ListFunctionsTests.ListFunctionsWorks" storage="d:\azurefun\azure-functions-core-tools\test\azure.functions.cli.tests\bin\debug\netcoreapp2.2\azure.functions.cli.tests.dll" id="fb5bbe6a-a717-ca10-710b-5ca2aaa6add9">
      <Execution id="2629d217-8790-47ce-ab73-b575f8f1b15e" />
      <TestMethod codeBase="d:\azureFun\azure-functions-core-tools\test\Azure.Functions.Cli.Tests\bin\Debug\netcoreapp2.2\Azure.Functions.Cli.Tests.dll" adapterTypeName="executor://xunit/VsTestRunner2/netcoreapp" className="Azure.Functions.Cli.Tests.E2E.ListFunctionsTests" name="Azure.Functions.Cli.Tests.E2E.ListFunctionsTests.ListFunctionsWorks" />
    </UnitTest>
    <UnitTest name="Azure.Functions.Cli.Tests.ActionsTests.ResolveActionTests.ResolveCommandLineCorrectly(args: &quot;--version&quot;, returnType: null)" storage="d:\azurefun\azure-functions-core-tools\test\azure.functions.cli.tests\bin\debug\netcoreapp2.2\azure.functions.cli.tests.dll" id="a42ef01f-d836-859c-1bc9-99f8d567f5c3">
      <Execution id="f5318471-d2da-4a89-9b5c-edf51f0138a3" />
      <TestMethod codeBase="d:\azureFun\azure-functions-core-tools\test\Azure.Functions.Cli.Tests\bin\Debug\netcoreapp2.2\Azure.Functions.Cli.Tests.dll" adapterTypeName="executor://xunit/VsTestRunner2/netcoreapp" className="Azure.Functions.Cli.Tests.ActionsTests.ResolveActionTests" name="Azure.Functions.Cli.Tests.ActionsTests.ResolveActionTests.ResolveCommandLineCorrectly(args: &quot;--version&quot;, returnType: null)" />
    </UnitTest>
    <UnitTest name="Azure.Functions.Cli.Tests.ActionsTests.ResolveActionTests.ResolveCommandLineCorrectly(args: &quot;function create&quot;, returnType: typeof(Azure.Functions.Cli.Actions.LocalActions.CreateFunctionAction))" storage="d:\azurefun\azure-functions-core-tools\test\azure.functions.cli.tests\bin\debug\netcoreapp2.2\azure.functions.cli.tests.dll" id="09a24798-7d10-8250-f686-8d60e9ff7701">
      <Execution id="a6e2f78e-b501-4ac5-8286-4fb85d4011a2" />
      <TestMethod codeBase="d:\azureFun\azure-functions-core-tools\test\Azure.Functions.Cli.Tests\bin\Debug\netcoreapp2.2\Azure.Functions.Cli.Tests.dll" adapterTypeName="executor://xunit/VsTestRunner2/netcoreapp" className="Azure.Functions.Cli.Tests.ActionsTests.ResolveActionTests" name="Azure.Functions.Cli.Tests.ActionsTests.ResolveActionTests.ResolveCommandLineCorrectly(args: &quot;function create&quot;, returnType: typeof(Azure.Functions.Cli.Actions.LocalActions.CreateFunctionAction))" />
    </UnitTest>
    <UnitTest name="Azure.Functions.Cli.Tests.E2E.InitTests.init_docker_only_no_project" storage="d:\azurefun\azure-functions-core-tools\test\azure.functions.cli.tests\bin\debug\netcoreapp2.2\azure.functions.cli.tests.dll" id="dd51398c-a8df-9086-6a0a-0434a110c00b">
      <Execution id="3d854562-84a8-49fa-92c2-1abb79d295e8" />
      <TestMethod codeBase="d:\azureFun\azure-functions-core-tools\test\Azure.Functions.Cli.Tests\bin\Debug\netcoreapp2.2\Azure.Functions.Cli.Tests.dll" adapterTypeName="executor://xunit/VsTestRunner2/netcoreapp" className="Azure.Functions.Cli.Tests.E2E.InitTests" name="Azure.Functions.Cli.Tests.E2E.InitTests.init_docker_only_no_project" />
    </UnitTest>
    <UnitTest name="Azure.Functions.Cli.Tests.ActionsTests.ResolveActionTests.ResolveCommandLineCorrectly(args: &quot;durable start-new --function-name functostart --co&quot;..., returnType: typeof(Azure.Functions.Cli.Actions.DurableActions.DurableStartNew))" storage="d:\azurefun\azure-functions-core-tools\test\azure.functions.cli.tests\bin\debug\netcoreapp2.2\azure.functions.cli.tests.dll" id="5480cfa5-672c-afd5-9827-476a9f08cb3b">
      <Execution id="99749eb5-abf1-4f2c-baac-99c65ed6d4a7" />
      <TestMethod codeBase="d:\azureFun\azure-functions-core-tools\test\Azure.Functions.Cli.Tests\bin\Debug\netcoreapp2.2\Azure.Functions.Cli.Tests.dll" adapterTypeName="executor://xunit/VsTestRunner2/netcoreapp" className="Azure.Functions.Cli.Tests.ActionsTests.ResolveActionTests" name="Azure.Functions.Cli.Tests.ActionsTests.ResolveActionTests.ResolveCommandLineCorrectly(args: &quot;durable start-new --function-name functostart --co&quot;..., returnType: typeof(Azure.Functions.Cli.Actions.DurableActions.DurableStartNew))" />
    </UnitTest>
    <UnitTest name="Azure.Functions.Cli.Tests.E2E.StartTests.start_powershell" storage="d:\azurefun\azure-functions-core-tools\test\azure.functions.cli.tests\bin\debug\netcoreapp2.2\azure.functions.cli.tests.dll" id="f28fdcdf-a34d-d676-c42f-da87b3f4a8b1">
      <Execution id="38f15bd3-ba73-41c8-8460-a494007e54c5" />
      <TestMethod codeBase="d:\azureFun\azure-functions-core-tools\test\Azure.Functions.Cli.Tests\bin\Debug\netcoreapp2.2\Azure.Functions.Cli.Tests.dll" adapterTypeName="executor://xunit/VsTestRunner2/netcoreapp" className="Azure.Functions.Cli.Tests.E2E.StartTests" name="Azure.Functions.Cli.Tests.E2E.StartTests.start_powershell" />
    </UnitTest>
    <UnitTest name="Azure.Functions.Cli.Tests.ActionsTests.ResolveActionTests.ResolveCommandLineCorrectly(args: &quot;&quot;, returnType: typeof(Azure.Functions.Cli.Actions.HelpAction))" storage="d:\azurefun\azure-functions-core-tools\test\azure.functions.cli.tests\bin\debug\netcoreapp2.2\azure.functions.cli.tests.dll" id="84c13452-e24f-8ed6-016d-e7bf1d702b2a">
      <Execution id="9616af15-f38f-4199-9603-555030189ac5" />
      <TestMethod codeBase="d:\azureFun\azure-functions-core-tools\test\Azure.Functions.Cli.Tests\bin\Debug\netcoreapp2.2\Azure.Functions.Cli.Tests.dll" adapterTypeName="executor://xunit/VsTestRunner2/netcoreapp" className="Azure.Functions.Cli.Tests.ActionsTests.ResolveActionTests" name="Azure.Functions.Cli.Tests.ActionsTests.ResolveActionTests.ResolveCommandLineCorrectly(args: &quot;&quot;, returnType: typeof(Azure.Functions.Cli.Actions.HelpAction))" />
    </UnitTest>
    <UnitTest name="Azure.Functions.Cli.Tests.ActionsTests.ResolveActionTests.ResolveCommandLineCorrectly(args: &quot;help&quot;, returnType: typeof(Azure.Functions.Cli.Actions.HelpAction))" storage="d:\azurefun\azure-functions-core-tools\test\azure.functions.cli.tests\bin\debug\netcoreapp2.2\azure.functions.cli.tests.dll" id="920a0c58-40e6-d818-fa18-2af92dcacaab">
      <Execution id="3260a6f2-a60d-4f2f-a492-9cfda5b09276" />
      <TestMethod codeBase="d:\azureFun\azure-functions-core-tools\test\Azure.Functions.Cli.Tests\bin\Debug\netcoreapp2.2\Azure.Functions.Cli.Tests.dll" adapterTypeName="executor://xunit/VsTestRunner2/netcoreapp" className="Azure.Functions.Cli.Tests.ActionsTests.ResolveActionTests" name="Azure.Functions.Cli.Tests.ActionsTests.ResolveActionTests.ResolveCommandLineCorrectly(args: &quot;help&quot;, returnType: typeof(Azure.Functions.Cli.Actions.HelpAction))" />
    </UnitTest>
    <UnitTest name="Azure.Functions.Cli.Tests.E2E.DurableTests.DurableStartNewTest_FileInput" storage="d:\azurefun\azure-functions-core-tools\test\azure.functions.cli.tests\bin\debug\netcoreapp2.2\azure.functions.cli.tests.dll" id="9d8b1930-fa6e-f013-0673-eadb1590517a">
      <Execution id="c950b289-6f41-41bb-a25b-976e1e007023" />
      <TestMethod codeBase="d:\azureFun\azure-functions-core-tools\test\Azure.Functions.Cli.Tests\bin\Debug\netcoreapp2.2\Azure.Functions.Cli.Tests.dll" adapterTypeName="executor://xunit/VsTestRunner2/netcoreapp" className="Azure.Functions.Cli.Tests.E2E.DurableTests" name="Azure.Functions.Cli.Tests.E2E.DurableTests.DurableStartNewTest_FileInput" />
    </UnitTest>
    <UnitTest name="Azure.Functions.Cli.Tests.ActionsTests.StartHostActionTests.CheckNonOptionalSettingsPrintsWarningForMissingSettings" storage="d:\azurefun\azure-functions-core-tools\test\azure.functions.cli.tests\bin\debug\netcoreapp2.2\azure.functions.cli.tests.dll" id="77fb56d2-1911-d26c-ecbb-f18f47add1be">
      <Execution id="f49c44b3-161e-4a92-ad1f-d7324b001733" />
      <TestMethod codeBase="d:\azureFun\azure-functions-core-tools\test\Azure.Functions.Cli.Tests\bin\Debug\netcoreapp2.2\Azure.Functions.Cli.Tests.dll" adapterTypeName="executor://xunit/VsTestRunner2/netcoreapp" className="Azure.Functions.Cli.Tests.ActionsTests.StartHostActionTests" name="Azure.Functions.Cli.Tests.ActionsTests.StartHostActionTests.CheckNonOptionalSettingsPrintsWarningForMissingSettings" />
    </UnitTest>
    <UnitTest name="Azure.Functions.Cli.Tests.ActionsTests.ResolveActionTests.ResolveCommandLineCorrectly(args: &quot;azure --help&quot;, returnType: typeof(Azure.Functions.Cli.Actions.HelpAction))" storage="d:\azurefun\azure-functions-core-tools\test\azure.functions.cli.tests\bin\debug\netcoreapp2.2\azure.functions.cli.tests.dll" id="be93d512-0232-5d00-fb64-530a7ac3622a">
      <Execution id="59b4e573-8044-425b-8cae-8533ed702e41" />
      <TestMethod codeBase="d:\azureFun\azure-functions-core-tools\test\Azure.Functions.Cli.Tests\bin\Debug\netcoreapp2.2\Azure.Functions.Cli.Tests.dll" adapterTypeName="executor://xunit/VsTestRunner2/netcoreapp" className="Azure.Functions.Cli.Tests.ActionsTests.ResolveActionTests" name="Azure.Functions.Cli.Tests.ActionsTests.ResolveActionTests.ResolveCommandLineCorrectly(args: &quot;azure --help&quot;, returnType: typeof(Azure.Functions.Cli.Actions.HelpAction))" />
    </UnitTest>
    <UnitTest name="Azure.Functions.Cli.Tests.E2E.InitTests.init_with_worker_runtime(workerRuntime: &quot;python&quot;)" storage="d:\azurefun\azure-functions-core-tools\test\azure.functions.cli.tests\bin\debug\netcoreapp2.2\azure.functions.cli.tests.dll" id="103f4af3-731f-b6ce-0bad-823c79c062f3">
      <Execution id="704eb74f-efb4-4234-8bf0-d5d2f07851b2" />
      <TestMethod codeBase="d:\azureFun\azure-functions-core-tools\test\Azure.Functions.Cli.Tests\bin\Debug\netcoreapp2.2\Azure.Functions.Cli.Tests.dll" adapterTypeName="executor://xunit/VsTestRunner2/netcoreapp" className="Azure.Functions.Cli.Tests.E2E.InitTests" name="Azure.Functions.Cli.Tests.E2E.InitTests.init_with_worker_runtime(workerRuntime: &quot;python&quot;)" />
    </UnitTest>
    <UnitTest name="Azure.Functions.Cli.Tests.E2E.StartTests.only_run_some_functions" storage="d:\azurefun\azure-functions-core-tools\test\azure.functions.cli.tests\bin\debug\netcoreapp2.2\azure.functions.cli.tests.dll" id="18db6ac8-b05a-7c84-1df6-71b9004d931d">
      <Execution id="de91cde3-9b9e-4123-b48a-5e9d53200613" />
      <TestMethod codeBase="d:\azureFun\azure-functions-core-tools\test\Azure.Functions.Cli.Tests\bin\Debug\netcoreapp2.2\Azure.Functions.Cli.Tests.dll" adapterTypeName="executor://xunit/VsTestRunner2/netcoreapp" className="Azure.Functions.Cli.Tests.E2E.StartTests" name="Azure.Functions.Cli.Tests.E2E.StartTests.only_run_some_functions" />
    </UnitTest>
    <UnitTest name="Azure.Functions.Cli.Tests.E2E.CreateFunctionTests.create_template_function_sanitization_dotnet" storage="d:\azurefun\azure-functions-core-tools\test\azure.functions.cli.tests\bin\debug\netcoreapp2.2\azure.functions.cli.tests.dll" id="5764f792-69e7-c4fc-617c-99c8ae3d7290">
      <Execution id="e4da987a-c0d4-48b5-a0be-d2afa15bf6b8" />
      <TestMethod codeBase="d:\azureFun\azure-functions-core-tools\test\Azure.Functions.Cli.Tests\bin\Debug\netcoreapp2.2\Azure.Functions.Cli.Tests.dll" adapterTypeName="executor://xunit/VsTestRunner2/netcoreapp" className="Azure.Functions.Cli.Tests.E2E.CreateFunctionTests" name="Azure.Functions.Cli.Tests.E2E.CreateFunctionTests.create_template_function_sanitization_dotnet" />
    </UnitTest>
    <UnitTest name="Azure.Functions.Cli.Tests.ActionsTests.ResolveActionTests.ResolveCommandLineCorrectly(args: &quot;durable rewind --id ab1b5de4c5a9450eafa5a4cf249b31&quot;..., returnType: typeof(Azure.Functions.Cli.Actions.DurableActions.DurableRewind))" storage="d:\azurefun\azure-functions-core-tools\test\azure.functions.cli.tests\bin\debug\netcoreapp2.2\azure.functions.cli.tests.dll" id="2ff45c5f-7276-d3d7-5177-676fe5992614">
      <Execution id="e9e5661b-3e47-436d-82de-ed0502212589" />
      <TestMethod codeBase="d:\azureFun\azure-functions-core-tools\test\Azure.Functions.Cli.Tests\bin\Debug\netcoreapp2.2\Azure.Functions.Cli.Tests.dll" adapterTypeName="executor://xunit/VsTestRunner2/netcoreapp" className="Azure.Functions.Cli.Tests.ActionsTests.ResolveActionTests" name="Azure.Functions.Cli.Tests.ActionsTests.ResolveActionTests.ResolveCommandLineCorrectly(args: &quot;durable rewind --id ab1b5de4c5a9450eafa5a4cf249b31&quot;..., returnType: typeof(Azure.Functions.Cli.Actions.DurableActions.DurableRewind))" />
    </UnitTest>
    <UnitTest name="Azure.Functions.Cli.Tests.E2E.StartTests.start_displays_error_on_invalid_function_json" storage="d:\azurefun\azure-functions-core-tools\test\azure.functions.cli.tests\bin\debug\netcoreapp2.2\azure.functions.cli.tests.dll" id="8ec96d3e-65eb-c14e-7b76-f3ef6618f355">
      <Execution id="a28a9b64-078d-47a8-92a4-ccb299e4a564" />
      <TestMethod codeBase="d:\azureFun\azure-functions-core-tools\test\Azure.Functions.Cli.Tests\bin\Debug\netcoreapp2.2\Azure.Functions.Cli.Tests.dll" adapterTypeName="executor://xunit/VsTestRunner2/netcoreapp" className="Azure.Functions.Cli.Tests.E2E.StartTests" name="Azure.Functions.Cli.Tests.E2E.StartTests.start_displays_error_on_invalid_function_json" />
    </UnitTest>
    <UnitTest name="Azure.Functions.Cli.Tests.E2E.SettingsTests.add_setting_plain_text" storage="d:\azurefun\azure-functions-core-tools\test\azure.functions.cli.tests\bin\debug\netcoreapp2.2\azure.functions.cli.tests.dll" id="d29c38c5-cda9-71df-9512-4f03f668c2b1">
      <Execution id="023cba1f-6a12-44a7-9168-a81f188bd98b" />
      <TestMethod codeBase="d:\azureFun\azure-functions-core-tools\test\Azure.Functions.Cli.Tests\bin\Debug\netcoreapp2.2\Azure.Functions.Cli.Tests.dll" adapterTypeName="executor://xunit/VsTestRunner2/netcoreapp" className="Azure.Functions.Cli.Tests.E2E.SettingsTests" name="Azure.Functions.Cli.Tests.E2E.SettingsTests.add_setting_plain_text" />
    </UnitTest>
    <UnitTest name="Azure.Functions.Cli.Tests.ActionsTests.ResolveActionTests.ResolveCommandLineCorrectly(args: &quot;-version&quot;, returnType: null)" storage="d:\azurefun\azure-functions-core-tools\test\azure.functions.cli.tests\bin\debug\netcoreapp2.2\azure.functions.cli.tests.dll" id="54d83d66-97ca-4e37-322f-fea37d237ffe">
      <Execution id="0e3968e4-25ef-4f70-9685-a5860f0ca6b4" />
      <TestMethod codeBase="d:\azureFun\azure-functions-core-tools\test\Azure.Functions.Cli.Tests\bin\Debug\netcoreapp2.2\Azure.Functions.Cli.Tests.dll" adapterTypeName="executor://xunit/VsTestRunner2/netcoreapp" className="Azure.Functions.Cli.Tests.ActionsTests.ResolveActionTests" name="Azure.Functions.Cli.Tests.ActionsTests.ResolveActionTests.ResolveCommandLineCorrectly(args: &quot;-version&quot;, returnType: null)" />
    </UnitTest>
    <UnitTest name="Azure.Functions.Cli.Tests.ActionsTests.ResolveActionTests.ResolveCommandLineCorrectly(args: &quot;azure set-publish-username userName&quot;, returnType: typeof(Azure.Functions.Cli.Actions.AzureActions.DeprecatedAzureActions))" storage="d:\azurefun\azure-functions-core-tools\test\azure.functions.cli.tests\bin\debug\netcoreapp2.2\azure.functions.cli.tests.dll" id="fdc61361-aca6-49a9-194e-62ff1feb1a48">
      <Execution id="d7ea3f1f-4c7d-4190-8f86-3f354e7abe06" />
      <TestMethod codeBase="d:\azureFun\azure-functions-core-tools\test\Azure.Functions.Cli.Tests\bin\Debug\netcoreapp2.2\Azure.Functions.Cli.Tests.dll" adapterTypeName="executor://xunit/VsTestRunner2/netcoreapp" className="Azure.Functions.Cli.Tests.ActionsTests.ResolveActionTests" name="Azure.Functions.Cli.Tests.ActionsTests.ResolveActionTests.ResolveCommandLineCorrectly(args: &quot;azure set-publish-username userName&quot;, returnType: typeof(Azure.Functions.Cli.Actions.AzureActions.DeprecatedAzureActions))" />
    </UnitTest>
    <UnitTest name="Azure.Functions.Cli.Tests.ExtensionsTests.StringExtensionsTests.TestSanitizeImageNameWithBadFormatThrowImageNameFormatException" storage="d:\azurefun\azure-functions-core-tools\test\azure.functions.cli.tests\bin\debug\netcoreapp2.2\azure.functions.cli.tests.dll" id="f226e1a5-9790-1605-0a15-a7d728800caf">
      <Execution id="c3bf9a45-b4bd-409f-a68b-b2835923e555" />
      <TestMethod codeBase="d:\azureFun\azure-functions-core-tools\test\Azure.Functions.Cli.Tests\bin\Debug\netcoreapp2.2\Azure.Functions.Cli.Tests.dll" adapterTypeName="executor://xunit/VsTestRunner2/netcoreapp" className="Azure.Functions.Cli.Tests.ExtensionsTests.StringExtensionsTests" name="Azure.Functions.Cli.Tests.ExtensionsTests.StringExtensionsTests.TestSanitizeImageNameWithBadFormatThrowImageNameFormatException" />
    </UnitTest>
    <UnitTest name="Azure.Functions.Cli.Tests.CommandCheckerFacts.CommandCheckerShouldWork" storage="d:\azurefun\azure-functions-core-tools\test\azure.functions.cli.tests\bin\debug\netcoreapp2.2\azure.functions.cli.tests.dll" id="7dff628d-a279-6c19-743e-80391e45505d">
      <Execution id="2c994565-ed30-498a-8a27-780aa1f75714" />
      <TestMethod codeBase="d:\azureFun\azure-functions-core-tools\test\Azure.Functions.Cli.Tests\bin\Debug\netcoreapp2.2\Azure.Functions.Cli.Tests.dll" adapterTypeName="executor://xunit/VsTestRunner2/netcoreapp" className="Azure.Functions.Cli.Tests.CommandCheckerFacts" name="Azure.Functions.Cli.Tests.CommandCheckerFacts.CommandCheckerShouldWork" />
    </UnitTest>
    <UnitTest name="Azure.Functions.Cli.Tests.ActionsTests.ResolveActionTests.ResolveCommandLineCorrectly(args: &quot;azure subscriptions list&quot;, returnType: typeof(Azure.Functions.Cli.Actions.AzureActions.DeprecatedAzureActions))" storage="d:\azurefun\azure-functions-core-tools\test\azure.functions.cli.tests\bin\debug\netcoreapp2.2\azure.functions.cli.tests.dll" id="54335ae6-240d-50a8-0ad6-445a6942b2d8">
      <Execution id="93a156d5-0144-4259-89fd-ccfcd506c5cb" />
      <TestMethod codeBase="d:\azureFun\azure-functions-core-tools\test\Azure.Functions.Cli.Tests\bin\Debug\netcoreapp2.2\Azure.Functions.Cli.Tests.dll" adapterTypeName="executor://xunit/VsTestRunner2/netcoreapp" className="Azure.Functions.Cli.Tests.ActionsTests.ResolveActionTests" name="Azure.Functions.Cli.Tests.ActionsTests.ResolveActionTests.ResolveCommandLineCorrectly(args: &quot;azure subscriptions list&quot;, returnType: typeof(Azure.Functions.Cli.Actions.AzureActions.DeprecatedAzureActions))" />
    </UnitTest>
    <UnitTest name="Azure.Functions.Cli.Tests.UriExtensionsTests.IsJsonTest(value: &quot;{\&quot;test\&quot;: \&quot;file\&quot;}&quot;, expected: True)" storage="d:\azurefun\azure-functions-core-tools\test\azure.functions.cli.tests\bin\debug\netcoreapp2.2\azure.functions.cli.tests.dll" id="57745701-23f5-b69f-363e-4166d7dd4e91">
      <Execution id="8a65a68e-8a48-458c-adc2-46a9b0d49e42" />
      <TestMethod codeBase="d:\azureFun\azure-functions-core-tools\test\Azure.Functions.Cli.Tests\bin\Debug\netcoreapp2.2\Azure.Functions.Cli.Tests.dll" adapterTypeName="executor://xunit/VsTestRunner2/netcoreapp" className="Azure.Functions.Cli.Tests.UriExtensionsTests" name="Azure.Functions.Cli.Tests.UriExtensionsTests.IsJsonTest(value: &quot;{\&quot;test\&quot;: \&quot;file\&quot;}&quot;, expected: True)" />
    </UnitTest>
    <UnitTest name="Azure.Functions.Cli.Helpers.Tests.AzureHelperTests.GetFunctionKeyTest(key: &quot;default&quot;, value: &quot;default-value&quot;)" storage="d:\azurefun\azure-functions-core-tools\test\azure.functions.cli.tests\bin\debug\netcoreapp2.2\azure.functions.cli.tests.dll" id="64553088-4447-d029-5ddd-71bd5cd0aa46">
      <Execution id="bcc3f616-7d88-48c7-b621-2d1a62cd5ae2" />
      <TestMethod codeBase="d:\azureFun\azure-functions-core-tools\test\Azure.Functions.Cli.Tests\bin\Debug\netcoreapp2.2\Azure.Functions.Cli.Tests.dll" adapterTypeName="executor://xunit/VsTestRunner2/netcoreapp" className="Azure.Functions.Cli.Helpers.Tests.AzureHelperTests" name="Azure.Functions.Cli.Helpers.Tests.AzureHelperTests.GetFunctionKeyTest(key: &quot;default&quot;, value: &quot;default-value&quot;)" />
    </UnitTest>
    <UnitTest name="Azure.Functions.Cli.Tests.ActionsTests.ResolveActionTests.ResolveCommandLineCorrectly(args: &quot;WrongName&quot;, returnType: typeof(Azure.Functions.Cli.Actions.HelpAction))" storage="d:\azurefun\azure-functions-core-tools\test\azure.functions.cli.tests\bin\debug\netcoreapp2.2\azure.functions.cli.tests.dll" id="b4ee8f5c-889a-4fca-ff80-57fa460645d6">
      <Execution id="37d35243-c69d-4b22-9586-a3d98e944f59" />
      <TestMethod codeBase="d:\azureFun\azure-functions-core-tools\test\Azure.Functions.Cli.Tests\bin\Debug\netcoreapp2.2\Azure.Functions.Cli.Tests.dll" adapterTypeName="executor://xunit/VsTestRunner2/netcoreapp" className="Azure.Functions.Cli.Tests.ActionsTests.ResolveActionTests" name="Azure.Functions.Cli.Tests.ActionsTests.ResolveActionTests.ResolveCommandLineCorrectly(args: &quot;WrongName&quot;, returnType: typeof(Azure.Functions.Cli.Actions.HelpAction))" />
    </UnitTest>
    <UnitTest name="Azure.Functions.Cli.Tests.PythonHelperTests.InterpreterShouldHaveExecutablePath" storage="d:\azurefun\azure-functions-core-tools\test\azure.functions.cli.tests\bin\debug\netcoreapp2.2\azure.functions.cli.tests.dll" id="6d362e3e-2836-8a52-d263-224ae45ba8c7">
      <Execution id="7250c782-38f4-4cfe-b021-94181c3640a0" />
      <TestMethod codeBase="d:\azureFun\azure-functions-core-tools\test\Azure.Functions.Cli.Tests\bin\Debug\netcoreapp2.2\Azure.Functions.Cli.Tests.dll" adapterTypeName="executor://xunit/VsTestRunner2/netcoreapp" className="Azure.Functions.Cli.Tests.PythonHelperTests" name="Azure.Functions.Cli.Tests.PythonHelperTests.InterpreterShouldHaveExecutablePath" />
    </UnitTest>
    <UnitTest name="Azure.Functions.Cli.Tests.GitIgnoreParserTests.AcceptShouldAcceptTheGivenFilenames" storage="d:\azurefun\azure-functions-core-tools\test\azure.functions.cli.tests\bin\debug\netcoreapp2.2\azure.functions.cli.tests.dll" id="99cb63a8-7e08-ff45-2917-537ab2cd414e">
      <Execution id="4faf4ae0-a65d-4788-a781-6be4a14c9788" />
      <TestMethod codeBase="d:\azureFun\azure-functions-core-tools\test\Azure.Functions.Cli.Tests\bin\Debug\netcoreapp2.2\Azure.Functions.Cli.Tests.dll" adapterTypeName="executor://xunit/VsTestRunner2/netcoreapp" className="Azure.Functions.Cli.Tests.GitIgnoreParserTests" name="Azure.Functions.Cli.Tests.GitIgnoreParserTests.AcceptShouldAcceptTheGivenFilenames" />
    </UnitTest>
    <UnitTest name="Azure.Functions.Cli.Tests.ExtensionsTests.InstallExtensionsTests.try_install_with_no_valid_trigger" storage="d:\azurefun\azure-functions-core-tools\test\azure.functions.cli.tests\bin\debug\netcoreapp2.2\azure.functions.cli.tests.dll" id="7b9a8ca7-25e9-5b23-182e-50be49b6bb85">
      <Execution id="a8c0d3e6-2872-4577-8438-087e637369b4" />
      <TestMethod codeBase="d:\azureFun\azure-functions-core-tools\test\Azure.Functions.Cli.Tests\bin\Debug\netcoreapp2.2\Azure.Functions.Cli.Tests.dll" adapterTypeName="executor://xunit/VsTestRunner2/netcoreapp" className="Azure.Functions.Cli.Tests.ExtensionsTests.InstallExtensionsTests" name="Azure.Functions.Cli.Tests.ExtensionsTests.InstallExtensionsTests.try_install_with_no_valid_trigger" />
    </UnitTest>
    <UnitTest name="Azure.Functions.Cli.Tests.ExtensionsTests.TaskExtensionsTests.IgnoreFailureTest" storage="d:\azurefun\azure-functions-core-tools\test\azure.functions.cli.tests\bin\debug\netcoreapp2.2\azure.functions.cli.tests.dll" id="2e97a520-f469-1426-76d3-49996cac8357">
      <Execution id="ab47d352-2c7a-4fd5-b2e3-96cdb23ad241" />
      <TestMethod codeBase="d:\azureFun\azure-functions-core-tools\test\Azure.Functions.Cli.Tests\bin\Debug\netcoreapp2.2\Azure.Functions.Cli.Tests.dll" adapterTypeName="executor://xunit/VsTestRunner2/netcoreapp" className="Azure.Functions.Cli.Tests.ExtensionsTests.TaskExtensionsTests" name="Azure.Functions.Cli.Tests.ExtensionsTests.TaskExtensionsTests.IgnoreFailureTest" />
    </UnitTest>
    <UnitTest name="Azure.Functions.Cli.Tests.KubernetesHelperUnitTests.ValidateKubernetesNames(name: &quot;normalname&quot;, isValid: True)" storage="d:\azurefun\azure-functions-core-tools\test\azure.functions.cli.tests\bin\debug\netcoreapp2.2\azure.functions.cli.tests.dll" id="1bd52704-add6-aba2-e711-716128e7b10b">
      <Execution id="daa65972-400b-4563-9c0b-a5f83aac0aa3" />
      <TestMethod codeBase="d:\azureFun\azure-functions-core-tools\test\Azure.Functions.Cli.Tests\bin\Debug\netcoreapp2.2\Azure.Functions.Cli.Tests.dll" adapterTypeName="executor://xunit/VsTestRunner2/netcoreapp" className="Azure.Functions.Cli.Tests.KubernetesHelperUnitTests" name="Azure.Functions.Cli.Tests.KubernetesHelperUnitTests.ValidateKubernetesNames(name: &quot;normalname&quot;, isValid: True)" />
    </UnitTest>
    <UnitTest name="Azure.Functions.Cli.Tests.ActionsTests.ResolveActionTests.ResolveCommandLineCorrectly(args: &quot;--help&quot;, returnType: typeof(Azure.Functions.Cli.Actions.HelpAction))" storage="d:\azurefun\azure-functions-core-tools\test\azure.functions.cli.tests\bin\debug\netcoreapp2.2\azure.functions.cli.tests.dll" id="2eff687e-3e02-145a-61e4-bda0ef838985">
      <Execution id="fdc9fa14-822b-421a-bf17-73ad4ce8cc11" />
      <TestMethod codeBase="d:\azureFun\azure-functions-core-tools\test\Azure.Functions.Cli.Tests\bin\Debug\netcoreapp2.2\Azure.Functions.Cli.Tests.dll" adapterTypeName="executor://xunit/VsTestRunner2/netcoreapp" className="Azure.Functions.Cli.Tests.ActionsTests.ResolveActionTests" name="Azure.Functions.Cli.Tests.ActionsTests.ResolveActionTests.ResolveCommandLineCorrectly(args: &quot;--help&quot;, returnType: typeof(Azure.Functions.Cli.Actions.HelpAction))" />
    </UnitTest>
    <UnitTest name="Azure.Functions.Cli.Tests.E2E.StartTests.start_dotnet_csharp" storage="d:\azurefun\azure-functions-core-tools\test\azure.functions.cli.tests\bin\debug\netcoreapp2.2\azure.functions.cli.tests.dll" id="955249c5-d309-3548-5b00-36c27c9623c3">
      <Execution id="05c32e70-74ea-4aa4-8c56-46cbe2e3ba0a" />
      <TestMethod codeBase="d:\azureFun\azure-functions-core-tools\test\Azure.Functions.Cli.Tests\bin\Debug\netcoreapp2.2\Azure.Functions.Cli.Tests.dll" adapterTypeName="executor://xunit/VsTestRunner2/netcoreapp" className="Azure.Functions.Cli.Tests.E2E.StartTests" name="Azure.Functions.Cli.Tests.E2E.StartTests.start_dotnet_csharp" />
    </UnitTest>
    <UnitTest name="Azure.Functions.Cli.Tests.ActionsTests.ResolveActionTests.ResolveCommandLineCorrectly(args: &quot;settings list&quot;, returnType: typeof(Azure.Functions.Cli.Actions.LocalActions.ListSettingsAction))" storage="d:\azurefun\azure-functions-core-tools\test\azure.functions.cli.tests\bin\debug\netcoreapp2.2\azure.functions.cli.tests.dll" id="b6c76e80-b5b7-3f98-260a-f3016f7d7254">
      <Execution id="81136e38-df21-4798-84d8-3cbf09363365" />
      <TestMethod codeBase="d:\azureFun\azure-functions-core-tools\test\Azure.Functions.Cli.Tests\bin\Debug\netcoreapp2.2\Azure.Functions.Cli.Tests.dll" adapterTypeName="executor://xunit/VsTestRunner2/netcoreapp" className="Azure.Functions.Cli.Tests.ActionsTests.ResolveActionTests" name="Azure.Functions.Cli.Tests.ActionsTests.ResolveActionTests.ResolveCommandLineCorrectly(args: &quot;settings list&quot;, returnType: typeof(Azure.Functions.Cli.Actions.LocalActions.ListSettingsAction))" />
    </UnitTest>
    <UnitTest name="Azure.Functions.Cli.Tests.E2E.DurableTests.DurableGetInstancesTest" storage="d:\azurefun\azure-functions-core-tools\test\azure.functions.cli.tests\bin\debug\netcoreapp2.2\azure.functions.cli.tests.dll" id="2171c70e-0095-5e1e-14ba-ab56bb1825b8">
      <Execution id="e513cf44-5bd7-4cc5-8a0e-8fee0d94fe59" />
      <TestMethod codeBase="d:\azureFun\azure-functions-core-tools\test\Azure.Functions.Cli.Tests\bin\Debug\netcoreapp2.2\Azure.Functions.Cli.Tests.dll" adapterTypeName="executor://xunit/VsTestRunner2/netcoreapp" className="Azure.Functions.Cli.Tests.E2E.DurableTests" name="Azure.Functions.Cli.Tests.E2E.DurableTests.DurableGetInstancesTest" />
    </UnitTest>
    <UnitTest name="Azure.Functions.Cli.Tests.E2E.DurableTests.DurableRaiseEventTest" storage="d:\azurefun\azure-functions-core-tools\test\azure.functions.cli.tests\bin\debug\netcoreapp2.2\azure.functions.cli.tests.dll" id="b5584b1a-6471-bddd-51b8-b47f4a6ecf7b">
      <Execution id="08e65bd9-cbf5-4ee3-9544-55dc4c448b3a" />
      <TestMethod codeBase="d:\azureFun\azure-functions-core-tools\test\Azure.Functions.Cli.Tests\bin\Debug\netcoreapp2.2\Azure.Functions.Cli.Tests.dll" adapterTypeName="executor://xunit/VsTestRunner2/netcoreapp" className="Azure.Functions.Cli.Tests.E2E.DurableTests" name="Azure.Functions.Cli.Tests.E2E.DurableTests.DurableRaiseEventTest" />
    </UnitTest>
    <UnitTest name="Azure.Functions.Cli.Tests.ActionsTests.ResolveActionTests.ResolveCommandLineCorrectly(args: &quot;azure functionapp logstream appName&quot;, returnType: typeof(Azure.Functions.Cli.Actions.AzureActions.LogStreamAction))" storage="d:\azurefun\azure-functions-core-tools\test\azure.functions.cli.tests\bin\debug\netcoreapp2.2\azure.functions.cli.tests.dll" id="ebf99807-6835-8622-f4cc-14a2fe7f032c">
      <Execution id="2c5baca0-6b5b-4ee5-be92-a5554463296d" />
      <TestMethod codeBase="d:\azureFun\azure-functions-core-tools\test\Azure.Functions.Cli.Tests\bin\Debug\netcoreapp2.2\Azure.Functions.Cli.Tests.dll" adapterTypeName="executor://xunit/VsTestRunner2/netcoreapp" className="Azure.Functions.Cli.Tests.ActionsTests.ResolveActionTests" name="Azure.Functions.Cli.Tests.ActionsTests.ResolveActionTests.ResolveCommandLineCorrectly(args: &quot;azure functionapp logstream appName&quot;, returnType: typeof(Azure.Functions.Cli.Actions.AzureActions.LogStreamAction))" />
    </UnitTest>
    <UnitTest name="Azure.Functions.Cli.Tests.E2E.DurableTests.DurablePurgeHistoryTest" storage="d:\azurefun\azure-functions-core-tools\test\azure.functions.cli.tests\bin\debug\netcoreapp2.2\azure.functions.cli.tests.dll" id="243afa11-a217-684f-45f4-4db9da54a65f">
      <Execution id="210e7430-f295-4f76-8f86-e8d02ef9fc4a" />
      <TestMethod codeBase="d:\azureFun\azure-functions-core-tools\test\Azure.Functions.Cli.Tests\bin\Debug\netcoreapp2.2\Azure.Functions.Cli.Tests.dll" adapterTypeName="executor://xunit/VsTestRunner2/netcoreapp" className="Azure.Functions.Cli.Tests.E2E.DurableTests" name="Azure.Functions.Cli.Tests.E2E.DurableTests.DurablePurgeHistoryTest" />
    </UnitTest>
    <UnitTest name="Azure.Functions.Cli.Tests.ExtensionsTests.StringExtensionsTests.TestSanitizeImageNameWithBadInputValueThrowArgumentException(input: &quot;&quot;)" storage="d:\azurefun\azure-functions-core-tools\test\azure.functions.cli.tests\bin\debug\netcoreapp2.2\azure.functions.cli.tests.dll" id="e542b29f-26d5-de41-c655-0b8a6a89cc04">
      <Execution id="5652d518-2218-467d-b833-39e6ee2ea7c3" />
      <TestMethod codeBase="d:\azureFun\azure-functions-core-tools\test\Azure.Functions.Cli.Tests\bin\Debug\netcoreapp2.2\Azure.Functions.Cli.Tests.dll" adapterTypeName="executor://xunit/VsTestRunner2/netcoreapp" className="Azure.Functions.Cli.Tests.ExtensionsTests.StringExtensionsTests" name="Azure.Functions.Cli.Tests.ExtensionsTests.StringExtensionsTests.TestSanitizeImageNameWithBadInputValueThrowArgumentException(input: &quot;&quot;)" />
    </UnitTest>
    <UnitTest name="Azure.Functions.Cli.Tests.ExtensionsTests.ProcessExtensionsTests.WaitForExitTest" storage="d:\azurefun\azure-functions-core-tools\test\azure.functions.cli.tests\bin\debug\netcoreapp2.2\azure.functions.cli.tests.dll" id="3d9afed2-66bd-dc4f-d141-be86f2474bf2">
      <Execution id="4f0ed584-9ae1-4240-bed7-f4ac2ff4ad36" />
      <TestMethod codeBase="d:\azureFun\azure-functions-core-tools\test\Azure.Functions.Cli.Tests\bin\Debug\netcoreapp2.2\Azure.Functions.Cli.Tests.dll" adapterTypeName="executor://xunit/VsTestRunner2/netcoreapp" className="Azure.Functions.Cli.Tests.ExtensionsTests.ProcessExtensionsTests" name="Azure.Functions.Cli.Tests.ExtensionsTests.ProcessExtensionsTests.WaitForExitTest" />
    </UnitTest>
    <UnitTest name="Azure.Functions.Cli.Tests.UriExtensionsTests.IsServerRunningPositiveTest" storage="d:\azurefun\azure-functions-core-tools\test\azure.functions.cli.tests\bin\debug\netcoreapp2.2\azure.functions.cli.tests.dll" id="9f3a2bf4-d34a-7d0f-b6e4-9ff26c380ab7">
      <Execution id="2bf9adc5-9bf3-46c6-bc03-f77ee9004c05" />
      <TestMethod codeBase="d:\azureFun\azure-functions-core-tools\test\Azure.Functions.Cli.Tests\bin\Debug\netcoreapp2.2\Azure.Functions.Cli.Tests.dll" adapterTypeName="executor://xunit/VsTestRunner2/netcoreapp" className="Azure.Functions.Cli.Tests.UriExtensionsTests" name="Azure.Functions.Cli.Tests.UriExtensionsTests.IsServerRunningPositiveTest" />
    </UnitTest>
    <UnitTest name="Azure.Functions.Cli.Tests.ActionsTests.ResolveActionTests.ResolveCommandLineCorrectly(args: &quot;-v&quot;, returnType: null)" storage="d:\azurefun\azure-functions-core-tools\test\azure.functions.cli.tests\bin\debug\netcoreapp2.2\azure.functions.cli.tests.dll" id="0f458aa1-b2a7-ec6b-ca73-2245e2295c8d">
      <Execution id="5d41866f-2e34-4a5e-be11-c4c6ecf7895f" />
      <TestMethod codeBase="d:\azureFun\azure-functions-core-tools\test\Azure.Functions.Cli.Tests\bin\Debug\netcoreapp2.2\Azure.Functions.Cli.Tests.dll" adapterTypeName="executor://xunit/VsTestRunner2/netcoreapp" className="Azure.Functions.Cli.Tests.ActionsTests.ResolveActionTests" name="Azure.Functions.Cli.Tests.ActionsTests.ResolveActionTests.ResolveCommandLineCorrectly(args: &quot;-v&quot;, returnType: null)" />
    </UnitTest>
    <UnitTest name="Azure.Functions.Cli.Tests.GitIgnoreParserTests.DeniesShouldDenyTheGivenFilenames" storage="d:\azurefun\azure-functions-core-tools\test\azure.functions.cli.tests\bin\debug\netcoreapp2.2\azure.functions.cli.tests.dll" id="cb297182-8b61-50c8-d2e2-3cfe085c978e">
      <Execution id="db6a31c0-f35e-4a1c-8da7-85de14607ac5" />
      <TestMethod codeBase="d:\azureFun\azure-functions-core-tools\test\Azure.Functions.Cli.Tests\bin\Debug\netcoreapp2.2\Azure.Functions.Cli.Tests.dll" adapterTypeName="executor://xunit/VsTestRunner2/netcoreapp" className="Azure.Functions.Cli.Tests.GitIgnoreParserTests" name="Azure.Functions.Cli.Tests.GitIgnoreParserTests.DeniesShouldDenyTheGivenFilenames" />
    </UnitTest>
    <UnitTest name="Azure.Functions.Cli.Tests.ExtensionsTests.TaskExtensionsTests.IgnoreFailureAndFilterListOfTasks" storage="d:\azurefun\azure-functions-core-tools\test\azure.functions.cli.tests\bin\debug\netcoreapp2.2\azure.functions.cli.tests.dll" id="da4681c6-718f-bdf7-e3fd-882500cd8814">
      <Execution id="a5e508a0-32be-4d00-9c2c-a03c44b61470" />
      <TestMethod codeBase="d:\azureFun\azure-functions-core-tools\test\Azure.Functions.Cli.Tests\bin\Debug\netcoreapp2.2\Azure.Functions.Cli.Tests.dll" adapterTypeName="executor://xunit/VsTestRunner2/netcoreapp" className="Azure.Functions.Cli.Tests.ExtensionsTests.TaskExtensionsTests" name="Azure.Functions.Cli.Tests.ExtensionsTests.TaskExtensionsTests.IgnoreFailureAndFilterListOfTasks" />
    </UnitTest>
    <UnitTest name="Azure.Functions.Cli.Tests.KubernetesHelperUnitTests.ValidateKubernetesNames(name: &quot;name-with-dashes&quot;, isValid: True)" storage="d:\azurefun\azure-functions-core-tools\test\azure.functions.cli.tests\bin\debug\netcoreapp2.2\azure.functions.cli.tests.dll" id="7d741dfd-96b6-3ec8-237a-4816ed351140">
      <Execution id="ed34e267-cbbc-47e6-9a75-945e4bf0f49e" />
      <TestMethod codeBase="d:\azureFun\azure-functions-core-tools\test\Azure.Functions.Cli.Tests\bin\Debug\netcoreapp2.2\Azure.Functions.Cli.Tests.dll" adapterTypeName="executor://xunit/VsTestRunner2/netcoreapp" className="Azure.Functions.Cli.Tests.KubernetesHelperUnitTests" name="Azure.Functions.Cli.Tests.KubernetesHelperUnitTests.ValidateKubernetesNames(name: &quot;name-with-dashes&quot;, isValid: True)" />
    </UnitTest>
    <UnitTest name="Azure.Functions.Cli.Tests.E2E.InitTests.init_ts_app_using_runtime" storage="d:\azurefun\azure-functions-core-tools\test\azure.functions.cli.tests\bin\debug\netcoreapp2.2\azure.functions.cli.tests.dll" id="39f587a1-adfa-40ac-1d64-2729707c10fc">
      <Execution id="ddf644be-245c-4870-8184-4faf3604e07e" />
      <TestMethod codeBase="d:\azureFun\azure-functions-core-tools\test\Azure.Functions.Cli.Tests\bin\Debug\netcoreapp2.2\Azure.Functions.Cli.Tests.dll" adapterTypeName="executor://xunit/VsTestRunner2/netcoreapp" className="Azure.Functions.Cli.Tests.E2E.InitTests" name="Azure.Functions.Cli.Tests.E2E.InitTests.init_ts_app_using_runtime" />
    </UnitTest>
    <UnitTest name="Azure.Functions.Cli.Tests.UriExtensionsTests.IsJsonTest(value: &quot;test&quot;, expected: False)" storage="d:\azurefun\azure-functions-core-tools\test\azure.functions.cli.tests\bin\debug\netcoreapp2.2\azure.functions.cli.tests.dll" id="66f6f242-74b3-6a0b-fa81-2412711abe67">
      <Execution id="c9cb049a-f6ea-48e5-b602-da2eab3b1170" />
      <TestMethod codeBase="d:\azureFun\azure-functions-core-tools\test\Azure.Functions.Cli.Tests\bin\Debug\netcoreapp2.2\Azure.Functions.Cli.Tests.dll" adapterTypeName="executor://xunit/VsTestRunner2/netcoreapp" className="Azure.Functions.Cli.Tests.UriExtensionsTests" name="Azure.Functions.Cli.Tests.UriExtensionsTests.IsJsonTest(value: &quot;test&quot;, expected: False)" />
    </UnitTest>
    <UnitTest name="Azure.Functions.Cli.Tests.ActionsTests.ResolveActionTests.ResolveCommandLineCorrectly(args: &quot;durable get-instances --created-before 11/10/2018 &quot;..., returnType: typeof(Azure.Functions.Cli.Actions.DurableActions.DurableGetInstances))" storage="d:\azurefun\azure-functions-core-tools\test\azure.functions.cli.tests\bin\debug\netcoreapp2.2\azure.functions.cli.tests.dll" id="ffd1e9b5-9428-7728-bd40-88718d74b2e7">
      <Execution id="0b372d74-9ec3-401d-9c0e-268fe73c3426" />
      <TestMethod codeBase="d:\azureFun\azure-functions-core-tools\test\Azure.Functions.Cli.Tests\bin\Debug\netcoreapp2.2\Azure.Functions.Cli.Tests.dll" adapterTypeName="executor://xunit/VsTestRunner2/netcoreapp" className="Azure.Functions.Cli.Tests.ActionsTests.ResolveActionTests" name="Azure.Functions.Cli.Tests.ActionsTests.ResolveActionTests.ResolveCommandLineCorrectly(args: &quot;durable get-instances --created-before 11/10/2018 &quot;..., returnType: typeof(Azure.Functions.Cli.Actions.DurableActions.DurableGetInstances))" />
    </UnitTest>
    <UnitTest name="Azure.Functions.Cli.Tests.ActionsTests.ResolveActionTests.ResolveCommandLineCorrectly(args: &quot;durable get-runtime-status --id ab1b5de4c5a9450eaf&quot;..., returnType: typeof(Azure.Functions.Cli.Actions.DurableActions.DurableGetRuntimeStatus))" storage="d:\azurefun\azure-functions-core-tools\test\azure.functions.cli.tests\bin\debug\netcoreapp2.2\azure.functions.cli.tests.dll" id="bd78b515-00b0-094a-e313-5142986debc4">
      <Execution id="db4e067b-faf6-44be-a623-22d5ce5f93ff" />
      <TestMethod codeBase="d:\azureFun\azure-functions-core-tools\test\Azure.Functions.Cli.Tests\bin\Debug\netcoreapp2.2\Azure.Functions.Cli.Tests.dll" adapterTypeName="executor://xunit/VsTestRunner2/netcoreapp" className="Azure.Functions.Cli.Tests.ActionsTests.ResolveActionTests" name="Azure.Functions.Cli.Tests.ActionsTests.ResolveActionTests.ResolveCommandLineCorrectly(args: &quot;durable get-runtime-status --id ab1b5de4c5a9450eaf&quot;..., returnType: typeof(Azure.Functions.Cli.Actions.DurableActions.DurableGetRuntimeStatus))" />
    </UnitTest>
    <UnitTest name="Azure.Functions.Cli.Tests.ActionsTests.ResolveActionTests.ResolveCommandLineCorrectly(args: &quot;durable terminate --id ab1b5de4c5a9450eafa5a4cf249&quot;..., returnType: typeof(Azure.Functions.Cli.Actions.DurableActions.DurableTerminate))" storage="d:\azurefun\azure-functions-core-tools\test\azure.functions.cli.tests\bin\debug\netcoreapp2.2\azure.functions.cli.tests.dll" id="559d4974-8bb6-79f3-b951-eb7c787ce1a9">
      <Execution id="02fafcba-63dd-4e9b-a4d7-7735587a396f" />
      <TestMethod codeBase="d:\azureFun\azure-functions-core-tools\test\Azure.Functions.Cli.Tests\bin\Debug\netcoreapp2.2\Azure.Functions.Cli.Tests.dll" adapterTypeName="executor://xunit/VsTestRunner2/netcoreapp" className="Azure.Functions.Cli.Tests.ActionsTests.ResolveActionTests" name="Azure.Functions.Cli.Tests.ActionsTests.ResolveActionTests.ResolveCommandLineCorrectly(args: &quot;durable terminate --id ab1b5de4c5a9450eafa5a4cf249&quot;..., returnType: typeof(Azure.Functions.Cli.Actions.DurableActions.DurableTerminate))" />
    </UnitTest>
    <UnitTest name="Azure.Functions.Cli.Tests.E2E.StartTests.start_nodejs" storage="d:\azurefun\azure-functions-core-tools\test\azure.functions.cli.tests\bin\debug\netcoreapp2.2\azure.functions.cli.tests.dll" id="aa1df594-40d4-e137-cd98-d22b8508a548">
      <Execution id="abe6f270-d9cd-4b70-abed-d99ff42869ba" />
      <TestMethod codeBase="d:\azureFun\azure-functions-core-tools\test\Azure.Functions.Cli.Tests\bin\Debug\netcoreapp2.2\Azure.Functions.Cli.Tests.dll" adapterTypeName="executor://xunit/VsTestRunner2/netcoreapp" className="Azure.Functions.Cli.Tests.E2E.StartTests" name="Azure.Functions.Cli.Tests.E2E.StartTests.start_nodejs" />
    </UnitTest>
    <UnitTest name="Azure.Functions.Cli.Tests.ExtensionsTests.GenericExtensionsTests.MergeWithTest" storage="d:\azurefun\azure-functions-core-tools\test\azure.functions.cli.tests\bin\debug\netcoreapp2.2\azure.functions.cli.tests.dll" id="e85947ae-606d-a182-c346-4b538925928d">
      <Execution id="af8e5175-f6ef-4d45-a984-b45e0e694a47" />
      <TestMethod codeBase="d:\azureFun\azure-functions-core-tools\test\Azure.Functions.Cli.Tests\bin\Debug\netcoreapp2.2\Azure.Functions.Cli.Tests.dll" adapterTypeName="executor://xunit/VsTestRunner2/netcoreapp" className="Azure.Functions.Cli.Tests.ExtensionsTests.GenericExtensionsTests" name="Azure.Functions.Cli.Tests.ExtensionsTests.GenericExtensionsTests.MergeWithTest" />
    </UnitTest>
    <UnitTest name="Azure.Functions.Cli.Tests.ExtensionsTests.InstallExtensionsTests.try_install_with_a_valid_trigger" storage="d:\azurefun\azure-functions-core-tools\test\azure.functions.cli.tests\bin\debug\netcoreapp2.2\azure.functions.cli.tests.dll" id="a2d484e5-4918-7da9-1f89-adae87529a89">
      <Execution id="338948ce-789f-419c-bd70-4ebb45695ba1" />
      <TestMethod codeBase="d:\azureFun\azure-functions-core-tools\test\Azure.Functions.Cli.Tests\bin\Debug\netcoreapp2.2\Azure.Functions.Cli.Tests.dll" adapterTypeName="executor://xunit/VsTestRunner2/netcoreapp" className="Azure.Functions.Cli.Tests.ExtensionsTests.InstallExtensionsTests" name="Azure.Functions.Cli.Tests.ExtensionsTests.InstallExtensionsTests.try_install_with_a_valid_trigger" />
    </UnitTest>
    <UnitTest name="Azure.Functions.Cli.Tests.ActionsTests.ResolveActionTests.ResolveCommandLineCorrectly(args: &quot;settings add settingName&quot;, returnType: typeof(Azure.Functions.Cli.Actions.LocalActions.AddSettingAction))" storage="d:\azurefun\azure-functions-core-tools\test\azure.functions.cli.tests\bin\debug\netcoreapp2.2\azure.functions.cli.tests.dll" id="42204d7b-dea8-ac96-e080-6b7a82a5585a">
      <Execution id="8c536129-ac94-45ce-8a1c-299149e23ef0" />
      <TestMethod codeBase="d:\azureFun\azure-functions-core-tools\test\Azure.Functions.Cli.Tests\bin\Debug\netcoreapp2.2\Azure.Functions.Cli.Tests.dll" adapterTypeName="executor://xunit/VsTestRunner2/netcoreapp" className="Azure.Functions.Cli.Tests.ActionsTests.ResolveActionTests" name="Azure.Functions.Cli.Tests.ActionsTests.ResolveActionTests.ResolveCommandLineCorrectly(args: &quot;settings add settingName&quot;, returnType: typeof(Azure.Functions.Cli.Actions.LocalActions.AddSettingAction))" />
    </UnitTest>
    <UnitTest name="Azure.Functions.Cli.Tests.E2E.DurableTests.DurableTerminateTest" storage="d:\azurefun\azure-functions-core-tools\test\azure.functions.cli.tests\bin\debug\netcoreapp2.2\azure.functions.cli.tests.dll" id="457c4f00-2dd8-d508-c1d2-c12724633f05">
      <Execution id="61ee0aee-99a7-47f8-949e-e7df47b005b4" />
      <TestMethod codeBase="d:\azureFun\azure-functions-core-tools\test\Azure.Functions.Cli.Tests\bin\Debug\netcoreapp2.2\Azure.Functions.Cli.Tests.dll" adapterTypeName="executor://xunit/VsTestRunner2/netcoreapp" className="Azure.Functions.Cli.Tests.E2E.DurableTests" name="Azure.Functions.Cli.Tests.E2E.DurableTests.DurableTerminateTest" />
    </UnitTest>
    <UnitTest name="Azure.Functions.Cli.Tests.ActionsTests.ResolveActionTests.ResolveCommandLineCorrectly(args: &quot;azure set-publish-password userName&quot;, returnType: typeof(Azure.Functions.Cli.Actions.AzureActions.DeprecatedAzureActions))" storage="d:\azurefun\azure-functions-core-tools\test\azure.functions.cli.tests\bin\debug\netcoreapp2.2\azure.functions.cli.tests.dll" id="574b6f6d-989c-3073-4252-0f2938f02b70">
      <Execution id="b792afe9-7318-40e1-81b9-8ac20a73618e" />
      <TestMethod codeBase="d:\azureFun\azure-functions-core-tools\test\Azure.Functions.Cli.Tests\bin\Debug\netcoreapp2.2\Azure.Functions.Cli.Tests.dll" adapterTypeName="executor://xunit/VsTestRunner2/netcoreapp" className="Azure.Functions.Cli.Tests.ActionsTests.ResolveActionTests" name="Azure.Functions.Cli.Tests.ActionsTests.ResolveActionTests.ResolveCommandLineCorrectly(args: &quot;azure set-publish-password userName&quot;, returnType: typeof(Azure.Functions.Cli.Actions.AzureActions.DeprecatedAzureActions))" />
    </UnitTest>
    <UnitTest name="Azure.Functions.Cli.Tests.KubernetesHelperUnitTests.ValidateKubernetesNames(name: &quot;name@something&quot;, isValid: False)" storage="d:\azurefun\azure-functions-core-tools\test\azure.functions.cli.tests\bin\debug\netcoreapp2.2\azure.functions.cli.tests.dll" id="9f1f89d8-fb6f-2826-e480-ce8a90986031">
      <Execution id="44df3dc8-2c75-4e5d-a403-a920dc2d782b" />
      <TestMethod codeBase="d:\azureFun\azure-functions-core-tools\test\Azure.Functions.Cli.Tests\bin\Debug\netcoreapp2.2\Azure.Functions.Cli.Tests.dll" adapterTypeName="executor://xunit/VsTestRunner2/netcoreapp" className="Azure.Functions.Cli.Tests.KubernetesHelperUnitTests" name="Azure.Functions.Cli.Tests.KubernetesHelperUnitTests.ValidateKubernetesNames(name: &quot;name@something&quot;, isValid: False)" />
    </UnitTest>
    <UnitTest name="Azure.Functions.Cli.Tests.ActionsTests.ResolveActionTests.ResolveCommandLineCorrectly(args: &quot;azure functionapp list&quot;, returnType: typeof(Azure.Functions.Cli.Actions.AzureActions.DeprecatedAzureActions))" storage="d:\azurefun\azure-functions-core-tools\test\azure.functions.cli.tests\bin\debug\netcoreapp2.2\azure.functions.cli.tests.dll" id="78561c78-b11f-249e-8d46-afb9f8373f86">
      <Execution id="e8780cdf-039c-4c1b-8306-4021679b63cc" />
      <TestMethod codeBase="d:\azureFun\azure-functions-core-tools\test\Azure.Functions.Cli.Tests\bin\Debug\netcoreapp2.2\Azure.Functions.Cli.Tests.dll" adapterTypeName="executor://xunit/VsTestRunner2/netcoreapp" className="Azure.Functions.Cli.Tests.ActionsTests.ResolveActionTests" name="Azure.Functions.Cli.Tests.ActionsTests.ResolveActionTests.ResolveCommandLineCorrectly(args: &quot;azure functionapp list&quot;, returnType: typeof(Azure.Functions.Cli.Actions.AzureActions.DeprecatedAzureActions))" />
    </UnitTest>
    <UnitTest name="Azure.Functions.Cli.Tests.E2E.CreateFunctionTests.create_template_function_success_message" storage="d:\azurefun\azure-functions-core-tools\test\azure.functions.cli.tests\bin\debug\netcoreapp2.2\azure.functions.cli.tests.dll" id="5003810b-7863-4dc1-5248-e3712431e6d6">
      <Execution id="949cd437-7548-47f6-8557-118ff2a2c854" />
      <TestMethod codeBase="d:\azureFun\azure-functions-core-tools\test\Azure.Functions.Cli.Tests\bin\Debug\netcoreapp2.2\Azure.Functions.Cli.Tests.dll" adapterTypeName="executor://xunit/VsTestRunner2/netcoreapp" className="Azure.Functions.Cli.Tests.E2E.CreateFunctionTests" name="Azure.Functions.Cli.Tests.E2E.CreateFunctionTests.create_template_function_success_message" />
    </UnitTest>
    <UnitTest name="Azure.Functions.Cli.Tests.UriExtensionsTests.IsJsonTest(value: null, expected: False)" storage="d:\azurefun\azure-functions-core-tools\test\azure.functions.cli.tests\bin\debug\netcoreapp2.2\azure.functions.cli.tests.dll" id="c1732864-2ff6-7242-778b-b3833fe8c752">
      <Execution id="c689b197-63fb-4a13-a532-e7ee0b641ae0" />
      <TestMethod codeBase="d:\azureFun\azure-functions-core-tools\test\Azure.Functions.Cli.Tests\bin\Debug\netcoreapp2.2\Azure.Functions.Cli.Tests.dll" adapterTypeName="executor://xunit/VsTestRunner2/netcoreapp" className="Azure.Functions.Cli.Tests.UriExtensionsTests" name="Azure.Functions.Cli.Tests.UriExtensionsTests.IsJsonTest(value: null, expected: False)" />
    </UnitTest>
    <UnitTest name="Azure.Functions.Cli.Tests.UriExtensionsTests.IsServerRunningNegativeTest(Url: &quot;invalid://example.com&quot;, expected: False)" storage="d:\azurefun\azure-functions-core-tools\test\azure.functions.cli.tests\bin\debug\netcoreapp2.2\azure.functions.cli.tests.dll" id="4fe61fb2-add7-9b86-7ac9-963c2c517c14">
      <Execution id="c1f5313a-3796-48a2-a10d-da80743ab759" />
      <TestMethod codeBase="d:\azureFun\azure-functions-core-tools\test\Azure.Functions.Cli.Tests\bin\Debug\netcoreapp2.2\Azure.Functions.Cli.Tests.dll" adapterTypeName="executor://xunit/VsTestRunner2/netcoreapp" className="Azure.Functions.Cli.Tests.UriExtensionsTests" name="Azure.Functions.Cli.Tests.UriExtensionsTests.IsServerRunningNegativeTest(Url: &quot;invalid://example.com&quot;, expected: False)" />
    </UnitTest>
    <UnitTest name="Azure.Functions.Cli.Tests.KubernetesHelperUnitTests.ValidateKubernetesNames(name: &quot;NameWithCapital&quot;, isValid: False)" storage="d:\azurefun\azure-functions-core-tools\test\azure.functions.cli.tests\bin\debug\netcoreapp2.2\azure.functions.cli.tests.dll" id="744b1472-67f7-81df-ef74-a77709274f11">
      <Execution id="8b9f9e55-e142-4913-bcfb-a403489e2522" />
      <TestMethod codeBase="d:\azureFun\azure-functions-core-tools\test\Azure.Functions.Cli.Tests\bin\Debug\netcoreapp2.2\Azure.Functions.Cli.Tests.dll" adapterTypeName="executor://xunit/VsTestRunner2/netcoreapp" className="Azure.Functions.Cli.Tests.KubernetesHelperUnitTests" name="Azure.Functions.Cli.Tests.KubernetesHelperUnitTests.ValidateKubernetesNames(name: &quot;NameWithCapital&quot;, isValid: False)" />
    </UnitTest>
    <UnitTest name="Azure.Functions.Cli.Tests.E2E.InitTests.init_docker_only_for_existing_project(workerRuntime: &quot;dotnet&quot;)" storage="d:\azurefun\azure-functions-core-tools\test\azure.functions.cli.tests\bin\debug\netcoreapp2.2\azure.functions.cli.tests.dll" id="e553ca05-308a-bf73-e898-77e7d60f149d">
      <Execution id="a381d778-cae7-4f72-af3a-f7fdf71d896f" />
      <TestMethod codeBase="d:\azureFun\azure-functions-core-tools\test\Azure.Functions.Cli.Tests\bin\Debug\netcoreapp2.2\Azure.Functions.Cli.Tests.dll" adapterTypeName="executor://xunit/VsTestRunner2/netcoreapp" className="Azure.Functions.Cli.Tests.E2E.InitTests" name="Azure.Functions.Cli.Tests.E2E.InitTests.init_docker_only_for_existing_project(workerRuntime: &quot;dotnet&quot;)" />
    </UnitTest>
    <UnitTest name="Azure.Functions.Cli.Tests.GitIgnoreParserTests.DeniesShouldNotDenyUnignoredFilesInIgnoredDirectories" storage="d:\azurefun\azure-functions-core-tools\test\azure.functions.cli.tests\bin\debug\netcoreapp2.2\azure.functions.cli.tests.dll" id="1933ec56-27e4-c95b-c87a-ed7e486a9d13">
      <Execution id="25be52dc-1806-4b78-9f09-4fef3ae23c9d" />
      <TestMethod codeBase="d:\azureFun\azure-functions-core-tools\test\Azure.Functions.Cli.Tests\bin\Debug\netcoreapp2.2\Azure.Functions.Cli.Tests.dll" adapterTypeName="executor://xunit/VsTestRunner2/netcoreapp" className="Azure.Functions.Cli.Tests.GitIgnoreParserTests" name="Azure.Functions.Cli.Tests.GitIgnoreParserTests.DeniesShouldNotDenyUnignoredFilesInIgnoredDirectories" />
    </UnitTest>
    <UnitTest name="Azure.Functions.Cli.Tests.E2E.DurableTests.DurableRewindTest" storage="d:\azurefun\azure-functions-core-tools\test\azure.functions.cli.tests\bin\debug\netcoreapp2.2\azure.functions.cli.tests.dll" id="f45bfa4a-0d9f-47fe-e10c-d3e4e94868ea">
      <Execution id="140e200b-598d-486c-b393-1076f613ef23" />
      <TestMethod codeBase="d:\azureFun\azure-functions-core-tools\test\Azure.Functions.Cli.Tests\bin\Debug\netcoreapp2.2\Azure.Functions.Cli.Tests.dll" adapterTypeName="executor://xunit/VsTestRunner2/netcoreapp" className="Azure.Functions.Cli.Tests.E2E.DurableTests" name="Azure.Functions.Cli.Tests.E2E.DurableTests.DurableRewindTest" />
    </UnitTest>
    <UnitTest name="Azure.Functions.Cli.Tests.E2E.InitTests.init_with_python_Dockerfile" storage="d:\azurefun\azure-functions-core-tools\test\azure.functions.cli.tests\bin\debug\netcoreapp2.2\azure.functions.cli.tests.dll" id="e0ef2013-516b-50af-1cfc-3551e92565d5">
      <Execution id="147c399b-f232-4a82-ad06-82630397a6ea" />
      <TestMethod codeBase="d:\azureFun\azure-functions-core-tools\test\Azure.Functions.Cli.Tests\bin\Debug\netcoreapp2.2\Azure.Functions.Cli.Tests.dll" adapterTypeName="executor://xunit/VsTestRunner2/netcoreapp" className="Azure.Functions.Cli.Tests.E2E.InitTests" name="Azure.Functions.Cli.Tests.E2E.InitTests.init_with_python_Dockerfile" />
    </UnitTest>
    <UnitTest name="Azure.Functions.Cli.Tests.E2E.InitTests.init_docker_only_for_existing_project(workerRuntime: &quot;powershell&quot;)" storage="d:\azurefun\azure-functions-core-tools\test\azure.functions.cli.tests\bin\debug\netcoreapp2.2\azure.functions.cli.tests.dll" id="a33e1e9b-21a9-4ffd-da79-f2532b99fd5f">
      <Execution id="aa4f64c4-6349-47a2-9c2b-5eeb9b6330b2" />
      <TestMethod codeBase="d:\azureFun\azure-functions-core-tools\test\Azure.Functions.Cli.Tests\bin\Debug\netcoreapp2.2\Azure.Functions.Cli.Tests.dll" adapterTypeName="executor://xunit/VsTestRunner2/netcoreapp" className="Azure.Functions.Cli.Tests.E2E.InitTests" name="Azure.Functions.Cli.Tests.E2E.InitTests.init_docker_only_for_existing_project(workerRuntime: &quot;powershell&quot;)" />
    </UnitTest>
    <UnitTest name="Azure.Functions.Cli.Tests.ActionsTests.ResolveActionTests.ResolveCommandLineCorrectly(args: &quot;azure storage fetch-connection-string storageName&quot;, returnType: typeof(Azure.Functions.Cli.Actions.AzureActions.AddStorageAccountSettingAction))" storage="d:\azurefun\azure-functions-core-tools\test\azure.functions.cli.tests\bin\debug\netcoreapp2.2\azure.functions.cli.tests.dll" id="58dd0057-84d2-2bc0-2c61-ba1b40563254">
      <Execution id="79055a87-4323-4420-aac1-b2cc395e7ac7" />
      <TestMethod codeBase="d:\azureFun\azure-functions-core-tools\test\Azure.Functions.Cli.Tests\bin\Debug\netcoreapp2.2\Azure.Functions.Cli.Tests.dll" adapterTypeName="executor://xunit/VsTestRunner2/netcoreapp" className="Azure.Functions.Cli.Tests.ActionsTests.ResolveActionTests" name="Azure.Functions.Cli.Tests.ActionsTests.ResolveActionTests.ResolveCommandLineCorrectly(args: &quot;azure storage fetch-connection-string storageName&quot;, returnType: typeof(Azure.Functions.Cli.Actions.AzureActions.AddStorageAccountSettingAction))" />
    </UnitTest>
    <UnitTest name="Azure.Functions.Cli.Tests.ExtensionsTests.StringExtensionsTests.TestSanitizeImageNameWithBadFormatSanitizeOutput(input: &quot;GetMessages&quot;, expected: &quot;getmessages&quot;)" storage="d:\azurefun\azure-functions-core-tools\test\azure.functions.cli.tests\bin\debug\netcoreapp2.2\azure.functions.cli.tests.dll" id="251a8b14-d748-20b6-c258-9f54a47d59dd">
      <Execution id="c54dea50-6ff3-4b4a-9f2d-0f024d198802" />
      <TestMethod codeBase="d:\azureFun\azure-functions-core-tools\test\Azure.Functions.Cli.Tests\bin\Debug\netcoreapp2.2\Azure.Functions.Cli.Tests.dll" adapterTypeName="executor://xunit/VsTestRunner2/netcoreapp" className="Azure.Functions.Cli.Tests.ExtensionsTests.StringExtensionsTests" name="Azure.Functions.Cli.Tests.ExtensionsTests.StringExtensionsTests.TestSanitizeImageNameWithBadFormatSanitizeOutput(input: &quot;GetMessages&quot;, expected: &quot;getmessages&quot;)" />
    </UnitTest>
    <UnitTest name="Azure.Functions.Cli.Tests.ActionsTests.ResolveActionTests.ResolveCommandLineCorrectly(args: &quot;durable purge-history --created-after 11/5/2018 --&quot;..., returnType: typeof(Azure.Functions.Cli.Actions.DurableActions.DurablePurgeHistory))" storage="d:\azurefun\azure-functions-core-tools\test\azure.functions.cli.tests\bin\debug\netcoreapp2.2\azure.functions.cli.tests.dll" id="48e1ca5f-db9a-873c-f3bc-7991e0057d11">
      <Execution id="fc4bf6e1-dccb-435d-a11e-bbe9f5f3e047" />
      <TestMethod codeBase="d:\azureFun\azure-functions-core-tools\test\Azure.Functions.Cli.Tests\bin\Debug\netcoreapp2.2\Azure.Functions.Cli.Tests.dll" adapterTypeName="executor://xunit/VsTestRunner2/netcoreapp" className="Azure.Functions.Cli.Tests.ActionsTests.ResolveActionTests" name="Azure.Functions.Cli.Tests.ActionsTests.ResolveActionTests.ResolveCommandLineCorrectly(args: &quot;durable purge-history --created-after 11/5/2018 --&quot;..., returnType: typeof(Azure.Functions.Cli.Actions.DurableActions.DurablePurgeHistory))" />
    </UnitTest>
    <UnitTest name="Azure.Functions.Cli.Tests.E2E.CreateFunctionTests.create_typescript_template" storage="d:\azurefun\azure-functions-core-tools\test\azure.functions.cli.tests\bin\debug\netcoreapp2.2\azure.functions.cli.tests.dll" id="a2fc6bf4-45cb-b71d-9969-54743329e6ec">
      <Execution id="8c061caf-e0fd-4535-8c18-acaa0f959287" />
      <TestMethod codeBase="d:\azureFun\azure-functions-core-tools\test\Azure.Functions.Cli.Tests\bin\Debug\netcoreapp2.2\Azure.Functions.Cli.Tests.dll" adapterTypeName="executor://xunit/VsTestRunner2/netcoreapp" className="Azure.Functions.Cli.Tests.E2E.CreateFunctionTests" name="Azure.Functions.Cli.Tests.E2E.CreateFunctionTests.create_typescript_template" />
    </UnitTest>
    <UnitTest name="Azure.Functions.Cli.Tests.GitIgnoreParserTests.AcceptShouldNotAcceptTheGivenFilenames" storage="d:\azurefun\azure-functions-core-tools\test\azure.functions.cli.tests\bin\debug\netcoreapp2.2\azure.functions.cli.tests.dll" id="f495c734-8012-31b2-3361-92d27fb8c6d0">
      <Execution id="b8594acf-5805-4134-8fca-50f02531c845" />
      <TestMethod codeBase="d:\azureFun\azure-functions-core-tools\test\Azure.Functions.Cli.Tests\bin\Debug\netcoreapp2.2\Azure.Functions.Cli.Tests.dll" adapterTypeName="executor://xunit/VsTestRunner2/netcoreapp" className="Azure.Functions.Cli.Tests.GitIgnoreParserTests" name="Azure.Functions.Cli.Tests.GitIgnoreParserTests.AcceptShouldNotAcceptTheGivenFilenames" />
    </UnitTest>
    <UnitTest name="Azure.Functions.Cli.Tests.E2E.InitTests.init_with_Dockerfile(workerRuntime: &quot;node&quot;)" storage="d:\azurefun\azure-functions-core-tools\test\azure.functions.cli.tests\bin\debug\netcoreapp2.2\azure.functions.cli.tests.dll" id="dae95602-c54d-e58f-4f04-32815860a055">
      <Execution id="e8397fe4-2d8d-497c-ab83-ed0932d5d5fe" />
      <TestMethod codeBase="d:\azureFun\azure-functions-core-tools\test\Azure.Functions.Cli.Tests\bin\Debug\netcoreapp2.2\Azure.Functions.Cli.Tests.dll" adapterTypeName="executor://xunit/VsTestRunner2/netcoreapp" className="Azure.Functions.Cli.Tests.E2E.InitTests" name="Azure.Functions.Cli.Tests.E2E.InitTests.init_with_Dockerfile(workerRuntime: &quot;node&quot;)" />
    </UnitTest>
    <UnitTest name="Azure.Functions.Cli.Tests.GitIgnoreParserTests.AcceptShouldAcceptUnignoredFilesInIgnoredDirectories" storage="d:\azurefun\azure-functions-core-tools\test\azure.functions.cli.tests\bin\debug\netcoreapp2.2\azure.functions.cli.tests.dll" id="9dbb5f07-9422-6d35-4546-edac74e177fc">
      <Execution id="78ec539f-44ea-4eaf-ac91-3235a9224e41" />
      <TestMethod codeBase="d:\azureFun\azure-functions-core-tools\test\Azure.Functions.Cli.Tests\bin\Debug\netcoreapp2.2\Azure.Functions.Cli.Tests.dll" adapterTypeName="executor://xunit/VsTestRunner2/netcoreapp" className="Azure.Functions.Cli.Tests.GitIgnoreParserTests" name="Azure.Functions.Cli.Tests.GitIgnoreParserTests.AcceptShouldAcceptUnignoredFilesInIgnoredDirectories" />
    </UnitTest>
    <UnitTest name="Azure.Functions.Cli.Tests.PythonHelperTests.WorkerInfoRuntimeShouldBePython" storage="d:\azurefun\azure-functions-core-tools\test\azure.functions.cli.tests\bin\debug\netcoreapp2.2\azure.functions.cli.tests.dll" id="6c3067fd-9bb8-1e0f-ecd6-371134f53472">
      <Execution id="08cf79d2-96ec-4650-bef5-22ed34a11006" />
      <TestMethod codeBase="d:\azureFun\azure-functions-core-tools\test\Azure.Functions.Cli.Tests\bin\Debug\netcoreapp2.2\Azure.Functions.Cli.Tests.dll" adapterTypeName="executor://xunit/VsTestRunner2/netcoreapp" className="Azure.Functions.Cli.Tests.PythonHelperTests" name="Azure.Functions.Cli.Tests.PythonHelperTests.WorkerInfoRuntimeShouldBePython" />
    </UnitTest>
    <UnitTest name="Azure.Functions.Cli.Tests.ExtensionsTests.StringExtensionsTests.TestSanitizeImageNameWithBadInputValueThrowArgumentException(input: null)" storage="d:\azurefun\azure-functions-core-tools\test\azure.functions.cli.tests\bin\debug\netcoreapp2.2\azure.functions.cli.tests.dll" id="c226dbe1-d186-ab67-74ad-e414345f8981">
      <Execution id="a9cea5f2-dd50-4568-a81c-d135edd2bb88" />
      <TestMethod codeBase="d:\azureFun\azure-functions-core-tools\test\Azure.Functions.Cli.Tests\bin\Debug\netcoreapp2.2\Azure.Functions.Cli.Tests.dll" adapterTypeName="executor://xunit/VsTestRunner2/netcoreapp" className="Azure.Functions.Cli.Tests.ExtensionsTests.StringExtensionsTests" name="Azure.Functions.Cli.Tests.ExtensionsTests.StringExtensionsTests.TestSanitizeImageNameWithBadInputValueThrowArgumentException(input: null)" />
    </UnitTest>
    <UnitTest name="Azure.Functions.Cli.Tests.E2E.InitTests.init_function_app_powershell_supports_managed_dependencies" storage="d:\azurefun\azure-functions-core-tools\test\azure.functions.cli.tests\bin\debug\netcoreapp2.2\azure.functions.cli.tests.dll" id="30b4d0c9-fe72-ccd3-41b4-452db0ee6a68">
      <Execution id="2329dc48-d7c3-4f11-a0c9-1a6f3cb89e5a" />
      <TestMethod codeBase="d:\azureFun\azure-functions-core-tools\test\Azure.Functions.Cli.Tests\bin\Debug\netcoreapp2.2\Azure.Functions.Cli.Tests.dll" adapterTypeName="executor://xunit/VsTestRunner2/netcoreapp" className="Azure.Functions.Cli.Tests.E2E.InitTests" name="Azure.Functions.Cli.Tests.E2E.InitTests.init_function_app_powershell_supports_managed_dependencies" />
    </UnitTest>
    <UnitTest name="Azure.Functions.Cli.Tests.E2E.DurableTests.DurableRaiseEventTest_FileInput" storage="d:\azurefun\azure-functions-core-tools\test\azure.functions.cli.tests\bin\debug\netcoreapp2.2\azure.functions.cli.tests.dll" id="dbcfb085-f35e-3e6c-7da7-020156e9943f">
      <Execution id="24cc6b59-5bd8-437f-a088-20c1fe2a2db9" />
      <TestMethod codeBase="d:\azureFun\azure-functions-core-tools\test\Azure.Functions.Cli.Tests\bin\Debug\netcoreapp2.2\Azure.Functions.Cli.Tests.dll" adapterTypeName="executor://xunit/VsTestRunner2/netcoreapp" className="Azure.Functions.Cli.Tests.E2E.DurableTests" name="Azure.Functions.Cli.Tests.E2E.DurableTests.DurableRaiseEventTest_FileInput" />
    </UnitTest>
    <UnitTest name="Azure.Functions.Cli.Tests.E2E.CreateFunctionTests.create_template_function_dotnet_space_name" storage="d:\azurefun\azure-functions-core-tools\test\azure.functions.cli.tests\bin\debug\netcoreapp2.2\azure.functions.cli.tests.dll" id="466aaf20-b831-75c4-9896-16bee603351c">
      <Execution id="78a96aeb-bf85-4a15-9fdc-b4a6550fec1d" />
      <TestMethod codeBase="d:\azureFun\azure-functions-core-tools\test\Azure.Functions.Cli.Tests\bin\Debug\netcoreapp2.2\Azure.Functions.Cli.Tests.dll" adapterTypeName="executor://xunit/VsTestRunner2/netcoreapp" className="Azure.Functions.Cli.Tests.E2E.CreateFunctionTests" name="Azure.Functions.Cli.Tests.E2E.CreateFunctionTests.create_template_function_dotnet_space_name" />
    </UnitTest>
    <UnitTest name="Azure.Functions.Cli.Tests.E2E.InitTests.init_with_worker_runtime(workerRuntime: &quot;java&quot;)" storage="d:\azurefun\azure-functions-core-tools\test\azure.functions.cli.tests\bin\debug\netcoreapp2.2\azure.functions.cli.tests.dll" id="f70ac6cd-8de9-88a7-33a1-1b7730f15db8">
      <Execution id="9164e293-6aec-4919-a6b6-55b2a432bd4c" />
      <TestMethod codeBase="d:\azureFun\azure-functions-core-tools\test\Azure.Functions.Cli.Tests\bin\Debug\netcoreapp2.2\Azure.Functions.Cli.Tests.dll" adapterTypeName="executor://xunit/VsTestRunner2/netcoreapp" className="Azure.Functions.Cli.Tests.E2E.InitTests" name="Azure.Functions.Cli.Tests.E2E.InitTests.init_with_worker_runtime(workerRuntime: &quot;java&quot;)" />
    </UnitTest>
    <UnitTest name="Azure.Functions.Cli.Helpers.Tests.AzureHelperTests.GetFunctionKeyTest(key: &quot;another-key&quot;, value: &quot;another-value&quot;)" storage="d:\azurefun\azure-functions-core-tools\test\azure.functions.cli.tests\bin\debug\netcoreapp2.2\azure.functions.cli.tests.dll" id="d3efb588-decb-06e0-f771-066ffc0bd47f">
      <Execution id="88553311-03be-4f0b-8b75-b10123794bed" />
      <TestMethod codeBase="d:\azureFun\azure-functions-core-tools\test\Azure.Functions.Cli.Tests\bin\Debug\netcoreapp2.2\Azure.Functions.Cli.Tests.dll" adapterTypeName="executor://xunit/VsTestRunner2/netcoreapp" className="Azure.Functions.Cli.Helpers.Tests.AzureHelperTests" name="Azure.Functions.Cli.Helpers.Tests.AzureHelperTests.GetFunctionKeyTest(key: &quot;another-key&quot;, value: &quot;another-value&quot;)" />
    </UnitTest>
    <UnitTest name="Azure.Functions.Cli.Tests.ExtensionsTests.InstallExtensionsTests.bundlesconfiguredbydefault_no_action" storage="d:\azurefun\azure-functions-core-tools\test\azure.functions.cli.tests\bin\debug\netcoreapp2.2\azure.functions.cli.tests.dll" id="ea6f65dc-9275-f99e-62e6-abbb3e61cb1a">
      <Execution id="dccab5ca-7454-42f7-9883-948141bf0680" />
      <TestMethod codeBase="d:\azureFun\azure-functions-core-tools\test\Azure.Functions.Cli.Tests\bin\Debug\netcoreapp2.2\Azure.Functions.Cli.Tests.dll" adapterTypeName="executor://xunit/VsTestRunner2/netcoreapp" className="Azure.Functions.Cli.Tests.ExtensionsTests.InstallExtensionsTests" name="Azure.Functions.Cli.Tests.ExtensionsTests.InstallExtensionsTests.bundlesconfiguredbydefault_no_action" />
    </UnitTest>
    <UnitTest name="Azure.Functions.Cli.Tests.ActionsTests.ResolveActionTests.ResolveCommandLineCorrectly(args: &quot;azure account list&quot;, returnType: typeof(Azure.Functions.Cli.Actions.AzureActions.DeprecatedAzureActions))" storage="d:\azurefun\azure-functions-core-tools\test\azure.functions.cli.tests\bin\debug\netcoreapp2.2\azure.functions.cli.tests.dll" id="e8c5388d-21e7-6efa-364d-9dd6641627ac">
      <Execution id="5a08d32d-bc5b-4554-bd4f-d79c7d343bf8" />
      <TestMethod codeBase="d:\azureFun\azure-functions-core-tools\test\Azure.Functions.Cli.Tests\bin\Debug\netcoreapp2.2\Azure.Functions.Cli.Tests.dll" adapterTypeName="executor://xunit/VsTestRunner2/netcoreapp" className="Azure.Functions.Cli.Tests.ActionsTests.ResolveActionTests" name="Azure.Functions.Cli.Tests.ActionsTests.ResolveActionTests.ResolveCommandLineCorrectly(args: &quot;azure account list&quot;, returnType: typeof(Azure.Functions.Cli.Actions.AzureActions.DeprecatedAzureActions))" />
    </UnitTest>
    <UnitTest name="Azure.Functions.Cli.Tests.E2E.InitTests.javascript_adds_packagejson" storage="d:\azurefun\azure-functions-core-tools\test\azure.functions.cli.tests\bin\debug\netcoreapp2.2\azure.functions.cli.tests.dll" id="d3c0f02e-9c06-fd1c-a6d3-3429efece333">
      <Execution id="37c15d40-d84c-4bfd-a7de-dfb8d70ccec8" />
      <TestMethod codeBase="d:\azureFun\azure-functions-core-tools\test\Azure.Functions.Cli.Tests\bin\Debug\netcoreapp2.2\Azure.Functions.Cli.Tests.dll" adapterTypeName="executor://xunit/VsTestRunner2/netcoreapp" className="Azure.Functions.Cli.Tests.E2E.InitTests" name="Azure.Functions.Cli.Tests.E2E.InitTests.javascript_adds_packagejson" />
    </UnitTest>
    <UnitTest name="Azure.Functions.Cli.Tests.E2E.InitTests.init_ts_app_using_lang" storage="d:\azurefun\azure-functions-core-tools\test\azure.functions.cli.tests\bin\debug\netcoreapp2.2\azure.functions.cli.tests.dll" id="93cf339f-1563-8cec-19f1-a415a1ca088a">
      <Execution id="4a6eab9f-607a-4e4f-96ce-3c7dd8f721e7" />
      <TestMethod codeBase="d:\azureFun\azure-functions-core-tools\test\Azure.Functions.Cli.Tests\bin\Debug\netcoreapp2.2\Azure.Functions.Cli.Tests.dll" adapterTypeName="executor://xunit/VsTestRunner2/netcoreapp" className="Azure.Functions.Cli.Tests.E2E.InitTests" name="Azure.Functions.Cli.Tests.E2E.InitTests.init_ts_app_using_lang" />
    </UnitTest>
    <UnitTest name="Azure.Functions.Cli.Tests.ActionsTests.ResolveActionTests.ResolveCommandLineCorrectly(args: &quot;durable delete-task-hub --connection-string-settin&quot;..., returnType: typeof(Azure.Functions.Cli.Actions.DurableActions.DurableDeleteTaskHub))" storage="d:\azurefun\azure-functions-core-tools\test\azure.functions.cli.tests\bin\debug\netcoreapp2.2\azure.functions.cli.tests.dll" id="11005bc6-8362-3874-994e-dcc2ca997623">
      <Execution id="9be3682b-8473-4b84-8660-dca1940b629e" />
      <TestMethod codeBase="d:\azureFun\azure-functions-core-tools\test\Azure.Functions.Cli.Tests\bin\Debug\netcoreapp2.2\Azure.Functions.Cli.Tests.dll" adapterTypeName="executor://xunit/VsTestRunner2/netcoreapp" className="Azure.Functions.Cli.Tests.ActionsTests.ResolveActionTests" name="Azure.Functions.Cli.Tests.ActionsTests.ResolveActionTests.ResolveCommandLineCorrectly(args: &quot;durable delete-task-hub --connection-string-settin&quot;..., returnType: typeof(Azure.Functions.Cli.Actions.DurableActions.DurableDeleteTaskHub))" />
    </UnitTest>
    <UnitTest name="Azure.Functions.Cli.Tests.ExtensionsTests.StringExtensionsTests.TestSanitizeImageNameWithBadFormatSanitizeOutput(input: &quot;#So-Pretty !/^Good|'Name{}&quot;, expected: &quot;soprettygoodname&quot;)" storage="d:\azurefun\azure-functions-core-tools\test\azure.functions.cli.tests\bin\debug\netcoreapp2.2\azure.functions.cli.tests.dll" id="b18fbdec-013f-79ea-88e2-b50f8c06118d">
      <Execution id="f6a6d501-82f9-4bdf-992a-0c39691961ea" />
      <TestMethod codeBase="d:\azureFun\azure-functions-core-tools\test\Azure.Functions.Cli.Tests\bin\Debug\netcoreapp2.2\Azure.Functions.Cli.Tests.dll" adapterTypeName="executor://xunit/VsTestRunner2/netcoreapp" className="Azure.Functions.Cli.Tests.ExtensionsTests.StringExtensionsTests" name="Azure.Functions.Cli.Tests.ExtensionsTests.StringExtensionsTests.TestSanitizeImageNameWithBadFormatSanitizeOutput(input: &quot;#So-Pretty !/^Good|'Name{}&quot;, expected: &quot;soprettygoodname&quot;)" />
    </UnitTest>
    <UnitTest name="Azure.Functions.Cli.Tests.E2E.InitTests.init_docker_only_for_csx_project" storage="d:\azurefun\azure-functions-core-tools\test\azure.functions.cli.tests\bin\debug\netcoreapp2.2\azure.functions.cli.tests.dll" id="56f9fc01-6787-8410-f691-28be07190400">
      <Execution id="10209305-d887-47b6-a306-05002fff7961" />
      <TestMethod codeBase="d:\azureFun\azure-functions-core-tools\test\Azure.Functions.Cli.Tests\bin\Debug\netcoreapp2.2\Azure.Functions.Cli.Tests.dll" adapterTypeName="executor://xunit/VsTestRunner2/netcoreapp" className="Azure.Functions.Cli.Tests.E2E.InitTests" name="Azure.Functions.Cli.Tests.E2E.InitTests.init_docker_only_for_csx_project" />
    </UnitTest>
    <UnitTest name="Azure.Functions.Cli.Tests.ActionsTests.ResolveActionTests.ResolveCommandLineCorrectly(args: &quot;settings delete settingName&quot;, returnType: typeof(Azure.Functions.Cli.Actions.LocalActions.DeleteSettingAction))" storage="d:\azurefun\azure-functions-core-tools\test\azure.functions.cli.tests\bin\debug\netcoreapp2.2\azure.functions.cli.tests.dll" id="e61aa2ef-51fe-ce9d-f444-c94be9a0a585">
      <Execution id="d572c036-feab-4b3c-8fea-b762749ce6ea" />
      <TestMethod codeBase="d:\azureFun\azure-functions-core-tools\test\Azure.Functions.Cli.Tests\bin\Debug\netcoreapp2.2\Azure.Functions.Cli.Tests.dll" adapterTypeName="executor://xunit/VsTestRunner2/netcoreapp" className="Azure.Functions.Cli.Tests.ActionsTests.ResolveActionTests" name="Azure.Functions.Cli.Tests.ActionsTests.ResolveActionTests.ResolveCommandLineCorrectly(args: &quot;settings delete settingName&quot;, returnType: typeof(Azure.Functions.Cli.Actions.LocalActions.DeleteSettingAction))" />
    </UnitTest>
    <UnitTest name="Azure.Functions.Cli.Tests.E2E.DurableTests.DurableDeleteTaskHubTest" storage="d:\azurefun\azure-functions-core-tools\test\azure.functions.cli.tests\bin\debug\netcoreapp2.2\azure.functions.cli.tests.dll" id="65b89792-1711-6f19-85b7-0f3eb33b6850">
      <Execution id="c5ecb27a-71b7-46f9-802f-72e8daebfc9f" />
      <TestMethod codeBase="d:\azureFun\azure-functions-core-tools\test\Azure.Functions.Cli.Tests\bin\Debug\netcoreapp2.2\Azure.Functions.Cli.Tests.dll" adapterTypeName="executor://xunit/VsTestRunner2/netcoreapp" className="Azure.Functions.Cli.Tests.E2E.DurableTests" name="Azure.Functions.Cli.Tests.E2E.DurableTests.DurableDeleteTaskHubTest" />
    </UnitTest>
    <UnitTest name="Azure.Functions.Cli.Tests.E2E.InitTests.init_python_app_twice" storage="d:\azurefun\azure-functions-core-tools\test\azure.functions.cli.tests\bin\debug\netcoreapp2.2\azure.functions.cli.tests.dll" id="c387f225-0790-f7e1-1cd0-6c7ac67b2543">
      <Execution id="f74b0add-3caa-457b-a416-b6c1479f0aaa" />
      <TestMethod codeBase="d:\azureFun\azure-functions-core-tools\test\Azure.Functions.Cli.Tests\bin\Debug\netcoreapp2.2\Azure.Functions.Cli.Tests.dll" adapterTypeName="executor://xunit/VsTestRunner2/netcoreapp" className="Azure.Functions.Cli.Tests.E2E.InitTests" name="Azure.Functions.Cli.Tests.E2E.InitTests.init_python_app_twice" />
    </UnitTest>
    <UnitTest name="Azure.Functions.Cli.Tests.E2E.DurableTests.DurableGetRuntimeStatusTest" storage="d:\azurefun\azure-functions-core-tools\test\azure.functions.cli.tests\bin\debug\netcoreapp2.2\azure.functions.cli.tests.dll" id="7328c548-3649-08f6-12ce-d4ccaf4dcbb1">
      <Execution id="d02171ba-916f-490a-920d-2e8aff8b8251" />
      <TestMethod codeBase="d:\azureFun\azure-functions-core-tools\test\Azure.Functions.Cli.Tests\bin\Debug\netcoreapp2.2\Azure.Functions.Cli.Tests.dll" adapterTypeName="executor://xunit/VsTestRunner2/netcoreapp" className="Azure.Functions.Cli.Tests.E2E.DurableTests" name="Azure.Functions.Cli.Tests.E2E.DurableTests.DurableGetRuntimeStatusTest" />
    </UnitTest>
    <UnitTest name="Azure.Functions.Cli.Tests.KubernetesHelperUnitTests.ValidateKubernetesNames(name: &quot;name-with-numbers-938-234&quot;, isValid: True)" storage="d:\azurefun\azure-functions-core-tools\test\azure.functions.cli.tests\bin\debug\netcoreapp2.2\azure.functions.cli.tests.dll" id="4294c23d-5a13-c518-9e66-be8f5c903261">
      <Execution id="8d925d2c-3d0e-49e8-be25-f9ef45b753f9" />
      <TestMethod codeBase="d:\azureFun\azure-functions-core-tools\test\Azure.Functions.Cli.Tests\bin\Debug\netcoreapp2.2\Azure.Functions.Cli.Tests.dll" adapterTypeName="executor://xunit/VsTestRunner2/netcoreapp" className="Azure.Functions.Cli.Tests.KubernetesHelperUnitTests" name="Azure.Functions.Cli.Tests.KubernetesHelperUnitTests.ValidateKubernetesNames(name: &quot;name-with-numbers-938-234&quot;, isValid: True)" />
    </UnitTest>
    <UnitTest name="Azure.Functions.Cli.Tests.E2E.InitTests.init_with_worker_runtime(workerRuntime: &quot;node&quot;)" storage="d:\azurefun\azure-functions-core-tools\test\azure.functions.cli.tests\bin\debug\netcoreapp2.2\azure.functions.cli.tests.dll" id="fed4cb35-1ff8-2661-9595-14ef0f48ca52">
      <Execution id="dfa28ce1-8148-4287-aafc-728ea23be015" />
      <TestMethod codeBase="d:\azureFun\azure-functions-core-tools\test\Azure.Functions.Cli.Tests\bin\Debug\netcoreapp2.2\Azure.Functions.Cli.Tests.dll" adapterTypeName="executor://xunit/VsTestRunner2/netcoreapp" className="Azure.Functions.Cli.Tests.E2E.InitTests" name="Azure.Functions.Cli.Tests.E2E.InitTests.init_with_worker_runtime(workerRuntime: &quot;node&quot;)" />
    </UnitTest>
    <UnitTest name="Azure.Functions.Cli.Tests.ActionsTests.ResolveActionTests.ResolveCommandLineCorrectly(args: &quot;azure functionapp --help&quot;, returnType: typeof(Azure.Functions.Cli.Actions.HelpAction))" storage="d:\azurefun\azure-functions-core-tools\test\azure.functions.cli.tests\bin\debug\netcoreapp2.2\azure.functions.cli.tests.dll" id="64decc6b-b7fe-160f-2c00-b9a1ba342d5c">
      <Execution id="4ca1ebb8-48e6-46aa-8295-2fe6115c857e" />
      <TestMethod codeBase="d:\azureFun\azure-functions-core-tools\test\Azure.Functions.Cli.Tests\bin\Debug\netcoreapp2.2\Azure.Functions.Cli.Tests.dll" adapterTypeName="executor://xunit/VsTestRunner2/netcoreapp" className="Azure.Functions.Cli.Tests.ActionsTests.ResolveActionTests" name="Azure.Functions.Cli.Tests.ActionsTests.ResolveActionTests.ResolveCommandLineCorrectly(args: &quot;azure functionapp --help&quot;, returnType: typeof(Azure.Functions.Cli.Actions.HelpAction))" />
    </UnitTest>
    <UnitTest name="Azure.Functions.Cli.Tests.ActionsTests.ResolveActionTests.ResolveCommandLineCorrectly(args: &quot;azure storage list&quot;, returnType: typeof(Azure.Functions.Cli.Actions.AzureActions.DeprecatedAzureActions))" storage="d:\azurefun\azure-functions-core-tools\test\azure.functions.cli.tests\bin\debug\netcoreapp2.2\azure.functions.cli.tests.dll" id="6dae2e53-06b5-d87a-bd2f-628c0e1a23e8">
      <Execution id="37b39546-fbbe-4ff6-a508-bef351da5b8a" />
      <TestMethod codeBase="d:\azureFun\azure-functions-core-tools\test\Azure.Functions.Cli.Tests\bin\Debug\netcoreapp2.2\Azure.Functions.Cli.Tests.dll" adapterTypeName="executor://xunit/VsTestRunner2/netcoreapp" className="Azure.Functions.Cli.Tests.ActionsTests.ResolveActionTests" name="Azure.Functions.Cli.Tests.ActionsTests.ResolveActionTests.ResolveCommandLineCorrectly(args: &quot;azure storage list&quot;, returnType: typeof(Azure.Functions.Cli.Actions.AzureActions.DeprecatedAzureActions))" />
    </UnitTest>
    <UnitTest name="Azure.Functions.Cli.Tests.E2E.InitTests.init_managed_dependencies_is_only_supported_in_powershell" storage="d:\azurefun\azure-functions-core-tools\test\azure.functions.cli.tests\bin\debug\netcoreapp2.2\azure.functions.cli.tests.dll" id="b19ee685-964c-10d4-832c-25b1de9041e5">
      <Execution id="52242dbc-f000-43f1-9029-3fcee28c3e65" />
      <TestMethod codeBase="d:\azureFun\azure-functions-core-tools\test\Azure.Functions.Cli.Tests\bin\Debug\netcoreapp2.2\Azure.Functions.Cli.Tests.dll" adapterTypeName="executor://xunit/VsTestRunner2/netcoreapp" className="Azure.Functions.Cli.Tests.E2E.InitTests" name="Azure.Functions.Cli.Tests.E2E.InitTests.init_managed_dependencies_is_only_supported_in_powershell" />
    </UnitTest>
    <UnitTest name="Azure.Functions.Cli.Tests.E2E.DurableTests.DurableGetHistoryTest" storage="d:\azurefun\azure-functions-core-tools\test\azure.functions.cli.tests\bin\debug\netcoreapp2.2\azure.functions.cli.tests.dll" id="1c660e16-d25a-0ae9-607c-b0969bf571c1">
      <Execution id="7ec3e377-d4c7-4c24-9155-675a06553df7" />
      <TestMethod codeBase="d:\azureFun\azure-functions-core-tools\test\Azure.Functions.Cli.Tests\bin\Debug\netcoreapp2.2\Azure.Functions.Cli.Tests.dll" adapterTypeName="executor://xunit/VsTestRunner2/netcoreapp" className="Azure.Functions.Cli.Tests.E2E.DurableTests" name="Azure.Functions.Cli.Tests.E2E.DurableTests.DurableGetHistoryTest" />
    </UnitTest>
    <UnitTest name="Azure.Functions.Cli.Tests.ExtensionsTests.StringExtensionsTests.TestSanitizeImageNameWithBadFormatSanitizeOutput(input: &quot;hello_World&quot;, expected: &quot;hello_world&quot;)" storage="d:\azurefun\azure-functions-core-tools\test\azure.functions.cli.tests\bin\debug\netcoreapp2.2\azure.functions.cli.tests.dll" id="67e96cf1-882b-80de-8b77-9490140e2b4c">
      <Execution id="e802a573-66d0-4591-8362-a4b941780aeb" />
      <TestMethod codeBase="d:\azureFun\azure-functions-core-tools\test\Azure.Functions.Cli.Tests\bin\Debug\netcoreapp2.2\Azure.Functions.Cli.Tests.dll" adapterTypeName="executor://xunit/VsTestRunner2/netcoreapp" className="Azure.Functions.Cli.Tests.ExtensionsTests.StringExtensionsTests" name="Azure.Functions.Cli.Tests.ExtensionsTests.StringExtensionsTests.TestSanitizeImageNameWithBadFormatSanitizeOutput(input: &quot;hello_World&quot;, expected: &quot;hello_world&quot;)" />
    </UnitTest>
    <UnitTest name="Azure.Functions.Cli.Tests.E2E.InitTests.init_csx_app" storage="d:\azurefun\azure-functions-core-tools\test\azure.functions.cli.tests\bin\debug\netcoreapp2.2\azure.functions.cli.tests.dll" id="d3e2b2b4-a0da-2c83-b0d5-a550b30023fe">
      <Execution id="be57b860-7a4c-498f-8e62-268e63447d34" />
      <TestMethod codeBase="d:\azureFun\azure-functions-core-tools\test\Azure.Functions.Cli.Tests\bin\Debug\netcoreapp2.2\Azure.Functions.Cli.Tests.dll" adapterTypeName="executor://xunit/VsTestRunner2/netcoreapp" className="Azure.Functions.Cli.Tests.E2E.InitTests" name="Azure.Functions.Cli.Tests.E2E.InitTests.init_csx_app" />
    </UnitTest>
    <UnitTest name="Azure.Functions.Cli.Tests.ActionsTests.ResolveActionTests.ResolveCommandLineCorrectly(args: &quot;init&quot;, returnType: typeof(Azure.Functions.Cli.Actions.LocalActions.InitAction))" storage="d:\azurefun\azure-functions-core-tools\test\azure.functions.cli.tests\bin\debug\netcoreapp2.2\azure.functions.cli.tests.dll" id="7a3da497-d5de-74f0-bc82-bc37d352976f">
      <Execution id="b9c749ad-1ebc-4e4e-8c6b-d10fb31594d6" />
      <TestMethod codeBase="d:\azureFun\azure-functions-core-tools\test\Azure.Functions.Cli.Tests\bin\Debug\netcoreapp2.2\Azure.Functions.Cli.Tests.dll" adapterTypeName="executor://xunit/VsTestRunner2/netcoreapp" className="Azure.Functions.Cli.Tests.ActionsTests.ResolveActionTests" name="Azure.Functions.Cli.Tests.ActionsTests.ResolveActionTests.ResolveCommandLineCorrectly(args: &quot;init&quot;, returnType: typeof(Azure.Functions.Cli.Actions.LocalActions.InitAction))" />
    </UnitTest>
    <UnitTest name="Azure.Functions.Cli.Tests.E2E.SettingsTests.add_setting_encrypted" storage="d:\azurefun\azure-functions-core-tools\test\azure.functions.cli.tests\bin\debug\netcoreapp2.2\azure.functions.cli.tests.dll" id="9bbeac1c-700a-59f3-e77e-496e9e6ff3c1">
      <Execution id="e68bb220-028a-4ad4-a519-3ad185c53d0c" />
      <TestMethod codeBase="d:\azureFun\azure-functions-core-tools\test\Azure.Functions.Cli.Tests\bin\Debug\netcoreapp2.2\Azure.Functions.Cli.Tests.dll" adapterTypeName="executor://xunit/VsTestRunner2/netcoreapp" className="Azure.Functions.Cli.Tests.E2E.SettingsTests" name="Azure.Functions.Cli.Tests.E2E.SettingsTests.add_setting_encrypted" />
    </UnitTest>
    <UnitTest name="Azure.Functions.Cli.Tests.ActionsTests.ResolveActionTests.ResolveCommandLineCorrectly(args: &quot;azure account set accountName&quot;, returnType: typeof(Azure.Functions.Cli.Actions.AzureActions.DeprecatedAzureActions))" storage="d:\azurefun\azure-functions-core-tools\test\azure.functions.cli.tests\bin\debug\netcoreapp2.2\azure.functions.cli.tests.dll" id="9089a251-6020-8d31-3d3f-1e5408cf5fa2">
      <Execution id="9a608c81-d72a-4a16-aef5-81dd424ca81f" />
      <TestMethod codeBase="d:\azureFun\azure-functions-core-tools\test\Azure.Functions.Cli.Tests\bin\Debug\netcoreapp2.2\Azure.Functions.Cli.Tests.dll" adapterTypeName="executor://xunit/VsTestRunner2/netcoreapp" className="Azure.Functions.Cli.Tests.ActionsTests.ResolveActionTests" name="Azure.Functions.Cli.Tests.ActionsTests.ResolveActionTests.ResolveCommandLineCorrectly(args: &quot;azure account set accountName&quot;, returnType: typeof(Azure.Functions.Cli.Actions.AzureActions.DeprecatedAzureActions))" />
    </UnitTest>
    <UnitTest name="Azure.Functions.Cli.Tests.ActionsTests.ResolveActionTests.ResolveCommandLineCorrectly(args: &quot;azure functionapp fetch-app-settings appName&quot;, returnType: typeof(Azure.Functions.Cli.Actions.AzureActions.FetchAppSettingsAction))" storage="d:\azurefun\azure-functions-core-tools\test\azure.functions.cli.tests\bin\debug\netcoreapp2.2\azure.functions.cli.tests.dll" id="3e96f61f-98f4-cb84-d85b-5356dd246044">
      <Execution id="73291896-eb92-473e-8a58-332a4266b36e" />
      <TestMethod codeBase="d:\azureFun\azure-functions-core-tools\test\Azure.Functions.Cli.Tests\bin\Debug\netcoreapp2.2\Azure.Functions.Cli.Tests.dll" adapterTypeName="executor://xunit/VsTestRunner2/netcoreapp" className="Azure.Functions.Cli.Tests.ActionsTests.ResolveActionTests" name="Azure.Functions.Cli.Tests.ActionsTests.ResolveActionTests.ResolveCommandLineCorrectly(args: &quot;azure functionapp fetch-app-settings appName&quot;, returnType: typeof(Azure.Functions.Cli.Actions.AzureActions.FetchAppSettingsAction))" />
    </UnitTest>
    <UnitTest name="Azure.Functions.Cli.Tests.ActionsTests.ResolveActionTests.ResolveCommandLineCorrectly(args: &quot;function new&quot;, returnType: typeof(Azure.Functions.Cli.Actions.LocalActions.CreateFunctionAction))" storage="d:\azurefun\azure-functions-core-tools\test\azure.functions.cli.tests\bin\debug\netcoreapp2.2\azure.functions.cli.tests.dll" id="b35b8e5a-1843-c42b-1874-f4424f2bb10b">
      <Execution id="e8e375f7-cef1-49eb-8834-639c99f84316" />
      <TestMethod codeBase="d:\azureFun\azure-functions-core-tools\test\Azure.Functions.Cli.Tests\bin\Debug\netcoreapp2.2\Azure.Functions.Cli.Tests.dll" adapterTypeName="executor://xunit/VsTestRunner2/netcoreapp" className="Azure.Functions.Cli.Tests.ActionsTests.ResolveActionTests" name="Azure.Functions.Cli.Tests.ActionsTests.ResolveActionTests.ResolveCommandLineCorrectly(args: &quot;function new&quot;, returnType: typeof(Azure.Functions.Cli.Actions.LocalActions.CreateFunctionAction))" />
    </UnitTest>
    <UnitTest name="Azure.Functions.Cli.Tests.ExtensionsTests.StringExtensionsTests.TestSanitizeImageNameWithBadFormatSanitizeOutput(input: &quot;hello-World&quot;, expected: &quot;helloworld&quot;)" storage="d:\azurefun\azure-functions-core-tools\test\azure.functions.cli.tests\bin\debug\netcoreapp2.2\azure.functions.cli.tests.dll" id="ea50a151-1b12-df2b-178f-fcb2c35810bb">
      <Execution id="87068449-8054-4163-bff9-fdceb1473c93" />
      <TestMethod codeBase="d:\azureFun\azure-functions-core-tools\test\Azure.Functions.Cli.Tests\bin\Debug\netcoreapp2.2\Azure.Functions.Cli.Tests.dll" adapterTypeName="executor://xunit/VsTestRunner2/netcoreapp" className="Azure.Functions.Cli.Tests.ExtensionsTests.StringExtensionsTests" name="Azure.Functions.Cli.Tests.ExtensionsTests.StringExtensionsTests.TestSanitizeImageNameWithBadFormatSanitizeOutput(input: &quot;hello-World&quot;, expected: &quot;helloworld&quot;)" />
    </UnitTest>
    <UnitTest name="Azure.Functions.Cli.Tests.ActionsTests.ResolveActionTests.ResolveCommandLineCorrectly(args: &quot;azure get-publish-username&quot;, returnType: typeof(Azure.Functions.Cli.Actions.AzureActions.DeprecatedAzureActions))" storage="d:\azurefun\azure-functions-core-tools\test\azure.functions.cli.tests\bin\debug\netcoreapp2.2\azure.functions.cli.tests.dll" id="d18982bf-a76e-798d-ff69-36bc2428297a">
      <Execution id="bd74e98d-2e96-41df-8f2c-731855dd61c9" />
      <TestMethod codeBase="d:\azureFun\azure-functions-core-tools\test\Azure.Functions.Cli.Tests\bin\Debug\netcoreapp2.2\Azure.Functions.Cli.Tests.dll" adapterTypeName="executor://xunit/VsTestRunner2/netcoreapp" className="Azure.Functions.Cli.Tests.ActionsTests.ResolveActionTests" name="Azure.Functions.Cli.Tests.ActionsTests.ResolveActionTests.ResolveCommandLineCorrectly(args: &quot;azure get-publish-username&quot;, returnType: typeof(Azure.Functions.Cli.Actions.AzureActions.DeprecatedAzureActions))" />
    </UnitTest>
    <UnitTest name="Azure.Functions.Cli.Tests.E2E.CreateFunctionTests.create_template_function_using_alias" storage="d:\azurefun\azure-functions-core-tools\test\azure.functions.cli.tests\bin\debug\netcoreapp2.2\azure.functions.cli.tests.dll" id="cf282906-9063-86ff-c930-5ea8afcf5d9b">
      <Execution id="95087821-32b6-4705-9713-b89a88025eb2" />
      <TestMethod codeBase="d:\azureFun\azure-functions-core-tools\test\Azure.Functions.Cli.Tests\bin\Debug\netcoreapp2.2\Azure.Functions.Cli.Tests.dll" adapterTypeName="executor://xunit/VsTestRunner2/netcoreapp" className="Azure.Functions.Cli.Tests.E2E.CreateFunctionTests" name="Azure.Functions.Cli.Tests.E2E.CreateFunctionTests.create_template_function_using_alias" />
    </UnitTest>
    <UnitTest name="Azure.Functions.Cli.Tests.E2E.CreateFunctionTests.create_template_function_js_no_space_name" storage="d:\azurefun\azure-functions-core-tools\test\azure.functions.cli.tests\bin\debug\netcoreapp2.2\azure.functions.cli.tests.dll" id="960dacc8-28ff-c3ef-de0d-8f335862fba1">
      <Execution id="96bb524c-56ea-464e-acb2-43ee32e2dda2" />
      <TestMethod codeBase="d:\azureFun\azure-functions-core-tools\test\Azure.Functions.Cli.Tests\bin\Debug\netcoreapp2.2\Azure.Functions.Cli.Tests.dll" adapterTypeName="executor://xunit/VsTestRunner2/netcoreapp" className="Azure.Functions.Cli.Tests.E2E.CreateFunctionTests" name="Azure.Functions.Cli.Tests.E2E.CreateFunctionTests.create_template_function_js_no_space_name" />
    </UnitTest>
    <UnitTest name="Azure.Functions.Cli.Tests.ActionsTests.ResolveActionTests.ResolveCommandLineCorrectly(args: &quot;durable get-history --id ab1b5de4c5a9450eafa5a4cf2&quot;..., returnType: typeof(Azure.Functions.Cli.Actions.DurableActions.DurableGetHistory))" storage="d:\azurefun\azure-functions-core-tools\test\azure.functions.cli.tests\bin\debug\netcoreapp2.2\azure.functions.cli.tests.dll" id="a724e0a0-4f3b-f44e-88bb-08d6494ab74a">
      <Execution id="ab751321-715d-44bc-840c-cbbcada08497" />
      <TestMethod codeBase="d:\azureFun\azure-functions-core-tools\test\Azure.Functions.Cli.Tests\bin\Debug\netcoreapp2.2\Azure.Functions.Cli.Tests.dll" adapterTypeName="executor://xunit/VsTestRunner2/netcoreapp" className="Azure.Functions.Cli.Tests.ActionsTests.ResolveActionTests" name="Azure.Functions.Cli.Tests.ActionsTests.ResolveActionTests.ResolveCommandLineCorrectly(args: &quot;durable get-history --id ab1b5de4c5a9450eafa5a4cf2&quot;..., returnType: typeof(Azure.Functions.Cli.Actions.DurableActions.DurableGetHistory))" />
    </UnitTest>
    <UnitTest name="Azure.Functions.Cli.Tests.ActionsTests.ResolveActionTests.ResolveCommandLineCorrectly(args: &quot;azure functionapp enable-git-repo appName&quot;, returnType: typeof(Azure.Functions.Cli.Actions.AzureActions.DeprecatedAzureActions))" storage="d:\azurefun\azure-functions-core-tools\test\azure.functions.cli.tests\bin\debug\netcoreapp2.2\azure.functions.cli.tests.dll" id="ce1bf570-d638-65cf-e454-24922ad5d615">
      <Execution id="d35df821-7c23-430d-b561-9564303aa52b" />
      <TestMethod codeBase="d:\azureFun\azure-functions-core-tools\test\Azure.Functions.Cli.Tests\bin\Debug\netcoreapp2.2\Azure.Functions.Cli.Tests.dll" adapterTypeName="executor://xunit/VsTestRunner2/netcoreapp" className="Azure.Functions.Cli.Tests.ActionsTests.ResolveActionTests" name="Azure.Functions.Cli.Tests.ActionsTests.ResolveActionTests.ResolveCommandLineCorrectly(args: &quot;azure functionapp enable-git-repo appName&quot;, returnType: typeof(Azure.Functions.Cli.Actions.AzureActions.DeprecatedAzureActions))" />
    </UnitTest>
    <UnitTest name="Azure.Functions.Cli.Tests.GitIgnoreParserTests.AcceptShouldAcceptNestedUnignoredFilesInIgnoredDirectories" storage="d:\azurefun\azure-functions-core-tools\test\azure.functions.cli.tests\bin\debug\netcoreapp2.2\azure.functions.cli.tests.dll" id="b0a4c0b0-a820-e1ec-cdfe-6a7b63dcbff5">
      <Execution id="4fb68a33-7d0a-4cd4-a073-cb876fbceff2" />
      <TestMethod codeBase="d:\azureFun\azure-functions-core-tools\test\Azure.Functions.Cli.Tests\bin\Debug\netcoreapp2.2\Azure.Functions.Cli.Tests.dll" adapterTypeName="executor://xunit/VsTestRunner2/netcoreapp" className="Azure.Functions.Cli.Tests.GitIgnoreParserTests" name="Azure.Functions.Cli.Tests.GitIgnoreParserTests.AcceptShouldAcceptNestedUnignoredFilesInIgnoredDirectories" />
    </UnitTest>
    <UnitTest name="Azure.Functions.Cli.Tests.ActionsTests.ResolveActionTests.ResolveCommandLineCorrectly(args: &quot;durable raise-event --id ab1b5de4c5a9450eafa5a4cf2&quot;..., returnType: typeof(Azure.Functions.Cli.Actions.DurableActions.DurableRaiseEvent))" storage="d:\azurefun\azure-functions-core-tools\test\azure.functions.cli.tests\bin\debug\netcoreapp2.2\azure.functions.cli.tests.dll" id="4439d28f-70dc-fe99-d774-89dccfddc844">
      <Execution id="3cfab1c9-90f2-4a18-92d4-9217dbcc856a" />
      <TestMethod codeBase="d:\azureFun\azure-functions-core-tools\test\Azure.Functions.Cli.Tests\bin\Debug\netcoreapp2.2\Azure.Functions.Cli.Tests.dll" adapterTypeName="executor://xunit/VsTestRunner2/netcoreapp" className="Azure.Functions.Cli.Tests.ActionsTests.ResolveActionTests" name="Azure.Functions.Cli.Tests.ActionsTests.ResolveActionTests.ResolveCommandLineCorrectly(args: &quot;durable raise-event --id ab1b5de4c5a9450eafa5a4cf2&quot;..., returnType: typeof(Azure.Functions.Cli.Actions.DurableActions.DurableRaiseEvent))" />
    </UnitTest>
    <UnitTest name="Azure.Functions.Cli.Tests.ActionsTests.ResolveActionTests.ResolveCommandLineCorrectly(args: &quot;settings decrypt&quot;, returnType: typeof(Azure.Functions.Cli.Actions.LocalActions.DecryptSettingAction))" storage="d:\azurefun\azure-functions-core-tools\test\azure.functions.cli.tests\bin\debug\netcoreapp2.2\azure.functions.cli.tests.dll" id="2e1fd91c-ffee-826e-57bf-a608e053492a">
      <Execution id="dc05f1e3-9b98-4896-9b94-9d477a5fd79d" />
      <TestMethod codeBase="d:\azureFun\azure-functions-core-tools\test\Azure.Functions.Cli.Tests\bin\Debug\netcoreapp2.2\Azure.Functions.Cli.Tests.dll" adapterTypeName="executor://xunit/VsTestRunner2/netcoreapp" className="Azure.Functions.Cli.Tests.ActionsTests.ResolveActionTests" name="Azure.Functions.Cli.Tests.ActionsTests.ResolveActionTests.ResolveCommandLineCorrectly(args: &quot;settings decrypt&quot;, returnType: typeof(Azure.Functions.Cli.Actions.LocalActions.DecryptSettingAction))" />
    </UnitTest>
    <UnitTest name="Azure.Functions.Cli.Tests.E2E.StartTests.start_handles_empty_envvars_correctly" storage="d:\azurefun\azure-functions-core-tools\test\azure.functions.cli.tests\bin\debug\netcoreapp2.2\azure.functions.cli.tests.dll" id="dea3461a-6816-c1e3-9b2d-cf4d0771d692">
      <Execution id="2f72c538-2bb8-4781-af08-855129aa5559" />
      <TestMethod codeBase="d:\azureFun\azure-functions-core-tools\test\Azure.Functions.Cli.Tests\bin\Debug\netcoreapp2.2\Azure.Functions.Cli.Tests.dll" adapterTypeName="executor://xunit/VsTestRunner2/netcoreapp" className="Azure.Functions.Cli.Tests.E2E.StartTests" name="Azure.Functions.Cli.Tests.E2E.StartTests.start_handles_empty_envvars_correctly" />
    </UnitTest>
    <UnitTest name="Azure.Functions.Cli.Tests.E2E.DurableTests.DurableStartNewTest" storage="d:\azurefun\azure-functions-core-tools\test\azure.functions.cli.tests\bin\debug\netcoreapp2.2\azure.functions.cli.tests.dll" id="ed6e5de5-ad08-412a-5534-fb44a44b7095">
      <Execution id="e430dc16-a6ea-4bb8-a6a7-7b1f18915825" />
      <TestMethod codeBase="d:\azureFun\azure-functions-core-tools\test\Azure.Functions.Cli.Tests\bin\Debug\netcoreapp2.2\Azure.Functions.Cli.Tests.dll" adapterTypeName="executor://xunit/VsTestRunner2/netcoreapp" className="Azure.Functions.Cli.Tests.E2E.DurableTests" name="Azure.Functions.Cli.Tests.E2E.DurableTests.DurableStartNewTest" />
    </UnitTest>
    <UnitTest name="Azure.Functions.Cli.Tests.E2E.CreateFunctionTests.create_typescript_template_blob" storage="d:\azurefun\azure-functions-core-tools\test\azure.functions.cli.tests\bin\debug\netcoreapp2.2\azure.functions.cli.tests.dll" id="5ec44c78-1dd9-61eb-ff84-a8ba6e3dfc0d">
      <Execution id="4dbfdc3c-e4bb-440d-b620-d009e5d71479" />
      <TestMethod codeBase="d:\azureFun\azure-functions-core-tools\test\Azure.Functions.Cli.Tests\bin\Debug\netcoreapp2.2\Azure.Functions.Cli.Tests.dll" adapterTypeName="executor://xunit/VsTestRunner2/netcoreapp" className="Azure.Functions.Cli.Tests.E2E.CreateFunctionTests" name="Azure.Functions.Cli.Tests.E2E.CreateFunctionTests.create_typescript_template_blob" />
    </UnitTest>
    <UnitTest name="Azure.Functions.Cli.Tests.E2E.InitTests.init_with_unknown_worker_runtime" storage="d:\azurefun\azure-functions-core-tools\test\azure.functions.cli.tests\bin\debug\netcoreapp2.2\azure.functions.cli.tests.dll" id="8384cb22-dc4e-52e8-ba1b-1a3a991e8794">
      <Execution id="1a4d4644-cbf5-4588-b01a-f68f41077118" />
      <TestMethod codeBase="d:\azureFun\azure-functions-core-tools\test\Azure.Functions.Cli.Tests\bin\Debug\netcoreapp2.2\Azure.Functions.Cli.Tests.dll" adapterTypeName="executor://xunit/VsTestRunner2/netcoreapp" className="Azure.Functions.Cli.Tests.E2E.InitTests" name="Azure.Functions.Cli.Tests.E2E.InitTests.init_with_unknown_worker_runtime" />
    </UnitTest>
    <UnitTest name="Azure.Functions.Cli.Tests.ExtensionsTests.TaskExtensionsTests.IgnoreFailuteOfTTest" storage="d:\azurefun\azure-functions-core-tools\test\azure.functions.cli.tests\bin\debug\netcoreapp2.2\azure.functions.cli.tests.dll" id="3e1eb9e1-0a7c-22e4-6b5b-723382f1a0b6">
      <Execution id="57835cfe-851f-454c-9cf7-d7e92ac02d7e" />
      <TestMethod codeBase="d:\azureFun\azure-functions-core-tools\test\Azure.Functions.Cli.Tests\bin\Debug\netcoreapp2.2\Azure.Functions.Cli.Tests.dll" adapterTypeName="executor://xunit/VsTestRunner2/netcoreapp" className="Azure.Functions.Cli.Tests.ExtensionsTests.TaskExtensionsTests" name="Azure.Functions.Cli.Tests.ExtensionsTests.TaskExtensionsTests.IgnoreFailuteOfTTest" />
    </UnitTest>
    <UnitTest name="Azure.Functions.Cli.Tests.E2E.InitTests.init_with_Dockerfile(workerRuntime: &quot;powershell&quot;)" storage="d:\azurefun\azure-functions-core-tools\test\azure.functions.cli.tests\bin\debug\netcoreapp2.2\azure.functions.cli.tests.dll" id="3a25c399-9646-35b9-434d-2c4e07960aba">
      <Execution id="39412079-f696-4361-9835-128baaf3c0e2" />
      <TestMethod codeBase="d:\azureFun\azure-functions-core-tools\test\Azure.Functions.Cli.Tests\bin\Debug\netcoreapp2.2\Azure.Functions.Cli.Tests.dll" adapterTypeName="executor://xunit/VsTestRunner2/netcoreapp" className="Azure.Functions.Cli.Tests.E2E.InitTests" name="Azure.Functions.Cli.Tests.E2E.InitTests.init_with_Dockerfile(workerRuntime: &quot;powershell&quot;)" />
    </UnitTest>
    <UnitTest name="Azure.Functions.Cli.Tests.ActionsTests.ResolveActionTests.ResolveCommandLineCorrectly(args: &quot;azure login&quot;, returnType: typeof(Azure.Functions.Cli.Actions.AzureActions.DeprecatedAzureActions))" storage="d:\azurefun\azure-functions-core-tools\test\azure.functions.cli.tests\bin\debug\netcoreapp2.2\azure.functions.cli.tests.dll" id="1f139edb-3deb-53fc-282b-42dee878aa2d">
      <Execution id="6378b066-e8ff-478c-b2fd-25e376505bdd" />
      <TestMethod codeBase="d:\azureFun\azure-functions-core-tools\test\Azure.Functions.Cli.Tests\bin\Debug\netcoreapp2.2\Azure.Functions.Cli.Tests.dll" adapterTypeName="executor://xunit/VsTestRunner2/netcoreapp" className="Azure.Functions.Cli.Tests.ActionsTests.ResolveActionTests" name="Azure.Functions.Cli.Tests.ActionsTests.ResolveActionTests.ResolveCommandLineCorrectly(args: &quot;azure login&quot;, returnType: typeof(Azure.Functions.Cli.Actions.AzureActions.DeprecatedAzureActions))" />
    </UnitTest>
    <UnitTest name="Azure.Functions.Cli.Tests.E2E.InitTests.init_with_Dockerfile_for_csx" storage="d:\azurefun\azure-functions-core-tools\test\azure.functions.cli.tests\bin\debug\netcoreapp2.2\azure.functions.cli.tests.dll" id="edbad474-5a85-0780-7ef4-8ccfb334ea3c">
      <Execution id="2673fe03-8ac9-4350-9006-a2842701cf3c" />
      <TestMethod codeBase="d:\azureFun\azure-functions-core-tools\test\Azure.Functions.Cli.Tests\bin\Debug\netcoreapp2.2\Azure.Functions.Cli.Tests.dll" adapterTypeName="executor://xunit/VsTestRunner2/netcoreapp" className="Azure.Functions.Cli.Tests.E2E.InitTests" name="Azure.Functions.Cli.Tests.E2E.InitTests.init_with_Dockerfile_for_csx" />
    </UnitTest>
    <UnitTest name="Azure.Functions.Cli.Tests.E2E.StartTests.start_nodejs_with_inspect" storage="d:\azurefun\azure-functions-core-tools\test\azure.functions.cli.tests\bin\debug\netcoreapp2.2\azure.functions.cli.tests.dll" id="0a5938eb-862d-0722-e438-585ebbece6a0">
      <Execution id="c7b85ed3-ce51-4273-adf6-ec66779ae63f" />
      <TestMethod codeBase="d:\azureFun\azure-functions-core-tools\test\Azure.Functions.Cli.Tests\bin\Debug\netcoreapp2.2\Azure.Functions.Cli.Tests.dll" adapterTypeName="executor://xunit/VsTestRunner2/netcoreapp" className="Azure.Functions.Cli.Tests.E2E.StartTests" name="Azure.Functions.Cli.Tests.E2E.StartTests.start_nodejs_with_inspect" />
    </UnitTest>
    <UnitTest name="Azure.Functions.Cli.Tests.GitIgnoreParserTests.DeniesShouldDenyTheGivenDirectory" storage="d:\azurefun\azure-functions-core-tools\test\azure.functions.cli.tests\bin\debug\netcoreapp2.2\azure.functions.cli.tests.dll" id="c330df6a-d603-100e-6d71-845ec75bd671">
      <Execution id="00163dfa-bfe8-491f-985f-3492b709ac03" />
      <TestMethod codeBase="d:\azureFun\azure-functions-core-tools\test\Azure.Functions.Cli.Tests\bin\Debug\netcoreapp2.2\Azure.Functions.Cli.Tests.dll" adapterTypeName="executor://xunit/VsTestRunner2/netcoreapp" className="Azure.Functions.Cli.Tests.GitIgnoreParserTests" name="Azure.Functions.Cli.Tests.GitIgnoreParserTests.DeniesShouldDenyTheGivenDirectory" />
    </UnitTest>
    <UnitTest name="Azure.Functions.Cli.Tests.ActionsTests.ResolveActionTests.ResolveCommandLineCorrectly(args: &quot;host start&quot;, returnType: typeof(Azure.Functions.Cli.Actions.HostActions.StartHostAction))" storage="d:\azurefun\azure-functions-core-tools\test\azure.functions.cli.tests\bin\debug\netcoreapp2.2\azure.functions.cli.tests.dll" id="5a0907e1-44cd-b1c2-b6e9-e611e9df4e2f">
      <Execution id="3fa8785b-bd7e-4042-a028-820f15e12c94" />
      <TestMethod codeBase="d:\azureFun\azure-functions-core-tools\test\Azure.Functions.Cli.Tests\bin\Debug\netcoreapp2.2\Azure.Functions.Cli.Tests.dll" adapterTypeName="executor://xunit/VsTestRunner2/netcoreapp" className="Azure.Functions.Cli.Tests.ActionsTests.ResolveActionTests" name="Azure.Functions.Cli.Tests.ActionsTests.ResolveActionTests.ResolveCommandLineCorrectly(args: &quot;host start&quot;, returnType: typeof(Azure.Functions.Cli.Actions.HostActions.StartHostAction))" />
    </UnitTest>
    <UnitTest name="Azure.Functions.Cli.Tests.ExtensionsTests.StringExtensionsTests.TestSanitizeImageNameWithBadInputValueThrowArgumentException(input: &quot; &quot;)" storage="d:\azurefun\azure-functions-core-tools\test\azure.functions.cli.tests\bin\debug\netcoreapp2.2\azure.functions.cli.tests.dll" id="d8743312-47fe-fcb5-f5e2-dc5712ca3557">
      <Execution id="b643f996-400b-4d6c-b74d-073a20f92cde" />
      <TestMethod codeBase="d:\azureFun\azure-functions-core-tools\test\Azure.Functions.Cli.Tests\bin\Debug\netcoreapp2.2\Azure.Functions.Cli.Tests.dll" adapterTypeName="executor://xunit/VsTestRunner2/netcoreapp" className="Azure.Functions.Cli.Tests.ExtensionsTests.StringExtensionsTests" name="Azure.Functions.Cli.Tests.ExtensionsTests.StringExtensionsTests.TestSanitizeImageNameWithBadInputValueThrowArgumentException(input: &quot; &quot;)" />
    </UnitTest>
    <UnitTest name="Azure.Functions.Cli.Tests.ActionsTests.StartHostActionTests.CheckNonOptionalSettingsDoesntThrowOnMissingAzureWebJobsStorage" storage="d:\azurefun\azure-functions-core-tools\test\azure.functions.cli.tests\bin\debug\netcoreapp2.2\azure.functions.cli.tests.dll" id="4f682df2-d468-581a-9b00-b61583b243d3">
      <Execution id="b61b8108-37d8-432e-b784-155265c9faea" />
      <TestMethod codeBase="d:\azureFun\azure-functions-core-tools\test\Azure.Functions.Cli.Tests\bin\Debug\netcoreapp2.2\Azure.Functions.Cli.Tests.dll" adapterTypeName="executor://xunit/VsTestRunner2/netcoreapp" className="Azure.Functions.Cli.Tests.ActionsTests.StartHostActionTests" name="Azure.Functions.Cli.Tests.ActionsTests.StartHostActionTests.CheckNonOptionalSettingsDoesntThrowOnMissingAzureWebJobsStorage" />
    </UnitTest>
    <UnitTest name="Azure.Functions.Cli.Tests.E2E.InitTests.init_app_with_spaces" storage="d:\azurefun\azure-functions-core-tools\test\azure.functions.cli.tests\bin\debug\netcoreapp2.2\azure.functions.cli.tests.dll" id="e38355ca-51da-6c05-323b-fb02d0d6ded6">
      <Execution id="2bcefdc9-80bb-499a-bc5d-4a96e3b7487d" />
      <TestMethod codeBase="d:\azureFun\azure-functions-core-tools\test\Azure.Functions.Cli.Tests\bin\Debug\netcoreapp2.2\Azure.Functions.Cli.Tests.dll" adapterTypeName="executor://xunit/VsTestRunner2/netcoreapp" className="Azure.Functions.Cli.Tests.E2E.InitTests" name="Azure.Functions.Cli.Tests.E2E.InitTests.init_app_with_spaces" />
    </UnitTest>
    <UnitTest name="Azure.Functions.Cli.Tests.PythonHelperTests.InterpreterShouldHaveMajorVersion" storage="d:\azurefun\azure-functions-core-tools\test\azure.functions.cli.tests\bin\debug\netcoreapp2.2\azure.functions.cli.tests.dll" id="b4698d67-1dc5-64f6-ac27-695bf6732c1c">
      <Execution id="def9b717-92d4-40ec-b9b1-8ed43ec6d8ec" />
      <TestMethod codeBase="d:\azureFun\azure-functions-core-tools\test\Azure.Functions.Cli.Tests\bin\Debug\netcoreapp2.2\Azure.Functions.Cli.Tests.dll" adapterTypeName="executor://xunit/VsTestRunner2/netcoreapp" className="Azure.Functions.Cli.Tests.PythonHelperTests" name="Azure.Functions.Cli.Tests.PythonHelperTests.InterpreterShouldHaveMajorVersion" />
    </UnitTest>
    <UnitTest name="Azure.Functions.Cli.Tests.ActionsTests.ResolveActionTests.ResolveCommandLineCorrectly(args: &quot;settings encrypt&quot;, returnType: typeof(Azure.Functions.Cli.Actions.LocalActions.EncryptSettingsAction))" storage="d:\azurefun\azure-functions-core-tools\test\azure.functions.cli.tests\bin\debug\netcoreapp2.2\azure.functions.cli.tests.dll" id="b1a2a948-2250-d694-4142-c54c04de5db6">
      <Execution id="9b44054a-890c-49ca-9d51-4b08174a4fa3" />
      <TestMethod codeBase="d:\azureFun\azure-functions-core-tools\test\Azure.Functions.Cli.Tests\bin\Debug\netcoreapp2.2\Azure.Functions.Cli.Tests.dll" adapterTypeName="executor://xunit/VsTestRunner2/netcoreapp" className="Azure.Functions.Cli.Tests.ActionsTests.ResolveActionTests" name="Azure.Functions.Cli.Tests.ActionsTests.ResolveActionTests.ResolveCommandLineCorrectly(args: &quot;settings encrypt&quot;, returnType: typeof(Azure.Functions.Cli.Actions.LocalActions.EncryptSettingsAction))" />
    </UnitTest>
    <UnitTest name="Azure.Functions.Cli.Tests.KubernetesHelperUnitTests.ValidateKubernetesNames(name: &quot;name with spaces&quot;, isValid: False)" storage="d:\azurefun\azure-functions-core-tools\test\azure.functions.cli.tests\bin\debug\netcoreapp2.2\azure.functions.cli.tests.dll" id="b3200108-16ce-1a20-4c5e-ce4b037f63ed">
      <Execution id="9ddc2ec7-897a-4933-9c82-9a86a6cc0eb3" />
      <TestMethod codeBase="d:\azureFun\azure-functions-core-tools\test\Azure.Functions.Cli.Tests\bin\Debug\netcoreapp2.2\Azure.Functions.Cli.Tests.dll" adapterTypeName="executor://xunit/VsTestRunner2/netcoreapp" className="Azure.Functions.Cli.Tests.KubernetesHelperUnitTests" name="Azure.Functions.Cli.Tests.KubernetesHelperUnitTests.ValidateKubernetesNames(name: &quot;name with spaces&quot;, isValid: False)" />
    </UnitTest>
    <UnitTest name="Azure.Functions.Cli.Tests.ActionsTests.StartHostActionTests.CheckNonOptionalSettingsThrowsOnMissingAzureWebJobsStorage" storage="d:\azurefun\azure-functions-core-tools\test\azure.functions.cli.tests\bin\debug\netcoreapp2.2\azure.functions.cli.tests.dll" id="26de893a-e2e9-33d7-8410-c3d93b4decf3">
      <Execution id="0b94d9a5-788e-48d2-8b44-784f0dcc94c4" />
      <TestMethod codeBase="d:\azureFun\azure-functions-core-tools\test\Azure.Functions.Cli.Tests\bin\Debug\netcoreapp2.2\Azure.Functions.Cli.Tests.dll" adapterTypeName="executor://xunit/VsTestRunner2/netcoreapp" className="Azure.Functions.Cli.Tests.ActionsTests.StartHostActionTests" name="Azure.Functions.Cli.Tests.ActionsTests.StartHostActionTests.CheckNonOptionalSettingsThrowsOnMissingAzureWebJobsStorage" />
    </UnitTest>
  </TestDefinitions>
  <TestEntries>
    <TestEntry testId="4294c23d-5a13-c518-9e66-be8f5c903261" executionId="8d925d2c-3d0e-49e8-be25-f9ef45b753f9" testListId="8c84fa94-04c1-424b-9868-57a2d4851a1d" />
    <TestEntry testId="39f587a1-adfa-40ac-1d64-2729707c10fc" executionId="ddf644be-245c-4870-8184-4faf3604e07e" testListId="8c84fa94-04c1-424b-9868-57a2d4851a1d" />
    <TestEntry testId="a724e0a0-4f3b-f44e-88bb-08d6494ab74a" executionId="ab751321-715d-44bc-840c-cbbcada08497" testListId="8c84fa94-04c1-424b-9868-57a2d4851a1d" />
    <TestEntry testId="3a25c399-9646-35b9-434d-2c4e07960aba" executionId="39412079-f696-4361-9835-128baaf3c0e2" testListId="8c84fa94-04c1-424b-9868-57a2d4851a1d" />
    <TestEntry testId="30b4d0c9-fe72-ccd3-41b4-452db0ee6a68" executionId="2329dc48-d7c3-4f11-a0c9-1a6f3cb89e5a" testListId="8c84fa94-04c1-424b-9868-57a2d4851a1d" />
    <TestEntry testId="54335ae6-240d-50a8-0ad6-445a6942b2d8" executionId="93a156d5-0144-4259-89fd-ccfcd506c5cb" testListId="8c84fa94-04c1-424b-9868-57a2d4851a1d" />
    <TestEntry testId="e85947ae-606d-a182-c346-4b538925928d" executionId="af8e5175-f6ef-4d45-a984-b45e0e694a47" testListId="8c84fa94-04c1-424b-9868-57a2d4851a1d" />
    <TestEntry testId="559d4974-8bb6-79f3-b951-eb7c787ce1a9" executionId="02fafcba-63dd-4e9b-a4d7-7735587a396f" testListId="8c84fa94-04c1-424b-9868-57a2d4851a1d" />
    <TestEntry testId="a105b8a7-3d94-be93-e9c3-561cbf250f62" executionId="a616acf6-01a5-4689-8613-32d8d5ec0f1e" testListId="8c84fa94-04c1-424b-9868-57a2d4851a1d" />
    <TestEntry testId="5a0907e1-44cd-b1c2-b6e9-e611e9df4e2f" executionId="3fa8785b-bd7e-4042-a028-820f15e12c94" testListId="8c84fa94-04c1-424b-9868-57a2d4851a1d" />
    <TestEntry testId="11005bc6-8362-3874-994e-dcc2ca997623" executionId="9be3682b-8473-4b84-8660-dca1940b629e" testListId="8c84fa94-04c1-424b-9868-57a2d4851a1d" />
    <TestEntry testId="e542b29f-26d5-de41-c655-0b8a6a89cc04" executionId="5652d518-2218-467d-b833-39e6ee2ea7c3" testListId="8c84fa94-04c1-424b-9868-57a2d4851a1d" />
    <TestEntry testId="960dacc8-28ff-c3ef-de0d-8f335862fba1" executionId="96bb524c-56ea-464e-acb2-43ee32e2dda2" testListId="8c84fa94-04c1-424b-9868-57a2d4851a1d" />
    <TestEntry testId="ce1bf570-d638-65cf-e454-24922ad5d615" executionId="d35df821-7c23-430d-b561-9564303aa52b" testListId="8c84fa94-04c1-424b-9868-57a2d4851a1d" />
    <TestEntry testId="b35b8e5a-1843-c42b-1874-f4424f2bb10b" executionId="e8e375f7-cef1-49eb-8834-639c99f84316" testListId="8c84fa94-04c1-424b-9868-57a2d4851a1d" />
    <TestEntry testId="9bbeac1c-700a-59f3-e77e-496e9e6ff3c1" executionId="e68bb220-028a-4ad4-a519-3ad185c53d0c" testListId="8c84fa94-04c1-424b-9868-57a2d4851a1d" />
    <TestEntry testId="c226dbe1-d186-ab67-74ad-e414345f8981" executionId="a9cea5f2-dd50-4568-a81c-d135edd2bb88" testListId="8c84fa94-04c1-424b-9868-57a2d4851a1d" />
    <TestEntry testId="6a345911-baa6-bb56-bc12-24864aefd6f7" executionId="5dfcfe08-00d6-4811-be86-fcffbb74954b" testListId="8c84fa94-04c1-424b-9868-57a2d4851a1d" />
    <TestEntry testId="09a24798-7d10-8250-f686-8d60e9ff7701" executionId="a6e2f78e-b501-4ac5-8286-4fb85d4011a2" testListId="8c84fa94-04c1-424b-9868-57a2d4851a1d" />
    <TestEntry testId="d29c38c5-cda9-71df-9512-4f03f668c2b1" executionId="023cba1f-6a12-44a7-9168-a81f188bd98b" testListId="8c84fa94-04c1-424b-9868-57a2d4851a1d" />
    <TestEntry testId="e38355ca-51da-6c05-323b-fb02d0d6ded6" executionId="2bcefdc9-80bb-499a-bc5d-4a96e3b7487d" testListId="8c84fa94-04c1-424b-9868-57a2d4851a1d" />
    <TestEntry testId="c1732864-2ff6-7242-778b-b3833fe8c752" executionId="c689b197-63fb-4a13-a532-e7ee0b641ae0" testListId="8c84fa94-04c1-424b-9868-57a2d4851a1d" />
    <TestEntry testId="6c3067fd-9bb8-1e0f-ecd6-371134f53472" executionId="08cf79d2-96ec-4650-bef5-22ed34a11006" testListId="8c84fa94-04c1-424b-9868-57a2d4851a1d" />
    <TestEntry testId="0b3dd3f8-b7f5-9046-8c8b-7e8ae6185a15" executionId="87f07a0a-aac2-4af5-9e4e-37b4498dc029" testListId="8c84fa94-04c1-424b-9868-57a2d4851a1d" />
    <TestEntry testId="0a5938eb-862d-0722-e438-585ebbece6a0" executionId="c7b85ed3-ce51-4273-adf6-ec66779ae63f" testListId="8c84fa94-04c1-424b-9868-57a2d4851a1d" />
    <TestEntry testId="1f139edb-3deb-53fc-282b-42dee878aa2d" executionId="6378b066-e8ff-478c-b2fd-25e376505bdd" testListId="8c84fa94-04c1-424b-9868-57a2d4851a1d" />
    <TestEntry testId="edbad474-5a85-0780-7ef4-8ccfb334ea3c" executionId="2673fe03-8ac9-4350-9006-a2842701cf3c" testListId="8c84fa94-04c1-424b-9868-57a2d4851a1d" />
    <TestEntry testId="4439d28f-70dc-fe99-d774-89dccfddc844" executionId="3cfab1c9-90f2-4a18-92d4-9217dbcc856a" testListId="8c84fa94-04c1-424b-9868-57a2d4851a1d" />
    <TestEntry testId="cf282906-9063-86ff-c930-5ea8afcf5d9b" executionId="95087821-32b6-4705-9713-b89a88025eb2" testListId="8c84fa94-04c1-424b-9868-57a2d4851a1d" />
    <TestEntry testId="f4da3906-151c-06c4-2cac-a0c074c038b4" executionId="8f00e6cc-4016-4501-a671-43593c8c31f9" testListId="8c84fa94-04c1-424b-9868-57a2d4851a1d" />
    <TestEntry testId="9d8b1930-fa6e-f013-0673-eadb1590517a" executionId="c950b289-6f41-41bb-a25b-976e1e007023" testListId="8c84fa94-04c1-424b-9868-57a2d4851a1d" />
    <TestEntry testId="58dd0057-84d2-2bc0-2c61-ba1b40563254" executionId="79055a87-4323-4420-aac1-b2cc395e7ac7" testListId="8c84fa94-04c1-424b-9868-57a2d4851a1d" />
    <TestEntry testId="fbcb31e4-45ed-0d03-0559-73dcb287008b" executionId="2613a534-aee7-471b-b74d-a8f0ebfd2c87" testListId="8c84fa94-04c1-424b-9868-57a2d4851a1d" />
    <TestEntry testId="99cb63a8-7e08-ff45-2917-537ab2cd414e" executionId="4faf4ae0-a65d-4788-a781-6be4a14c9788" testListId="8c84fa94-04c1-424b-9868-57a2d4851a1d" />
    <TestEntry testId="574b6f6d-989c-3073-4252-0f2938f02b70" executionId="b792afe9-7318-40e1-81b9-8ac20a73618e" testListId="8c84fa94-04c1-424b-9868-57a2d4851a1d" />
    <TestEntry testId="f45bfa4a-0d9f-47fe-e10c-d3e4e94868ea" executionId="140e200b-598d-486c-b393-1076f613ef23" testListId="8c84fa94-04c1-424b-9868-57a2d4851a1d" />
    <TestEntry testId="93cf339f-1563-8cec-19f1-a415a1ca088a" executionId="4a6eab9f-607a-4e4f-96ce-3c7dd8f721e7" testListId="8c84fa94-04c1-424b-9868-57a2d4851a1d" />
    <TestEntry testId="64decc6b-b7fe-160f-2c00-b9a1ba342d5c" executionId="4ca1ebb8-48e6-46aa-8295-2fe6115c857e" testListId="8c84fa94-04c1-424b-9868-57a2d4851a1d" />
    <TestEntry testId="cb297182-8b61-50c8-d2e2-3cfe085c978e" executionId="db6a31c0-f35e-4a1c-8da7-85de14607ac5" testListId="8c84fa94-04c1-424b-9868-57a2d4851a1d" />
    <TestEntry testId="251a8b14-d748-20b6-c258-9f54a47d59dd" executionId="c54dea50-6ff3-4b4a-9f2d-0f024d198802" testListId="8c84fa94-04c1-424b-9868-57a2d4851a1d" />
    <TestEntry testId="32fd11f1-90f8-e21b-1f8a-ed7125fc0efb" executionId="78f405cd-c638-448e-9016-698bfba3de85" testListId="8c84fa94-04c1-424b-9868-57a2d4851a1d" />
    <TestEntry testId="64553088-4447-d029-5ddd-71bd5cd0aa46" executionId="bcc3f616-7d88-48c7-b621-2d1a62cd5ae2" testListId="8c84fa94-04c1-424b-9868-57a2d4851a1d" />
    <TestEntry testId="0f458aa1-b2a7-ec6b-ca73-2245e2295c8d" executionId="5d41866f-2e34-4a5e-be11-c4c6ecf7895f" testListId="8c84fa94-04c1-424b-9868-57a2d4851a1d" />
    <TestEntry testId="a2d484e5-4918-7da9-1f89-adae87529a89" executionId="338948ce-789f-419c-bd70-4ebb45695ba1" testListId="8c84fa94-04c1-424b-9868-57a2d4851a1d" />
    <TestEntry testId="466aaf20-b831-75c4-9896-16bee603351c" executionId="78a96aeb-bf85-4a15-9fdc-b4a6550fec1d" testListId="8c84fa94-04c1-424b-9868-57a2d4851a1d" />
    <TestEntry testId="b19ee685-964c-10d4-832c-25b1de9041e5" executionId="52242dbc-f000-43f1-9029-3fcee28c3e65" testListId="8c84fa94-04c1-424b-9868-57a2d4851a1d" />
    <TestEntry testId="9f3a2bf4-d34a-7d0f-b6e4-9ff26c380ab7" executionId="2bf9adc5-9bf3-46c6-bc03-f77ee9004c05" testListId="8c84fa94-04c1-424b-9868-57a2d4851a1d" />
    <TestEntry testId="8ec96d3e-65eb-c14e-7b76-f3ef6618f355" executionId="a28a9b64-078d-47a8-92a4-ccb299e4a564" testListId="8c84fa94-04c1-424b-9868-57a2d4851a1d" />
    <TestEntry testId="b1a2a948-2250-d694-4142-c54c04de5db6" executionId="9b44054a-890c-49ca-9d51-4b08174a4fa3" testListId="8c84fa94-04c1-424b-9868-57a2d4851a1d" />
    <TestEntry testId="c387f225-0790-f7e1-1cd0-6c7ac67b2543" executionId="f74b0add-3caa-457b-a416-b6c1479f0aaa" testListId="8c84fa94-04c1-424b-9868-57a2d4851a1d" />
    <TestEntry testId="fdc61361-aca6-49a9-194e-62ff1feb1a48" executionId="d7ea3f1f-4c7d-4190-8f86-3f354e7abe06" testListId="8c84fa94-04c1-424b-9868-57a2d4851a1d" />
    <TestEntry testId="a2fc6bf4-45cb-b71d-9969-54743329e6ec" executionId="8c061caf-e0fd-4535-8c18-acaa0f959287" testListId="8c84fa94-04c1-424b-9868-57a2d4851a1d" />
    <TestEntry testId="1933ec56-27e4-c95b-c87a-ed7e486a9d13" executionId="25be52dc-1806-4b78-9f09-4fef3ae23c9d" testListId="8c84fa94-04c1-424b-9868-57a2d4851a1d" />
    <TestEntry testId="f226e1a5-9790-1605-0a15-a7d728800caf" executionId="c3bf9a45-b4bd-409f-a68b-b2835923e555" testListId="8c84fa94-04c1-424b-9868-57a2d4851a1d" />
    <TestEntry testId="8384cb22-dc4e-52e8-ba1b-1a3a991e8794" executionId="1a4d4644-cbf5-4588-b01a-f68f41077118" testListId="8c84fa94-04c1-424b-9868-57a2d4851a1d" />
    <TestEntry testId="7a3da497-d5de-74f0-bc82-bc37d352976f" executionId="b9c749ad-1ebc-4e4e-8c6b-d10fb31594d6" testListId="8c84fa94-04c1-424b-9868-57a2d4851a1d" />
    <TestEntry testId="9e1afe7a-5aee-2dfc-e827-ba25e10b653f" executionId="2bf6a50e-57ed-4752-841e-0671a45c5cfd" testListId="8c84fa94-04c1-424b-9868-57a2d4851a1d" />
    <TestEntry testId="aa1df594-40d4-e137-cd98-d22b8508a548" executionId="abe6f270-d9cd-4b70-abed-d99ff42869ba" testListId="8c84fa94-04c1-424b-9868-57a2d4851a1d" />
    <TestEntry testId="b18fbdec-013f-79ea-88e2-b50f8c06118d" executionId="f6a6d501-82f9-4bdf-992a-0c39691961ea" testListId="8c84fa94-04c1-424b-9868-57a2d4851a1d" />
    <TestEntry testId="5764f792-69e7-c4fc-617c-99c8ae3d7290" executionId="e4da987a-c0d4-48b5-a0be-d2afa15bf6b8" testListId="8c84fa94-04c1-424b-9868-57a2d4851a1d" />
    <TestEntry testId="7b9a8ca7-25e9-5b23-182e-50be49b6bb85" executionId="a8c0d3e6-2872-4577-8438-087e637369b4" testListId="8c84fa94-04c1-424b-9868-57a2d4851a1d" />
    <TestEntry testId="d3e2b2b4-a0da-2c83-b0d5-a550b30023fe" executionId="be57b860-7a4c-498f-8e62-268e63447d34" testListId="8c84fa94-04c1-424b-9868-57a2d4851a1d" />
    <TestEntry testId="d18982bf-a76e-798d-ff69-36bc2428297a" executionId="bd74e98d-2e96-41df-8f2c-731855dd61c9" testListId="8c84fa94-04c1-424b-9868-57a2d4851a1d" />
    <TestEntry testId="c9950969-c15a-bd40-5c28-19b8f7156c09" executionId="d28b15b5-0530-4312-8e33-8103775d913c" testListId="8c84fa94-04c1-424b-9868-57a2d4851a1d" />
    <TestEntry testId="6d362e3e-2836-8a52-d263-224ae45ba8c7" executionId="7250c782-38f4-4cfe-b021-94181c3640a0" testListId="8c84fa94-04c1-424b-9868-57a2d4851a1d" />
    <TestEntry testId="84c13452-e24f-8ed6-016d-e7bf1d702b2a" executionId="9616af15-f38f-4199-9603-555030189ac5" testListId="8c84fa94-04c1-424b-9868-57a2d4851a1d" />
    <TestEntry testId="56f9fc01-6787-8410-f691-28be07190400" executionId="10209305-d887-47b6-a306-05002fff7961" testListId="8c84fa94-04c1-424b-9868-57a2d4851a1d" />
    <TestEntry testId="1bd52704-add6-aba2-e711-716128e7b10b" executionId="daa65972-400b-4563-9c0b-a5f83aac0aa3" testListId="8c84fa94-04c1-424b-9868-57a2d4851a1d" />
    <TestEntry testId="c330df6a-d603-100e-6d71-845ec75bd671" executionId="00163dfa-bfe8-491f-985f-3492b709ac03" testListId="8c84fa94-04c1-424b-9868-57a2d4851a1d" />
    <TestEntry testId="66f6f242-74b3-6a0b-fa81-2412711abe67" executionId="c9cb049a-f6ea-48e5-b602-da2eab3b1170" testListId="8c84fa94-04c1-424b-9868-57a2d4851a1d" />
    <TestEntry testId="e8c5388d-21e7-6efa-364d-9dd6641627ac" executionId="5a08d32d-bc5b-4554-bd4f-d79c7d343bf8" testListId="8c84fa94-04c1-424b-9868-57a2d4851a1d" />
    <TestEntry testId="ebf99807-6835-8622-f4cc-14a2fe7f032c" executionId="2c5baca0-6b5b-4ee5-be92-a5554463296d" testListId="8c84fa94-04c1-424b-9868-57a2d4851a1d" />
    <TestEntry testId="b5584b1a-6471-bddd-51b8-b47f4a6ecf7b" executionId="08e65bd9-cbf5-4ee3-9544-55dc4c448b3a" testListId="8c84fa94-04c1-424b-9868-57a2d4851a1d" />
    <TestEntry testId="6dae2e53-06b5-d87a-bd2f-628c0e1a23e8" executionId="37b39546-fbbe-4ff6-a508-bef351da5b8a" testListId="8c84fa94-04c1-424b-9868-57a2d4851a1d" />
    <TestEntry testId="103f4af3-731f-b6ce-0bad-823c79c062f3" executionId="704eb74f-efb4-4234-8bf0-d5d2f07851b2" testListId="8c84fa94-04c1-424b-9868-57a2d4851a1d" />
    <TestEntry testId="e61aa2ef-51fe-ce9d-f444-c94be9a0a585" executionId="d572c036-feab-4b3c-8fea-b762749ce6ea" testListId="8c84fa94-04c1-424b-9868-57a2d4851a1d" />
    <TestEntry testId="d8743312-47fe-fcb5-f5e2-dc5712ca3557" executionId="b643f996-400b-4d6c-b74d-073a20f92cde" testListId="8c84fa94-04c1-424b-9868-57a2d4851a1d" />
    <TestEntry testId="5480cfa5-672c-afd5-9827-476a9f08cb3b" executionId="99749eb5-abf1-4f2c-baac-99c65ed6d4a7" testListId="8c84fa94-04c1-424b-9868-57a2d4851a1d" />
    <TestEntry testId="da4681c6-718f-bdf7-e3fd-882500cd8814" executionId="a5e508a0-32be-4d00-9c2c-a03c44b61470" testListId="8c84fa94-04c1-424b-9868-57a2d4851a1d" />
    <TestEntry testId="920a0c58-40e6-d818-fa18-2af92dcacaab" executionId="3260a6f2-a60d-4f2f-a492-9cfda5b09276" testListId="8c84fa94-04c1-424b-9868-57a2d4851a1d" />
    <TestEntry testId="f70ac6cd-8de9-88a7-33a1-1b7730f15db8" executionId="9164e293-6aec-4919-a6b6-55b2a432bd4c" testListId="8c84fa94-04c1-424b-9868-57a2d4851a1d" />
    <TestEntry testId="dd51398c-a8df-9086-6a0a-0434a110c00b" executionId="3d854562-84a8-49fa-92c2-1abb79d295e8" testListId="8c84fa94-04c1-424b-9868-57a2d4851a1d" />
    <TestEntry testId="6d4a1970-862c-fbe7-a930-eb330f5084b4" executionId="5a126aae-ad79-4d5c-bee8-d9f8d42523e9" testListId="8c84fa94-04c1-424b-9868-57a2d4851a1d" />
    <TestEntry testId="42204d7b-dea8-ac96-e080-6b7a82a5585a" executionId="8c536129-ac94-45ce-8a1c-299149e23ef0" testListId="8c84fa94-04c1-424b-9868-57a2d4851a1d" />
    <TestEntry testId="2eff687e-3e02-145a-61e4-bda0ef838985" executionId="fdc9fa14-822b-421a-bf17-73ad4ce8cc11" testListId="8c84fa94-04c1-424b-9868-57a2d4851a1d" />
    <TestEntry testId="b4698d67-1dc5-64f6-ac27-695bf6732c1c" executionId="def9b717-92d4-40ec-b9b1-8ed43ec6d8ec" testListId="8c84fa94-04c1-424b-9868-57a2d4851a1d" />
    <TestEntry testId="dbcfb085-f35e-3e6c-7da7-020156e9943f" executionId="24cc6b59-5bd8-437f-a088-20c1fe2a2db9" testListId="8c84fa94-04c1-424b-9868-57a2d4851a1d" />
    <TestEntry testId="57745701-23f5-b69f-363e-4166d7dd4e91" executionId="8a65a68e-8a48-458c-adc2-46a9b0d49e42" testListId="8c84fa94-04c1-424b-9868-57a2d4851a1d" />
    <TestEntry testId="ea6f65dc-9275-f99e-62e6-abbb3e61cb1a" executionId="dccab5ca-7454-42f7-9883-948141bf0680" testListId="8c84fa94-04c1-424b-9868-57a2d4851a1d" />
    <TestEntry testId="9dbb5f07-9422-6d35-4546-edac74e177fc" executionId="78ec539f-44ea-4eaf-ac91-3235a9224e41" testListId="8c84fa94-04c1-424b-9868-57a2d4851a1d" />
    <TestEntry testId="9f1f89d8-fb6f-2826-e480-ce8a90986031" executionId="44df3dc8-2c75-4e5d-a403-a920dc2d782b" testListId="8c84fa94-04c1-424b-9868-57a2d4851a1d" />
    <TestEntry testId="d3efb588-decb-06e0-f771-066ffc0bd47f" executionId="88553311-03be-4f0b-8b75-b10123794bed" testListId="8c84fa94-04c1-424b-9868-57a2d4851a1d" />
    <TestEntry testId="3e96f61f-98f4-cb84-d85b-5356dd246044" executionId="73291896-eb92-473e-8a58-332a4266b36e" testListId="8c84fa94-04c1-424b-9868-57a2d4851a1d" />
    <TestEntry testId="dae95602-c54d-e58f-4f04-32815860a055" executionId="e8397fe4-2d8d-497c-ab83-ed0932d5d5fe" testListId="8c84fa94-04c1-424b-9868-57a2d4851a1d" />
    <TestEntry testId="f28fdcdf-a34d-d676-c42f-da87b3f4a8b1" executionId="38f15bd3-ba73-41c8-8460-a494007e54c5" testListId="8c84fa94-04c1-424b-9868-57a2d4851a1d" />
    <TestEntry testId="ffd1e9b5-9428-7728-bd40-88718d74b2e7" executionId="0b372d74-9ec3-401d-9c0e-268fe73c3426" testListId="8c84fa94-04c1-424b-9868-57a2d4851a1d" />
    <TestEntry testId="7328c548-3649-08f6-12ce-d4ccaf4dcbb1" executionId="d02171ba-916f-490a-920d-2e8aff8b8251" testListId="8c84fa94-04c1-424b-9868-57a2d4851a1d" />
    <TestEntry testId="fb5bbe6a-a717-ca10-710b-5ca2aaa6add9" executionId="2629d217-8790-47ce-ab73-b575f8f1b15e" testListId="8c84fa94-04c1-424b-9868-57a2d4851a1d" />
    <TestEntry testId="54d83d66-97ca-4e37-322f-fea37d237ffe" executionId="0e3968e4-25ef-4f70-9685-a5860f0ca6b4" testListId="8c84fa94-04c1-424b-9868-57a2d4851a1d" />
    <TestEntry testId="88a6babb-85d8-14cf-b78a-b66f1d645cd7" executionId="46e2072b-e223-46b2-b89f-761b999f3eeb" testListId="8c84fa94-04c1-424b-9868-57a2d4851a1d" />
    <TestEntry testId="2e97a520-f469-1426-76d3-49996cac8357" executionId="ab47d352-2c7a-4fd5-b2e3-96cdb23ad241" testListId="8c84fa94-04c1-424b-9868-57a2d4851a1d" />
    <TestEntry testId="e0ef2013-516b-50af-1cfc-3551e92565d5" executionId="147c399b-f232-4a82-ad06-82630397a6ea" testListId="8c84fa94-04c1-424b-9868-57a2d4851a1d" />
    <TestEntry testId="9089a251-6020-8d31-3d3f-1e5408cf5fa2" executionId="9a608c81-d72a-4a16-aef5-81dd424ca81f" testListId="8c84fa94-04c1-424b-9868-57a2d4851a1d" />
    <TestEntry testId="18db6ac8-b05a-7c84-1df6-71b9004d931d" executionId="de91cde3-9b9e-4123-b48a-5e9d53200613" testListId="8c84fa94-04c1-424b-9868-57a2d4851a1d" />
    <TestEntry testId="744b1472-67f7-81df-ef74-a77709274f11" executionId="8b9f9e55-e142-4913-bcfb-a403489e2522" testListId="8c84fa94-04c1-424b-9868-57a2d4851a1d" />
    <TestEntry testId="b4ee8f5c-889a-4fca-ff80-57fa460645d6" executionId="37d35243-c69d-4b22-9586-a3d98e944f59" testListId="8c84fa94-04c1-424b-9868-57a2d4851a1d" />
    <TestEntry testId="3d9afed2-66bd-dc4f-d141-be86f2474bf2" executionId="4f0ed584-9ae1-4240-bed7-f4ac2ff4ad36" testListId="8c84fa94-04c1-424b-9868-57a2d4851a1d" />
    <TestEntry testId="2171c70e-0095-5e1e-14ba-ab56bb1825b8" executionId="e513cf44-5bd7-4cc5-8a0e-8fee0d94fe59" testListId="8c84fa94-04c1-424b-9868-57a2d4851a1d" />
    <TestEntry testId="fed4cb35-1ff8-2661-9595-14ef0f48ca52" executionId="dfa28ce1-8148-4287-aafc-728ea23be015" testListId="8c84fa94-04c1-424b-9868-57a2d4851a1d" />
    <TestEntry testId="26de893a-e2e9-33d7-8410-c3d93b4decf3" executionId="0b94d9a5-788e-48d2-8b44-784f0dcc94c4" testListId="8c84fa94-04c1-424b-9868-57a2d4851a1d" />
    <TestEntry testId="77fb56d2-1911-d26c-ecbb-f18f47add1be" executionId="f49c44b3-161e-4a92-ad1f-d7324b001733" testListId="8c84fa94-04c1-424b-9868-57a2d4851a1d" />
    <TestEntry testId="be93d512-0232-5d00-fb64-530a7ac3622a" executionId="59b4e573-8044-425b-8cae-8533ed702e41" testListId="8c84fa94-04c1-424b-9868-57a2d4851a1d" />
    <TestEntry testId="b6c76e80-b5b7-3f98-260a-f3016f7d7254" executionId="81136e38-df21-4798-84d8-3cbf09363365" testListId="8c84fa94-04c1-424b-9868-57a2d4851a1d" />
    <TestEntry testId="1c660e16-d25a-0ae9-607c-b0969bf571c1" executionId="7ec3e377-d4c7-4c24-9155-675a06553df7" testListId="8c84fa94-04c1-424b-9868-57a2d4851a1d" />
    <TestEntry testId="ea50a151-1b12-df2b-178f-fcb2c35810bb" executionId="87068449-8054-4163-bff9-fdceb1473c93" testListId="8c84fa94-04c1-424b-9868-57a2d4851a1d" />
    <TestEntry testId="dea3461a-6816-c1e3-9b2d-cf4d0771d692" executionId="2f72c538-2bb8-4781-af08-855129aa5559" testListId="8c84fa94-04c1-424b-9868-57a2d4851a1d" />
    <TestEntry testId="67e96cf1-882b-80de-8b77-9490140e2b4c" executionId="e802a573-66d0-4591-8362-a4b941780aeb" testListId="8c84fa94-04c1-424b-9868-57a2d4851a1d" />
    <TestEntry testId="3e1eb9e1-0a7c-22e4-6b5b-723382f1a0b6" executionId="57835cfe-851f-454c-9cf7-d7e92ac02d7e" testListId="8c84fa94-04c1-424b-9868-57a2d4851a1d" />
    <TestEntry testId="a42ef01f-d836-859c-1bc9-99f8d567f5c3" executionId="f5318471-d2da-4a89-9b5c-edf51f0138a3" testListId="8c84fa94-04c1-424b-9868-57a2d4851a1d" />
    <TestEntry testId="bd78b515-00b0-094a-e313-5142986debc4" executionId="db4e067b-faf6-44be-a623-22d5ce5f93ff" testListId="8c84fa94-04c1-424b-9868-57a2d4851a1d" />
    <TestEntry testId="78561c78-b11f-249e-8d46-afb9f8373f86" executionId="e8780cdf-039c-4c1b-8306-4021679b63cc" testListId="8c84fa94-04c1-424b-9868-57a2d4851a1d" />
    <TestEntry testId="b3200108-16ce-1a20-4c5e-ce4b037f63ed" executionId="9ddc2ec7-897a-4933-9c82-9a86a6cc0eb3" testListId="8c84fa94-04c1-424b-9868-57a2d4851a1d" />
    <TestEntry testId="955249c5-d309-3548-5b00-36c27c9623c3" executionId="05c32e70-74ea-4aa4-8c56-46cbe2e3ba0a" testListId="8c84fa94-04c1-424b-9868-57a2d4851a1d" />
    <TestEntry testId="457c4f00-2dd8-d508-c1d2-c12724633f05" executionId="61ee0aee-99a7-47f8-949e-e7df47b005b4" testListId="8c84fa94-04c1-424b-9868-57a2d4851a1d" />
    <TestEntry testId="ed6e5de5-ad08-412a-5534-fb44a44b7095" executionId="e430dc16-a6ea-4bb8-a6a7-7b1f18915825" testListId="8c84fa94-04c1-424b-9868-57a2d4851a1d" />
    <TestEntry testId="09e2de0c-a28a-298a-253c-0e48337e3673" executionId="ff7b588c-fab7-47ec-bbdb-ecd75533ccf0" testListId="8c84fa94-04c1-424b-9868-57a2d4851a1d" />
    <TestEntry testId="48e1ca5f-db9a-873c-f3bc-7991e0057d11" executionId="fc4bf6e1-dccb-435d-a11e-bbe9f5f3e047" testListId="8c84fa94-04c1-424b-9868-57a2d4851a1d" />
    <TestEntry testId="eec1ee9a-2aa1-4c45-b795-9d460b4f28b4" executionId="a8ba171b-74f4-4f83-a91d-56c736fa7839" testListId="8c84fa94-04c1-424b-9868-57a2d4851a1d" />
    <TestEntry testId="2e1fd91c-ffee-826e-57bf-a608e053492a" executionId="dc05f1e3-9b98-4896-9b94-9d477a5fd79d" testListId="8c84fa94-04c1-424b-9868-57a2d4851a1d" />
    <TestEntry testId="486a936c-2d1d-2721-084d-7eba1fa2b833" executionId="2c3e7794-6e80-4aff-82b6-61bb6b32ffd9" testListId="8c84fa94-04c1-424b-9868-57a2d4851a1d" />
    <TestEntry testId="7d741dfd-96b6-3ec8-237a-4816ed351140" executionId="ed34e267-cbbc-47e6-9a75-945e4bf0f49e" testListId="8c84fa94-04c1-424b-9868-57a2d4851a1d" />
    <TestEntry testId="243afa11-a217-684f-45f4-4db9da54a65f" executionId="210e7430-f295-4f76-8f86-e8d02ef9fc4a" testListId="8c84fa94-04c1-424b-9868-57a2d4851a1d" />
    <TestEntry testId="65b89792-1711-6f19-85b7-0f3eb33b6850" executionId="c5ecb27a-71b7-46f9-802f-72e8daebfc9f" testListId="8c84fa94-04c1-424b-9868-57a2d4851a1d" />
    <TestEntry testId="7dff628d-a279-6c19-743e-80391e45505d" executionId="2c994565-ed30-498a-8a27-780aa1f75714" testListId="8c84fa94-04c1-424b-9868-57a2d4851a1d" />
    <TestEntry testId="5ec44c78-1dd9-61eb-ff84-a8ba6e3dfc0d" executionId="4dbfdc3c-e4bb-440d-b620-d009e5d71479" testListId="8c84fa94-04c1-424b-9868-57a2d4851a1d" />
    <TestEntry testId="b0a4c0b0-a820-e1ec-cdfe-6a7b63dcbff5" executionId="4fb68a33-7d0a-4cd4-a073-cb876fbceff2" testListId="8c84fa94-04c1-424b-9868-57a2d4851a1d" />
    <TestEntry testId="4fe61fb2-add7-9b86-7ac9-963c2c517c14" executionId="c1f5313a-3796-48a2-a10d-da80743ab759" testListId="8c84fa94-04c1-424b-9868-57a2d4851a1d" />
    <TestEntry testId="d3c0f02e-9c06-fd1c-a6d3-3429efece333" executionId="37c15d40-d84c-4bfd-a7de-dfb8d70ccec8" testListId="8c84fa94-04c1-424b-9868-57a2d4851a1d" />
    <TestEntry testId="5003810b-7863-4dc1-5248-e3712431e6d6" executionId="949cd437-7548-47f6-8557-118ff2a2c854" testListId="8c84fa94-04c1-424b-9868-57a2d4851a1d" />
    <TestEntry testId="2ff45c5f-7276-d3d7-5177-676fe5992614" executionId="e9e5661b-3e47-436d-82de-ed0502212589" testListId="8c84fa94-04c1-424b-9868-57a2d4851a1d" />
    <TestEntry testId="a33e1e9b-21a9-4ffd-da79-f2532b99fd5f" executionId="aa4f64c4-6349-47a2-9c2b-5eeb9b6330b2" testListId="8c84fa94-04c1-424b-9868-57a2d4851a1d" />
    <TestEntry testId="e553ca05-308a-bf73-e898-77e7d60f149d" executionId="a381d778-cae7-4f72-af3a-f7fdf71d896f" testListId="8c84fa94-04c1-424b-9868-57a2d4851a1d" />
    <TestEntry testId="4f682df2-d468-581a-9b00-b61583b243d3" executionId="b61b8108-37d8-432e-b784-155265c9faea" testListId="8c84fa94-04c1-424b-9868-57a2d4851a1d" />
    <TestEntry testId="f495c734-8012-31b2-3361-92d27fb8c6d0" executionId="b8594acf-5805-4134-8fca-50f02531c845" testListId="8c84fa94-04c1-424b-9868-57a2d4851a1d" />
  </TestEntries>
  <TestLists>
    <TestList name="Results Not in a List" id="8c84fa94-04c1-424b-9868-57a2d4851a1d" />
    <TestList name="All Loaded Results" id="19431567-8539-422a-85d7-44ee4e166bda" />
  </TestLists>
  <ResultSummary outcome="Failed">
    <Counters total="144" executed="132" passed="86" failed="46" error="0" timeout="0" aborted="0" inconclusive="0" passedButRunAborted="0" notRunnable="0" notExecuted="0" disconnected="0" warning="0" completed="0" inProgress="0" pending="0" />
    <Output>
      <StdOut>[xUnit.net 00:00:00.00] xUnit.net VSTest Adapter v2.4.0 (64-bit .NET Core 4.6.28008.02)&#xD;
[xUnit.net 00:00:03.01]   Discovering: Azure.Functions.Cli.Tests&#xD;
[xUnit.net 00:00:03.17]   Discovered:  Azure.Functions.Cli.Tests&#xD;
[xUnit.net 00:00:03.18]   Starting:    Azure.Functions.Cli.Tests&#xD;
[xUnit.net 00:00:03.72]       System.Exception : Python executable path should not be empty&#xD;
[xUnit.net 00:00:03.72]       Stack Trace:&#xD;
[xUnit.net 00:00:03.72]         d:\azureFun\azure-functions-core-tools\test\Azure.Functions.Cli.Tests\PythonHelperTests.cs(24,0): at Azure.Functions.Cli.Tests.PythonHelperTests.InterpreterShouldHaveExecutablePath()&#xD;
[xUnit.net 00:00:03.73]       System.Exception : Python major version should be 2 or 3&#xD;
[xUnit.net 00:00:03.73]       Stack Trace:&#xD;
[xUnit.net 00:00:03.73]         d:\azureFun\azure-functions-core-tools\test\Azure.Functions.Cli.Tests\PythonHelperTests.cs(34,0): at Azure.Functions.Cli.Tests.PythonHelperTests.InterpreterShouldHaveMajorVersion()&#xD;
[xUnit.net 00:00:04.36]       System.InvalidOperationException : Cannot start process because a file name has not been provided.&#xD;
[xUnit.net 00:00:04.36]       Stack Trace:&#xD;
[xUnit.net 00:00:04.36]            at System.Diagnostics.Process.Start()&#xD;
[xUnit.net 00:00:04.36]         D:\azureFun\azure-functions-core-tools\src\Azure.Functions.Cli\Common\Executable.cs(80,0): at Azure.Functions.Cli.Common.Executable.RunAsync(Action`1 outputCallback, Action`1 errorCallback, Nullable`1 timeout, String stdIn)&#xD;
[xUnit.net 00:00:04.36]         d:\azureFun\azure-functions-core-tools\test\Azure.Functions.Cli.Tests\E2E\Helpers\CliTester.cs(85,0): at Azure.Functions.Cli.Tests.E2E.Helpers.CliTester.InternalRun(String workingDir, RunConfiguration[] runConfigurations, ITestOutputHelper output, Boolean startHost)&#xD;
[xUnit.net 00:00:04.36]         d:\azureFun\azure-functions-core-tools\test\Azure.Functions.Cli.Tests\E2E\Helpers\CliTester.cs(35,0): at Azure.Functions.Cli.Tests.E2E.Helpers.CliTester.Run(RunConfiguration[] runConfigurations, ITestOutputHelper output, String workingDir, Boolean startHost)&#xD;
[xUnit.net 00:00:04.36]         --- End of stack trace from previous location where exception was thrown ---&#xD;
[xUnit.net 00:00:04.36]       Output:&#xD;
[xUnit.net 00:00:04.36]         stdout: Running: &gt;  init dotnet-funcs --worker-runtime dotnet&#xD;
[xUnit.net 00:00:04.36]       System.InvalidOperationException : Cannot start process because a file name has not been provided.&#xD;
[xUnit.net 00:00:04.36]       Stack Trace:&#xD;
[xUnit.net 00:00:04.36]            at System.Diagnostics.Process.Start()&#xD;
[xUnit.net 00:00:04.36]         D:\azureFun\azure-functions-core-tools\src\Azure.Functions.Cli\Common\Executable.cs(80,0): at Azure.Functions.Cli.Common.Executable.RunAsync(Action`1 outputCallback, Action`1 errorCallback, Nullable`1 timeout, String stdIn)&#xD;
[xUnit.net 00:00:04.36]         d:\azureFun\azure-functions-core-tools\test\Azure.Functions.Cli.Tests\E2E\Helpers\CliTester.cs(85,0): at Azure.Functions.Cli.Tests.E2E.Helpers.CliTester.InternalRun(String workingDir, RunConfiguration[] runConfigurations, ITestOutputHelper output, Boolean startHost)&#xD;
[xUnit.net 00:00:04.36]         d:\azureFun\azure-functions-core-tools\test\Azure.Functions.Cli.Tests\E2E\Helpers\CliTester.cs(35,0): at Azure.Functions.Cli.Tests.E2E.Helpers.CliTester.Run(RunConfiguration[] runConfigurations, ITestOutputHelper output, String workingDir, Boolean startHost)&#xD;
[xUnit.net 00:00:04.36]         --- End of stack trace from previous location where exception was thrown ---&#xD;
[xUnit.net 00:00:04.36]       Output:&#xD;
[xUnit.net 00:00:04.36]         stdout: Running: &gt;  init . --worker-runtime node&#xD;
[xUnit.net 00:00:04.36]       System.InvalidOperationException : Cannot start process because a file name has not been provided.&#xD;
[xUnit.net 00:00:04.36]       Stack Trace:&#xD;
[xUnit.net 00:00:04.37]            at System.Diagnostics.Process.Start()&#xD;
[xUnit.net 00:00:04.37]         D:\azureFun\azure-functions-core-tools\src\Azure.Functions.Cli\Common\Executable.cs(80,0): at Azure.Functions.Cli.Common.Executable.RunAsync(Action`1 outputCallback, Action`1 errorCallback, Nullable`1 timeout, String stdIn)&#xD;
[xUnit.net 00:00:04.37]         d:\azureFun\azure-functions-core-tools\test\Azure.Functions.Cli.Tests\E2E\Helpers\CliTester.cs(85,0): at Azure.Functions.Cli.Tests.E2E.Helpers.CliTester.InternalRun(String workingDir, RunConfiguration[] runConfigurations, ITestOutputHelper output, Boolean startHost)&#xD;
[xUnit.net 00:00:04.37]         d:\azureFun\azure-functions-core-tools\test\Azure.Functions.Cli.Tests\E2E\Helpers\CliTester.cs(35,0): at Azure.Functions.Cli.Tests.E2E.Helpers.CliTester.Run(RunConfiguration[] runConfigurations, ITestOutputHelper output, String workingDir, Boolean startHost)&#xD;
[xUnit.net 00:00:04.37]         --- End of stack trace from previous location where exception was thrown ---&#xD;
[xUnit.net 00:00:04.37]       System.InvalidOperationException : Cannot start process because a file name has not been provided.&#xD;
[xUnit.net 00:00:04.37]       Stack Trace:&#xD;
[xUnit.net 00:00:04.37]            at System.Diagnostics.Process.Start()&#xD;
[xUnit.net 00:00:04.37]         D:\azureFun\azure-functions-core-tools\src\Azure.Functions.Cli\Common\Executable.cs(80,0): at Azure.Functions.Cli.Common.Executable.RunAsync(Action`1 outputCallback, Action`1 errorCallback, Nullable`1 timeout, String stdIn)&#xD;
[xUnit.net 00:00:04.37]         d:\azureFun\azure-functions-core-tools\test\Azure.Functions.Cli.Tests\E2E\Helpers\CliTester.cs(85,0): at Azure.Functions.Cli.Tests.E2E.Helpers.CliTester.InternalRun(String workingDir, RunConfiguration[] runConfigurations, ITestOutputHelper output, Boolean startHost)&#xD;
[xUnit.net 00:00:04.37]         d:\azureFun\azure-functions-core-tools\test\Azure.Functions.Cli.Tests\E2E\Helpers\CliTester.cs(35,0): at Azure.Functions.Cli.Tests.E2E.Helpers.CliTester.Run(RunConfiguration[] runConfigurations, ITestOutputHelper output, String workingDir, Boolean startHost)&#xD;
[xUnit.net 00:00:04.37]         --- End of stack trace from previous location where exception was thrown ---&#xD;
[xUnit.net 00:00:04.37]       Output:&#xD;
[xUnit.net 00:00:04.37]         stdout: Running: &gt;  init . --worker-runtime typescript&#xD;
[xUnit.net 00:00:04.37]       System.InvalidOperationException : Cannot start process because a file name has not been provided.&#xD;
[xUnit.net 00:00:04.37]       Stack Trace:&#xD;
[xUnit.net 00:00:04.37]            at System.Diagnostics.Process.Start()&#xD;
[xUnit.net 00:00:04.37]         D:\azureFun\azure-functions-core-tools\src\Azure.Functions.Cli\Common\Executable.cs(80,0): at Azure.Functions.Cli.Common.Executable.RunAsync(Action`1 outputCallback, Action`1 errorCallback, Nullable`1 timeout, String stdIn)&#xD;
[xUnit.net 00:00:04.37]         d:\azureFun\azure-functions-core-tools\test\Azure.Functions.Cli.Tests\E2E\Helpers\CliTester.cs(85,0): at Azure.Functions.Cli.Tests.E2E.Helpers.CliTester.InternalRun(String workingDir, RunConfiguration[] runConfigurations, ITestOutputHelper output, Boolean startHost)&#xD;
[xUnit.net 00:00:04.37]         d:\azureFun\azure-functions-core-tools\test\Azure.Functions.Cli.Tests\E2E\Helpers\CliTester.cs(35,0): at Azure.Functions.Cli.Tests.E2E.Helpers.CliTester.Run(RunConfiguration[] runConfigurations, ITestOutputHelper output, String workingDir, Boolean startHost)&#xD;
[xUnit.net 00:00:04.37]         --- End of stack trace from previous location where exception was thrown ---&#xD;
[xUnit.net 00:00:04.37]       Output:&#xD;
[xUnit.net 00:00:04.37]         stdout: Running: &gt;  init . --worker-runtime node --docker&#xD;
[xUnit.net 00:00:04.37]       System.InvalidOperationException : Cannot start process because a file name has not been provided.&#xD;
[xUnit.net 00:00:04.37]       Stack Trace:&#xD;
[xUnit.net 00:00:04.37]            at System.Diagnostics.Process.Start()&#xD;
[xUnit.net 00:00:04.37]         D:\azureFun\azure-functions-core-tools\src\Azure.Functions.Cli\Common\Executable.cs(80,0): at Azure.Functions.Cli.Common.Executable.RunAsync(Action`1 outputCallback, Action`1 errorCallback, Nullable`1 timeout, String stdIn)&#xD;
[xUnit.net 00:00:04.37]         d:\azureFun\azure-functions-core-tools\test\Azure.Functions.Cli.Tests\E2E\Helpers\CliTester.cs(85,0): at Azure.Functions.Cli.Tests.E2E.Helpers.CliTester.InternalRun(String workingDir, RunConfiguration[] runConfigurations, ITestOutputHelper output, Boolean startHost)&#xD;
[xUnit.net 00:00:04.37]         d:\azureFun\azure-functions-core-tools\test\Azure.Functions.Cli.Tests\E2E\Helpers\CliTester.cs(35,0): at Azure.Functions.Cli.Tests.E2E.Helpers.CliTester.Run(RunConfiguration[] runConfigurations, ITestOutputHelper output, String workingDir, Boolean startHost)&#xD;
[xUnit.net 00:00:04.37]         --- End of stack trace from previous location where exception was thrown ---&#xD;
[xUnit.net 00:00:04.37]       Output:&#xD;
[xUnit.net 00:00:04.37]         stdout: Running: &gt;  init . --worker-runtime powershell --docker&#xD;
[xUnit.net 00:00:04.38]       System.InvalidOperationException : Cannot start process because a file name has not been provided.&#xD;
[xUnit.net 00:00:04.38]       Stack Trace:&#xD;
[xUnit.net 00:00:04.38]            at System.Diagnostics.Process.Start()&#xD;
[xUnit.net 00:00:04.38]         D:\azureFun\azure-functions-core-tools\src\Azure.Functions.Cli\Common\Executable.cs(80,0): at Azure.Functions.Cli.Common.Executable.RunAsync(Action`1 outputCallback, Action`1 errorCallback, Nullable`1 timeout, String stdIn)&#xD;
[xUnit.net 00:00:04.38]         d:\azureFun\azure-functions-core-tools\test\Azure.Functions.Cli.Tests\E2E\Helpers\CliTester.cs(85,0): at Azure.Functions.Cli.Tests.E2E.Helpers.CliTester.InternalRun(String workingDir, RunConfiguration[] runConfigurations, ITestOutputHelper output, Boolean startHost)&#xD;
[xUnit.net 00:00:04.38]         d:\azureFun\azure-functions-core-tools\test\Azure.Functions.Cli.Tests\E2E\Helpers\CliTester.cs(35,0): at Azure.Functions.Cli.Tests.E2E.Helpers.CliTester.Run(RunConfiguration[] runConfigurations, ITestOutputHelper output, String workingDir, Boolean startHost)&#xD;
[xUnit.net 00:00:04.38]         --- End of stack trace from previous location where exception was thrown ---&#xD;
[xUnit.net 00:00:04.38]       Output:&#xD;
[xUnit.net 00:00:04.38]         stdout: Running: &gt;  init . --worker-runtime dotnet --docker&#xD;
[xUnit.net 00:00:04.38]       System.InvalidOperationException : Cannot start process because a file name has not been provided.&#xD;
[xUnit.net 00:00:04.38]       Stack Trace:&#xD;
[xUnit.net 00:00:04.38]            at System.Diagnostics.Process.Start()&#xD;
[xUnit.net 00:00:04.38]         D:\azureFun\azure-functions-core-tools\src\Azure.Functions.Cli\Common\Executable.cs(80,0): at Azure.Functions.Cli.Common.Executable.RunAsync(Action`1 outputCallback, Action`1 errorCallback, Nullable`1 timeout, String stdIn)&#xD;
[xUnit.net 00:00:04.38]         d:\azureFun\azure-functions-core-tools\test\Azure.Functions.Cli.Tests\E2E\Helpers\CliTester.cs(85,0): at Azure.Functions.Cli.Tests.E2E.Helpers.CliTester.InternalRun(String workingDir, RunConfiguration[] runConfigurations, ITestOutputHelper output, Boolean startHost)&#xD;
[xUnit.net 00:00:04.38]         d:\azureFun\azure-functions-core-tools\test\Azure.Functions.Cli.Tests\E2E\Helpers\CliTester.cs(35,0): at Azure.Functions.Cli.Tests.E2E.Helpers.CliTester.Run(RunConfiguration[] runConfigurations, ITestOutputHelper output, String workingDir, Boolean startHost)&#xD;
[xUnit.net 00:00:04.38]         --- End of stack trace from previous location where exception was thrown ---&#xD;
[xUnit.net 00:00:04.38]       Output:&#xD;
[xUnit.net 00:00:04.38]         stdout: Running: &gt;  init "anapp" --worker-runtime python&#xD;
[xUnit.net 00:00:04.38]       System.InvalidOperationException : Cannot start process because a file name has not been provided.&#xD;
[xUnit.net 00:00:04.38]       Stack Trace:&#xD;
[xUnit.net 00:00:04.38]            at System.Diagnostics.Process.Start()&#xD;
[xUnit.net 00:00:04.38]         D:\azureFun\azure-functions-core-tools\src\Azure.Functions.Cli\Common\Executable.cs(80,0): at Azure.Functions.Cli.Common.Executable.RunAsync(Action`1 outputCallback, Action`1 errorCallback, Nullable`1 timeout, String stdIn)&#xD;
[xUnit.net 00:00:04.38]         d:\azureFun\azure-functions-core-tools\test\Azure.Functions.Cli.Tests\E2E\Helpers\CliTester.cs(85,0): at Azure.Functions.Cli.Tests.E2E.Helpers.CliTester.InternalRun(String workingDir, RunConfiguration[] runConfigurations, ITestOutputHelper output, Boolean startHost)&#xD;
[xUnit.net 00:00:04.38]         d:\azureFun\azure-functions-core-tools\test\Azure.Functions.Cli.Tests\E2E\Helpers\CliTester.cs(35,0): at Azure.Functions.Cli.Tests.E2E.Helpers.CliTester.Run(RunConfiguration[] runConfigurations, ITestOutputHelper output, String workingDir, Boolean startHost)&#xD;
[xUnit.net 00:00:04.38]         --- End of stack trace from previous location where exception was thrown ---&#xD;
[xUnit.net 00:00:04.38]       Output:&#xD;
[xUnit.net 00:00:04.38]         stdout: Running: &gt;  init . --worker-runtime foo&#xD;
[xUnit.net 00:00:04.39]       System.InvalidOperationException : Cannot start process because a file name has not been provided.&#xD;
[xUnit.net 00:00:04.39]       Stack Trace:&#xD;
[xUnit.net 00:00:04.39]            at System.Diagnostics.Process.Start()&#xD;
[xUnit.net 00:00:04.39]         D:\azureFun\azure-functions-core-tools\src\Azure.Functions.Cli\Common\Executable.cs(80,0): at Azure.Functions.Cli.Common.Executable.RunAsync(Action`1 outputCallback, Action`1 errorCallback, Nullable`1 timeout, String stdIn)&#xD;
[xUnit.net 00:00:04.39]         d:\azureFun\azure-functions-core-tools\test\Azure.Functions.Cli.Tests\E2E\Helpers\CliTester.cs(85,0): at Azure.Functions.Cli.Tests.E2E.Helpers.CliTester.InternalRun(String workingDir, RunConfiguration[] runConfigurations, ITestOutputHelper output, Boolean startHost)&#xD;
[xUnit.net 00:00:04.39]         d:\azureFun\azure-functions-core-tools\test\Azure.Functions.Cli.Tests\E2E\Helpers\CliTester.cs(35,0): at Azure.Functions.Cli.Tests.E2E.Helpers.CliTester.Run(RunConfiguration[] runConfigurations, ITestOutputHelper output, String workingDir, Boolean startHost)&#xD;
[xUnit.net 00:00:04.39]         --- End of stack trace from previous location where exception was thrown ---&#xD;
[xUnit.net 00:00:04.39]       Output:&#xD;
[xUnit.net 00:00:04.39]         stdout: Running: &gt;  init . --worker-runtime python&#xD;
[xUnit.net 00:00:04.39]       System.InvalidOperationException : Cannot start process because a file name has not been provided.&#xD;
[xUnit.net 00:00:04.39]       Stack Trace:&#xD;
[xUnit.net 00:00:04.39]            at System.Diagnostics.Process.Start()&#xD;
[xUnit.net 00:00:04.39]         D:\azureFun\azure-functions-core-tools\src\Azure.Functions.Cli\Common\Executable.cs(80,0): at Azure.Functions.Cli.Common.Executable.RunAsync(Action`1 outputCallback, Action`1 errorCallback, Nullable`1 timeout, String stdIn)&#xD;
[xUnit.net 00:00:04.39]         d:\azureFun\azure-functions-core-tools\test\Azure.Functions.Cli.Tests\E2E\Helpers\CliTester.cs(85,0): at Azure.Functions.Cli.Tests.E2E.Helpers.CliTester.InternalRun(String workingDir, RunConfiguration[] runConfigurations, ITestOutputHelper output, Boolean startHost)&#xD;
[xUnit.net 00:00:04.39]         d:\azureFun\azure-functions-core-tools\test\Azure.Functions.Cli.Tests\E2E\Helpers\CliTester.cs(35,0): at Azure.Functions.Cli.Tests.E2E.Helpers.CliTester.Run(RunConfiguration[] runConfigurations, ITestOutputHelper output, String workingDir, Boolean startHost)&#xD;
[xUnit.net 00:00:04.39]         --- End of stack trace from previous location where exception was thrown ---&#xD;
[xUnit.net 00:00:04.39]       Output:&#xD;
[xUnit.net 00:00:04.39]         stdout: Running: &gt;  init . --worker-runtime java&#xD;
[xUnit.net 00:00:04.39]       System.InvalidOperationException : Cannot start process because a file name has not been provided.&#xD;
[xUnit.net 00:00:04.39]       Stack Trace:&#xD;
[xUnit.net 00:00:04.39]            at System.Diagnostics.Process.Start()&#xD;
[xUnit.net 00:00:04.39]         D:\azureFun\azure-functions-core-tools\src\Azure.Functions.Cli\Common\Executable.cs(80,0): at Azure.Functions.Cli.Common.Executable.RunAsync(Action`1 outputCallback, Action`1 errorCallback, Nullable`1 timeout, String stdIn)&#xD;
[xUnit.net 00:00:04.39]         d:\azureFun\azure-functions-core-tools\test\Azure.Functions.Cli.Tests\E2E\Helpers\CliTester.cs(85,0): at Azure.Functions.Cli.Tests.E2E.Helpers.CliTester.InternalRun(String workingDir, RunConfiguration[] runConfigurations, ITestOutputHelper output, Boolean startHost)&#xD;
[xUnit.net 00:00:04.39]         d:\azureFun\azure-functions-core-tools\test\Azure.Functions.Cli.Tests\E2E\Helpers\CliTester.cs(35,0): at Azure.Functions.Cli.Tests.E2E.Helpers.CliTester.Run(RunConfiguration[] runConfigurations, ITestOutputHelper output, String workingDir, Boolean startHost)&#xD;
[xUnit.net 00:00:04.39]         --- End of stack trace from previous location where exception was thrown ---&#xD;
[xUnit.net 00:00:04.39]       Output:&#xD;
[xUnit.net 00:00:04.39]         stdout: Running: &gt;  init . --worker-runtime node&#xD;
[xUnit.net 00:00:04.40]       System.InvalidOperationException : Cannot start process because a file name has not been provided.&#xD;
[xUnit.net 00:00:04.40]       Stack Trace:&#xD;
[xUnit.net 00:00:04.40]            at System.Diagnostics.Process.Start()&#xD;
[xUnit.net 00:00:04.40]         D:\azureFun\azure-functions-core-tools\src\Azure.Functions.Cli\Common\Executable.cs(80,0): at Azure.Functions.Cli.Common.Executable.RunAsync(Action`1 outputCallback, Action`1 errorCallback, Nullable`1 timeout, String stdIn)&#xD;
[xUnit.net 00:00:04.40]         d:\azureFun\azure-functions-core-tools\test\Azure.Functions.Cli.Tests\E2E\Helpers\CliTester.cs(85,0): at Azure.Functions.Cli.Tests.E2E.Helpers.CliTester.InternalRun(String workingDir, RunConfiguration[] runConfigurations, ITestOutputHelper output, Boolean startHost)&#xD;
[xUnit.net 00:00:04.40]         d:\azureFun\azure-functions-core-tools\test\Azure.Functions.Cli.Tests\E2E\Helpers\CliTester.cs(35,0): at Azure.Functions.Cli.Tests.E2E.Helpers.CliTester.Run(RunConfiguration[] runConfigurations, ITestOutputHelper output, String workingDir, Boolean startHost)&#xD;
[xUnit.net 00:00:04.40]         --- End of stack trace from previous location where exception was thrown ---&#xD;
[xUnit.net 00:00:04.40]       Output:&#xD;
[xUnit.net 00:00:04.40]         stdout: Running: &gt;  init . --worker-runtime node&#xD;
[xUnit.net 00:00:04.40]       System.InvalidOperationException : Cannot start process because a file name has not been provided.&#xD;
[xUnit.net 00:00:04.40]       Stack Trace:&#xD;
[xUnit.net 00:00:04.40]            at System.Diagnostics.Process.Start()&#xD;
[xUnit.net 00:00:04.40]         D:\azureFun\azure-functions-core-tools\src\Azure.Functions.Cli\Common\Executable.cs(80,0): at Azure.Functions.Cli.Common.Executable.RunAsync(Action`1 outputCallback, Action`1 errorCallback, Nullable`1 timeout, String stdIn)&#xD;
[xUnit.net 00:00:04.40]         d:\azureFun\azure-functions-core-tools\test\Azure.Functions.Cli.Tests\E2E\Helpers\CliTester.cs(85,0): at Azure.Functions.Cli.Tests.E2E.Helpers.CliTester.InternalRun(String workingDir, RunConfiguration[] runConfigurations, ITestOutputHelper output, Boolean startHost)&#xD;
[xUnit.net 00:00:04.40]         d:\azureFun\azure-functions-core-tools\test\Azure.Functions.Cli.Tests\E2E\Helpers\CliTester.cs(35,0): at Azure.Functions.Cli.Tests.E2E.Helpers.CliTester.Run(RunConfiguration[] runConfigurations, ITestOutputHelper output, String workingDir, Boolean startHost)&#xD;
[xUnit.net 00:00:04.40]         --- End of stack trace from previous location where exception was thrown ---&#xD;
[xUnit.net 00:00:04.40]       Output:&#xD;
[xUnit.net 00:00:04.40]         stdout: Running: &gt;  init . --worker-runtime dotnet --csx&#xD;
[xUnit.net 00:00:04.40]       System.InvalidOperationException : Cannot start process because a file name has not been provided.&#xD;
[xUnit.net 00:00:04.40]       Stack Trace:&#xD;
[xUnit.net 00:00:04.40]            at System.Diagnostics.Process.Start()&#xD;
[xUnit.net 00:00:04.40]         D:\azureFun\azure-functions-core-tools\src\Azure.Functions.Cli\Common\Executable.cs(80,0): at Azure.Functions.Cli.Common.Executable.RunAsync(Action`1 outputCallback, Action`1 errorCallback, Nullable`1 timeout, String stdIn)&#xD;
[xUnit.net 00:00:04.40]         d:\azureFun\azure-functions-core-tools\test\Azure.Functions.Cli.Tests\E2E\Helpers\CliTester.cs(85,0): at Azure.Functions.Cli.Tests.E2E.Helpers.CliTester.InternalRun(String workingDir, RunConfiguration[] runConfigurations, ITestOutputHelper output, Boolean startHost)&#xD;
[xUnit.net 00:00:04.40]         d:\azureFun\azure-functions-core-tools\test\Azure.Functions.Cli.Tests\E2E\Helpers\CliTester.cs(35,0): at Azure.Functions.Cli.Tests.E2E.Helpers.CliTester.Run(RunConfiguration[] runConfigurations, ITestOutputHelper output, String workingDir, Boolean startHost)&#xD;
[xUnit.net 00:00:04.40]         --- End of stack trace from previous location where exception was thrown ---&#xD;
[xUnit.net 00:00:04.40]       Output:&#xD;
[xUnit.net 00:00:04.40]         stdout: Running: &gt;  init . --worker-runtime node&#xD;
[xUnit.net 00:00:04.41]       System.InvalidOperationException : Cannot start process because a file name has not been provided.&#xD;
[xUnit.net 00:00:04.41]       Stack Trace:&#xD;
[xUnit.net 00:00:04.41]            at System.Diagnostics.Process.Start()&#xD;
[xUnit.net 00:00:04.41]         D:\azureFun\azure-functions-core-tools\src\Azure.Functions.Cli\Common\Executable.cs(80,0): at Azure.Functions.Cli.Common.Executable.RunAsync(Action`1 outputCallback, Action`1 errorCallback, Nullable`1 timeout, String stdIn)&#xD;
[xUnit.net 00:00:04.41]         d:\azureFun\azure-functions-core-tools\test\Azure.Functions.Cli.Tests\E2E\Helpers\CliTester.cs(85,0): at Azure.Functions.Cli.Tests.E2E.Helpers.CliTester.InternalRun(String workingDir, RunConfiguration[] runConfigurations, ITestOutputHelper output, Boolean startHost)&#xD;
[xUnit.net 00:00:04.41]         d:\azureFun\azure-functions-core-tools\test\Azure.Functions.Cli.Tests\E2E\Helpers\CliTester.cs(35,0): at Azure.Functions.Cli.Tests.E2E.Helpers.CliTester.Run(RunConfiguration[] runConfigurations, ITestOutputHelper output, String workingDir, Boolean startHost)&#xD;
[xUnit.net 00:00:04.41]         --- End of stack trace from previous location where exception was thrown ---&#xD;
[xUnit.net 00:00:04.41]       Output:&#xD;
[xUnit.net 00:00:04.41]         stdout: Running: &gt;  init . --worker-runtime powershell&#xD;
[xUnit.net 00:00:04.41]       System.InvalidOperationException : Cannot start process because a file name has not been provided.&#xD;
[xUnit.net 00:00:04.41]       Stack Trace:&#xD;
[xUnit.net 00:00:04.41]            at System.Diagnostics.Process.Start()&#xD;
[xUnit.net 00:00:04.41]         D:\azureFun\azure-functions-core-tools\src\Azure.Functions.Cli\Common\Executable.cs(80,0): at Azure.Functions.Cli.Common.Executable.RunAsync(Action`1 outputCallback, Action`1 errorCallback, Nullable`1 timeout, String stdIn)&#xD;
[xUnit.net 00:00:04.41]         d:\azureFun\azure-functions-core-tools\test\Azure.Functions.Cli.Tests\E2E\Helpers\CliTester.cs(85,0): at Azure.Functions.Cli.Tests.E2E.Helpers.CliTester.InternalRun(String workingDir, RunConfiguration[] runConfigurations, ITestOutputHelper output, Boolean startHost)&#xD;
[xUnit.net 00:00:04.41]         d:\azureFun\azure-functions-core-tools\test\Azure.Functions.Cli.Tests\E2E\Helpers\CliTester.cs(35,0): at Azure.Functions.Cli.Tests.E2E.Helpers.CliTester.Run(RunConfiguration[] runConfigurations, ITestOutputHelper output, String workingDir, Boolean startHost)&#xD;
[xUnit.net 00:00:04.41]         --- End of stack trace from previous location where exception was thrown ---&#xD;
[xUnit.net 00:00:04.41]       Output:&#xD;
[xUnit.net 00:00:04.41]         stdout: Running: &gt;  init . --worker-runtime dotnet&#xD;
[xUnit.net 00:00:04.41]       System.InvalidOperationException : Cannot start process because a file name has not been provided.&#xD;
[xUnit.net 00:00:04.41]       Stack Trace:&#xD;
[xUnit.net 00:00:04.41]            at System.Diagnostics.Process.Start()&#xD;
[xUnit.net 00:00:04.41]         D:\azureFun\azure-functions-core-tools\src\Azure.Functions.Cli\Common\Executable.cs(80,0): at Azure.Functions.Cli.Common.Executable.RunAsync(Action`1 outputCallback, Action`1 errorCallback, Nullable`1 timeout, String stdIn)&#xD;
[xUnit.net 00:00:04.41]         d:\azureFun\azure-functions-core-tools\test\Azure.Functions.Cli.Tests\E2E\Helpers\CliTester.cs(85,0): at Azure.Functions.Cli.Tests.E2E.Helpers.CliTester.InternalRun(String workingDir, RunConfiguration[] runConfigurations, ITestOutputHelper output, Boolean startHost)&#xD;
[xUnit.net 00:00:04.41]         d:\azureFun\azure-functions-core-tools\test\Azure.Functions.Cli.Tests\E2E\Helpers\CliTester.cs(35,0): at Azure.Functions.Cli.Tests.E2E.Helpers.CliTester.Run(RunConfiguration[] runConfigurations, ITestOutputHelper output, String workingDir, Boolean startHost)&#xD;
[xUnit.net 00:00:04.41]         --- End of stack trace from previous location where exception was thrown ---&#xD;
[xUnit.net 00:00:04.41]       Output:&#xD;
[xUnit.net 00:00:04.41]         stdout: Running: &gt;  init . --worker-runtime node --language typescript&#xD;
[xUnit.net 00:00:04.42]       System.InvalidOperationException : Cannot start process because a file name has not been provided.&#xD;
[xUnit.net 00:00:04.42]       Stack Trace:&#xD;
[xUnit.net 00:00:04.42]            at System.Diagnostics.Process.Start()&#xD;
[xUnit.net 00:00:04.42]         D:\azureFun\azure-functions-core-tools\src\Azure.Functions.Cli\Common\Executable.cs(80,0): at Azure.Functions.Cli.Common.Executable.RunAsync(Action`1 outputCallback, Action`1 errorCallback, Nullable`1 timeout, String stdIn)&#xD;
[xUnit.net 00:00:04.42]         d:\azureFun\azure-functions-core-tools\test\Azure.Functions.Cli.Tests\E2E\Helpers\CliTester.cs(85,0): at Azure.Functions.Cli.Tests.E2E.Helpers.CliTester.InternalRun(String workingDir, RunConfiguration[] runConfigurations, ITestOutputHelper output, Boolean startHost)&#xD;
[xUnit.net 00:00:04.42]         d:\azureFun\azure-functions-core-tools\test\Azure.Functions.Cli.Tests\E2E\Helpers\CliTester.cs(35,0): at Azure.Functions.Cli.Tests.E2E.Helpers.CliTester.Run(RunConfiguration[] runConfigurations, ITestOutputHelper output, String workingDir, Boolean startHost)&#xD;
[xUnit.net 00:00:04.42]         --- End of stack trace from previous location where exception was thrown ---&#xD;
[xUnit.net 00:00:04.42]       Output:&#xD;
[xUnit.net 00:00:04.42]         stdout: Running: &gt;  init . --worker-runtime powershell --managed-dependencies&#xD;
[xUnit.net 00:00:04.42]       System.InvalidOperationException : Cannot start process because a file name has not been provided.&#xD;
[xUnit.net 00:00:04.42]       Stack Trace:&#xD;
[xUnit.net 00:00:04.42]            at System.Diagnostics.Process.Start()&#xD;
[xUnit.net 00:00:04.42]         D:\azureFun\azure-functions-core-tools\src\Azure.Functions.Cli\Common\Executable.cs(80,0): at Azure.Functions.Cli.Common.Executable.RunAsync(Action`1 outputCallback, Action`1 errorCallback, Nullable`1 timeout, String stdIn)&#xD;
[xUnit.net 00:00:04.42]         d:\azureFun\azure-functions-core-tools\test\Azure.Functions.Cli.Tests\E2E\Helpers\CliTester.cs(85,0): at Azure.Functions.Cli.Tests.E2E.Helpers.CliTester.InternalRun(String workingDir, RunConfiguration[] runConfigurations, ITestOutputHelper output, Boolean startHost)&#xD;
[xUnit.net 00:00:04.42]         d:\azureFun\azure-functions-core-tools\test\Azure.Functions.Cli.Tests\E2E\Helpers\CliTester.cs(35,0): at Azure.Functions.Cli.Tests.E2E.Helpers.CliTester.Run(RunConfiguration[] runConfigurations, ITestOutputHelper output, String workingDir, Boolean startHost)&#xD;
[xUnit.net 00:00:04.42]         --- End of stack trace from previous location where exception was thrown ---&#xD;
[xUnit.net 00:00:04.42]       Output:&#xD;
[xUnit.net 00:00:04.42]         stdout: Running: &gt;  init . --docker-only&#xD;
[xUnit.net 00:00:04.43]       System.InvalidOperationException : Cannot start process because a file name has not been provided.&#xD;
[xUnit.net 00:00:04.43]       Stack Trace:&#xD;
[xUnit.net 00:00:04.43]            at System.Diagnostics.Process.Start()&#xD;
[xUnit.net 00:00:04.43]         D:\azureFun\azure-functions-core-tools\src\Azure.Functions.Cli\Common\Executable.cs(80,0): at Azure.Functions.Cli.Common.Executable.RunAsync(Action`1 outputCallback, Action`1 errorCallback, Nullable`1 timeout, String stdIn)&#xD;
[xUnit.net 00:00:04.43]         d:\azureFun\azure-functions-core-tools\test\Azure.Functions.Cli.Tests\E2E\Helpers\CliTester.cs(85,0): at Azure.Functions.Cli.Tests.E2E.Helpers.CliTester.InternalRun(String workingDir, RunConfiguration[] runConfigurations, ITestOutputHelper output, Boolean startHost)&#xD;
[xUnit.net 00:00:04.43]         d:\azureFun\azure-functions-core-tools\test\Azure.Functions.Cli.Tests\E2E\Helpers\CliTester.cs(35,0): at Azure.Functions.Cli.Tests.E2E.Helpers.CliTester.Run(RunConfiguration[] runConfigurations, ITestOutputHelper output, String workingDir, Boolean startHost)&#xD;
[xUnit.net 00:00:04.43]         --- End of stack trace from previous location where exception was thrown ---&#xD;
[xUnit.net 00:00:04.43]       Output:&#xD;
[xUnit.net 00:00:04.43]         stdout: Running: &gt;  init . --worker-runtime dotnet --csx&#xD;
[xUnit.net 00:00:04.43]       System.InvalidOperationException : Cannot start process because a file name has not been provided.&#xD;
[xUnit.net 00:00:04.43]       Stack Trace:&#xD;
[xUnit.net 00:00:04.43]            at System.Diagnostics.Process.Start()&#xD;
[xUnit.net 00:00:04.43]         D:\azureFun\azure-functions-core-tools\src\Azure.Functions.Cli\Common\Executable.cs(80,0): at Azure.Functions.Cli.Common.Executable.RunAsync(Action`1 outputCallback, Action`1 errorCallback, Nullable`1 timeout, String stdIn)&#xD;
[xUnit.net 00:00:04.43]         d:\azureFun\azure-functions-core-tools\test\Azure.Functions.Cli.Tests\E2E\Helpers\CliTester.cs(85,0): at Azure.Functions.Cli.Tests.E2E.Helpers.CliTester.InternalRun(String workingDir, RunConfiguration[] runConfigurations, ITestOutputHelper output, Boolean startHost)&#xD;
[xUnit.net 00:00:04.43]         d:\azureFun\azure-functions-core-tools\test\Azure.Functions.Cli.Tests\E2E\Helpers\CliTester.cs(35,0): at Azure.Functions.Cli.Tests.E2E.Helpers.CliTester.Run(RunConfiguration[] runConfigurations, ITestOutputHelper output, String workingDir, Boolean startHost)&#xD;
[xUnit.net 00:00:04.43]         --- End of stack trace from previous location where exception was thrown ---&#xD;
[xUnit.net 00:00:04.43]       Output:&#xD;
[xUnit.net 00:00:04.43]         stdout: Running: &gt;  init . --worker-runtime dotnet --docker --csx&#xD;
[xUnit.net 00:00:04.43]       System.InvalidOperationException : Cannot start process because a file name has not been provided.&#xD;
[xUnit.net 00:00:04.43]       Stack Trace:&#xD;
[xUnit.net 00:00:04.43]            at System.Diagnostics.Process.Start()&#xD;
[xUnit.net 00:00:04.43]         D:\azureFun\azure-functions-core-tools\src\Azure.Functions.Cli\Common\Executable.cs(80,0): at Azure.Functions.Cli.Common.Executable.RunAsync(Action`1 outputCallback, Action`1 errorCallback, Nullable`1 timeout, String stdIn)&#xD;
[xUnit.net 00:00:04.43]         d:\azureFun\azure-functions-core-tools\test\Azure.Functions.Cli.Tests\E2E\Helpers\CliTester.cs(85,0): at Azure.Functions.Cli.Tests.E2E.Helpers.CliTester.InternalRun(String workingDir, RunConfiguration[] runConfigurations, ITestOutputHelper output, Boolean startHost)&#xD;
[xUnit.net 00:00:04.43]         d:\azureFun\azure-functions-core-tools\test\Azure.Functions.Cli.Tests\E2E\Helpers\CliTester.cs(35,0): at Azure.Functions.Cli.Tests.E2E.Helpers.CliTester.Run(RunConfiguration[] runConfigurations, ITestOutputHelper output, String workingDir, Boolean startHost)&#xD;
[xUnit.net 00:00:04.43]         --- End of stack trace from previous location where exception was thrown ---&#xD;
[xUnit.net 00:00:04.43]       Output:&#xD;
[xUnit.net 00:00:04.43]         stdout: Running: &gt;  init . --worker-runtime python --managed-dependencies &#xD;
[xUnit.net 00:00:04.44]       System.InvalidOperationException : Cannot start process because a file name has not been provided.&#xD;
[xUnit.net 00:00:04.44]       Stack Trace:&#xD;
[xUnit.net 00:00:04.44]            at System.Diagnostics.Process.Start()&#xD;
[xUnit.net 00:00:04.44]         D:\azureFun\azure-functions-core-tools\src\Azure.Functions.Cli\Common\Executable.cs(80,0): at Azure.Functions.Cli.Common.Executable.RunAsync(Action`1 outputCallback, Action`1 errorCallback, Nullable`1 timeout, String stdIn)&#xD;
[xUnit.net 00:00:04.44]         d:\azureFun\azure-functions-core-tools\test\Azure.Functions.Cli.Tests\E2E\Helpers\CliTester.cs(85,0): at Azure.Functions.Cli.Tests.E2E.Helpers.CliTester.InternalRun(String workingDir, RunConfiguration[] runConfigurations, ITestOutputHelper output, Boolean startHost)&#xD;
[xUnit.net 00:00:04.44]         d:\azureFun\azure-functions-core-tools\test\Azure.Functions.Cli.Tests\E2E\Helpers\CliTester.cs(35,0): at Azure.Functions.Cli.Tests.E2E.Helpers.CliTester.Run(RunConfiguration[] runConfigurations, ITestOutputHelper output, String workingDir, Boolean startHost)&#xD;
[xUnit.net 00:00:04.44]         d:\azureFun\azure-functions-core-tools\test\Azure.Functions.Cli.Tests\E2E\InitTests.cs(148,0): at Azure.Functions.Cli.Tests.E2E.InitTests.init_with_python_Dockerfile()&#xD;
[xUnit.net 00:00:04.44]         --- End of stack trace from previous location where exception was thrown ---&#xD;
[xUnit.net 00:00:04.44]       Output:&#xD;
[xUnit.net 00:00:04.44]         stdout: Running: &gt;  init . --worker-runtime python --docker&#xD;
[xUnit.net 00:00:04.47]       System.InvalidOperationException : Cannot start process because a file name has not been provided.&#xD;
[xUnit.net 00:00:04.47]       Stack Trace:&#xD;
[xUnit.net 00:00:04.47]            at System.Diagnostics.Process.Start()&#xD;
[xUnit.net 00:00:04.47]         D:\azureFun\azure-functions-core-tools\src\Azure.Functions.Cli\Common\Executable.cs(80,0): at Azure.Functions.Cli.Common.Executable.RunAsync(Action`1 outputCallback, Action`1 errorCallback, Nullable`1 timeout, String stdIn)&#xD;
[xUnit.net 00:00:04.47]         d:\azureFun\azure-functions-core-tools\test\Azure.Functions.Cli.Tests\E2E\Helpers\CliTester.cs(85,0): at Azure.Functions.Cli.Tests.E2E.Helpers.CliTester.InternalRun(String workingDir, RunConfiguration[] runConfigurations, ITestOutputHelper output, Boolean startHost)&#xD;
[xUnit.net 00:00:04.47]         d:\azureFun\azure-functions-core-tools\test\Azure.Functions.Cli.Tests\E2E\Helpers\CliTester.cs(35,0): at Azure.Functions.Cli.Tests.E2E.Helpers.CliTester.Run(RunConfiguration[] runConfigurations, ITestOutputHelper output, String workingDir, Boolean startHost)&#xD;
[xUnit.net 00:00:04.47]         d:\azureFun\azure-functions-core-tools\test\Azure.Functions.Cli.Tests\E2E\SettingsTests.cs(42,0): at Azure.Functions.Cli.Tests.E2E.SettingsTests.add_setting_encrypted()&#xD;
[xUnit.net 00:00:04.47]         --- End of stack trace from previous location where exception was thrown ---&#xD;
[xUnit.net 00:00:04.47]       Output:&#xD;
[xUnit.net 00:00:04.47]         stdout: Running: &gt;  init . --worker-runtime node&#xD;
[xUnit.net 00:00:04.47]       System.InvalidOperationException : Cannot start process because a file name has not been provided.&#xD;
[xUnit.net 00:00:04.47]       Stack Trace:&#xD;
[xUnit.net 00:00:04.47]            at System.Diagnostics.Process.Start()&#xD;
[xUnit.net 00:00:04.47]         D:\azureFun\azure-functions-core-tools\src\Azure.Functions.Cli\Common\Executable.cs(80,0): at Azure.Functions.Cli.Common.Executable.RunAsync(Action`1 outputCallback, Action`1 errorCallback, Nullable`1 timeout, String stdIn)&#xD;
[xUnit.net 00:00:04.47]         d:\azureFun\azure-functions-core-tools\test\Azure.Functions.Cli.Tests\E2E\Helpers\CliTester.cs(85,0): at Azure.Functions.Cli.Tests.E2E.Helpers.CliTester.InternalRun(String workingDir, RunConfiguration[] runConfigurations, ITestOutputHelper output, Boolean startHost)&#xD;
[xUnit.net 00:00:04.47]         d:\azureFun\azure-functions-core-tools\test\Azure.Functions.Cli.Tests\E2E\Helpers\CliTester.cs(35,0): at Azure.Functions.Cli.Tests.E2E.Helpers.CliTester.Run(RunConfiguration[] runConfigurations, ITestOutputHelper output, String workingDir, Boolean startHost)&#xD;
[xUnit.net 00:00:04.47]         d:\azureFun\azure-functions-core-tools\test\Azure.Functions.Cli.Tests\E2E\SettingsTests.cs(17,0): at Azure.Functions.Cli.Tests.E2E.SettingsTests.add_setting_plain_text()&#xD;
[xUnit.net 00:00:04.47]         --- End of stack trace from previous location where exception was thrown ---&#xD;
[xUnit.net 00:00:04.47]       Output:&#xD;
[xUnit.net 00:00:04.47]         stdout: Running: &gt;  init . --worker-runtime node&#xD;
[xUnit.net 00:00:04.49]       System.InvalidOperationException : Cannot start process because a file name has not been provided.&#xD;
[xUnit.net 00:00:04.49]       Stack Trace:&#xD;
[xUnit.net 00:00:04.49]            at System.Diagnostics.Process.Start()&#xD;
[xUnit.net 00:00:04.49]         D:\azureFun\azure-functions-core-tools\src\Azure.Functions.Cli\Common\Executable.cs(80,0): at Azure.Functions.Cli.Common.Executable.RunAsync(Action`1 outputCallback, Action`1 errorCallback, Nullable`1 timeout, String stdIn)&#xD;
[xUnit.net 00:00:04.49]         d:\azureFun\azure-functions-core-tools\test\Azure.Functions.Cli.Tests\E2E\Helpers\CliTester.cs(85,0): at Azure.Functions.Cli.Tests.E2E.Helpers.CliTester.InternalRun(String workingDir, RunConfiguration[] runConfigurations, ITestOutputHelper output, Boolean startHost)&#xD;
[xUnit.net 00:00:04.49]         d:\azureFun\azure-functions-core-tools\test\Azure.Functions.Cli.Tests\E2E\Helpers\CliTester.cs(35,0): at Azure.Functions.Cli.Tests.E2E.Helpers.CliTester.Run(RunConfiguration[] runConfigurations, ITestOutputHelper output, String workingDir, Boolean startHost)&#xD;
[xUnit.net 00:00:04.49]         d:\azureFun\azure-functions-core-tools\test\Azure.Functions.Cli.Tests\E2E\StartTests.cs(156,0): at Azure.Functions.Cli.Tests.E2E.StartTests.start_host_port_in_use()&#xD;
[xUnit.net 00:00:04.49]         --- End of stack trace from previous location where exception was thrown ---&#xD;
[xUnit.net 00:00:04.49]       Output:&#xD;
[xUnit.net 00:00:04.49]         stdout: Running: &gt;  init . --worker-runtime node&#xD;
[xUnit.net 00:00:04.49]       System.InvalidOperationException : Cannot start process because a file name has not been provided.&#xD;
[xUnit.net 00:00:04.49]       Stack Trace:&#xD;
[xUnit.net 00:00:04.49]            at System.Diagnostics.Process.Start()&#xD;
[xUnit.net 00:00:04.49]         D:\azureFun\azure-functions-core-tools\src\Azure.Functions.Cli\Common\Executable.cs(80,0): at Azure.Functions.Cli.Common.Executable.RunAsync(Action`1 outputCallback, Action`1 errorCallback, Nullable`1 timeout, String stdIn)&#xD;
[xUnit.net 00:00:04.49]         d:\azureFun\azure-functions-core-tools\test\Azure.Functions.Cli.Tests\E2E\Helpers\CliTester.cs(85,0): at Azure.Functions.Cli.Tests.E2E.Helpers.CliTester.InternalRun(String workingDir, RunConfiguration[] runConfigurations, ITestOutputHelper output, Boolean startHost)&#xD;
[xUnit.net 00:00:04.49]         d:\azureFun\azure-functions-core-tools\test\Azure.Functions.Cli.Tests\E2E\Helpers\CliTester.cs(35,0): at Azure.Functions.Cli.Tests.E2E.Helpers.CliTester.Run(RunConfiguration[] runConfigurations, ITestOutputHelper output, String workingDir, Boolean startHost)&#xD;
[xUnit.net 00:00:04.49]         d:\azureFun\azure-functions-core-tools\test\Azure.Functions.Cli.Tests\E2E\StartTests.cs(235,0): at Azure.Functions.Cli.Tests.E2E.StartTests.start_powershell()&#xD;
[xUnit.net 00:00:04.49]         --- End of stack trace from previous location where exception was thrown ---&#xD;
[xUnit.net 00:00:04.49]       Output:&#xD;
[xUnit.net 00:00:04.49]         stdout: Running: &gt;  init . --worker-runtime powershell&#xD;
[xUnit.net 00:00:04.50]       System.InvalidOperationException : Cannot start process because a file name has not been provided.&#xD;
[xUnit.net 00:00:04.50]       Stack Trace:&#xD;
[xUnit.net 00:00:04.50]            at System.Diagnostics.Process.Start()&#xD;
[xUnit.net 00:00:04.50]         D:\azureFun\azure-functions-core-tools\src\Azure.Functions.Cli\Common\Executable.cs(80,0): at Azure.Functions.Cli.Common.Executable.RunAsync(Action`1 outputCallback, Action`1 errorCallback, Nullable`1 timeout, String stdIn)&#xD;
[xUnit.net 00:00:04.50]         d:\azureFun\azure-functions-core-tools\test\Azure.Functions.Cli.Tests\E2E\Helpers\CliTester.cs(85,0): at Azure.Functions.Cli.Tests.E2E.Helpers.CliTester.InternalRun(String workingDir, RunConfiguration[] runConfigurations, ITestOutputHelper output, Boolean startHost)&#xD;
[xUnit.net 00:00:04.50]         d:\azureFun\azure-functions-core-tools\test\Azure.Functions.Cli.Tests\E2E\Helpers\CliTester.cs(35,0): at Azure.Functions.Cli.Tests.E2E.Helpers.CliTester.Run(RunConfiguration[] runConfigurations, ITestOutputHelper output, String workingDir, Boolean startHost)&#xD;
[xUnit.net 00:00:04.50]         d:\azureFun\azure-functions-core-tools\test\Azure.Functions.Cli.Tests\E2E\StartTests.cs(110,0): at Azure.Functions.Cli.Tests.E2E.StartTests.start_displays_error_on_invalid_function_json()&#xD;
[xUnit.net 00:00:04.50]         --- End of stack trace from previous location where exception was thrown ---&#xD;
[xUnit.net 00:00:04.50]       Output:&#xD;
[xUnit.net 00:00:04.50]         stdout: Running: &gt;  init . --worker-runtime node&#xD;
[xUnit.net 00:00:04.50]       System.InvalidOperationException : Cannot start process because a file name has not been provided.&#xD;
[xUnit.net 00:00:04.50]       Stack Trace:&#xD;
[xUnit.net 00:00:04.50]            at System.Diagnostics.Process.Start()&#xD;
[xUnit.net 00:00:04.50]         D:\azureFun\azure-functions-core-tools\src\Azure.Functions.Cli\Common\Executable.cs(80,0): at Azure.Functions.Cli.Common.Executable.RunAsync(Action`1 outputCallback, Action`1 errorCallback, Nullable`1 timeout, String stdIn)&#xD;
[xUnit.net 00:00:04.50]         d:\azureFun\azure-functions-core-tools\test\Azure.Functions.Cli.Tests\E2E\Helpers\CliTester.cs(85,0): at Azure.Functions.Cli.Tests.E2E.Helpers.CliTester.InternalRun(String workingDir, RunConfiguration[] runConfigurations, ITestOutputHelper output, Boolean startHost)&#xD;
[xUnit.net 00:00:04.50]         d:\azureFun\azure-functions-core-tools\test\Azure.Functions.Cli.Tests\E2E\Helpers\CliTester.cs(35,0): at Azure.Functions.Cli.Tests.E2E.Helpers.CliTester.Run(RunConfiguration[] runConfigurations, ITestOutputHelper output, String workingDir, Boolean startHost)&#xD;
[xUnit.net 00:00:04.50]         d:\azureFun\azure-functions-core-tools\test\Azure.Functions.Cli.Tests\E2E\StartTests.cs(25,0): at Azure.Functions.Cli.Tests.E2E.StartTests.start_nodejs()&#xD;
[xUnit.net 00:00:04.50]         --- End of stack trace from previous location where exception was thrown ---&#xD;
[xUnit.net 00:00:04.50]       Output:&#xD;
[xUnit.net 00:00:04.50]         stdout: Running: &gt;  init . --worker-runtime node&#xD;
[xUnit.net 00:00:04.51]       System.InvalidOperationException : Cannot start process because a file name has not been provided.&#xD;
[xUnit.net 00:00:04.51]       Stack Trace:&#xD;
[xUnit.net 00:00:04.51]            at System.Diagnostics.Process.Start()&#xD;
[xUnit.net 00:00:04.51]         D:\azureFun\azure-functions-core-tools\src\Azure.Functions.Cli\Common\Executable.cs(80,0): at Azure.Functions.Cli.Common.Executable.RunAsync(Action`1 outputCallback, Action`1 errorCallback, Nullable`1 timeout, String stdIn)&#xD;
[xUnit.net 00:00:04.51]         d:\azureFun\azure-functions-core-tools\test\Azure.Functions.Cli.Tests\E2E\Helpers\CliTester.cs(85,0): at Azure.Functions.Cli.Tests.E2E.Helpers.CliTester.InternalRun(String workingDir, RunConfiguration[] runConfigurations, ITestOutputHelper output, Boolean startHost)&#xD;
[xUnit.net 00:00:04.51]         d:\azureFun\azure-functions-core-tools\test\Azure.Functions.Cli.Tests\E2E\Helpers\CliTester.cs(35,0): at Azure.Functions.Cli.Tests.E2E.Helpers.CliTester.Run(RunConfiguration[] runConfigurations, ITestOutputHelper output, String workingDir, Boolean startHost)&#xD;
[xUnit.net 00:00:04.51]         d:\azureFun\azure-functions-core-tools\test\Azure.Functions.Cli.Tests\E2E\StartTests.cs(56,0): at Azure.Functions.Cli.Tests.E2E.StartTests.start_nodejs_with_inspect()&#xD;
[xUnit.net 00:00:04.51]         --- End of stack trace from previous location where exception was thrown ---&#xD;
[xUnit.net 00:00:04.51]       Output:&#xD;
[xUnit.net 00:00:04.51]         stdout: Running: &gt;  init . --worker-runtime node&#xD;
[xUnit.net 00:00:04.51]       System.InvalidOperationException : Cannot start process because a file name has not been provided.&#xD;
[xUnit.net 00:00:04.51]       Stack Trace:&#xD;
[xUnit.net 00:00:04.51]            at System.Diagnostics.Process.Start()&#xD;
[xUnit.net 00:00:04.51]         D:\azureFun\azure-functions-core-tools\src\Azure.Functions.Cli\Common\Executable.cs(80,0): at Azure.Functions.Cli.Common.Executable.RunAsync(Action`1 outputCallback, Action`1 errorCallback, Nullable`1 timeout, String stdIn)&#xD;
[xUnit.net 00:00:04.51]         d:\azureFun\azure-functions-core-tools\test\Azure.Functions.Cli.Tests\E2E\Helpers\CliTester.cs(85,0): at Azure.Functions.Cli.Tests.E2E.Helpers.CliTester.InternalRun(String workingDir, RunConfiguration[] runConfigurations, ITestOutputHelper output, Boolean startHost)&#xD;
[xUnit.net 00:00:04.51]         d:\azureFun\azure-functions-core-tools\test\Azure.Functions.Cli.Tests\E2E\Helpers\CliTester.cs(35,0): at Azure.Functions.Cli.Tests.E2E.Helpers.CliTester.Run(RunConfiguration[] runConfigurations, ITestOutputHelper output, String workingDir, Boolean startHost)&#xD;
[xUnit.net 00:00:04.51]         d:\azureFun\azure-functions-core-tools\test\Azure.Functions.Cli.Tests\E2E\StartTests.cs(81,0): at Azure.Functions.Cli.Tests.E2E.StartTests.start_dotnet_csharp()&#xD;
[xUnit.net 00:00:04.52]         --- End of stack trace from previous location where exception was thrown ---&#xD;
[xUnit.net 00:00:04.52]       Output:&#xD;
[xUnit.net 00:00:04.52]         stdout: Running: &gt;  init . --worker-runtime dotnet&#xD;
[xUnit.net 00:00:04.52]       System.InvalidOperationException : Cannot start process because a file name has not been provided.&#xD;
[xUnit.net 00:00:04.52]       Stack Trace:&#xD;
[xUnit.net 00:00:04.52]            at System.Diagnostics.Process.Start()&#xD;
[xUnit.net 00:00:04.52]         D:\azureFun\azure-functions-core-tools\src\Azure.Functions.Cli\Common\Executable.cs(80,0): at Azure.Functions.Cli.Common.Executable.RunAsync(Action`1 outputCallback, Action`1 errorCallback, Nullable`1 timeout, String stdIn)&#xD;
[xUnit.net 00:00:04.52]         d:\azureFun\azure-functions-core-tools\test\Azure.Functions.Cli.Tests\E2E\Helpers\CliTester.cs(85,0): at Azure.Functions.Cli.Tests.E2E.Helpers.CliTester.InternalRun(String workingDir, RunConfiguration[] runConfigurations, ITestOutputHelper output, Boolean startHost)&#xD;
[xUnit.net 00:00:04.52]         d:\azureFun\azure-functions-core-tools\test\Azure.Functions.Cli.Tests\E2E\Helpers\CliTester.cs(35,0): at Azure.Functions.Cli.Tests.E2E.Helpers.CliTester.Run(RunConfiguration[] runConfigurations, ITestOutputHelper output, String workingDir, Boolean startHost)&#xD;
[xUnit.net 00:00:04.52]         d:\azureFun\azure-functions-core-tools\test\Azure.Functions.Cli.Tests\E2E\StartTests.cs(178,0): at Azure.Functions.Cli.Tests.E2E.StartTests.start_handles_empty_envvars_correctly()&#xD;
[xUnit.net 00:00:04.52]         --- End of stack trace from previous location where exception was thrown ---&#xD;
[xUnit.net 00:00:04.52]       Output:&#xD;
[xUnit.net 00:00:04.52]         stdout: Running: &gt;  init . --worker-runtime node&#xD;
[xUnit.net 00:00:04.53]       System.InvalidOperationException : Cannot start process because a file name has not been provided.&#xD;
[xUnit.net 00:00:04.53]       Stack Trace:&#xD;
[xUnit.net 00:00:04.53]            at System.Diagnostics.Process.Start()&#xD;
[xUnit.net 00:00:04.53]         D:\azureFun\azure-functions-core-tools\src\Azure.Functions.Cli\Common\Executable.cs(80,0): at Azure.Functions.Cli.Common.Executable.RunAsync(Action`1 outputCallback, Action`1 errorCallback, Nullable`1 timeout, String stdIn)&#xD;
[xUnit.net 00:00:04.53]         d:\azureFun\azure-functions-core-tools\test\Azure.Functions.Cli.Tests\E2E\Helpers\CliTester.cs(85,0): at Azure.Functions.Cli.Tests.E2E.Helpers.CliTester.InternalRun(String workingDir, RunConfiguration[] runConfigurations, ITestOutputHelper output, Boolean startHost)&#xD;
[xUnit.net 00:00:04.53]         d:\azureFun\azure-functions-core-tools\test\Azure.Functions.Cli.Tests\E2E\Helpers\CliTester.cs(35,0): at Azure.Functions.Cli.Tests.E2E.Helpers.CliTester.Run(RunConfiguration[] runConfigurations, ITestOutputHelper output, String workingDir, Boolean startHost)&#xD;
[xUnit.net 00:00:04.53]         d:\azureFun\azure-functions-core-tools\test\Azure.Functions.Cli.Tests\E2E\StartTests.cs(261,0): at Azure.Functions.Cli.Tests.E2E.StartTests.only_run_some_functions()&#xD;
[xUnit.net 00:00:04.53]         --- End of stack trace from previous location where exception was thrown ---&#xD;
[xUnit.net 00:00:04.53]       Output:&#xD;
[xUnit.net 00:00:04.53]         stdout: Running: &gt;  init . --worker-runtime javascript&#xD;
[xUnit.net 00:00:06.93]       Durable E2E tests need a storage account connection&#xD;
[xUnit.net 00:00:06.93]       Durable E2E tests need a storage account connection&#xD;
[xUnit.net 00:00:06.93]       Durable E2E tests need a storage account connection&#xD;
[xUnit.net 00:00:06.94]       Durable E2E tests need a storage account connection&#xD;
[xUnit.net 00:00:06.94]       Durable E2E tests need a storage account connection&#xD;
[xUnit.net 00:00:06.94]       Durable E2E tests need a storage account connection&#xD;
[xUnit.net 00:00:06.94]       Durable E2E tests need a storage account connection&#xD;
Test 'Azure.Functions.Cli.Tests.E2E.DurableTests.DurableStartNewTest_FileInput' was skipped in the test run.&#xD;
Test 'Azure.Functions.Cli.Tests.E2E.DurableTests.DurableRaiseEventTest_FileInput' was skipped in the test run.&#xD;
Test 'Azure.Functions.Cli.Tests.E2E.DurableTests.DurableTerminateTest' was skipped in the test run.&#xD;
Test 'Azure.Functions.Cli.Tests.E2E.DurableTests.DurableStartNewTest' was skipped in the test run.&#xD;
Test 'Azure.Functions.Cli.Tests.E2E.DurableTests.DurableDeleteTaskHubTest' was skipped in the test run.&#xD;
Test 'Azure.Functions.Cli.Tests.E2E.DurableTests.DurableRaiseEventTest' was skipped in the test run.&#xD;
Test 'Azure.Functions.Cli.Tests.E2E.DurableTests.DurablePurgeHistoryTest' was skipped in the test run.&#xD;
[xUnit.net 00:00:06.94]       Durable E2E tests need a storage account connection&#xD;
[xUnit.net 00:00:06.94]       Durable E2E tests need a storage account connection&#xD;
[xUnit.net 00:00:06.95]       Durable E2E tests need a storage account connection&#xD;
[xUnit.net 00:00:06.95]       Durable E2E tests need a storage account connection&#xD;
Test 'Azure.Functions.Cli.Tests.E2E.DurableTests.DurableGetInstancesTest' was skipped in the test run.&#xD;
Test 'Azure.Functions.Cli.Tests.E2E.DurableTests.DurableRewindTest' was skipped in the test run.&#xD;
Test 'Azure.Functions.Cli.Tests.E2E.DurableTests.DurableGetHistoryTest' was skipped in the test run.&#xD;
Test 'Azure.Functions.Cli.Tests.E2E.DurableTests.DurableGetRuntimeStatusTest' was skipped in the test run.&#xD;
[xUnit.net 00:00:07.05]       One or more of AZURE_DIRECTORY_ID, AZURE_SERVICE_PRINCIPAL_ID, AZURE_SERVICE_PRINCIPAL_KEY is not defined&#xD;
[xUnit.net 00:00:07.06]       System.InvalidOperationException : Cannot start process because a file name has not been provided.&#xD;
[xUnit.net 00:00:07.06]       Stack Trace:&#xD;
[xUnit.net 00:00:07.06]            at System.Diagnostics.Process.Start()&#xD;
[xUnit.net 00:00:07.06]         D:\azureFun\azure-functions-core-tools\src\Azure.Functions.Cli\Common\Executable.cs(80,0): at Azure.Functions.Cli.Common.Executable.RunAsync(Action`1 outputCallback, Action`1 errorCallback, Nullable`1 timeout, String stdIn)&#xD;
[xUnit.net 00:00:07.06]         d:\azureFun\azure-functions-core-tools\test\Azure.Functions.Cli.Tests\E2E\Helpers\CliTester.cs(85,0): at Azure.Functions.Cli.Tests.E2E.Helpers.CliTester.InternalRun(String workingDir, RunConfiguration[] runConfigurations, ITestOutputHelper output, Boolean startHost)&#xD;
[xUnit.net 00:00:07.06]         d:\azureFun\azure-functions-core-tools\test\Azure.Functions.Cli.Tests\E2E\Helpers\CliTester.cs(35,0): at Azure.Functions.Cli.Tests.E2E.Helpers.CliTester.Run(RunConfiguration[] runConfigurations, ITestOutputHelper output, String workingDir, Boolean startHost)&#xD;
[xUnit.net 00:00:07.06]         d:\azureFun\azure-functions-core-tools\test\Azure.Functions.Cli.Tests\E2E\CreateFunctionTests.cs(111,0): at Azure.Functions.Cli.Tests.E2E.CreateFunctionTests.create_typescript_template()&#xD;
[xUnit.net 00:00:07.06]         --- End of stack trace from previous location where exception was thrown ---&#xD;
[xUnit.net 00:00:07.06]       Output:&#xD;
[xUnit.net 00:00:07.06]         stdout: Running: &gt;  init . --worker-runtime node --language typescript&#xD;
[xUnit.net 00:00:07.06]       System.InvalidOperationException : Cannot start process because a file name has not been provided.&#xD;
[xUnit.net 00:00:07.07]       Stack Trace:&#xD;
[xUnit.net 00:00:07.07]            at System.Diagnostics.Process.Start()&#xD;
[xUnit.net 00:00:07.07]         D:\azureFun\azure-functions-core-tools\src\Azure.Functions.Cli\Common\Executable.cs(80,0): at Azure.Functions.Cli.Common.Executable.RunAsync(Action`1 outputCallback, Action`1 errorCallback, Nullable`1 timeout, String stdIn)&#xD;
[xUnit.net 00:00:07.07]         d:\azureFun\azure-functions-core-tools\test\Azure.Functions.Cli.Tests\E2E\Helpers\CliTester.cs(85,0): at Azure.Functions.Cli.Tests.E2E.Helpers.CliTester.InternalRun(String workingDir, RunConfiguration[] runConfigurations, ITestOutputHelper output, Boolean startHost)&#xD;
[xUnit.net 00:00:07.07]         d:\azureFun\azure-functions-core-tools\test\Azure.Functions.Cli.Tests\E2E\Helpers\CliTester.cs(35,0): at Azure.Functions.Cli.Tests.E2E.Helpers.CliTester.Run(RunConfiguration[] runConfigurations, ITestOutputHelper output, String workingDir, Boolean startHost)&#xD;
[xUnit.net 00:00:07.07]         d:\azureFun\azure-functions-core-tools\test\Azure.Functions.Cli.Tests\E2E\CreateFunctionTests.cs(34,0): at Azure.Functions.Cli.Tests.E2E.CreateFunctionTests.create_template_function_sanitization_dotnet()&#xD;
[xUnit.net 00:00:07.07]         --- End of stack trace from previous location where exception was thrown ---&#xD;
[xUnit.net 00:00:07.07]       Output:&#xD;
[xUnit.net 00:00:07.07]         stdout: Running: &gt;  init 12n.e.0w-file$ --worker-runtime dotnet&#xD;
[xUnit.net 00:00:07.07]       System.InvalidOperationException : Cannot start process because a file name has not been provided.&#xD;
[xUnit.net 00:00:07.07]       Stack Trace:&#xD;
[xUnit.net 00:00:07.07]            at System.Diagnostics.Process.Start()&#xD;
[xUnit.net 00:00:07.07]         D:\azureFun\azure-functions-core-tools\src\Azure.Functions.Cli\Common\Executable.cs(80,0): at Azure.Functions.Cli.Common.Executable.RunAsync(Action`1 outputCallback, Action`1 errorCallback, Nullable`1 timeout, String stdIn)&#xD;
[xUnit.net 00:00:07.07]         d:\azureFun\azure-functions-core-tools\test\Azure.Functions.Cli.Tests\E2E\Helpers\CliTester.cs(85,0): at Azure.Functions.Cli.Tests.E2E.Helpers.CliTester.InternalRun(String workingDir, RunConfiguration[] runConfigurations, ITestOutputHelper output, Boolean startHost)&#xD;
[xUnit.net 00:00:07.07]         d:\azureFun\azure-functions-core-tools\test\Azure.Functions.Cli.Tests\E2E\Helpers\CliTester.cs(35,0): at Azure.Functions.Cli.Tests.E2E.Helpers.CliTester.Run(RunConfiguration[] runConfigurations, ITestOutputHelper output, String workingDir, Boolean startHost)&#xD;
[xUnit.net 00:00:07.07]         d:\azureFun\azure-functions-core-tools\test\Azure.Functions.Cli.Tests\E2E\CreateFunctionTests.cs(142,0): at Azure.Functions.Cli.Tests.E2E.CreateFunctionTests.create_typescript_template_blob()&#xD;
[xUnit.net 00:00:07.07]         --- End of stack trace from previous location where exception was thrown ---&#xD;
[xUnit.net 00:00:07.07]       Output:&#xD;
[xUnit.net 00:00:07.07]         stdout: Running: &gt;  init . --worker-runtime node --language typescript&#xD;
[xUnit.net 00:00:07.07]       System.InvalidOperationException : Cannot start process because a file name has not been provided.&#xD;
[xUnit.net 00:00:07.07]       Stack Trace:&#xD;
[xUnit.net 00:00:07.07]            at System.Diagnostics.Process.Start()&#xD;
[xUnit.net 00:00:07.07]         D:\azureFun\azure-functions-core-tools\src\Azure.Functions.Cli\Common\Executable.cs(80,0): at Azure.Functions.Cli.Common.Executable.RunAsync(Action`1 outputCallback, Action`1 errorCallback, Nullable`1 timeout, String stdIn)&#xD;
[xUnit.net 00:00:07.07]         d:\azureFun\azure-functions-core-tools\test\Azure.Functions.Cli.Tests\E2E\Helpers\CliTester.cs(85,0): at Azure.Functions.Cli.Tests.E2E.Helpers.CliTester.InternalRun(String workingDir, RunConfiguration[] runConfigurations, ITestOutputHelper output, Boolean startHost)&#xD;
[xUnit.net 00:00:07.07]         d:\azureFun\azure-functions-core-tools\test\Azure.Functions.Cli.Tests\E2E\Helpers\CliTester.cs(35,0): at Azure.Functions.Cli.Tests.E2E.Helpers.CliTester.Run(RunConfiguration[] runConfigurations, ITestOutputHelper output, String workingDir, Boolean startHost)&#xD;
[xUnit.net 00:00:07.07]         d:\azureFun\azure-functions-core-tools\test\Azure.Functions.Cli.Tests\E2E\CreateFunctionTests.cs(94,0): at Azure.Functions.Cli.Tests.E2E.CreateFunctionTests.create_template_function_dotnet_space_name()&#xD;
[xUnit.net 00:00:07.07]         --- End of stack trace from previous location where exception was thrown ---&#xD;
[xUnit.net 00:00:07.07]       Output:&#xD;
[xUnit.net 00:00:07.07]         stdout: Running: &gt;  init . --worker-runtime dotnet&#xD;
[xUnit.net 00:00:07.08]       System.InvalidOperationException : Cannot start process because a file name has not been provided.&#xD;
[xUnit.net 00:00:07.08]       Stack Trace:&#xD;
[xUnit.net 00:00:07.08]            at System.Diagnostics.Process.Start()&#xD;
[xUnit.net 00:00:07.08]         D:\azureFun\azure-functions-core-tools\src\Azure.Functions.Cli\Common\Executable.cs(80,0): at Azure.Functions.Cli.Common.Executable.RunAsync(Action`1 outputCallback, Action`1 errorCallback, Nullable`1 timeout, String stdIn)&#xD;
[xUnit.net 00:00:07.08]         d:\azureFun\azure-functions-core-tools\test\Azure.Functions.Cli.Tests\E2E\Helpers\CliTester.cs(85,0): at Azure.Functions.Cli.Tests.E2E.Helpers.CliTester.InternalRun(String workingDir, RunConfiguration[] runConfigurations, ITestOutputHelper output, Boolean startHost)&#xD;
[xUnit.net 00:00:07.08]         d:\azureFun\azure-functions-core-tools\test\Azure.Functions.Cli.Tests\E2E\Helpers\CliTester.cs(35,0): at Azure.Functions.Cli.Tests.E2E.Helpers.CliTester.Run(RunConfiguration[] runConfigurations, ITestOutputHelper output, String workingDir, Boolean startHost)&#xD;
[xUnit.net 00:00:07.08]         d:\azureFun\azure-functions-core-tools\test\Azure.Functions.Cli.Tests\E2E\CreateFunctionTests.cs(17,0): at Azure.Functions.Cli.Tests.E2E.CreateFunctionTests.create_template_function_success_message()&#xD;
[xUnit.net 00:00:07.08]         --- End of stack trace from previous location where exception was thrown ---&#xD;
[xUnit.net 00:00:07.08]       Output:&#xD;
[xUnit.net 00:00:07.08]         stdout: Running: &gt;  init . --worker-runtime dotnet&#xD;
[xUnit.net 00:00:07.08]       System.InvalidOperationException : Cannot start process because a file name has not been provided.&#xD;
[xUnit.net 00:00:07.08]       Stack Trace:&#xD;
[xUnit.net 00:00:07.08]            at System.Diagnostics.Process.Start()&#xD;
[xUnit.net 00:00:07.08]         D:\azureFun\azure-functions-core-tools\src\Azure.Functions.Cli\Common\Executable.cs(80,0): at Azure.Functions.Cli.Common.Executable.RunAsync(Action`1 outputCallback, Action`1 errorCallback, Nullable`1 timeout, String stdIn)&#xD;
[xUnit.net 00:00:07.08]         d:\azureFun\azure-functions-core-tools\test\Azure.Functions.Cli.Tests\E2E\Helpers\CliTester.cs(85,0): at Azure.Functions.Cli.Tests.E2E.Helpers.CliTester.InternalRun(String workingDir, RunConfiguration[] runConfigurations, ITestOutputHelper output, Boolean startHost)&#xD;
[xUnit.net 00:00:07.08]         d:\azureFun\azure-functions-core-tools\test\Azure.Functions.Cli.Tests\E2E\Helpers\CliTester.cs(35,0): at Azure.Functions.Cli.Tests.E2E.Helpers.CliTester.Run(RunConfiguration[] runConfigurations, ITestOutputHelper output, String workingDir, Boolean startHost)&#xD;
[xUnit.net 00:00:07.08]         d:\azureFun\azure-functions-core-tools\test\Azure.Functions.Cli.Tests\E2E\CreateFunctionTests.cs(60,0): at Azure.Functions.Cli.Tests.E2E.CreateFunctionTests.create_template_function_using_alias()&#xD;
[xUnit.net 00:00:07.08]         --- End of stack trace from previous location where exception was thrown ---&#xD;
[xUnit.net 00:00:07.08]       Output:&#xD;
[xUnit.net 00:00:07.08]         stdout: Running: &gt;  init . --worker-runtime node&#xD;
[xUnit.net 00:00:07.09]       System.InvalidOperationException : Cannot start process because a file name has not been provided.&#xD;
[xUnit.net 00:00:07.09]       Stack Trace:&#xD;
[xUnit.net 00:00:07.09]            at System.Diagnostics.Process.Start()&#xD;
[xUnit.net 00:00:07.09]         D:\azureFun\azure-functions-core-tools\src\Azure.Functions.Cli\Common\Executable.cs(80,0): at Azure.Functions.Cli.Common.Executable.RunAsync(Action`1 outputCallback, Action`1 errorCallback, Nullable`1 timeout, String stdIn)&#xD;
[xUnit.net 00:00:07.09]         d:\azureFun\azure-functions-core-tools\test\Azure.Functions.Cli.Tests\E2E\Helpers\CliTester.cs(85,0): at Azure.Functions.Cli.Tests.E2E.Helpers.CliTester.InternalRun(String workingDir, RunConfiguration[] runConfigurations, ITestOutputHelper output, Boolean startHost)&#xD;
[xUnit.net 00:00:07.09]         d:\azureFun\azure-functions-core-tools\test\Azure.Functions.Cli.Tests\E2E\Helpers\CliTester.cs(35,0): at Azure.Functions.Cli.Tests.E2E.Helpers.CliTester.Run(RunConfiguration[] runConfigurations, ITestOutputHelper output, String workingDir, Boolean startHost)&#xD;
[xUnit.net 00:00:07.09]         d:\azureFun\azure-functions-core-tools\test\Azure.Functions.Cli.Tests\E2E\CreateFunctionTests.cs(77,0): at Azure.Functions.Cli.Tests.E2E.CreateFunctionTests.create_template_function_js_no_space_name()&#xD;
[xUnit.net 00:00:07.09]         --- End of stack trace from previous location where exception was thrown ---&#xD;
[xUnit.net 00:00:07.09]       Output:&#xD;
[xUnit.net 00:00:07.09]         stdout: Running: &gt;  init . --worker-runtime node&#xD;
Test 'Azure.Functions.Cli.Tests.E2E.ListFunctionsTests.ListFunctionsWorks' was skipped in the test run.&#xD;
[xUnit.net 00:00:07.60]       System.InvalidOperationException : Cannot start process because a file name has not been provided.&#xD;
[xUnit.net 00:00:07.60]       Stack Trace:&#xD;
[xUnit.net 00:00:07.60]            at System.Diagnostics.Process.Start()&#xD;
[xUnit.net 00:00:07.60]         D:\azureFun\azure-functions-core-tools\src\Azure.Functions.Cli\Common\Executable.cs(80,0): at Azure.Functions.Cli.Common.Executable.RunAsync(Action`1 outputCallback, Action`1 errorCallback, Nullable`1 timeout, String stdIn)&#xD;
[xUnit.net 00:00:07.60]         d:\azureFun\azure-functions-core-tools\test\Azure.Functions.Cli.Tests\E2E\Helpers\CliTester.cs(85,0): at Azure.Functions.Cli.Tests.E2E.Helpers.CliTester.InternalRun(String workingDir, RunConfiguration[] runConfigurations, ITestOutputHelper output, Boolean startHost)&#xD;
[xUnit.net 00:00:07.60]         d:\azureFun\azure-functions-core-tools\test\Azure.Functions.Cli.Tests\E2E\Helpers\CliTester.cs(35,0): at Azure.Functions.Cli.Tests.E2E.Helpers.CliTester.Run(RunConfiguration[] runConfigurations, ITestOutputHelper output, String workingDir, Boolean startHost)&#xD;
[xUnit.net 00:00:07.60]         --- End of stack trace from previous location where exception was thrown ---&#xD;
[xUnit.net 00:00:07.60]       Output:&#xD;
[xUnit.net 00:00:07.60]         stdout: Running: &gt;  init . --worker-runtime node&#xD;
[xUnit.net 00:00:07.61]       System.InvalidOperationException : Cannot start process because a file name has not been provided.&#xD;
[xUnit.net 00:00:07.61]       Stack Trace:&#xD;
[xUnit.net 00:00:07.61]            at System.Diagnostics.Process.Start()&#xD;
[xUnit.net 00:00:07.61]         D:\azureFun\azure-functions-core-tools\src\Azure.Functions.Cli\Common\Executable.cs(80,0): at Azure.Functions.Cli.Common.Executable.RunAsync(Action`1 outputCallback, Action`1 errorCallback, Nullable`1 timeout, String stdIn)&#xD;
[xUnit.net 00:00:07.61]         d:\azureFun\azure-functions-core-tools\test\Azure.Functions.Cli.Tests\E2E\Helpers\CliTester.cs(85,0): at Azure.Functions.Cli.Tests.E2E.Helpers.CliTester.InternalRun(String workingDir, RunConfiguration[] runConfigurations, ITestOutputHelper output, Boolean startHost)&#xD;
[xUnit.net 00:00:07.61]         d:\azureFun\azure-functions-core-tools\test\Azure.Functions.Cli.Tests\E2E\Helpers\CliTester.cs(35,0): at Azure.Functions.Cli.Tests.E2E.Helpers.CliTester.Run(RunConfiguration[] runConfigurations, ITestOutputHelper output, String workingDir, Boolean startHost)&#xD;
[xUnit.net 00:00:07.61]         --- End of stack trace from previous location where exception was thrown ---&#xD;
[xUnit.net 00:00:07.61]       Output:&#xD;
[xUnit.net 00:00:07.61]         Creating host json without bundles C:\Users\nasoni\AppData\Local\Temp\y122ofdv.kub\host.json&#xD;
[xUnit.net 00:00:07.61]         stdout: Running: &gt;  init . --worker-runtime node&#xD;
[xUnit.net 00:00:07.61]       System.InvalidOperationException : Cannot start process because a file name has not been provided.&#xD;
[xUnit.net 00:00:07.61]       Stack Trace:&#xD;
[xUnit.net 00:00:07.61]            at System.Diagnostics.Process.Start()&#xD;
[xUnit.net 00:00:07.61]         D:\azureFun\azure-functions-core-tools\src\Azure.Functions.Cli\Common\Executable.cs(80,0): at Azure.Functions.Cli.Common.Executable.RunAsync(Action`1 outputCallback, Action`1 errorCallback, Nullable`1 timeout, String stdIn)&#xD;
[xUnit.net 00:00:07.61]         d:\azureFun\azure-functions-core-tools\test\Azure.Functions.Cli.Tests\E2E\Helpers\CliTester.cs(85,0): at Azure.Functions.Cli.Tests.E2E.Helpers.CliTester.InternalRun(String workingDir, RunConfiguration[] runConfigurations, ITestOutputHelper output, Boolean startHost)&#xD;
[xUnit.net 00:00:07.61]         d:\azureFun\azure-functions-core-tools\test\Azure.Functions.Cli.Tests\E2E\Helpers\CliTester.cs(35,0): at Azure.Functions.Cli.Tests.E2E.Helpers.CliTester.Run(RunConfiguration[] runConfigurations, ITestOutputHelper output, String workingDir, Boolean startHost)&#xD;
[xUnit.net 00:00:07.61]         --- End of stack trace from previous location where exception was thrown ---&#xD;
[xUnit.net 00:00:07.61]       Output:&#xD;
[xUnit.net 00:00:07.61]         stdout: Running: &gt;  init . --worker-runtime node&#xD;
[xUnit.net 00:00:07.66]   Finished:    Azure.Functions.Cli.Tests&#xD;
</StdOut>
    </Output>
    <RunInfos>
      <RunInfo computerName="NASONI-Z422" outcome="Error" timestamp="2019-11-20T16:49:55.4233980-08:00">
        <Text>[xUnit.net 00:00:03.72]     Azure.Functions.Cli.Tests.PythonHelperTests.InterpreterShouldHaveExecutablePath [FAIL]</Text>
      </RunInfo>
      <RunInfo computerName="NASONI-Z422" outcome="Error" timestamp="2019-11-20T16:49:55.4263506-08:00">
        <Text>[xUnit.net 00:00:03.73]     Azure.Functions.Cli.Tests.PythonHelperTests.InterpreterShouldHaveMajorVersion [FAIL]</Text>
      </RunInfo>
      <RunInfo computerName="NASONI-Z422" outcome="Error" timestamp="2019-11-20T16:49:56.0537011-08:00">
        <Text>[xUnit.net 00:00:04.36]     Azure.Functions.Cli.Tests.E2E.InitTests.init_dotnet_app [FAIL]</Text>
      </RunInfo>
      <RunInfo computerName="NASONI-Z422" outcome="Error" timestamp="2019-11-20T16:49:56.0567882-08:00">
        <Text>[xUnit.net 00:00:04.36]     Azure.Functions.Cli.Tests.E2E.InitTests.init_with_no_source_control [FAIL]</Text>
      </RunInfo>
      <RunInfo computerName="NASONI-Z422" outcome="Error" timestamp="2019-11-20T16:49:56.0594443-08:00">
        <Text>[xUnit.net 00:00:04.36]     Azure.Functions.Cli.Tests.E2E.InitTests.init_app_with_spaces [FAIL]</Text>
      </RunInfo>
      <RunInfo computerName="NASONI-Z422" outcome="Error" timestamp="2019-11-20T16:49:56.0623238-08:00">
        <Text>[xUnit.net 00:00:04.37]     Azure.Functions.Cli.Tests.E2E.InitTests.init_ts_app_using_runtime [FAIL]</Text>
      </RunInfo>
      <RunInfo computerName="NASONI-Z422" outcome="Error" timestamp="2019-11-20T16:49:56.0651908-08:00">
        <Text>[xUnit.net 00:00:04.37]     Azure.Functions.Cli.Tests.E2E.InitTests.init_with_Dockerfile(workerRuntime: "node") [FAIL]</Text>
      </RunInfo>
      <RunInfo computerName="NASONI-Z422" outcome="Error" timestamp="2019-11-20T16:49:56.0679025-08:00">
        <Text>[xUnit.net 00:00:04.37]     Azure.Functions.Cli.Tests.E2E.InitTests.init_with_Dockerfile(workerRuntime: "powershell") [FAIL]</Text>
      </RunInfo>
      <RunInfo computerName="NASONI-Z422" outcome="Error" timestamp="2019-11-20T16:49:56.0704096-08:00">
        <Text>[xUnit.net 00:00:04.38]     Azure.Functions.Cli.Tests.E2E.InitTests.init_with_Dockerfile(workerRuntime: "dotnet") [FAIL]</Text>
      </RunInfo>
      <RunInfo computerName="NASONI-Z422" outcome="Error" timestamp="2019-11-20T16:49:56.0731941-08:00">
        <Text>[xUnit.net 00:00:04.38]     Azure.Functions.Cli.Tests.E2E.InitTests.init_python_app_twice [FAIL]</Text>
      </RunInfo>
      <RunInfo computerName="NASONI-Z422" outcome="Error" timestamp="2019-11-20T16:49:56.0764168-08:00">
        <Text>[xUnit.net 00:00:04.38]     Azure.Functions.Cli.Tests.E2E.InitTests.init_with_unknown_worker_runtime [FAIL]</Text>
      </RunInfo>
      <RunInfo computerName="NASONI-Z422" outcome="Error" timestamp="2019-11-20T16:49:56.1531300-08:00">
        <Text>[xUnit.net 00:00:04.39]     Azure.Functions.Cli.Tests.E2E.InitTests.init_with_worker_runtime(workerRuntime: "python") [FAIL]</Text>
      </RunInfo>
      <RunInfo computerName="NASONI-Z422" outcome="Error" timestamp="2019-11-20T16:49:56.1542031-08:00">
        <Text>[xUnit.net 00:00:04.39]     Azure.Functions.Cli.Tests.E2E.InitTests.init_with_worker_runtime(workerRuntime: "java") [FAIL]</Text>
      </RunInfo>
      <RunInfo computerName="NASONI-Z422" outcome="Error" timestamp="2019-11-20T16:49:56.1553715-08:00">
        <Text>[xUnit.net 00:00:04.39]     Azure.Functions.Cli.Tests.E2E.InitTests.init_with_worker_runtime(workerRuntime: "node") [FAIL]</Text>
      </RunInfo>
      <RunInfo computerName="NASONI-Z422" outcome="Error" timestamp="2019-11-20T16:49:56.1565447-08:00">
        <Text>[xUnit.net 00:00:04.40]     Azure.Functions.Cli.Tests.E2E.InitTests.javascript_adds_packagejson [FAIL]</Text>
      </RunInfo>
      <RunInfo computerName="NASONI-Z422" outcome="Error" timestamp="2019-11-20T16:49:56.1585391-08:00">
        <Text>[xUnit.net 00:00:04.40]     Azure.Functions.Cli.Tests.E2E.InitTests.init_docker_only_for_csx_project [FAIL]</Text>
      </RunInfo>
      <RunInfo computerName="NASONI-Z422" outcome="Error" timestamp="2019-11-20T16:49:56.1603505-08:00">
        <Text>[xUnit.net 00:00:04.40]     Azure.Functions.Cli.Tests.E2E.InitTests.init_docker_only_for_existing_project(workerRuntime: "node") [FAIL]</Text>
      </RunInfo>
      <RunInfo computerName="NASONI-Z422" outcome="Error" timestamp="2019-11-20T16:49:56.1621642-08:00">
        <Text>[xUnit.net 00:00:04.41]     Azure.Functions.Cli.Tests.E2E.InitTests.init_docker_only_for_existing_project(workerRuntime: "powershell") [FAIL]</Text>
      </RunInfo>
      <RunInfo computerName="NASONI-Z422" outcome="Error" timestamp="2019-11-20T16:49:56.1634906-08:00">
        <Text>[xUnit.net 00:00:04.41]     Azure.Functions.Cli.Tests.E2E.InitTests.init_docker_only_for_existing_project(workerRuntime: "dotnet") [FAIL]</Text>
      </RunInfo>
      <RunInfo computerName="NASONI-Z422" outcome="Error" timestamp="2019-11-20T16:49:56.1646617-08:00">
        <Text>[xUnit.net 00:00:04.41]     Azure.Functions.Cli.Tests.E2E.InitTests.init_ts_app_using_lang [FAIL]</Text>
      </RunInfo>
      <RunInfo computerName="NASONI-Z422" outcome="Error" timestamp="2019-11-20T16:49:56.2395076-08:00">
        <Text>[xUnit.net 00:00:04.42]     Azure.Functions.Cli.Tests.E2E.InitTests.init_function_app_powershell_supports_managed_dependencies [FAIL]</Text>
      </RunInfo>
      <RunInfo computerName="NASONI-Z422" outcome="Error" timestamp="2019-11-20T16:49:56.2410997-08:00">
        <Text>[xUnit.net 00:00:04.42]     Azure.Functions.Cli.Tests.E2E.InitTests.init_docker_only_no_project [FAIL]</Text>
      </RunInfo>
      <RunInfo computerName="NASONI-Z422" outcome="Error" timestamp="2019-11-20T16:49:56.2424179-08:00">
        <Text>[xUnit.net 00:00:04.43]     Azure.Functions.Cli.Tests.E2E.InitTests.init_csx_app [FAIL]</Text>
      </RunInfo>
      <RunInfo computerName="NASONI-Z422" outcome="Error" timestamp="2019-11-20T16:49:56.2439490-08:00">
        <Text>[xUnit.net 00:00:04.43]     Azure.Functions.Cli.Tests.E2E.InitTests.init_with_Dockerfile_for_csx [FAIL]</Text>
      </RunInfo>
      <RunInfo computerName="NASONI-Z422" outcome="Error" timestamp="2019-11-20T16:49:56.2456009-08:00">
        <Text>[xUnit.net 00:00:04.43]     Azure.Functions.Cli.Tests.E2E.InitTests.init_managed_dependencies_is_only_supported_in_powershell [FAIL]</Text>
      </RunInfo>
      <RunInfo computerName="NASONI-Z422" outcome="Error" timestamp="2019-11-20T16:49:56.2469364-08:00">
        <Text>[xUnit.net 00:00:04.44]     Azure.Functions.Cli.Tests.E2E.InitTests.init_with_python_Dockerfile [FAIL]</Text>
      </RunInfo>
      <RunInfo computerName="NASONI-Z422" outcome="Error" timestamp="2019-11-20T16:49:56.2943838-08:00">
        <Text>[xUnit.net 00:00:04.47]     Azure.Functions.Cli.Tests.E2E.SettingsTests.add_setting_encrypted [FAIL]</Text>
      </RunInfo>
      <RunInfo computerName="NASONI-Z422" outcome="Error" timestamp="2019-11-20T16:49:56.2960930-08:00">
        <Text>[xUnit.net 00:00:04.47]     Azure.Functions.Cli.Tests.E2E.SettingsTests.add_setting_plain_text [FAIL]</Text>
      </RunInfo>
      <RunInfo computerName="NASONI-Z422" outcome="Error" timestamp="2019-11-20T16:49:56.2975051-08:00">
        <Text>[xUnit.net 00:00:04.49]     Azure.Functions.Cli.Tests.E2E.StartTests.start_host_port_in_use [FAIL]</Text>
      </RunInfo>
      <RunInfo computerName="NASONI-Z422" outcome="Error" timestamp="2019-11-20T16:49:56.2988069-08:00">
        <Text>[xUnit.net 00:00:04.49]     Azure.Functions.Cli.Tests.E2E.StartTests.start_powershell [FAIL]</Text>
      </RunInfo>
      <RunInfo computerName="NASONI-Z422" outcome="Error" timestamp="2019-11-20T16:49:56.3333892-08:00">
        <Text>[xUnit.net 00:00:04.50]     Azure.Functions.Cli.Tests.E2E.StartTests.start_displays_error_on_invalid_function_json [FAIL]</Text>
      </RunInfo>
      <RunInfo computerName="NASONI-Z422" outcome="Error" timestamp="2019-11-20T16:49:56.3347413-08:00">
        <Text>[xUnit.net 00:00:04.50]     Azure.Functions.Cli.Tests.E2E.StartTests.start_nodejs [FAIL]</Text>
      </RunInfo>
      <RunInfo computerName="NASONI-Z422" outcome="Error" timestamp="2019-11-20T16:49:56.3358688-08:00">
        <Text>[xUnit.net 00:00:04.51]     Azure.Functions.Cli.Tests.E2E.StartTests.start_nodejs_with_inspect [FAIL]</Text>
      </RunInfo>
      <RunInfo computerName="NASONI-Z422" outcome="Error" timestamp="2019-11-20T16:49:56.3369876-08:00">
        <Text>[xUnit.net 00:00:04.51]     Azure.Functions.Cli.Tests.E2E.StartTests.start_dotnet_csharp [FAIL]</Text>
      </RunInfo>
      <RunInfo computerName="NASONI-Z422" outcome="Error" timestamp="2019-11-20T16:49:56.3388073-08:00">
        <Text>[xUnit.net 00:00:04.52]     Azure.Functions.Cli.Tests.E2E.StartTests.start_handles_empty_envvars_correctly [FAIL]</Text>
      </RunInfo>
      <RunInfo computerName="NASONI-Z422" outcome="Error" timestamp="2019-11-20T16:49:56.3406973-08:00">
        <Text>[xUnit.net 00:00:04.53]     Azure.Functions.Cli.Tests.E2E.StartTests.only_run_some_functions [FAIL]</Text>
      </RunInfo>
      <RunInfo computerName="NASONI-Z422" outcome="Warning" timestamp="2019-11-20T16:49:58.6271761-08:00">
        <Text>[xUnit.net 00:00:06.93]     Azure.Functions.Cli.Tests.E2E.DurableTests.DurableStartNewTest_FileInput [SKIP]</Text>
      </RunInfo>
      <RunInfo computerName="NASONI-Z422" outcome="Warning" timestamp="2019-11-20T16:49:58.6282841-08:00">
        <Text>[xUnit.net 00:00:06.93]     Azure.Functions.Cli.Tests.E2E.DurableTests.DurableRaiseEventTest_FileInput [SKIP]</Text>
      </RunInfo>
      <RunInfo computerName="NASONI-Z422" outcome="Warning" timestamp="2019-11-20T16:49:58.6295008-08:00">
        <Text>[xUnit.net 00:00:06.93]     Azure.Functions.Cli.Tests.E2E.DurableTests.DurableTerminateTest [SKIP]</Text>
      </RunInfo>
      <RunInfo computerName="NASONI-Z422" outcome="Warning" timestamp="2019-11-20T16:49:58.6305645-08:00">
        <Text>[xUnit.net 00:00:06.94]     Azure.Functions.Cli.Tests.E2E.DurableTests.DurableStartNewTest [SKIP]</Text>
      </RunInfo>
      <RunInfo computerName="NASONI-Z422" outcome="Warning" timestamp="2019-11-20T16:49:58.6318809-08:00">
        <Text>[xUnit.net 00:00:06.94]     Azure.Functions.Cli.Tests.E2E.DurableTests.DurableDeleteTaskHubTest [SKIP]</Text>
      </RunInfo>
      <RunInfo computerName="NASONI-Z422" outcome="Warning" timestamp="2019-11-20T16:49:58.6336099-08:00">
        <Text>[xUnit.net 00:00:06.94]     Azure.Functions.Cli.Tests.E2E.DurableTests.DurableRaiseEventTest [SKIP]</Text>
      </RunInfo>
      <RunInfo computerName="NASONI-Z422" outcome="Warning" timestamp="2019-11-20T16:49:58.6351847-08:00">
        <Text>[xUnit.net 00:00:06.94]     Azure.Functions.Cli.Tests.E2E.DurableTests.DurablePurgeHistoryTest [SKIP]</Text>
      </RunInfo>
      <RunInfo computerName="NASONI-Z422" outcome="Warning" timestamp="2019-11-20T16:49:58.6461011-08:00">
        <Text>[xUnit.net 00:00:06.94]     Azure.Functions.Cli.Tests.E2E.DurableTests.DurableGetInstancesTest [SKIP]</Text>
      </RunInfo>
      <RunInfo computerName="NASONI-Z422" outcome="Warning" timestamp="2019-11-20T16:49:58.6478619-08:00">
        <Text>[xUnit.net 00:00:06.94]     Azure.Functions.Cli.Tests.E2E.DurableTests.DurableRewindTest [SKIP]</Text>
      </RunInfo>
      <RunInfo computerName="NASONI-Z422" outcome="Warning" timestamp="2019-11-20T16:49:58.6496303-08:00">
        <Text>[xUnit.net 00:00:06.95]     Azure.Functions.Cli.Tests.E2E.DurableTests.DurableGetHistoryTest [SKIP]</Text>
      </RunInfo>
      <RunInfo computerName="NASONI-Z422" outcome="Warning" timestamp="2019-11-20T16:49:58.6510272-08:00">
        <Text>[xUnit.net 00:00:06.95]     Azure.Functions.Cli.Tests.E2E.DurableTests.DurableGetRuntimeStatusTest [SKIP]</Text>
      </RunInfo>
      <RunInfo computerName="NASONI-Z422" outcome="Warning" timestamp="2019-11-20T16:49:58.7494687-08:00">
        <Text>[xUnit.net 00:00:07.05]     Azure.Functions.Cli.Tests.E2E.ListFunctionsTests.ListFunctionsWorks [SKIP]</Text>
      </RunInfo>
      <RunInfo computerName="NASONI-Z422" outcome="Error" timestamp="2019-11-20T16:49:58.7547740-08:00">
        <Text>[xUnit.net 00:00:07.06]     Azure.Functions.Cli.Tests.E2E.CreateFunctionTests.create_typescript_template [FAIL]</Text>
      </RunInfo>
      <RunInfo computerName="NASONI-Z422" outcome="Error" timestamp="2019-11-20T16:49:58.7595105-08:00">
        <Text>[xUnit.net 00:00:07.06]     Azure.Functions.Cli.Tests.E2E.CreateFunctionTests.create_template_function_sanitization_dotnet [FAIL]</Text>
      </RunInfo>
      <RunInfo computerName="NASONI-Z422" outcome="Error" timestamp="2019-11-20T16:49:58.7639742-08:00">
        <Text>[xUnit.net 00:00:07.07]     Azure.Functions.Cli.Tests.E2E.CreateFunctionTests.create_typescript_template_blob [FAIL]</Text>
      </RunInfo>
      <RunInfo computerName="NASONI-Z422" outcome="Error" timestamp="2019-11-20T16:49:58.7677893-08:00">
        <Text>[xUnit.net 00:00:07.07]     Azure.Functions.Cli.Tests.E2E.CreateFunctionTests.create_template_function_dotnet_space_name [FAIL]</Text>
      </RunInfo>
      <RunInfo computerName="NASONI-Z422" outcome="Error" timestamp="2019-11-20T16:49:58.7720550-08:00">
        <Text>[xUnit.net 00:00:07.08]     Azure.Functions.Cli.Tests.E2E.CreateFunctionTests.create_template_function_success_message [FAIL]</Text>
      </RunInfo>
      <RunInfo computerName="NASONI-Z422" outcome="Error" timestamp="2019-11-20T16:49:58.7758289-08:00">
        <Text>[xUnit.net 00:00:07.08]     Azure.Functions.Cli.Tests.E2E.CreateFunctionTests.create_template_function_using_alias [FAIL]</Text>
      </RunInfo>
      <RunInfo computerName="NASONI-Z422" outcome="Error" timestamp="2019-11-20T16:49:58.7798248-08:00">
        <Text>[xUnit.net 00:00:07.09]     Azure.Functions.Cli.Tests.E2E.CreateFunctionTests.create_template_function_js_no_space_name [FAIL]</Text>
      </RunInfo>
      <RunInfo computerName="NASONI-Z422" outcome="Error" timestamp="2019-11-20T16:49:59.2948115-08:00">
        <Text>[xUnit.net 00:00:07.60]     Azure.Functions.Cli.Tests.ExtensionsTests.InstallExtensionsTests.try_install_with_no_valid_trigger [FAIL]</Text>
      </RunInfo>
      <RunInfo computerName="NASONI-Z422" outcome="Error" timestamp="2019-11-20T16:49:59.3000067-08:00">
        <Text>[xUnit.net 00:00:07.61]     Azure.Functions.Cli.Tests.ExtensionsTests.InstallExtensionsTests.try_install_with_a_valid_trigger [FAIL]</Text>
      </RunInfo>
      <RunInfo computerName="NASONI-Z422" outcome="Error" timestamp="2019-11-20T16:49:59.3031500-08:00">
        <Text>[xUnit.net 00:00:07.61]     Azure.Functions.Cli.Tests.ExtensionsTests.InstallExtensionsTests.bundlesconfiguredbydefault_no_action [FAIL]</Text>
      </RunInfo>
    </RunInfos>
  </ResultSummary>
</TestRun>